[1.359s] Invoking command in 'c:\Users\82103\Documents\ros2_ws\build\webots_ros2_msgs': CMAKE_PREFIX_PATH=%CMAKE_PREFIX_PATH%;c:\Users\82103\Documents\ros2_ws\install\webots_ros2;c:\Users\82103\Documents\ros2_ws\install\webots_ros2_demos;c:\Users\82103\Documents\ros2_ws\install\webots_ros2_universal_robot;c:\Users\82103\Documents\ros2_ws\install\webots_ros2_ur_e_description;c:\Users\82103\Documents\ros2_ws\install\webots_ros2_tutorials;c:\Users\82103\Documents\ros2_ws\install\webots_ros2_turtlebot;c:\Users\82103\Documents\ros2_ws\install\webots_ros2_tiago;c:\Users\82103\Documents\ros2_ws\install\webots_ros2_examples;c:\Users\82103\Documents\ros2_ws\install\webots_ros2_epuck;c:\Users\82103\Documents\ros2_ws\install\webots_ros2_abb;c:\Users\82103\Documents\ros2_ws\install\webots_ros2_core;c:\Users\82103\Documents\ros2_ws\install\webots_ros2_importer;c:\Users\82103\Documents\ros2_ws\install\test_package_ysj;c:\Users\82103\Documents\ros2_ws\install\test_launch C:\Program Files\CMake\bin\cmake.EXE c:\Users\82103\Documents\ros2_ws\webots_ros2\webots_ros2_msgs -DCMAKE_INSTALL_PREFIX=c:\Users\82103\Documents\ros2_ws\install\webots_ros2_msgs
[7.484s] -- Selecting Windows SDK version 10.0.18362.0 to target Windows 10.0.18363.
[7.562s] -- Found ament_cmake: 0.9.6 (C:/dev/ros2_foxy/share/ament_cmake/cmake)
[7.562s] -- Found PythonInterp: C:/Python38/python.exe (found suitable version "3.8.3", minimum required is "3") 
[7.578s] -- Using PYTHON_EXECUTABLE: C:/Python38/python.exe
[7.578s] -- Found builtin_interfaces: 1.0.0 (C:/dev/ros2_foxy/share/builtin_interfaces/cmake)
[7.578s] -- Using all available rosidl_typesupport_c: rosidl_typesupport_connext_c;rosidl_typesupport_fastrtps_c;rosidl_typesupport_introspection_c
[7.578s] -- Found rosidl_adapter: 1.0.1 (C:/dev/ros2_foxy/share/rosidl_adapter/cmake)
[7.578s] -- Could not find RTI Connext - skipping rosidl_typesupport_connext_c
[9.156s] -- Could not find RTI Connext - skipping rosidl_typesupport_connext_cpp
[9.266s] -- Using all available rosidl_typesupport_cpp: rosidl_typesupport_connext_cpp;rosidl_typesupport_fastrtps_cpp;rosidl_typesupport_introspection_cpp
[9.891s] -- Found rosidl_default_generators: 1.0.0 (C:/dev/ros2_foxy/share/rosidl_default_generators/cmake)
[10.109s] -- Found ament_lint_auto: 0.9.5 (C:/dev/ros2_foxy/share/ament_lint_auto/cmake)
[11.500s] -- Found PythonInterp: C:/Python38/python.exe (found version "3.8.3") 
[12.094s] -- Found ament_cmake_cpplint: 0.9.5 (C:/dev/ros2_foxy/share/ament_cmake_cpplint/cmake)
[12.156s] -- Found ament_cmake_ros: 0.9.0 (C:/dev/ros2_foxy/share/ament_cmake_ros/cmake)
[13.687s] -- Using all available rosidl_typesupport_c: rosidl_typesupport_connext_c;rosidl_typesupport_fastrtps_c;rosidl_typesupport_introspection_c
[14.000s] -- Using all available rosidl_typesupport_cpp: rosidl_typesupport_connext_cpp;rosidl_typesupport_fastrtps_cpp;rosidl_typesupport_introspection_cpp
[14.266s] -- Found PythonInterp: C:/Python38/python.exe (found suitable version "3.8.3", minimum required is "3.5") 
[14.297s] -- Found python_cmake_module: 0.8.0 (C:/dev/ros2_foxy/share/python_cmake_module/cmake)
[14.797s] -- Using PYTHON_EXECUTABLE: C:/Python38/python.exe
[14.797s] -- Using PYTHON_INCLUDE_DIRS: C:/Python38/include
[14.797s] -- Using PYTHON_LIBRARIES: C:/Python38/libs/python38.lib
[15.781s] -- Using numpy include directory: C:\Python38\lib\site-packages\numpy\core\include
[16.047s] -- Added test 'lint_cmake' to check CMake code style
[16.109s] -- Added test 'xmllint' to check XML markup files
[17.187s] -- Configuring done
[20.516s] -- Generating done
[20.594s] -- Build files have been written to: C:/Users/82103/Documents/ros2_ws/build/webots_ros2_msgs
[20.609s] Invoked command in 'c:\Users\82103\Documents\ros2_ws\build\webots_ros2_msgs' returned '0': CMAKE_PREFIX_PATH=%CMAKE_PREFIX_PATH%;c:\Users\82103\Documents\ros2_ws\install\webots_ros2;c:\Users\82103\Documents\ros2_ws\install\webots_ros2_demos;c:\Users\82103\Documents\ros2_ws\install\webots_ros2_universal_robot;c:\Users\82103\Documents\ros2_ws\install\webots_ros2_ur_e_description;c:\Users\82103\Documents\ros2_ws\install\webots_ros2_tutorials;c:\Users\82103\Documents\ros2_ws\install\webots_ros2_turtlebot;c:\Users\82103\Documents\ros2_ws\install\webots_ros2_tiago;c:\Users\82103\Documents\ros2_ws\install\webots_ros2_examples;c:\Users\82103\Documents\ros2_ws\install\webots_ros2_epuck;c:\Users\82103\Documents\ros2_ws\install\webots_ros2_abb;c:\Users\82103\Documents\ros2_ws\install\webots_ros2_core;c:\Users\82103\Documents\ros2_ws\install\webots_ros2_importer;c:\Users\82103\Documents\ros2_ws\install\test_package_ysj;c:\Users\82103\Documents\ros2_ws\install\test_launch C:\Program Files\CMake\bin\cmake.EXE c:\Users\82103\Documents\ros2_ws\webots_ros2\webots_ros2_msgs -DCMAKE_INSTALL_PREFIX=c:\Users\82103\Documents\ros2_ws\install\webots_ros2_msgs
[20.625s] Invoking command in 'c:\Users\82103\Documents\ros2_ws\build\webots_ros2_msgs': CL=/MP CMAKE_PREFIX_PATH=%CMAKE_PREFIX_PATH%;c:\Users\82103\Documents\ros2_ws\install\webots_ros2;c:\Users\82103\Documents\ros2_ws\install\webots_ros2_demos;c:\Users\82103\Documents\ros2_ws\install\webots_ros2_universal_robot;c:\Users\82103\Documents\ros2_ws\install\webots_ros2_ur_e_description;c:\Users\82103\Documents\ros2_ws\install\webots_ros2_tutorials;c:\Users\82103\Documents\ros2_ws\install\webots_ros2_turtlebot;c:\Users\82103\Documents\ros2_ws\install\webots_ros2_tiago;c:\Users\82103\Documents\ros2_ws\install\webots_ros2_examples;c:\Users\82103\Documents\ros2_ws\install\webots_ros2_epuck;c:\Users\82103\Documents\ros2_ws\install\webots_ros2_abb;c:\Users\82103\Documents\ros2_ws\install\webots_ros2_core;c:\Users\82103\Documents\ros2_ws\install\webots_ros2_importer;c:\Users\82103\Documents\ros2_ws\install\test_package_ysj;c:\Users\82103\Documents\ros2_ws\install\test_launch C:\Program Files\CMake\bin\cmake.EXE --build c:\Users\82103\Documents\ros2_ws\build\webots_ros2_msgs --config Release
[21.266s] .NET Framework¿ë Microsoft (R) Build Engine ¹öÀü 16.7.0+b89cb5fde
[21.266s] Copyright (C) Microsoft Corporation. All rights reserved.
[21.266s] 
[23.297s]   Checking Build System
[24.234s]   Building Custom Rule C:/Users/82103/Documents/ros2_ws/webots_ros2/webots_ros2_msgs/CMakeLists.txt
[24.734s]   Building Custom Rule C:/Users/82103/Documents/ros2_ws/webots_ros2/webots_ros2_msgs/CMakeLists.txt
[25.047s]   webots_ros2_msgs__rosidl_generator_c.vcxproj -> C:\Users\82103\Documents\ros2_ws\build\webots_ros2_msgs\Release\webots_ros2_msgs__rosidl_generator_c.dll
[25.312s]   Building Custom Rule C:/Users/82103/Documents/ros2_ws/webots_ros2/webots_ros2_msgs/CMakeLists.txt
[25.516s]   webots_ros2_msgs__rosidl_typesupport_c.vcxproj -> C:\Users\82103\Documents\ros2_ws\build\webots_ros2_msgs\Release\webots_ros2_msgs__rosidl_typesupport_c.dll
[25.766s]   Building Custom Rule C:/Users/82103/Documents/ros2_ws/webots_ros2/webots_ros2_msgs/CMakeLists.txt
[26.078s]   webots_ros2_msgs__rosidl_typesupport_cpp.vcxproj -> C:\Users\82103\Documents\ros2_ws\build\webots_ros2_msgs\Release\webots_ros2_msgs__rosidl_typesupport_cpp.dll
[26.531s]   Building Custom Rule C:/Users/82103/Documents/ros2_ws/webots_ros2/webots_ros2_msgs/CMakeLists.txt
[26.812s]   webots_ros2_msgs__rosidl_typesupport_fastrtps_cpp.vcxproj -> C:\Users\82103\Documents\ros2_ws\build\webots_ros2_msgs\Release\webots_ros2_msgs__rosidl_typesupport_fastrtps_cpp.dll
[27.000s]   Building Custom Rule C:/Users/82103/Documents/ros2_ws/webots_ros2/webots_ros2_msgs/CMakeLists.txt
[27.219s]   webots_ros2_msgs__rosidl_typesupport_fastrtps_c.vcxproj -> C:\Users\82103\Documents\ros2_ws\build\webots_ros2_msgs\Release\webots_ros2_msgs__rosidl_typesupport_fastrtps_c.dll
[27.500s]   Building Custom Rule C:/Users/82103/Documents/ros2_ws/webots_ros2/webots_ros2_msgs/CMakeLists.txt
[27.797s]   webots_ros2_msgs__rosidl_typesupport_introspection_c.vcxproj -> C:\Users\82103\Documents\ros2_ws\build\webots_ros2_msgs\Release\webots_ros2_msgs__rosidl_typesupport_introspection_c.dll
[28.141s]   Building Custom Rule C:/Users/82103/Documents/ros2_ws/webots_ros2/webots_ros2_msgs/CMakeLists.txt
[28.422s]   webots_ros2_msgs__rosidl_typesupport_introspection_cpp.vcxproj -> C:\Users\82103\Documents\ros2_ws\build\webots_ros2_msgs\Release\webots_ros2_msgs__rosidl_typesupport_introspection_cpp.dll
[28.734s]   Building Custom Rule C:/Users/82103/Documents/ros2_ws/webots_ros2/webots_ros2_msgs/CMakeLists.txt
[29.469s]   Building Custom Rule C:/Users/82103/Documents/ros2_ws/webots_ros2/webots_ros2_msgs/CMakeLists.txt
[29.766s]   webots_ros2_msgs__python.vcxproj -> C:\Users\82103\Documents\ros2_ws\build\webots_ros2_msgs\rosidl_generator_py\webots_ros2_msgs\webots_ros2_msgs__python.dll
[30.047s]   Building Custom Rule C:/Users/82103/Documents/ros2_ws/webots_ros2/webots_ros2_msgs/CMakeLists.txt
[30.328s]   webots_ros2_msgs__rosidl_typesupport_c__pyext.vcxproj -> C:\Users\82103\Documents\ros2_ws\build\webots_ros2_msgs\rosidl_generator_py\webots_ros2_msgs\webots_ros2_msgs_s__rosidl_typesupport_c.pyd
[30.625s]   Building Custom Rule C:/Users/82103/Documents/ros2_ws/webots_ros2/webots_ros2_msgs/CMakeLists.txt
[30.844s]   webots_ros2_msgs__rosidl_typesupport_fastrtps_c__pyext.vcxproj -> C:\Users\82103\Documents\ros2_ws\build\webots_ros2_msgs\rosidl_generator_py\webots_ros2_msgs\webots_ros2_msgs_s__rosidl_typesupport_fastrtps_c.pyd
[31.187s]   Building Custom Rule C:/Users/82103/Documents/ros2_ws/webots_ros2/webots_ros2_msgs/CMakeLists.txt
[31.437s]   webots_ros2_msgs__rosidl_typesupport_introspection_c__pyext.vcxproj -> C:\Users\82103\Documents\ros2_ws\build\webots_ros2_msgs\rosidl_generator_py\webots_ros2_msgs\webots_ros2_msgs_s__rosidl_typesupport_introspection_c.pyd
[31.625s]   Building Custom Rule C:/Users/82103/Documents/ros2_ws/webots_ros2/webots_ros2_msgs/CMakeLists.txt
[31.844s] Invoked command in 'c:\Users\82103\Documents\ros2_ws\build\webots_ros2_msgs' returned '0': CL=/MP CMAKE_PREFIX_PATH=%CMAKE_PREFIX_PATH%;c:\Users\82103\Documents\ros2_ws\install\webots_ros2;c:\Users\82103\Documents\ros2_ws\install\webots_ros2_demos;c:\Users\82103\Documents\ros2_ws\install\webots_ros2_universal_robot;c:\Users\82103\Documents\ros2_ws\install\webots_ros2_ur_e_description;c:\Users\82103\Documents\ros2_ws\install\webots_ros2_tutorials;c:\Users\82103\Documents\ros2_ws\install\webots_ros2_turtlebot;c:\Users\82103\Documents\ros2_ws\install\webots_ros2_tiago;c:\Users\82103\Documents\ros2_ws\install\webots_ros2_examples;c:\Users\82103\Documents\ros2_ws\install\webots_ros2_epuck;c:\Users\82103\Documents\ros2_ws\install\webots_ros2_abb;c:\Users\82103\Documents\ros2_ws\install\webots_ros2_core;c:\Users\82103\Documents\ros2_ws\install\webots_ros2_importer;c:\Users\82103\Documents\ros2_ws\install\test_package_ysj;c:\Users\82103\Documents\ros2_ws\install\test_launch C:\Program Files\CMake\bin\cmake.EXE --build c:\Users\82103\Documents\ros2_ws\build\webots_ros2_msgs --config Release
[31.922s] Invoking command in 'c:\Users\82103\Documents\ros2_ws\build\webots_ros2_msgs': CMAKE_PREFIX_PATH=%CMAKE_PREFIX_PATH%;c:\Users\82103\Documents\ros2_ws\install\webots_ros2;c:\Users\82103\Documents\ros2_ws\install\webots_ros2_demos;c:\Users\82103\Documents\ros2_ws\install\webots_ros2_universal_robot;c:\Users\82103\Documents\ros2_ws\install\webots_ros2_ur_e_description;c:\Users\82103\Documents\ros2_ws\install\webots_ros2_tutorials;c:\Users\82103\Documents\ros2_ws\install\webots_ros2_turtlebot;c:\Users\82103\Documents\ros2_ws\install\webots_ros2_tiago;c:\Users\82103\Documents\ros2_ws\install\webots_ros2_examples;c:\Users\82103\Documents\ros2_ws\install\webots_ros2_epuck;c:\Users\82103\Documents\ros2_ws\install\webots_ros2_abb;c:\Users\82103\Documents\ros2_ws\install\webots_ros2_core;c:\Users\82103\Documents\ros2_ws\install\webots_ros2_importer;c:\Users\82103\Documents\ros2_ws\install\test_package_ysj;c:\Users\82103\Documents\ros2_ws\install\test_launch C:\Program Files\CMake\bin\cmake.EXE --install c:\Users\82103\Documents\ros2_ws\build\webots_ros2_msgs --config Release
[31.984s] -- Up-to-date: C:/Users/82103/Documents/ros2_ws/install/webots_ros2_msgs/share/ament_index/resource_index/rosidl_interfaces/webots_ros2_msgs
[31.984s] -- Up-to-date: C:/Users/82103/Documents/ros2_ws/install/webots_ros2_msgs/include/webots_ros2_msgs
[31.984s] -- Up-to-date: C:/Users/82103/Documents/ros2_ws/install/webots_ros2_msgs/include/webots_ros2_msgs/msg
[31.984s] -- Up-to-date: C:/Users/82103/Documents/ros2_ws/install/webots_ros2_msgs/include/webots_ros2_msgs/msg/rosidl_generator_c__visibility_control.h
[31.984s] -- Up-to-date: C:/Users/82103/Documents/ros2_ws/install/webots_ros2_msgs/include/webots_ros2_msgs/srv
[31.984s] -- Up-to-date: C:/Users/82103/Documents/ros2_ws/install/webots_ros2_msgs/include/webots_ros2_msgs/srv/detail
[32.016s] -- Up-to-date: C:/Users/82103/Documents/ros2_ws/install/webots_ros2_msgs/include/webots_ros2_msgs/srv/detail/set_differential_wheel_speed__functions.c
[32.031s] -- Up-to-date: C:/Users/82103/Documents/ros2_ws/install/webots_ros2_msgs/include/webots_ros2_msgs/srv/detail/set_differential_wheel_speed__functions.h
[32.031s] -- Up-to-date: C:/Users/82103/Documents/ros2_ws/install/webots_ros2_msgs/include/webots_ros2_msgs/srv/detail/set_differential_wheel_speed__struct.h
[32.047s] -- Up-to-date: C:/Users/82103/Documents/ros2_ws/install/webots_ros2_msgs/include/webots_ros2_msgs/srv/detail/set_differential_wheel_speed__type_support.h
[32.062s] -- Up-to-date: C:/Users/82103/Documents/ros2_ws/install/webots_ros2_msgs/include/webots_ros2_msgs/srv/detail/set_int__functions.c
[32.078s] -- Up-to-date: C:/Users/82103/Documents/ros2_ws/install/webots_ros2_msgs/include/webots_ros2_msgs/srv/detail/set_int__functions.h
[32.078s] -- Up-to-date: C:/Users/82103/Documents/ros2_ws/install/webots_ros2_msgs/include/webots_ros2_msgs/srv/detail/set_int__struct.h
[32.094s] -- Up-to-date: C:/Users/82103/Documents/ros2_ws/install/webots_ros2_msgs/include/webots_ros2_msgs/srv/detail/set_int__type_support.h
[32.109s] -- Up-to-date: C:/Users/82103/Documents/ros2_ws/install/webots_ros2_msgs/include/webots_ros2_msgs/srv/set_differential_wheel_speed.h
[32.109s] -- Up-to-date: C:/Users/82103/Documents/ros2_ws/install/webots_ros2_msgs/include/webots_ros2_msgs/srv/set_int.h
[32.125s] -- Up-to-date: C:/Users/82103/Documents/ros2_ws/install/webots_ros2_msgs/lib/webots_ros2_msgs__rosidl_generator_c.lib
[32.156s] -- Up-to-date: C:/Users/82103/Documents/ros2_ws/install/webots_ros2_msgs/bin/webots_ros2_msgs__rosidl_generator_c.dll
[32.156s] -- Up-to-date: C:/Users/82103/Documents/ros2_ws/install/webots_ros2_msgs/include/webots_ros2_msgs
[32.156s] -- Up-to-date: C:/Users/82103/Documents/ros2_ws/install/webots_ros2_msgs/include/webots_ros2_msgs/msg
[32.172s] -- Up-to-date: C:/Users/82103/Documents/ros2_ws/install/webots_ros2_msgs/include/webots_ros2_msgs/msg/rosidl_typesupport_fastrtps_c__visibility_control.h
[32.172s] -- Up-to-date: C:/Users/82103/Documents/ros2_ws/install/webots_ros2_msgs/include/webots_ros2_msgs/srv
[32.172s] -- Up-to-date: C:/Users/82103/Documents/ros2_ws/install/webots_ros2_msgs/include/webots_ros2_msgs/srv/detail
[32.187s] -- Up-to-date: C:/Users/82103/Documents/ros2_ws/install/webots_ros2_msgs/include/webots_ros2_msgs/srv/detail/set_differential_wheel_speed__rosidl_typesupport_fastrtps_c.h
[32.203s] -- Up-to-date: C:/Users/82103/Documents/ros2_ws/install/webots_ros2_msgs/include/webots_ros2_msgs/srv/detail/set_int__rosidl_typesupport_fastrtps_c.h
[32.219s] -- Up-to-date: C:/Users/82103/Documents/ros2_ws/install/webots_ros2_msgs/lib/webots_ros2_msgs__rosidl_typesupport_fastrtps_c.lib
[32.250s] -- Up-to-date: C:/Users/82103/Documents/ros2_ws/install/webots_ros2_msgs/bin/webots_ros2_msgs__rosidl_typesupport_fastrtps_c.dll
[32.250s] -- Up-to-date: C:/Users/82103/Documents/ros2_ws/install/webots_ros2_msgs/include/webots_ros2_msgs
[32.250s] -- Up-to-date: C:/Users/82103/Documents/ros2_ws/install/webots_ros2_msgs/include/webots_ros2_msgs/msg
[32.266s] -- Up-to-date: C:/Users/82103/Documents/ros2_ws/install/webots_ros2_msgs/include/webots_ros2_msgs/msg/rosidl_typesupport_fastrtps_cpp__visibility_control.h
[32.266s] -- Up-to-date: C:/Users/82103/Documents/ros2_ws/install/webots_ros2_msgs/include/webots_ros2_msgs/srv
[32.266s] -- Up-to-date: C:/Users/82103/Documents/ros2_ws/install/webots_ros2_msgs/include/webots_ros2_msgs/srv/detail
[32.266s] -- Up-to-date: C:/Users/82103/Documents/ros2_ws/install/webots_ros2_msgs/include/webots_ros2_msgs/srv/detail/dds_fastrtps
[32.281s] -- Up-to-date: C:/Users/82103/Documents/ros2_ws/install/webots_ros2_msgs/include/webots_ros2_msgs/srv/detail/set_differential_wheel_speed__rosidl_typesupport_fastrtps_cpp.hpp
[32.297s] -- Up-to-date: C:/Users/82103/Documents/ros2_ws/install/webots_ros2_msgs/include/webots_ros2_msgs/srv/detail/set_int__rosidl_typesupport_fastrtps_cpp.hpp
[32.328s] -- Up-to-date: C:/Users/82103/Documents/ros2_ws/install/webots_ros2_msgs/lib/webots_ros2_msgs__rosidl_typesupport_fastrtps_cpp.lib
[32.375s] -- Up-to-date: C:/Users/82103/Documents/ros2_ws/install/webots_ros2_msgs/bin/webots_ros2_msgs__rosidl_typesupport_fastrtps_cpp.dll
[32.375s] -- Up-to-date: C:/Users/82103/Documents/ros2_ws/install/webots_ros2_msgs/include/webots_ros2_msgs
[32.375s] -- Up-to-date: C:/Users/82103/Documents/ros2_ws/install/webots_ros2_msgs/include/webots_ros2_msgs/msg
[32.391s] -- Up-to-date: C:/Users/82103/Documents/ros2_ws/install/webots_ros2_msgs/include/webots_ros2_msgs/msg/rosidl_typesupport_introspection_c__visibility_control.h
[32.391s] -- Up-to-date: C:/Users/82103/Documents/ros2_ws/install/webots_ros2_msgs/include/webots_ros2_msgs/srv
[32.391s] -- Up-to-date: C:/Users/82103/Documents/ros2_ws/install/webots_ros2_msgs/include/webots_ros2_msgs/srv/detail
[32.406s] -- Up-to-date: C:/Users/82103/Documents/ros2_ws/install/webots_ros2_msgs/include/webots_ros2_msgs/srv/detail/set_differential_wheel_speed__rosidl_typesupport_introspection_c.h
[32.437s] -- Up-to-date: C:/Users/82103/Documents/ros2_ws/install/webots_ros2_msgs/include/webots_ros2_msgs/srv/detail/set_differential_wheel_speed__type_support.c
[32.453s] -- Up-to-date: C:/Users/82103/Documents/ros2_ws/install/webots_ros2_msgs/include/webots_ros2_msgs/srv/detail/set_int__rosidl_typesupport_introspection_c.h
[32.484s] -- Up-to-date: C:/Users/82103/Documents/ros2_ws/install/webots_ros2_msgs/include/webots_ros2_msgs/srv/detail/set_int__type_support.c
[32.500s] -- Up-to-date: C:/Users/82103/Documents/ros2_ws/install/webots_ros2_msgs/lib/webots_ros2_msgs__rosidl_typesupport_introspection_c.lib
[32.547s] -- Up-to-date: C:/Users/82103/Documents/ros2_ws/install/webots_ros2_msgs/bin/webots_ros2_msgs__rosidl_typesupport_introspection_c.dll
[32.562s] -- Up-to-date: C:/Users/82103/Documents/ros2_ws/install/webots_ros2_msgs/lib/webots_ros2_msgs__rosidl_typesupport_c.lib
[32.578s] -- Up-to-date: C:/Users/82103/Documents/ros2_ws/install/webots_ros2_msgs/bin/webots_ros2_msgs__rosidl_typesupport_c.dll
[32.594s] -- Up-to-date: C:/Users/82103/Documents/ros2_ws/install/webots_ros2_msgs/include/webots_ros2_msgs
[32.594s] -- Up-to-date: C:/Users/82103/Documents/ros2_ws/install/webots_ros2_msgs/include/webots_ros2_msgs/srv
[32.594s] -- Up-to-date: C:/Users/82103/Documents/ros2_ws/install/webots_ros2_msgs/include/webots_ros2_msgs/srv/detail
[32.609s] -- Up-to-date: C:/Users/82103/Documents/ros2_ws/install/webots_ros2_msgs/include/webots_ros2_msgs/srv/detail/set_differential_wheel_speed__builder.hpp
[32.641s] -- Up-to-date: C:/Users/82103/Documents/ros2_ws/install/webots_ros2_msgs/include/webots_ros2_msgs/srv/detail/set_differential_wheel_speed__struct.hpp
[32.656s] -- Up-to-date: C:/Users/82103/Documents/ros2_ws/install/webots_ros2_msgs/include/webots_ros2_msgs/srv/detail/set_differential_wheel_speed__traits.hpp
[32.672s] -- Up-to-date: C:/Users/82103/Documents/ros2_ws/install/webots_ros2_msgs/include/webots_ros2_msgs/srv/detail/set_int__builder.hpp
[32.687s] -- Up-to-date: C:/Users/82103/Documents/ros2_ws/install/webots_ros2_msgs/include/webots_ros2_msgs/srv/detail/set_int__struct.hpp
[32.719s] -- Up-to-date: C:/Users/82103/Documents/ros2_ws/install/webots_ros2_msgs/include/webots_ros2_msgs/srv/detail/set_int__traits.hpp
[32.734s] -- Up-to-date: C:/Users/82103/Documents/ros2_ws/install/webots_ros2_msgs/include/webots_ros2_msgs/srv/set_differential_wheel_speed.hpp
[32.750s] -- Up-to-date: C:/Users/82103/Documents/ros2_ws/install/webots_ros2_msgs/include/webots_ros2_msgs/srv/set_int.hpp
[32.750s] -- Up-to-date: C:/Users/82103/Documents/ros2_ws/install/webots_ros2_msgs/include/webots_ros2_msgs
[32.750s] -- Up-to-date: C:/Users/82103/Documents/ros2_ws/install/webots_ros2_msgs/include/webots_ros2_msgs/srv
[32.766s] -- Up-to-date: C:/Users/82103/Documents/ros2_ws/install/webots_ros2_msgs/include/webots_ros2_msgs/srv/detail
[32.781s] -- Up-to-date: C:/Users/82103/Documents/ros2_ws/install/webots_ros2_msgs/include/webots_ros2_msgs/srv/detail/set_differential_wheel_speed__rosidl_typesupport_introspection_cpp.hpp
[32.828s] -- Up-to-date: C:/Users/82103/Documents/ros2_ws/install/webots_ros2_msgs/include/webots_ros2_msgs/srv/detail/set_differential_wheel_speed__type_support.cpp
[32.844s] -- Up-to-date: C:/Users/82103/Documents/ros2_ws/install/webots_ros2_msgs/include/webots_ros2_msgs/srv/detail/set_int__rosidl_typesupport_introspection_cpp.hpp
[32.891s] -- Up-to-date: C:/Users/82103/Documents/ros2_ws/install/webots_ros2_msgs/include/webots_ros2_msgs/srv/detail/set_int__type_support.cpp
[32.937s] -- Up-to-date: C:/Users/82103/Documents/ros2_ws/install/webots_ros2_msgs/lib/webots_ros2_msgs__rosidl_typesupport_introspection_cpp.lib
[33.000s] -- Up-to-date: C:/Users/82103/Documents/ros2_ws/install/webots_ros2_msgs/bin/webots_ros2_msgs__rosidl_typesupport_introspection_cpp.dll
[33.031s] -- Up-to-date: C:/Users/82103/Documents/ros2_ws/install/webots_ros2_msgs/lib/webots_ros2_msgs__rosidl_typesupport_cpp.lib
[33.094s] -- Up-to-date: C:/Users/82103/Documents/ros2_ws/install/webots_ros2_msgs/bin/webots_ros2_msgs__rosidl_typesupport_cpp.dll
[33.109s] -- Up-to-date: C:/Users/82103/Documents/ros2_ws/install/webots_ros2_msgs/share/webots_ros2_msgs/environment/pythonpath.bat
[33.109s] -- Installing: C:/Users/82103/Documents/ros2_ws/install/webots_ros2_msgs/share/webots_ros2_msgs/environment/pythonpath.dsv
[33.125s] -- Installing: C:/Users/82103/Documents/ros2_ws/install/webots_ros2_msgs/Lib/site-packages/webots_ros2_msgs/__init__.py
[33.578s] Compiling 'C:/Users/82103/Documents/ros2_ws/install/webots_ros2_msgs/Lib/site-packages/webots_ros2_msgs/__init__.py'...
[33.594s] -- Up-to-date: C:/Users/82103/Documents/ros2_ws/install/webots_ros2_msgs/Lib/site-packages/webots_ros2_msgs/srv
[33.609s] -- Up-to-date: C:/Users/82103/Documents/ros2_ws/install/webots_ros2_msgs/Lib/site-packages/webots_ros2_msgs/srv/_set_differential_wheel_speed.py
[33.625s] -- Up-to-date: C:/Users/82103/Documents/ros2_ws/install/webots_ros2_msgs/Lib/site-packages/webots_ros2_msgs/srv/_set_differential_wheel_speed_s.c
[33.656s] -- Up-to-date: C:/Users/82103/Documents/ros2_ws/install/webots_ros2_msgs/Lib/site-packages/webots_ros2_msgs/srv/_set_int.py
[33.672s] -- Up-to-date: C:/Users/82103/Documents/ros2_ws/install/webots_ros2_msgs/Lib/site-packages/webots_ros2_msgs/srv/_set_int_s.c
[33.687s] -- Up-to-date: C:/Users/82103/Documents/ros2_ws/install/webots_ros2_msgs/Lib/site-packages/webots_ros2_msgs/srv/__init__.py
[33.703s] -- Up-to-date: C:/Users/82103/Documents/ros2_ws/install/webots_ros2_msgs/Lib/site-packages/webots_ros2_msgs/webots_ros2_msgs_s__rosidl_typesupport_fastrtps_c.lib
[33.750s] -- Up-to-date: C:/Users/82103/Documents/ros2_ws/install/webots_ros2_msgs/Lib/site-packages/webots_ros2_msgs/webots_ros2_msgs_s__rosidl_typesupport_fastrtps_c.pyd
[33.750s] -- Up-to-date: C:/Users/82103/Documents/ros2_ws/install/webots_ros2_msgs/Lib/site-packages/webots_ros2_msgs/webots_ros2_msgs_s__rosidl_typesupport_introspection_c.lib
[33.797s] -- Up-to-date: C:/Users/82103/Documents/ros2_ws/install/webots_ros2_msgs/Lib/site-packages/webots_ros2_msgs/webots_ros2_msgs_s__rosidl_typesupport_introspection_c.pyd
[33.797s] -- Up-to-date: C:/Users/82103/Documents/ros2_ws/install/webots_ros2_msgs/Lib/site-packages/webots_ros2_msgs/webots_ros2_msgs_s__rosidl_typesupport_c.lib
[33.812s] -- Up-to-date: C:/Users/82103/Documents/ros2_ws/install/webots_ros2_msgs/Lib/site-packages/webots_ros2_msgs/webots_ros2_msgs_s__rosidl_typesupport_c.pyd
[33.828s] -- Up-to-date: C:/Users/82103/Documents/ros2_ws/install/webots_ros2_msgs/lib/webots_ros2_msgs__python.lib
[33.859s] -- Up-to-date: C:/Users/82103/Documents/ros2_ws/install/webots_ros2_msgs/bin/webots_ros2_msgs__python.dll
[33.875s] -- Up-to-date: C:/Users/82103/Documents/ros2_ws/install/webots_ros2_msgs/share/webots_ros2_msgs/srv/SetDifferentialWheelSpeed.idl
[33.875s] -- Up-to-date: C:/Users/82103/Documents/ros2_ws/install/webots_ros2_msgs/share/webots_ros2_msgs/srv/SetInt.idl
[33.875s] -- Up-to-date: C:/Users/82103/Documents/ros2_ws/install/webots_ros2_msgs/share/webots_ros2_msgs/srv/SetDifferentialWheelSpeed.srv
[33.891s] -- Up-to-date: C:/Users/82103/Documents/ros2_ws/install/webots_ros2_msgs/share/webots_ros2_msgs/srv/SetDifferentialWheelSpeed_Request.msg
[33.891s] -- Up-to-date: C:/Users/82103/Documents/ros2_ws/install/webots_ros2_msgs/share/webots_ros2_msgs/srv/SetDifferentialWheelSpeed_Response.msg
[33.891s] -- Up-to-date: C:/Users/82103/Documents/ros2_ws/install/webots_ros2_msgs/share/webots_ros2_msgs/srv/SetInt.srv
[33.906s] -- Up-to-date: C:/Users/82103/Documents/ros2_ws/install/webots_ros2_msgs/share/webots_ros2_msgs/srv/SetInt_Request.msg
[33.906s] -- Up-to-date: C:/Users/82103/Documents/ros2_ws/install/webots_ros2_msgs/share/webots_ros2_msgs/srv/SetInt_Response.msg
[33.906s] -- Up-to-date: C:/Users/82103/Documents/ros2_ws/install/webots_ros2_msgs/share/ament_index/resource_index/package_run_dependencies/webots_ros2_msgs
[33.922s] -- Installing: C:/Users/82103/Documents/ros2_ws/install/webots_ros2_msgs/share/ament_index/resource_index/parent_prefix_path/webots_ros2_msgs
[33.937s] -- Up-to-date: C:/Users/82103/Documents/ros2_ws/install/webots_ros2_msgs/share/webots_ros2_msgs/environment/ament_prefix_path.bat
[33.937s] -- Installing: C:/Users/82103/Documents/ros2_ws/install/webots_ros2_msgs/share/webots_ros2_msgs/environment/ament_prefix_path.dsv
[33.969s] -- Up-to-date: C:/Users/82103/Documents/ros2_ws/install/webots_ros2_msgs/share/webots_ros2_msgs/environment/path.bat
[33.969s] -- Installing: C:/Users/82103/Documents/ros2_ws/install/webots_ros2_msgs/share/webots_ros2_msgs/environment/path.dsv
[33.984s] -- Up-to-date: C:/Users/82103/Documents/ros2_ws/install/webots_ros2_msgs/share/webots_ros2_msgs/local_setup.bat
[33.984s] -- Installing: C:/Users/82103/Documents/ros2_ws/install/webots_ros2_msgs/share/webots_ros2_msgs/local_setup.dsv
[34.000s] -- Installing: C:/Users/82103/Documents/ros2_ws/install/webots_ros2_msgs/share/webots_ros2_msgs/package.dsv
[34.016s] -- Up-to-date: C:/Users/82103/Documents/ros2_ws/install/webots_ros2_msgs/share/ament_index/resource_index/packages/webots_ros2_msgs
[34.016s] -- Up-to-date: C:/Users/82103/Documents/ros2_ws/install/webots_ros2_msgs/share/webots_ros2_msgs/cmake/webots_ros2_msgs__rosidl_generator_cExport.cmake
[34.031s] -- Installing: C:/Users/82103/Documents/ros2_ws/install/webots_ros2_msgs/share/webots_ros2_msgs/cmake/webots_ros2_msgs__rosidl_generator_cExport-release.cmake
[34.031s] -- Up-to-date: C:/Users/82103/Documents/ros2_ws/install/webots_ros2_msgs/share/webots_ros2_msgs/cmake/webots_ros2_msgs__rosidl_typesupport_introspection_cExport.cmake
[34.047s] -- Installing: C:/Users/82103/Documents/ros2_ws/install/webots_ros2_msgs/share/webots_ros2_msgs/cmake/webots_ros2_msgs__rosidl_typesupport_introspection_cExport-release.cmake
[34.062s] -- Up-to-date: C:/Users/82103/Documents/ros2_ws/install/webots_ros2_msgs/share/webots_ros2_msgs/cmake/webots_ros2_msgs__rosidl_typesupport_cExport.cmake
[34.078s] -- Installing: C:/Users/82103/Documents/ros2_ws/install/webots_ros2_msgs/share/webots_ros2_msgs/cmake/webots_ros2_msgs__rosidl_typesupport_cExport-release.cmake
[34.078s] -- Up-to-date: C:/Users/82103/Documents/ros2_ws/install/webots_ros2_msgs/share/webots_ros2_msgs/cmake/webots_ros2_msgs__rosidl_generator_cppExport.cmake
[34.094s] -- Up-to-date: C:/Users/82103/Documents/ros2_ws/install/webots_ros2_msgs/share/webots_ros2_msgs/cmake/webots_ros2_msgs__rosidl_typesupport_introspection_cppExport.cmake
[34.094s] -- Installing: C:/Users/82103/Documents/ros2_ws/install/webots_ros2_msgs/share/webots_ros2_msgs/cmake/webots_ros2_msgs__rosidl_typesupport_introspection_cppExport-release.cmake
[34.109s] -- Up-to-date: C:/Users/82103/Documents/ros2_ws/install/webots_ros2_msgs/share/webots_ros2_msgs/cmake/webots_ros2_msgs__rosidl_typesupport_cppExport.cmake
[34.109s] -- Installing: C:/Users/82103/Documents/ros2_ws/install/webots_ros2_msgs/share/webots_ros2_msgs/cmake/webots_ros2_msgs__rosidl_typesupport_cppExport-release.cmake
[34.125s] -- Up-to-date: C:/Users/82103/Documents/ros2_ws/install/webots_ros2_msgs/share/webots_ros2_msgs/cmake/rosidl_cmake-extras.cmake
[34.125s] -- Up-to-date: C:/Users/82103/Documents/ros2_ws/install/webots_ros2_msgs/share/webots_ros2_msgs/cmake/ament_cmake_export_dependencies-extras.cmake
[34.125s] -- Up-to-date: C:/Users/82103/Documents/ros2_ws/install/webots_ros2_msgs/share/webots_ros2_msgs/cmake/ament_cmake_export_libraries-extras.cmake
[34.141s] -- Up-to-date: C:/Users/82103/Documents/ros2_ws/install/webots_ros2_msgs/share/webots_ros2_msgs/cmake/ament_cmake_export_targets-extras.cmake
[34.156s] -- Up-to-date: C:/Users/82103/Documents/ros2_ws/install/webots_ros2_msgs/share/webots_ros2_msgs/cmake/ament_cmake_export_include_directories-extras.cmake
[34.156s] -- Up-to-date: C:/Users/82103/Documents/ros2_ws/install/webots_ros2_msgs/share/webots_ros2_msgs/cmake/rosidl_cmake_export_typesupport_libraries-extras.cmake
[34.172s] -- Up-to-date: C:/Users/82103/Documents/ros2_ws/install/webots_ros2_msgs/share/webots_ros2_msgs/cmake/rosidl_cmake_export_typesupport_targets-extras.cmake
[34.172s] -- Up-to-date: C:/Users/82103/Documents/ros2_ws/install/webots_ros2_msgs/share/webots_ros2_msgs/cmake/webots_ros2_msgsConfig.cmake
[34.172s] -- Up-to-date: C:/Users/82103/Documents/ros2_ws/install/webots_ros2_msgs/share/webots_ros2_msgs/cmake/webots_ros2_msgsConfig-version.cmake
[34.172s] -- Up-to-date: C:/Users/82103/Documents/ros2_ws/install/webots_ros2_msgs/share/webots_ros2_msgs/package.xml
[34.203s] Invoked command in 'c:\Users\82103\Documents\ros2_ws\build\webots_ros2_msgs' returned '0': CMAKE_PREFIX_PATH=%CMAKE_PREFIX_PATH%;c:\Users\82103\Documents\ros2_ws\install\webots_ros2;c:\Users\82103\Documents\ros2_ws\install\webots_ros2_demos;c:\Users\82103\Documents\ros2_ws\install\webots_ros2_universal_robot;c:\Users\82103\Documents\ros2_ws\install\webots_ros2_ur_e_description;c:\Users\82103\Documents\ros2_ws\install\webots_ros2_tutorials;c:\Users\82103\Documents\ros2_ws\install\webots_ros2_turtlebot;c:\Users\82103\Documents\ros2_ws\install\webots_ros2_tiago;c:\Users\82103\Documents\ros2_ws\install\webots_ros2_examples;c:\Users\82103\Documents\ros2_ws\install\webots_ros2_epuck;c:\Users\82103\Documents\ros2_ws\install\webots_ros2_abb;c:\Users\82103\Documents\ros2_ws\install\webots_ros2_core;c:\Users\82103\Documents\ros2_ws\install\webots_ros2_importer;c:\Users\82103\Documents\ros2_ws\install\test_package_ysj;c:\Users\82103\Documents\ros2_ws\install\test_launch C:\Program Files\CMake\bin\cmake.EXE --install c:\Users\82103\Documents\ros2_ws\build\webots_ros2_msgs --config Release
