c:\Users\82103\Documents\ros2_ws\install\webots_ros2_ur_e_description\Lib\site-packages\webots_ros2_ur_e_description\__init__.py
c:\Users\82103\Documents\ros2_ws\install\webots_ros2_ur_e_description\Lib\site-packages\webots_ros2_ur_e_description\__pycache__\__init__.cpython-38.pyc
c:\Users\82103\Documents\ros2_ws\install\webots_ros2_ur_e_description\share\webots_ros2_ur_e_description\meshes\ur10e\collision\base.stl
c:\Users\82103\Documents\ros2_ws\install\webots_ros2_ur_e_description\share\webots_ros2_ur_e_description\meshes\ur10e\collision\forearm.stl
c:\Users\82103\Documents\ros2_ws\install\webots_ros2_ur_e_description\share\webots_ros2_ur_e_description\meshes\ur10e\collision\shoulder.stl
c:\Users\82103\Documents\ros2_ws\install\webots_ros2_ur_e_description\share\webots_ros2_ur_e_description\meshes\ur10e\collision\upperarm.stl
c:\Users\82103\Documents\ros2_ws\install\webots_ros2_ur_e_description\share\webots_ros2_ur_e_description\meshes\ur10e\collision\wrist1.stl
c:\Users\82103\Documents\ros2_ws\install\webots_ros2_ur_e_description\share\webots_ros2_ur_e_description\meshes\ur10e\collision\wrist2.stl
c:\Users\82103\Documents\ros2_ws\install\webots_ros2_ur_e_description\share\webots_ros2_ur_e_description\meshes\ur10e\collision\wrist3.stl
c:\Users\82103\Documents\ros2_ws\install\webots_ros2_ur_e_description\share\webots_ros2_ur_e_description\meshes\ur3e\collision\base.stl
c:\Users\82103\Documents\ros2_ws\install\webots_ros2_ur_e_description\share\webots_ros2_ur_e_description\meshes\ur3e\collision\forearm.stl
c:\Users\82103\Documents\ros2_ws\install\webots_ros2_ur_e_description\share\webots_ros2_ur_e_description\meshes\ur3e\collision\shoulder.stl
c:\Users\82103\Documents\ros2_ws\install\webots_ros2_ur_e_description\share\webots_ros2_ur_e_description\meshes\ur3e\collision\upperarm.stl
c:\Users\82103\Documents\ros2_ws\install\webots_ros2_ur_e_description\share\webots_ros2_ur_e_description\meshes\ur3e\collision\wrist1.stl
c:\Users\82103\Documents\ros2_ws\install\webots_ros2_ur_e_description\share\webots_ros2_ur_e_description\meshes\ur3e\collision\wrist2.stl
c:\Users\82103\Documents\ros2_ws\install\webots_ros2_ur_e_description\share\webots_ros2_ur_e_description\meshes\ur3e\collision\wrist3.stl
c:\Users\82103\Documents\ros2_ws\install\webots_ros2_ur_e_description\share\webots_ros2_ur_e_description\meshes\ur5e\collision\base.stl
c:\Users\82103\Documents\ros2_ws\install\webots_ros2_ur_e_description\share\webots_ros2_ur_e_description\meshes\ur5e\collision\forearm.stl
c:\Users\82103\Documents\ros2_ws\install\webots_ros2_ur_e_description\share\webots_ros2_ur_e_description\meshes\ur5e\collision\shoulder.stl
c:\Users\82103\Documents\ros2_ws\install\webots_ros2_ur_e_description\share\webots_ros2_ur_e_description\meshes\ur5e\collision\upperarm.stl
c:\Users\82103\Documents\ros2_ws\install\webots_ros2_ur_e_description\share\webots_ros2_ur_e_description\meshes\ur5e\collision\wrist1.stl
c:\Users\82103\Documents\ros2_ws\install\webots_ros2_ur_e_description\share\webots_ros2_ur_e_description\meshes\ur5e\collision\wrist2.stl
c:\Users\82103\Documents\ros2_ws\install\webots_ros2_ur_e_description\share\webots_ros2_ur_e_description\meshes\ur5e\collision\wrist3.stl
c:\Users\82103\Documents\ros2_ws\install\webots_ros2_ur_e_description\share\webots_ros2_ur_e_description\meshes\ur10e\visual\base.dae
c:\Users\82103\Documents\ros2_ws\install\webots_ros2_ur_e_description\share\webots_ros2_ur_e_description\meshes\ur10e\visual\forearm.dae
c:\Users\82103\Documents\ros2_ws\install\webots_ros2_ur_e_description\share\webots_ros2_ur_e_description\meshes\ur10e\visual\shoulder.dae
c:\Users\82103\Documents\ros2_ws\install\webots_ros2_ur_e_description\share\webots_ros2_ur_e_description\meshes\ur10e\visual\upperarm.dae
c:\Users\82103\Documents\ros2_ws\install\webots_ros2_ur_e_description\share\webots_ros2_ur_e_description\meshes\ur10e\visual\wrist1.dae
c:\Users\82103\Documents\ros2_ws\install\webots_ros2_ur_e_description\share\webots_ros2_ur_e_description\meshes\ur10e\visual\wrist2.dae
c:\Users\82103\Documents\ros2_ws\install\webots_ros2_ur_e_description\share\webots_ros2_ur_e_description\meshes\ur10e\visual\wrist3.dae
c:\Users\82103\Documents\ros2_ws\install\webots_ros2_ur_e_description\share\webots_ros2_ur_e_description\meshes\ur3e\visual\base.dae
c:\Users\82103\Documents\ros2_ws\install\webots_ros2_ur_e_description\share\webots_ros2_ur_e_description\meshes\ur3e\visual\forearm.dae
c:\Users\82103\Documents\ros2_ws\install\webots_ros2_ur_e_description\share\webots_ros2_ur_e_description\meshes\ur3e\visual\shoulder.dae
c:\Users\82103\Documents\ros2_ws\install\webots_ros2_ur_e_description\share\webots_ros2_ur_e_description\meshes\ur3e\visual\upperarm.dae
c:\Users\82103\Documents\ros2_ws\install\webots_ros2_ur_e_description\share\webots_ros2_ur_e_description\meshes\ur3e\visual\wrist1.dae
c:\Users\82103\Documents\ros2_ws\install\webots_ros2_ur_e_description\share\webots_ros2_ur_e_description\meshes\ur3e\visual\wrist2.dae
c:\Users\82103\Documents\ros2_ws\install\webots_ros2_ur_e_description\share\webots_ros2_ur_e_description\meshes\ur3e\visual\wrist3.dae
c:\Users\82103\Documents\ros2_ws\install\webots_ros2_ur_e_description\share\webots_ros2_ur_e_description\meshes\ur5e\visual\base.dae
c:\Users\82103\Documents\ros2_ws\install\webots_ros2_ur_e_description\share\webots_ros2_ur_e_description\meshes\ur5e\visual\forearm.dae
c:\Users\82103\Documents\ros2_ws\install\webots_ros2_ur_e_description\share\webots_ros2_ur_e_description\meshes\ur5e\visual\shoulder.dae
c:\Users\82103\Documents\ros2_ws\install\webots_ros2_ur_e_description\share\webots_ros2_ur_e_description\meshes\ur5e\visual\upperarm.dae
c:\Users\82103\Documents\ros2_ws\install\webots_ros2_ur_e_description\share\webots_ros2_ur_e_description\meshes\ur5e\visual\wrist1.dae
c:\Users\82103\Documents\ros2_ws\install\webots_ros2_ur_e_description\share\webots_ros2_ur_e_description\meshes\ur5e\visual\wrist2.dae
c:\Users\82103\Documents\ros2_ws\install\webots_ros2_ur_e_description\share\webots_ros2_ur_e_description\meshes\ur5e\visual\wrist3.dae
c:\Users\82103\Documents\ros2_ws\install\webots_ros2_ur_e_description\share\webots_ros2_ur_e_description\urdf\ur10e_joint_limited_robot.urdf
c:\Users\82103\Documents\ros2_ws\install\webots_ros2_ur_e_description\share\webots_ros2_ur_e_description\urdf\ur10e_robot.urdf
c:\Users\82103\Documents\ros2_ws\install\webots_ros2_ur_e_description\share\webots_ros2_ur_e_description\urdf\ur3e_joint_limited_robot.urdf
c:\Users\82103\Documents\ros2_ws\install\webots_ros2_ur_e_description\share\webots_ros2_ur_e_description\urdf\ur3e_robot.urdf
c:\Users\82103\Documents\ros2_ws\install\webots_ros2_ur_e_description\share\webots_ros2_ur_e_description\urdf\ur5e_joint_limited_robot.urdf
c:\Users\82103\Documents\ros2_ws\install\webots_ros2_ur_e_description\share\webots_ros2_ur_e_description\urdf\ur5e_robot.urdf
c:\Users\82103\Documents\ros2_ws\install\webots_ros2_ur_e_description\share\ament_index\resource_index\packages\webots_ros2_ur_e_description
c:\Users\82103\Documents\ros2_ws\install\webots_ros2_ur_e_description\share\webots_ros2_ur_e_description\ur5e_state_publisher.launch.py
c:\Users\82103\Documents\ros2_ws\install\webots_ros2_ur_e_description\share\webots_ros2_ur_e_description\rviz\view_robot.rviz
c:\Users\82103\Documents\ros2_ws\install\webots_ros2_ur_e_description\share\webots_ros2_ur_e_description\package.xml
c:\Users\82103\Documents\ros2_ws\install\webots_ros2_ur_e_description\Lib\site-packages\webots_ros2_ur_e_description-1.0.3-py3.8.egg-info\dependency_links.txt
c:\Users\82103\Documents\ros2_ws\install\webots_ros2_ur_e_description\Lib\site-packages\webots_ros2_ur_e_description-1.0.3-py3.8.egg-info\entry_points.txt
c:\Users\82103\Documents\ros2_ws\install\webots_ros2_ur_e_description\Lib\site-packages\webots_ros2_ur_e_description-1.0.3-py3.8.egg-info\PKG-INFO
c:\Users\82103\Documents\ros2_ws\install\webots_ros2_ur_e_description\Lib\site-packages\webots_ros2_ur_e_description-1.0.3-py3.8.egg-info\requires.txt
c:\Users\82103\Documents\ros2_ws\install\webots_ros2_ur_e_description\Lib\site-packages\webots_ros2_ur_e_description-1.0.3-py3.8.egg-info\SOURCES.txt
c:\Users\82103\Documents\ros2_ws\install\webots_ros2_ur_e_description\Lib\site-packages\webots_ros2_ur_e_description-1.0.3-py3.8.egg-info\top_level.txt
c:\Users\82103\Documents\ros2_ws\install\webots_ros2_ur_e_description\Lib\site-packages\webots_ros2_ur_e_description-1.0.3-py3.8.egg-info\zip-safe
