[2.297s] Invoking command in 'c:\Users\82103\Documents\ros2_ws\webots_ros2\webots_ros2_ur_e_description': PYTHONPATH=c:\Users\82103\Documents\ros2_ws\install\webots_ros2_ur_e_description\Lib\site-packages;%PYTHONPATH% c:\python38\python.exe setup.py egg_info --egg-base ..\..\build\webots_ros2_ur_e_description build --build-base c:\Users\82103\Documents\ros2_ws\build\webots_ros2_ur_e_description\build install --prefix c:\Users\82103\Documents\ros2_ws\install\webots_ros2_ur_e_description --record c:\Users\82103\Documents\ros2_ws\build\webots_ros2_ur_e_description\install.log --single-version-externally-managed
[3.312s] running egg_info
[3.312s] writing ..\..\build\webots_ros2_ur_e_description\webots_ros2_ur_e_description.egg-info\PKG-INFO
[3.312s] writing dependency_links to ..\..\build\webots_ros2_ur_e_description\webots_ros2_ur_e_description.egg-info\dependency_links.txt
[3.312s] writing entry points to ..\..\build\webots_ros2_ur_e_description\webots_ros2_ur_e_description.egg-info\entry_points.txt
[3.312s] writing requirements to ..\..\build\webots_ros2_ur_e_description\webots_ros2_ur_e_description.egg-info\requires.txt
[3.312s] writing top-level names to ..\..\build\webots_ros2_ur_e_description\webots_ros2_ur_e_description.egg-info\top_level.txt
[3.312s] reading manifest file '..\..\build\webots_ros2_ur_e_description\webots_ros2_ur_e_description.egg-info\SOURCES.txt'
[3.328s] writing manifest file '..\..\build\webots_ros2_ur_e_description\webots_ros2_ur_e_description.egg-info\SOURCES.txt'
[3.328s] running build
[3.328s] running build_py
[3.328s] running install
[3.328s] running install_lib
[3.328s] running install_data
[3.359s] running install_egg_info
[3.375s] removing 'c:\Users\82103\Documents\ros2_ws\install\webots_ros2_ur_e_description\Lib\site-packages\webots_ros2_ur_e_description-1.0.3-py3.8.egg-info' (and everything under it)
[3.391s] Copying ..\..\build\webots_ros2_ur_e_description\webots_ros2_ur_e_description.egg-info to c:\Users\82103\Documents\ros2_ws\install\webots_ros2_ur_e_description\Lib\site-packages\webots_ros2_ur_e_description-1.0.3-py3.8.egg-info
[3.406s] running install_scripts
[3.547s] writing list of installed files to 'c:\Users\82103\Documents\ros2_ws\build\webots_ros2_ur_e_description\install.log'
[3.547s] Invoked command in 'c:\Users\82103\Documents\ros2_ws\webots_ros2\webots_ros2_ur_e_description' returned '0': PYTHONPATH=c:\Users\82103\Documents\ros2_ws\install\webots_ros2_ur_e_description\Lib\site-packages;%PYTHONPATH% c:\python38\python.exe setup.py egg_info --egg-base ..\..\build\webots_ros2_ur_e_description build --build-base c:\Users\82103\Documents\ros2_ws\build\webots_ros2_ur_e_description\build install --prefix c:\Users\82103\Documents\ros2_ws\install\webots_ros2_ur_e_description --record c:\Users\82103\Documents\ros2_ws\build\webots_ros2_ur_e_description\install.log --single-version-externally-managed
