[4.859s] Invoking command in 'c:\Users\82103\Documents\ros2_ws\build\my_interfaces_ysj': C:\Program Files\CMake\bin\cmake.EXE c:\Users\82103\Documents\ros2_ws\src\my_interfaces_ysj -DCMAKE_INSTALL_PREFIX=c:\Users\82103\Documents\ros2_ws\install\my_interfaces_ysj
[5.797s] -- Selecting Windows SDK version 10.0.18362.0 to target Windows 10.0.18363.
[5.828s] -- Found ament_cmake: 0.9.6 (C:/dev/ros2_foxy/share/ament_cmake/cmake)
[5.828s] -- Found PythonInterp: C:/Python38/python.exe (found suitable version "3.8.3", minimum required is "3") 
[5.844s] -- Using PYTHON_EXECUTABLE: C:/Python38/python.exe
[6.094s] -- Found rosidl_default_generators: 1.0.0 (C:/dev/ros2_foxy/share/rosidl_default_generators/cmake)
[6.109s] -- Using all available rosidl_typesupport_c: rosidl_typesupport_connext_c;rosidl_typesupport_fastrtps_c;rosidl_typesupport_introspection_c
[6.141s] -- Found rosidl_adapter: 1.0.1 (C:/dev/ros2_foxy/share/rosidl_adapter/cmake)
[6.969s] -- Could not find RTI Connext - skipping rosidl_typesupport_connext_c
[7.125s] -- Could not find RTI Connext - skipping rosidl_typesupport_connext_cpp
[7.766s] -- Using all available rosidl_typesupport_cpp: rosidl_typesupport_connext_cpp;rosidl_typesupport_fastrtps_cpp;rosidl_typesupport_introspection_cpp
[8.016s] -- Found PythonInterp: C:/Python38/python.exe (found version "3.8.3") 
[9.125s] -- Found ament_cmake_ros: 0.9.0 (C:/dev/ros2_foxy/share/ament_cmake_ros/cmake)
[10.016s] -- Using all available rosidl_typesupport_c: rosidl_typesupport_connext_c;rosidl_typesupport_fastrtps_c;rosidl_typesupport_introspection_c
[10.234s] -- Using all available rosidl_typesupport_cpp: rosidl_typesupport_connext_cpp;rosidl_typesupport_fastrtps_cpp;rosidl_typesupport_introspection_cpp
[10.344s] -- Found PythonInterp: C:/Python38/python.exe (found suitable version "3.8.3", minimum required is "3.5") 
[10.344s] -- Found python_cmake_module: 0.8.0 (C:/dev/ros2_foxy/share/python_cmake_module/cmake)
[10.484s] -- Using PYTHON_EXECUTABLE: C:/Python38/python.exe
[10.484s] -- Using PYTHON_INCLUDE_DIRS: C:/Python38/include
[10.484s] -- Using PYTHON_LIBRARIES: C:/Python38/libs/python38.lib
[11.547s] -- Using numpy include directory: C:\Python38\lib\site-packages\numpy\core\include
[11.594s] -- Found ament_lint_auto: 0.9.5 (C:/dev/ros2_foxy/share/ament_lint_auto/cmake)
[11.906s] -- Added test 'copyright' to check source files copyright and LICENSE
[12.016s] -- Added test 'lint_cmake' to check CMake code style
[12.078s] -- Added test 'xmllint' to check XML markup files
[12.422s] -- Configuring done
[15.094s] -- Generating done
[15.156s] -- Build files have been written to: C:/Users/82103/Documents/ros2_ws/build/my_interfaces_ysj
[15.172s] Invoked command in 'c:\Users\82103\Documents\ros2_ws\build\my_interfaces_ysj' returned '0': C:\Program Files\CMake\bin\cmake.EXE c:\Users\82103\Documents\ros2_ws\src\my_interfaces_ysj -DCMAKE_INSTALL_PREFIX=c:\Users\82103\Documents\ros2_ws\install\my_interfaces_ysj
[15.187s] Invoking command in 'c:\Users\82103\Documents\ros2_ws\build\my_interfaces_ysj': CL=/MP C:\Program Files\CMake\bin\cmake.EXE --build c:\Users\82103\Documents\ros2_ws\build\my_interfaces_ysj --config Release
[15.641s] .NET Framework¿ë Microsoft (R) Build Engine ¹öÀü 16.7.0+b89cb5fde
[15.641s] Copyright (C) Microsoft Corporation. All rights reserved.
[15.641s] 
[16.297s]   Checking Build System
[17.078s]   Building Custom Rule C:/Users/82103/Documents/ros2_ws/src/my_interfaces_ysj/CMakeLists.txt
[17.734s]   Building Custom Rule C:/Users/82103/Documents/ros2_ws/src/my_interfaces_ysj/CMakeLists.txt
[18.234s]   my_interfaces_ysj__rosidl_generator_c.vcxproj -> C:\Users\82103\Documents\ros2_ws\build\my_interfaces_ysj\Release\my_interfaces_ysj__rosidl_generator_c.dll
[18.734s]   Building Custom Rule C:/Users/82103/Documents/ros2_ws/src/my_interfaces_ysj/CMakeLists.txt
[19.234s]   my_interfaces_ysj__rosidl_typesupport_c.vcxproj -> C:\Users\82103\Documents\ros2_ws\build\my_interfaces_ysj\Release\my_interfaces_ysj__rosidl_typesupport_c.dll
[19.484s]   Building Custom Rule C:/Users/82103/Documents/ros2_ws/src/my_interfaces_ysj/CMakeLists.txt
[19.734s]   my_interfaces_ysj__rosidl_typesupport_cpp.vcxproj -> C:\Users\82103\Documents\ros2_ws\build\my_interfaces_ysj\Release\my_interfaces_ysj__rosidl_typesupport_cpp.dll
[20.156s]   Building Custom Rule C:/Users/82103/Documents/ros2_ws/src/my_interfaces_ysj/CMakeLists.txt
[20.516s]   my_interfaces_ysj__rosidl_typesupport_fastrtps_cpp.vcxproj -> C:\Users\82103\Documents\ros2_ws\build\my_interfaces_ysj\Release\my_interfaces_ysj__rosidl_typesupport_fastrtps_cpp.dll
[20.672s]   Building Custom Rule C:/Users/82103/Documents/ros2_ws/src/my_interfaces_ysj/CMakeLists.txt
[20.875s]   my_interfaces_ysj__rosidl_typesupport_fastrtps_c.vcxproj -> C:\Users\82103\Documents\ros2_ws\build\my_interfaces_ysj\Release\my_interfaces_ysj__rosidl_typesupport_fastrtps_c.dll
[21.281s]   Building Custom Rule C:/Users/82103/Documents/ros2_ws/src/my_interfaces_ysj/CMakeLists.txt
[21.547s]   my_interfaces_ysj__rosidl_typesupport_introspection_c.vcxproj -> C:\Users\82103\Documents\ros2_ws\build\my_interfaces_ysj\Release\my_interfaces_ysj__rosidl_typesupport_introspection_c.dll
[21.953s]   Building Custom Rule C:/Users/82103/Documents/ros2_ws/src/my_interfaces_ysj/CMakeLists.txt
[22.406s]   my_interfaces_ysj__rosidl_typesupport_introspection_cpp.vcxproj -> C:\Users\82103\Documents\ros2_ws\build\my_interfaces_ysj\Release\my_interfaces_ysj__rosidl_typesupport_introspection_cpp.dll
[22.781s]   Building Custom Rule C:/Users/82103/Documents/ros2_ws/src/my_interfaces_ysj/CMakeLists.txt
[23.500s]   Building Custom Rule C:/Users/82103/Documents/ros2_ws/src/my_interfaces_ysj/CMakeLists.txt
[23.687s]   my_interfaces_ysj__python.vcxproj -> C:\Users\82103\Documents\ros2_ws\build\my_interfaces_ysj\rosidl_generator_py\my_interfaces_ysj\my_interfaces_ysj__python.dll
[23.891s]   Building Custom Rule C:/Users/82103/Documents/ros2_ws/src/my_interfaces_ysj/CMakeLists.txt
[24.094s]   my_interfaces_ysj__rosidl_typesupport_c__pyext.vcxproj -> C:\Users\82103\Documents\ros2_ws\build\my_interfaces_ysj\rosidl_generator_py\my_interfaces_ysj\my_interfaces_ysj_s__rosidl_typesupport_c.pyd
[24.469s]   Building Custom Rule C:/Users/82103/Documents/ros2_ws/src/my_interfaces_ysj/CMakeLists.txt
[24.656s]   my_interfaces_ysj__rosidl_typesupport_fastrtps_c__pyext.vcxproj -> C:\Users\82103\Documents\ros2_ws\build\my_interfaces_ysj\rosidl_generator_py\my_interfaces_ysj\my_interfaces_ysj_s__rosidl_typesupport_fastrtps_c.pyd
[24.859s]   Building Custom Rule C:/Users/82103/Documents/ros2_ws/src/my_interfaces_ysj/CMakeLists.txt
[25.047s]   my_interfaces_ysj__rosidl_typesupport_introspection_c__pyext.vcxproj -> C:\Users\82103\Documents\ros2_ws\build\my_interfaces_ysj\rosidl_generator_py\my_interfaces_ysj\my_interfaces_ysj_s__rosidl_typesupport_introspection_c.pyd
[25.187s]   Building Custom Rule C:/Users/82103/Documents/ros2_ws/src/my_interfaces_ysj/CMakeLists.txt
[25.391s] Invoked command in 'c:\Users\82103\Documents\ros2_ws\build\my_interfaces_ysj' returned '0': CL=/MP C:\Program Files\CMake\bin\cmake.EXE --build c:\Users\82103\Documents\ros2_ws\build\my_interfaces_ysj --config Release
[25.469s] Invoking command in 'c:\Users\82103\Documents\ros2_ws\build\my_interfaces_ysj': C:\Program Files\CMake\bin\cmake.EXE --install c:\Users\82103\Documents\ros2_ws\build\my_interfaces_ysj --config Release
[25.516s] -- Up-to-date: C:/Users/82103/Documents/ros2_ws/install/my_interfaces_ysj/share/ament_index/resource_index/rosidl_interfaces/my_interfaces_ysj
[25.531s] -- Up-to-date: C:/Users/82103/Documents/ros2_ws/install/my_interfaces_ysj/include/my_interfaces_ysj
[25.531s] -- Up-to-date: C:/Users/82103/Documents/ros2_ws/install/my_interfaces_ysj/include/my_interfaces_ysj/action
[25.531s] -- Up-to-date: C:/Users/82103/Documents/ros2_ws/install/my_interfaces_ysj/include/my_interfaces_ysj/action/detail
[25.531s] -- Up-to-date: C:/Users/82103/Documents/ros2_ws/install/my_interfaces_ysj/include/my_interfaces_ysj/action/detail/fibonacci__functions.c
[25.531s] -- Up-to-date: C:/Users/82103/Documents/ros2_ws/install/my_interfaces_ysj/include/my_interfaces_ysj/action/detail/fibonacci__functions.h
[25.531s] -- Up-to-date: C:/Users/82103/Documents/ros2_ws/install/my_interfaces_ysj/include/my_interfaces_ysj/action/detail/fibonacci__struct.h
[25.531s] -- Up-to-date: C:/Users/82103/Documents/ros2_ws/install/my_interfaces_ysj/include/my_interfaces_ysj/action/detail/fibonacci__type_support.h
[25.531s] -- Up-to-date: C:/Users/82103/Documents/ros2_ws/install/my_interfaces_ysj/include/my_interfaces_ysj/action/fibonacci.h
[25.531s] -- Up-to-date: C:/Users/82103/Documents/ros2_ws/install/my_interfaces_ysj/include/my_interfaces_ysj/msg
[25.531s] -- Up-to-date: C:/Users/82103/Documents/ros2_ws/install/my_interfaces_ysj/include/my_interfaces_ysj/msg/detail
[25.547s] -- Up-to-date: C:/Users/82103/Documents/ros2_ws/install/my_interfaces_ysj/include/my_interfaces_ysj/msg/detail/temp__functions.c
[25.547s] -- Up-to-date: C:/Users/82103/Documents/ros2_ws/install/my_interfaces_ysj/include/my_interfaces_ysj/msg/detail/temp__functions.h
[25.547s] -- Up-to-date: C:/Users/82103/Documents/ros2_ws/install/my_interfaces_ysj/include/my_interfaces_ysj/msg/detail/temp__struct.h
[25.547s] -- Up-to-date: C:/Users/82103/Documents/ros2_ws/install/my_interfaces_ysj/include/my_interfaces_ysj/msg/detail/temp__type_support.h
[25.547s] -- Up-to-date: C:/Users/82103/Documents/ros2_ws/install/my_interfaces_ysj/include/my_interfaces_ysj/msg/rosidl_generator_c__visibility_control.h
[25.547s] -- Up-to-date: C:/Users/82103/Documents/ros2_ws/install/my_interfaces_ysj/include/my_interfaces_ysj/msg/temp.h
[25.547s] -- Up-to-date: C:/Users/82103/Documents/ros2_ws/install/my_interfaces_ysj/include/my_interfaces_ysj/srv
[25.547s] -- Up-to-date: C:/Users/82103/Documents/ros2_ws/install/my_interfaces_ysj/include/my_interfaces_ysj/srv/add_three_ints.h
[25.547s] -- Up-to-date: C:/Users/82103/Documents/ros2_ws/install/my_interfaces_ysj/include/my_interfaces_ysj/srv/detail
[25.547s] -- Up-to-date: C:/Users/82103/Documents/ros2_ws/install/my_interfaces_ysj/include/my_interfaces_ysj/srv/detail/add_three_ints__functions.c
[25.547s] -- Up-to-date: C:/Users/82103/Documents/ros2_ws/install/my_interfaces_ysj/include/my_interfaces_ysj/srv/detail/add_three_ints__functions.h
[25.562s] -- Up-to-date: C:/Users/82103/Documents/ros2_ws/install/my_interfaces_ysj/include/my_interfaces_ysj/srv/detail/add_three_ints__struct.h
[25.562s] -- Up-to-date: C:/Users/82103/Documents/ros2_ws/install/my_interfaces_ysj/include/my_interfaces_ysj/srv/detail/add_three_ints__type_support.h
[25.562s] -- Up-to-date: C:/Users/82103/Documents/ros2_ws/install/my_interfaces_ysj/lib/my_interfaces_ysj__rosidl_generator_c.lib
[25.562s] -- Up-to-date: C:/Users/82103/Documents/ros2_ws/install/my_interfaces_ysj/bin/my_interfaces_ysj__rosidl_generator_c.dll
[25.562s] -- Up-to-date: C:/Users/82103/Documents/ros2_ws/install/my_interfaces_ysj/include/my_interfaces_ysj
[25.562s] -- Up-to-date: C:/Users/82103/Documents/ros2_ws/install/my_interfaces_ysj/include/my_interfaces_ysj/action
[25.562s] -- Up-to-date: C:/Users/82103/Documents/ros2_ws/install/my_interfaces_ysj/include/my_interfaces_ysj/action/detail
[25.562s] -- Up-to-date: C:/Users/82103/Documents/ros2_ws/install/my_interfaces_ysj/include/my_interfaces_ysj/action/detail/fibonacci__rosidl_typesupport_fastrtps_c.h
[25.562s] -- Up-to-date: C:/Users/82103/Documents/ros2_ws/install/my_interfaces_ysj/include/my_interfaces_ysj/msg
[25.562s] -- Up-to-date: C:/Users/82103/Documents/ros2_ws/install/my_interfaces_ysj/include/my_interfaces_ysj/msg/detail
[25.578s] -- Up-to-date: C:/Users/82103/Documents/ros2_ws/install/my_interfaces_ysj/include/my_interfaces_ysj/msg/detail/temp__rosidl_typesupport_fastrtps_c.h
[25.578s] -- Up-to-date: C:/Users/82103/Documents/ros2_ws/install/my_interfaces_ysj/include/my_interfaces_ysj/msg/rosidl_typesupport_fastrtps_c__visibility_control.h
[25.578s] -- Up-to-date: C:/Users/82103/Documents/ros2_ws/install/my_interfaces_ysj/include/my_interfaces_ysj/srv
[25.578s] -- Up-to-date: C:/Users/82103/Documents/ros2_ws/install/my_interfaces_ysj/include/my_interfaces_ysj/srv/detail
[25.578s] -- Up-to-date: C:/Users/82103/Documents/ros2_ws/install/my_interfaces_ysj/include/my_interfaces_ysj/srv/detail/add_three_ints__rosidl_typesupport_fastrtps_c.h
[25.578s] -- Up-to-date: C:/Users/82103/Documents/ros2_ws/install/my_interfaces_ysj/lib/my_interfaces_ysj__rosidl_typesupport_fastrtps_c.lib
[25.578s] -- Up-to-date: C:/Users/82103/Documents/ros2_ws/install/my_interfaces_ysj/bin/my_interfaces_ysj__rosidl_typesupport_fastrtps_c.dll
[25.578s] -- Up-to-date: C:/Users/82103/Documents/ros2_ws/install/my_interfaces_ysj/include/my_interfaces_ysj
[25.578s] -- Up-to-date: C:/Users/82103/Documents/ros2_ws/install/my_interfaces_ysj/include/my_interfaces_ysj/action
[25.594s] -- Up-to-date: C:/Users/82103/Documents/ros2_ws/install/my_interfaces_ysj/include/my_interfaces_ysj/action/detail
[25.594s] -- Up-to-date: C:/Users/82103/Documents/ros2_ws/install/my_interfaces_ysj/include/my_interfaces_ysj/action/detail/dds_fastrtps
[25.594s] -- Up-to-date: C:/Users/82103/Documents/ros2_ws/install/my_interfaces_ysj/include/my_interfaces_ysj/action/detail/fibonacci__rosidl_typesupport_fastrtps_cpp.hpp
[25.594s] -- Up-to-date: C:/Users/82103/Documents/ros2_ws/install/my_interfaces_ysj/include/my_interfaces_ysj/msg
[25.594s] -- Up-to-date: C:/Users/82103/Documents/ros2_ws/install/my_interfaces_ysj/include/my_interfaces_ysj/msg/detail
[25.594s] -- Up-to-date: C:/Users/82103/Documents/ros2_ws/install/my_interfaces_ysj/include/my_interfaces_ysj/msg/detail/dds_fastrtps
[25.594s] -- Up-to-date: C:/Users/82103/Documents/ros2_ws/install/my_interfaces_ysj/include/my_interfaces_ysj/msg/detail/temp__rosidl_typesupport_fastrtps_cpp.hpp
[25.594s] -- Up-to-date: C:/Users/82103/Documents/ros2_ws/install/my_interfaces_ysj/include/my_interfaces_ysj/msg/rosidl_typesupport_fastrtps_cpp__visibility_control.h
[25.594s] -- Up-to-date: C:/Users/82103/Documents/ros2_ws/install/my_interfaces_ysj/include/my_interfaces_ysj/srv
[25.594s] -- Up-to-date: C:/Users/82103/Documents/ros2_ws/install/my_interfaces_ysj/include/my_interfaces_ysj/srv/detail
[25.594s] -- Up-to-date: C:/Users/82103/Documents/ros2_ws/install/my_interfaces_ysj/include/my_interfaces_ysj/srv/detail/add_three_ints__rosidl_typesupport_fastrtps_cpp.hpp
[25.609s] -- Up-to-date: C:/Users/82103/Documents/ros2_ws/install/my_interfaces_ysj/include/my_interfaces_ysj/srv/detail/dds_fastrtps
[25.609s] -- Up-to-date: C:/Users/82103/Documents/ros2_ws/install/my_interfaces_ysj/lib/my_interfaces_ysj__rosidl_typesupport_fastrtps_cpp.lib
[25.609s] -- Up-to-date: C:/Users/82103/Documents/ros2_ws/install/my_interfaces_ysj/bin/my_interfaces_ysj__rosidl_typesupport_fastrtps_cpp.dll
[25.609s] -- Up-to-date: C:/Users/82103/Documents/ros2_ws/install/my_interfaces_ysj/include/my_interfaces_ysj
[25.609s] -- Up-to-date: C:/Users/82103/Documents/ros2_ws/install/my_interfaces_ysj/include/my_interfaces_ysj/action
[25.609s] -- Up-to-date: C:/Users/82103/Documents/ros2_ws/install/my_interfaces_ysj/include/my_interfaces_ysj/action/detail
[25.609s] -- Up-to-date: C:/Users/82103/Documents/ros2_ws/install/my_interfaces_ysj/include/my_interfaces_ysj/action/detail/fibonacci__rosidl_typesupport_introspection_c.h
[25.609s] -- Up-to-date: C:/Users/82103/Documents/ros2_ws/install/my_interfaces_ysj/include/my_interfaces_ysj/action/detail/fibonacci__type_support.c
[25.609s] -- Up-to-date: C:/Users/82103/Documents/ros2_ws/install/my_interfaces_ysj/include/my_interfaces_ysj/msg
[25.609s] -- Up-to-date: C:/Users/82103/Documents/ros2_ws/install/my_interfaces_ysj/include/my_interfaces_ysj/msg/detail
[25.625s] -- Up-to-date: C:/Users/82103/Documents/ros2_ws/install/my_interfaces_ysj/include/my_interfaces_ysj/msg/detail/temp__rosidl_typesupport_introspection_c.h
[25.625s] -- Up-to-date: C:/Users/82103/Documents/ros2_ws/install/my_interfaces_ysj/include/my_interfaces_ysj/msg/detail/temp__type_support.c
[25.625s] -- Up-to-date: C:/Users/82103/Documents/ros2_ws/install/my_interfaces_ysj/include/my_interfaces_ysj/msg/rosidl_typesupport_introspection_c__visibility_control.h
[25.625s] -- Up-to-date: C:/Users/82103/Documents/ros2_ws/install/my_interfaces_ysj/include/my_interfaces_ysj/srv
[25.625s] -- Up-to-date: C:/Users/82103/Documents/ros2_ws/install/my_interfaces_ysj/include/my_interfaces_ysj/srv/detail
[25.625s] -- Up-to-date: C:/Users/82103/Documents/ros2_ws/install/my_interfaces_ysj/include/my_interfaces_ysj/srv/detail/add_three_ints__rosidl_typesupport_introspection_c.h
[25.625s] -- Up-to-date: C:/Users/82103/Documents/ros2_ws/install/my_interfaces_ysj/include/my_interfaces_ysj/srv/detail/add_three_ints__type_support.c
[25.625s] -- Up-to-date: C:/Users/82103/Documents/ros2_ws/install/my_interfaces_ysj/lib/my_interfaces_ysj__rosidl_typesupport_introspection_c.lib
[25.625s] -- Up-to-date: C:/Users/82103/Documents/ros2_ws/install/my_interfaces_ysj/bin/my_interfaces_ysj__rosidl_typesupport_introspection_c.dll
[25.625s] -- Up-to-date: C:/Users/82103/Documents/ros2_ws/install/my_interfaces_ysj/lib/my_interfaces_ysj__rosidl_typesupport_c.lib
[25.641s] -- Up-to-date: C:/Users/82103/Documents/ros2_ws/install/my_interfaces_ysj/bin/my_interfaces_ysj__rosidl_typesupport_c.dll
[25.641s] -- Up-to-date: C:/Users/82103/Documents/ros2_ws/install/my_interfaces_ysj/include/my_interfaces_ysj
[25.641s] -- Up-to-date: C:/Users/82103/Documents/ros2_ws/install/my_interfaces_ysj/include/my_interfaces_ysj/action
[25.641s] -- Up-to-date: C:/Users/82103/Documents/ros2_ws/install/my_interfaces_ysj/include/my_interfaces_ysj/action/detail
[25.641s] -- Up-to-date: C:/Users/82103/Documents/ros2_ws/install/my_interfaces_ysj/include/my_interfaces_ysj/action/detail/fibonacci__builder.hpp
[25.641s] -- Up-to-date: C:/Users/82103/Documents/ros2_ws/install/my_interfaces_ysj/include/my_interfaces_ysj/action/detail/fibonacci__struct.hpp
[25.641s] -- Up-to-date: C:/Users/82103/Documents/ros2_ws/install/my_interfaces_ysj/include/my_interfaces_ysj/action/detail/fibonacci__traits.hpp
[25.641s] -- Up-to-date: C:/Users/82103/Documents/ros2_ws/install/my_interfaces_ysj/include/my_interfaces_ysj/action/fibonacci.hpp
[25.641s] -- Up-to-date: C:/Users/82103/Documents/ros2_ws/install/my_interfaces_ysj/include/my_interfaces_ysj/msg
[25.641s] -- Up-to-date: C:/Users/82103/Documents/ros2_ws/install/my_interfaces_ysj/include/my_interfaces_ysj/msg/detail
[25.656s] -- Up-to-date: C:/Users/82103/Documents/ros2_ws/install/my_interfaces_ysj/include/my_interfaces_ysj/msg/detail/temp__builder.hpp
[25.656s] -- Up-to-date: C:/Users/82103/Documents/ros2_ws/install/my_interfaces_ysj/include/my_interfaces_ysj/msg/detail/temp__struct.hpp
[25.656s] -- Up-to-date: C:/Users/82103/Documents/ros2_ws/install/my_interfaces_ysj/include/my_interfaces_ysj/msg/detail/temp__traits.hpp
[25.656s] -- Up-to-date: C:/Users/82103/Documents/ros2_ws/install/my_interfaces_ysj/include/my_interfaces_ysj/msg/temp.hpp
[25.656s] -- Up-to-date: C:/Users/82103/Documents/ros2_ws/install/my_interfaces_ysj/include/my_interfaces_ysj/srv
[25.656s] -- Up-to-date: C:/Users/82103/Documents/ros2_ws/install/my_interfaces_ysj/include/my_interfaces_ysj/srv/add_three_ints.hpp
[25.656s] -- Up-to-date: C:/Users/82103/Documents/ros2_ws/install/my_interfaces_ysj/include/my_interfaces_ysj/srv/detail
[25.656s] -- Up-to-date: C:/Users/82103/Documents/ros2_ws/install/my_interfaces_ysj/include/my_interfaces_ysj/srv/detail/add_three_ints__builder.hpp
[25.656s] -- Up-to-date: C:/Users/82103/Documents/ros2_ws/install/my_interfaces_ysj/include/my_interfaces_ysj/srv/detail/add_three_ints__struct.hpp
[25.656s] -- Up-to-date: C:/Users/82103/Documents/ros2_ws/install/my_interfaces_ysj/include/my_interfaces_ysj/srv/detail/add_three_ints__traits.hpp
[25.672s] -- Up-to-date: C:/Users/82103/Documents/ros2_ws/install/my_interfaces_ysj/include/my_interfaces_ysj
[25.672s] -- Up-to-date: C:/Users/82103/Documents/ros2_ws/install/my_interfaces_ysj/include/my_interfaces_ysj/action
[25.672s] -- Up-to-date: C:/Users/82103/Documents/ros2_ws/install/my_interfaces_ysj/include/my_interfaces_ysj/action/detail
[25.672s] -- Up-to-date: C:/Users/82103/Documents/ros2_ws/install/my_interfaces_ysj/include/my_interfaces_ysj/action/detail/fibonacci__rosidl_typesupport_introspection_cpp.hpp
[25.672s] -- Up-to-date: C:/Users/82103/Documents/ros2_ws/install/my_interfaces_ysj/include/my_interfaces_ysj/action/detail/fibonacci__type_support.cpp
[25.672s] -- Up-to-date: C:/Users/82103/Documents/ros2_ws/install/my_interfaces_ysj/include/my_interfaces_ysj/msg
[25.672s] -- Up-to-date: C:/Users/82103/Documents/ros2_ws/install/my_interfaces_ysj/include/my_interfaces_ysj/msg/detail
[25.672s] -- Up-to-date: C:/Users/82103/Documents/ros2_ws/install/my_interfaces_ysj/include/my_interfaces_ysj/msg/detail/temp__rosidl_typesupport_introspection_cpp.hpp
[25.672s] -- Up-to-date: C:/Users/82103/Documents/ros2_ws/install/my_interfaces_ysj/include/my_interfaces_ysj/msg/detail/temp__type_support.cpp
[25.672s] -- Up-to-date: C:/Users/82103/Documents/ros2_ws/install/my_interfaces_ysj/include/my_interfaces_ysj/srv
[25.687s] -- Up-to-date: C:/Users/82103/Documents/ros2_ws/install/my_interfaces_ysj/include/my_interfaces_ysj/srv/detail
[25.687s] -- Up-to-date: C:/Users/82103/Documents/ros2_ws/install/my_interfaces_ysj/include/my_interfaces_ysj/srv/detail/add_three_ints__rosidl_typesupport_introspection_cpp.hpp
[25.687s] -- Up-to-date: C:/Users/82103/Documents/ros2_ws/install/my_interfaces_ysj/include/my_interfaces_ysj/srv/detail/add_three_ints__type_support.cpp
[25.687s] -- Up-to-date: C:/Users/82103/Documents/ros2_ws/install/my_interfaces_ysj/lib/my_interfaces_ysj__rosidl_typesupport_introspection_cpp.lib
[25.687s] -- Up-to-date: C:/Users/82103/Documents/ros2_ws/install/my_interfaces_ysj/bin/my_interfaces_ysj__rosidl_typesupport_introspection_cpp.dll
[25.687s] -- Up-to-date: C:/Users/82103/Documents/ros2_ws/install/my_interfaces_ysj/lib/my_interfaces_ysj__rosidl_typesupport_cpp.lib
[25.687s] -- Up-to-date: C:/Users/82103/Documents/ros2_ws/install/my_interfaces_ysj/bin/my_interfaces_ysj__rosidl_typesupport_cpp.dll
[25.687s] -- Up-to-date: C:/Users/82103/Documents/ros2_ws/install/my_interfaces_ysj/share/my_interfaces_ysj/environment/pythonpath.bat
[25.703s] -- Installing: C:/Users/82103/Documents/ros2_ws/install/my_interfaces_ysj/share/my_interfaces_ysj/environment/pythonpath.dsv
[25.703s] -- Installing: C:/Users/82103/Documents/ros2_ws/install/my_interfaces_ysj/Lib/site-packages/my_interfaces_ysj/__init__.py
[25.953s] Compiling 'C:/Users/82103/Documents/ros2_ws/install/my_interfaces_ysj/Lib/site-packages/my_interfaces_ysj/__init__.py'...
[25.969s] -- Up-to-date: C:/Users/82103/Documents/ros2_ws/install/my_interfaces_ysj/Lib/site-packages/my_interfaces_ysj/srv
[25.969s] -- Up-to-date: C:/Users/82103/Documents/ros2_ws/install/my_interfaces_ysj/Lib/site-packages/my_interfaces_ysj/srv/_add_three_ints.py
[25.969s] -- Up-to-date: C:/Users/82103/Documents/ros2_ws/install/my_interfaces_ysj/Lib/site-packages/my_interfaces_ysj/srv/_add_three_ints_s.c
[25.969s] -- Up-to-date: C:/Users/82103/Documents/ros2_ws/install/my_interfaces_ysj/Lib/site-packages/my_interfaces_ysj/srv/__init__.py
[25.969s] -- Up-to-date: C:/Users/82103/Documents/ros2_ws/install/my_interfaces_ysj/Lib/site-packages/my_interfaces_ysj/msg
[25.984s] -- Up-to-date: C:/Users/82103/Documents/ros2_ws/install/my_interfaces_ysj/Lib/site-packages/my_interfaces_ysj/msg/_temp.py
[25.984s] -- Up-to-date: C:/Users/82103/Documents/ros2_ws/install/my_interfaces_ysj/Lib/site-packages/my_interfaces_ysj/msg/_temp_s.c
[25.984s] -- Up-to-date: C:/Users/82103/Documents/ros2_ws/install/my_interfaces_ysj/Lib/site-packages/my_interfaces_ysj/msg/__init__.py
[25.984s] -- Up-to-date: C:/Users/82103/Documents/ros2_ws/install/my_interfaces_ysj/Lib/site-packages/my_interfaces_ysj/action
[25.984s] -- Up-to-date: C:/Users/82103/Documents/ros2_ws/install/my_interfaces_ysj/Lib/site-packages/my_interfaces_ysj/action/_fibonacci.py
[25.984s] -- Up-to-date: C:/Users/82103/Documents/ros2_ws/install/my_interfaces_ysj/Lib/site-packages/my_interfaces_ysj/action/_fibonacci_s.c
[26.000s] -- Up-to-date: C:/Users/82103/Documents/ros2_ws/install/my_interfaces_ysj/Lib/site-packages/my_interfaces_ysj/action/__init__.py
[26.000s] -- Up-to-date: C:/Users/82103/Documents/ros2_ws/install/my_interfaces_ysj/Lib/site-packages/my_interfaces_ysj/my_interfaces_ysj_s__rosidl_typesupport_fastrtps_c.lib
[26.000s] -- Up-to-date: C:/Users/82103/Documents/ros2_ws/install/my_interfaces_ysj/Lib/site-packages/my_interfaces_ysj/my_interfaces_ysj_s__rosidl_typesupport_fastrtps_c.pyd
[26.000s] -- Up-to-date: C:/Users/82103/Documents/ros2_ws/install/my_interfaces_ysj/Lib/site-packages/my_interfaces_ysj/my_interfaces_ysj_s__rosidl_typesupport_introspection_c.lib
[26.016s] -- Up-to-date: C:/Users/82103/Documents/ros2_ws/install/my_interfaces_ysj/Lib/site-packages/my_interfaces_ysj/my_interfaces_ysj_s__rosidl_typesupport_introspection_c.pyd
[26.016s] -- Up-to-date: C:/Users/82103/Documents/ros2_ws/install/my_interfaces_ysj/Lib/site-packages/my_interfaces_ysj/my_interfaces_ysj_s__rosidl_typesupport_c.lib
[26.016s] -- Up-to-date: C:/Users/82103/Documents/ros2_ws/install/my_interfaces_ysj/Lib/site-packages/my_interfaces_ysj/my_interfaces_ysj_s__rosidl_typesupport_c.pyd
[26.016s] -- Up-to-date: C:/Users/82103/Documents/ros2_ws/install/my_interfaces_ysj/lib/my_interfaces_ysj__python.lib
[26.016s] -- Up-to-date: C:/Users/82103/Documents/ros2_ws/install/my_interfaces_ysj/bin/my_interfaces_ysj__python.dll
[26.031s] -- Up-to-date: C:/Users/82103/Documents/ros2_ws/install/my_interfaces_ysj/share/my_interfaces_ysj/srv/AddThreeInts.idl
[26.031s] -- Up-to-date: C:/Users/82103/Documents/ros2_ws/install/my_interfaces_ysj/share/my_interfaces_ysj/msg/Temp.idl
[26.031s] -- Up-to-date: C:/Users/82103/Documents/ros2_ws/install/my_interfaces_ysj/share/my_interfaces_ysj/action/Fibonacci.idl
[26.031s] -- Up-to-date: C:/Users/82103/Documents/ros2_ws/install/my_interfaces_ysj/share/my_interfaces_ysj/srv/AddThreeInts.srv
[26.031s] -- Up-to-date: C:/Users/82103/Documents/ros2_ws/install/my_interfaces_ysj/share/my_interfaces_ysj/srv/AddThreeInts_Request.msg
[26.047s] -- Up-to-date: C:/Users/82103/Documents/ros2_ws/install/my_interfaces_ysj/share/my_interfaces_ysj/srv/AddThreeInts_Response.msg
[26.047s] -- Up-to-date: C:/Users/82103/Documents/ros2_ws/install/my_interfaces_ysj/share/my_interfaces_ysj/msg/Temp.msg
[26.047s] -- Up-to-date: C:/Users/82103/Documents/ros2_ws/install/my_interfaces_ysj/share/my_interfaces_ysj/action/Fibonacci.action
[26.047s] -- Up-to-date: C:/Users/82103/Documents/ros2_ws/install/my_interfaces_ysj/share/ament_index/resource_index/package_run_dependencies/my_interfaces_ysj
[26.047s] -- Up-to-date: C:/Users/82103/Documents/ros2_ws/install/my_interfaces_ysj/share/ament_index/resource_index/parent_prefix_path/my_interfaces_ysj
[26.047s] -- Up-to-date: C:/Users/82103/Documents/ros2_ws/install/my_interfaces_ysj/share/my_interfaces_ysj/environment/ament_prefix_path.bat
[26.062s] -- Installing: C:/Users/82103/Documents/ros2_ws/install/my_interfaces_ysj/share/my_interfaces_ysj/environment/ament_prefix_path.dsv
[26.062s] -- Up-to-date: C:/Users/82103/Documents/ros2_ws/install/my_interfaces_ysj/share/my_interfaces_ysj/environment/path.bat
[26.078s] -- Installing: C:/Users/82103/Documents/ros2_ws/install/my_interfaces_ysj/share/my_interfaces_ysj/environment/path.dsv
[26.094s] -- Up-to-date: C:/Users/82103/Documents/ros2_ws/install/my_interfaces_ysj/share/my_interfaces_ysj/local_setup.bat
[26.094s] -- Installing: C:/Users/82103/Documents/ros2_ws/install/my_interfaces_ysj/share/my_interfaces_ysj/local_setup.dsv
[26.094s] -- Installing: C:/Users/82103/Documents/ros2_ws/install/my_interfaces_ysj/share/my_interfaces_ysj/package.dsv
[26.109s] -- Up-to-date: C:/Users/82103/Documents/ros2_ws/install/my_interfaces_ysj/share/ament_index/resource_index/packages/my_interfaces_ysj
[26.109s] -- Up-to-date: C:/Users/82103/Documents/ros2_ws/install/my_interfaces_ysj/share/my_interfaces_ysj/cmake/my_interfaces_ysj__rosidl_generator_cExport.cmake
[26.125s] -- Installing: C:/Users/82103/Documents/ros2_ws/install/my_interfaces_ysj/share/my_interfaces_ysj/cmake/my_interfaces_ysj__rosidl_generator_cExport-release.cmake
[26.141s] -- Up-to-date: C:/Users/82103/Documents/ros2_ws/install/my_interfaces_ysj/share/my_interfaces_ysj/cmake/my_interfaces_ysj__rosidl_typesupport_introspection_cExport.cmake
[26.141s] -- Installing: C:/Users/82103/Documents/ros2_ws/install/my_interfaces_ysj/share/my_interfaces_ysj/cmake/my_interfaces_ysj__rosidl_typesupport_introspection_cExport-release.cmake
[26.156s] -- Up-to-date: C:/Users/82103/Documents/ros2_ws/install/my_interfaces_ysj/share/my_interfaces_ysj/cmake/my_interfaces_ysj__rosidl_typesupport_cExport.cmake
[26.172s] -- Installing: C:/Users/82103/Documents/ros2_ws/install/my_interfaces_ysj/share/my_interfaces_ysj/cmake/my_interfaces_ysj__rosidl_typesupport_cExport-release.cmake
[26.172s] -- Up-to-date: C:/Users/82103/Documents/ros2_ws/install/my_interfaces_ysj/share/my_interfaces_ysj/cmake/my_interfaces_ysj__rosidl_generator_cppExport.cmake
[26.172s] -- Up-to-date: C:/Users/82103/Documents/ros2_ws/install/my_interfaces_ysj/share/my_interfaces_ysj/cmake/my_interfaces_ysj__rosidl_typesupport_introspection_cppExport.cmake
[26.203s] -- Installing: C:/Users/82103/Documents/ros2_ws/install/my_interfaces_ysj/share/my_interfaces_ysj/cmake/my_interfaces_ysj__rosidl_typesupport_introspection_cppExport-release.cmake
[26.203s] -- Up-to-date: C:/Users/82103/Documents/ros2_ws/install/my_interfaces_ysj/share/my_interfaces_ysj/cmake/my_interfaces_ysj__rosidl_typesupport_cppExport.cmake
[26.219s] -- Installing: C:/Users/82103/Documents/ros2_ws/install/my_interfaces_ysj/share/my_interfaces_ysj/cmake/my_interfaces_ysj__rosidl_typesupport_cppExport-release.cmake
[26.219s] -- Up-to-date: C:/Users/82103/Documents/ros2_ws/install/my_interfaces_ysj/share/my_interfaces_ysj/cmake/rosidl_cmake-extras.cmake
[26.234s] -- Up-to-date: C:/Users/82103/Documents/ros2_ws/install/my_interfaces_ysj/share/my_interfaces_ysj/cmake/ament_cmake_export_dependencies-extras.cmake
[26.234s] -- Up-to-date: C:/Users/82103/Documents/ros2_ws/install/my_interfaces_ysj/share/my_interfaces_ysj/cmake/ament_cmake_export_libraries-extras.cmake
[26.234s] -- Up-to-date: C:/Users/82103/Documents/ros2_ws/install/my_interfaces_ysj/share/my_interfaces_ysj/cmake/ament_cmake_export_targets-extras.cmake
[26.234s] -- Up-to-date: C:/Users/82103/Documents/ros2_ws/install/my_interfaces_ysj/share/my_interfaces_ysj/cmake/ament_cmake_export_include_directories-extras.cmake
[26.234s] -- Up-to-date: C:/Users/82103/Documents/ros2_ws/install/my_interfaces_ysj/share/my_interfaces_ysj/cmake/rosidl_cmake_export_typesupport_libraries-extras.cmake
[26.250s] -- Up-to-date: C:/Users/82103/Documents/ros2_ws/install/my_interfaces_ysj/share/my_interfaces_ysj/cmake/rosidl_cmake_export_typesupport_targets-extras.cmake
[26.250s] -- Up-to-date: C:/Users/82103/Documents/ros2_ws/install/my_interfaces_ysj/share/my_interfaces_ysj/cmake/my_interfaces_ysjConfig.cmake
[26.250s] -- Up-to-date: C:/Users/82103/Documents/ros2_ws/install/my_interfaces_ysj/share/my_interfaces_ysj/cmake/my_interfaces_ysjConfig-version.cmake
[26.250s] -- Up-to-date: C:/Users/82103/Documents/ros2_ws/install/my_interfaces_ysj/share/my_interfaces_ysj/package.xml
[26.281s] Invoked command in 'c:\Users\82103\Documents\ros2_ws\build\my_interfaces_ysj' returned '0': C:\Program Files\CMake\bin\cmake.EXE --install c:\Users\82103\Documents\ros2_ws\build\my_interfaces_ysj --config Release
