running egg_info
creating ..\..\build\webots_ros2_turtlebot\webots_ros2_turtlebot.egg-info
writing ..\..\build\webots_ros2_turtlebot\webots_ros2_turtlebot.egg-info\PKG-INFO
writing dependency_links to ..\..\build\webots_ros2_turtlebot\webots_ros2_turtlebot.egg-info\dependency_links.txt
writing entry points to ..\..\build\webots_ros2_turtlebot\webots_ros2_turtlebot.egg-info\entry_points.txt
writing requirements to ..\..\build\webots_ros2_turtlebot\webots_ros2_turtlebot.egg-info\requires.txt
writing top-level names to ..\..\build\webots_ros2_turtlebot\webots_ros2_turtlebot.egg-info\top_level.txt
writing manifest file '..\..\build\webots_ros2_turtlebot\webots_ros2_turtlebot.egg-info\SOURCES.txt'
reading manifest file '..\..\build\webots_ros2_turtlebot\webots_ros2_turtlebot.egg-info\SOURCES.txt'
writing manifest file '..\..\build\webots_ros2_turtlebot\webots_ros2_turtlebot.egg-info\SOURCES.txt'
running build
running build_py
creating c:\Users\82103\Documents\ros2_ws\build\webots_ros2_turtlebot\build
creating c:\Users\82103\Documents\ros2_ws\build\webots_ros2_turtlebot\build\lib
creating c:\Users\82103\Documents\ros2_ws\build\webots_ros2_turtlebot\build\lib\webots_ros2_turtlebot
copying webots_ros2_turtlebot\turtlebot_driver.py -> c:\Users\82103\Documents\ros2_ws\build\webots_ros2_turtlebot\build\lib\webots_ros2_turtlebot
copying webots_ros2_turtlebot\__init__.py -> c:\Users\82103\Documents\ros2_ws\build\webots_ros2_turtlebot\build\lib\webots_ros2_turtlebot
running install
running install_lib
creating c:\Users\82103\Documents\ros2_ws\install\webots_ros2_turtlebot\Lib\site-packages\webots_ros2_turtlebot
copying c:\Users\82103\Documents\ros2_ws\build\webots_ros2_turtlebot\build\lib\webots_ros2_turtlebot\turtlebot_driver.py -> c:\Users\82103\Documents\ros2_ws\install\webots_ros2_turtlebot\Lib\site-packages\webots_ros2_turtlebot
copying c:\Users\82103\Documents\ros2_ws\build\webots_ros2_turtlebot\build\lib\webots_ros2_turtlebot\__init__.py -> c:\Users\82103\Documents\ros2_ws\install\webots_ros2_turtlebot\Lib\site-packages\webots_ros2_turtlebot
byte-compiling c:\Users\82103\Documents\ros2_ws\install\webots_ros2_turtlebot\Lib\site-packages\webots_ros2_turtlebot\turtlebot_driver.py to turtlebot_driver.cpython-38.pyc
byte-compiling c:\Users\82103\Documents\ros2_ws\install\webots_ros2_turtlebot\Lib\site-packages\webots_ros2_turtlebot\__init__.py to __init__.cpython-38.pyc
running install_data
creating c:\Users\82103\Documents\ros2_ws\install\webots_ros2_turtlebot\share\ament_index
creating c:\Users\82103\Documents\ros2_ws\install\webots_ros2_turtlebot\share\ament_index\resource_index
creating c:\Users\82103\Documents\ros2_ws\install\webots_ros2_turtlebot\share\ament_index\resource_index\packages
copying resource\webots_ros2_turtlebot -> c:\Users\82103\Documents\ros2_ws\install\webots_ros2_turtlebot\share\ament_index\resource_index\packages
copying launch\robot_launch.py -> c:\Users\82103\Documents\ros2_ws\install\webots_ros2_turtlebot\share\webots_ros2_turtlebot
creating c:\Users\82103\Documents\ros2_ws\install\webots_ros2_turtlebot\share\webots_ros2_turtlebot\resource
copying resource\turtlebot3_burger_example_map.pgm -> c:\Users\82103\Documents\ros2_ws\install\webots_ros2_turtlebot\share\webots_ros2_turtlebot\resource
copying resource\turtlebot3_burger_example_map.yaml -> c:\Users\82103\Documents\ros2_ws\install\webots_ros2_turtlebot\share\webots_ros2_turtlebot\resource
creating c:\Users\82103\Documents\ros2_ws\install\webots_ros2_turtlebot\share\webots_ros2_turtlebot\protos
copying protos\TurtleBot3Burger_enu.proto -> c:\Users\82103\Documents\ros2_ws\install\webots_ros2_turtlebot\share\webots_ros2_turtlebot\protos
creating c:\Users\82103\Documents\ros2_ws\install\webots_ros2_turtlebot\share\webots_ros2_turtlebot\protos\textures
creating c:\Users\82103\Documents\ros2_ws\install\webots_ros2_turtlebot\share\webots_ros2_turtlebot\worlds
copying worlds\turtlebot3_burger_example.wbt -> c:\Users\82103\Documents\ros2_ws\install\webots_ros2_turtlebot\share\webots_ros2_turtlebot\worlds
copying worlds\.turtlebot3_burger_example.wbproj -> c:\Users\82103\Documents\ros2_ws\install\webots_ros2_turtlebot\share\webots_ros2_turtlebot\worlds
copying package.xml -> c:\Users\82103\Documents\ros2_ws\install\webots_ros2_turtlebot\share\webots_ros2_turtlebot
running install_egg_info
Copying ..\..\build\webots_ros2_turtlebot\webots_ros2_turtlebot.egg-info to c:\Users\82103\Documents\ros2_ws\install\webots_ros2_turtlebot\Lib\site-packages\webots_ros2_turtlebot-1.0.3-py3.8.egg-info
running install_scripts
Installing turtlebot_driver-script.py script to c:\Users\82103\Documents\ros2_ws\install\webots_ros2_turtlebot\lib\webots_ros2_turtlebot
Installing turtlebot_driver.exe script to c:\Users\82103\Documents\ros2_ws\install\webots_ros2_turtlebot\lib\webots_ros2_turtlebot
writing list of installed files to 'c:\Users\82103\Documents\ros2_ws\build\webots_ros2_turtlebot\install.log'
