[8.875s] Invoking command in 'c:\Users\82103\Documents\ros2_ws\webots_ros2\webots_ros2_turtlebot': AMENT_PREFIX_PATH=c:\Users\82103\Documents\ros2_ws\install\webots_ros2_core;c:\Users\82103\Documents\ros2_ws\install\webots_ros2_msgs;%AMENT_PREFIX_PATH% CMAKE_PREFIX_PATH=c:\Users\82103\Documents\ros2_ws\install\webots_ros2_msgs;%CMAKE_PREFIX_PATH% PYTHONPATH=c:\Users\82103\Documents\ros2_ws\install\webots_ros2_turtlebot\Lib\site-packages;c:\Users\82103\Documents\ros2_ws\install\webots_ros2_core\Lib\site-packages;c:\Users\82103\Documents\ros2_ws\install\webots_ros2_msgs\Lib\site-packages;%PYTHONPATH% Path=c:\Users\82103\Documents\ros2_ws\install\webots_ros2_msgs\bin;%Path% c:\python38\python.exe setup.py egg_info --egg-base ..\..\build\webots_ros2_turtlebot build --build-base c:\Users\82103\Documents\ros2_ws\build\webots_ros2_turtlebot\build install --prefix c:\Users\82103\Documents\ros2_ws\install\webots_ros2_turtlebot --record c:\Users\82103\Documents\ros2_ws\build\webots_ros2_turtlebot\install.log --single-version-externally-managed
[9.969s] running egg_info
[9.984s] creating ..\..\build\webots_ros2_turtlebot\webots_ros2_turtlebot.egg-info
[9.984s] writing ..\..\build\webots_ros2_turtlebot\webots_ros2_turtlebot.egg-info\PKG-INFO
[9.984s] writing dependency_links to ..\..\build\webots_ros2_turtlebot\webots_ros2_turtlebot.egg-info\dependency_links.txt
[9.984s] writing entry points to ..\..\build\webots_ros2_turtlebot\webots_ros2_turtlebot.egg-info\entry_points.txt
[9.984s] writing requirements to ..\..\build\webots_ros2_turtlebot\webots_ros2_turtlebot.egg-info\requires.txt
[9.984s] writing top-level names to ..\..\build\webots_ros2_turtlebot\webots_ros2_turtlebot.egg-info\top_level.txt
[9.984s] writing manifest file '..\..\build\webots_ros2_turtlebot\webots_ros2_turtlebot.egg-info\SOURCES.txt'
[10.094s] reading manifest file '..\..\build\webots_ros2_turtlebot\webots_ros2_turtlebot.egg-info\SOURCES.txt'
[10.094s] writing manifest file '..\..\build\webots_ros2_turtlebot\webots_ros2_turtlebot.egg-info\SOURCES.txt'
[10.094s] running build
[10.094s] running build_py
[10.094s] creating c:\Users\82103\Documents\ros2_ws\build\webots_ros2_turtlebot\build
[10.094s] creating c:\Users\82103\Documents\ros2_ws\build\webots_ros2_turtlebot\build\lib
[10.094s] creating c:\Users\82103\Documents\ros2_ws\build\webots_ros2_turtlebot\build\lib\webots_ros2_turtlebot
[10.094s] copying webots_ros2_turtlebot\turtlebot_driver.py -> c:\Users\82103\Documents\ros2_ws\build\webots_ros2_turtlebot\build\lib\webots_ros2_turtlebot
[10.125s] copying webots_ros2_turtlebot\__init__.py -> c:\Users\82103\Documents\ros2_ws\build\webots_ros2_turtlebot\build\lib\webots_ros2_turtlebot
[10.125s] running install
[10.125s] running install_lib
[10.125s] creating c:\Users\82103\Documents\ros2_ws\install\webots_ros2_turtlebot\Lib\site-packages\webots_ros2_turtlebot
[10.125s] copying c:\Users\82103\Documents\ros2_ws\build\webots_ros2_turtlebot\build\lib\webots_ros2_turtlebot\turtlebot_driver.py -> c:\Users\82103\Documents\ros2_ws\install\webots_ros2_turtlebot\Lib\site-packages\webots_ros2_turtlebot
[10.141s] copying c:\Users\82103\Documents\ros2_ws\build\webots_ros2_turtlebot\build\lib\webots_ros2_turtlebot\__init__.py -> c:\Users\82103\Documents\ros2_ws\install\webots_ros2_turtlebot\Lib\site-packages\webots_ros2_turtlebot
[10.141s] byte-compiling c:\Users\82103\Documents\ros2_ws\install\webots_ros2_turtlebot\Lib\site-packages\webots_ros2_turtlebot\turtlebot_driver.py to turtlebot_driver.cpython-38.pyc
[10.156s] byte-compiling c:\Users\82103\Documents\ros2_ws\install\webots_ros2_turtlebot\Lib\site-packages\webots_ros2_turtlebot\__init__.py to __init__.cpython-38.pyc
[10.156s] running install_data
[10.156s] creating c:\Users\82103\Documents\ros2_ws\install\webots_ros2_turtlebot\share\ament_index
[10.156s] creating c:\Users\82103\Documents\ros2_ws\install\webots_ros2_turtlebot\share\ament_index\resource_index
[10.156s] creating c:\Users\82103\Documents\ros2_ws\install\webots_ros2_turtlebot\share\ament_index\resource_index\packages
[10.156s] copying resource\webots_ros2_turtlebot -> c:\Users\82103\Documents\ros2_ws\install\webots_ros2_turtlebot\share\ament_index\resource_index\packages
[10.172s] copying launch\robot_launch.py -> c:\Users\82103\Documents\ros2_ws\install\webots_ros2_turtlebot\share\webots_ros2_turtlebot
[10.187s] creating c:\Users\82103\Documents\ros2_ws\install\webots_ros2_turtlebot\share\webots_ros2_turtlebot\resource
[10.187s] copying resource\turtlebot3_burger_example_map.pgm -> c:\Users\82103\Documents\ros2_ws\install\webots_ros2_turtlebot\share\webots_ros2_turtlebot\resource
[10.203s] copying resource\turtlebot3_burger_example_map.yaml -> c:\Users\82103\Documents\ros2_ws\install\webots_ros2_turtlebot\share\webots_ros2_turtlebot\resource
[10.219s] creating c:\Users\82103\Documents\ros2_ws\install\webots_ros2_turtlebot\share\webots_ros2_turtlebot\protos
[10.219s] copying protos\TurtleBot3Burger_enu.proto -> c:\Users\82103\Documents\ros2_ws\install\webots_ros2_turtlebot\share\webots_ros2_turtlebot\protos
[10.250s] creating c:\Users\82103\Documents\ros2_ws\install\webots_ros2_turtlebot\share\webots_ros2_turtlebot\protos\textures
[10.250s] creating c:\Users\82103\Documents\ros2_ws\install\webots_ros2_turtlebot\share\webots_ros2_turtlebot\worlds
[10.250s] copying worlds\turtlebot3_burger_example.wbt -> c:\Users\82103\Documents\ros2_ws\install\webots_ros2_turtlebot\share\webots_ros2_turtlebot\worlds
[10.266s] copying worlds\.turtlebot3_burger_example.wbproj -> c:\Users\82103\Documents\ros2_ws\install\webots_ros2_turtlebot\share\webots_ros2_turtlebot\worlds
[10.266s] copying package.xml -> c:\Users\82103\Documents\ros2_ws\install\webots_ros2_turtlebot\share\webots_ros2_turtlebot
[10.266s] running install_egg_info
[10.281s] Copying ..\..\build\webots_ros2_turtlebot\webots_ros2_turtlebot.egg-info to c:\Users\82103\Documents\ros2_ws\install\webots_ros2_turtlebot\Lib\site-packages\webots_ros2_turtlebot-1.0.3-py3.8.egg-info
[10.453s] running install_scripts
[10.562s] Installing turtlebot_driver-script.py script to c:\Users\82103\Documents\ros2_ws\install\webots_ros2_turtlebot\lib\webots_ros2_turtlebot
[10.562s] Installing turtlebot_driver.exe script to c:\Users\82103\Documents\ros2_ws\install\webots_ros2_turtlebot\lib\webots_ros2_turtlebot
[10.562s] writing list of installed files to 'c:\Users\82103\Documents\ros2_ws\build\webots_ros2_turtlebot\install.log'
[10.562s] Invoked command in 'c:\Users\82103\Documents\ros2_ws\webots_ros2\webots_ros2_turtlebot' returned '0': AMENT_PREFIX_PATH=c:\Users\82103\Documents\ros2_ws\install\webots_ros2_core;c:\Users\82103\Documents\ros2_ws\install\webots_ros2_msgs;%AMENT_PREFIX_PATH% CMAKE_PREFIX_PATH=c:\Users\82103\Documents\ros2_ws\install\webots_ros2_msgs;%CMAKE_PREFIX_PATH% PYTHONPATH=c:\Users\82103\Documents\ros2_ws\install\webots_ros2_turtlebot\Lib\site-packages;c:\Users\82103\Documents\ros2_ws\install\webots_ros2_core\Lib\site-packages;c:\Users\82103\Documents\ros2_ws\install\webots_ros2_msgs\Lib\site-packages;%PYTHONPATH% Path=c:\Users\82103\Documents\ros2_ws\install\webots_ros2_msgs\bin;%Path% c:\python38\python.exe setup.py egg_info --egg-base ..\..\build\webots_ros2_turtlebot build --build-base c:\Users\82103\Documents\ros2_ws\build\webots_ros2_turtlebot\build install --prefix c:\Users\82103\Documents\ros2_ws\install\webots_ros2_turtlebot --record c:\Users\82103\Documents\ros2_ws\build\webots_ros2_turtlebot\install.log --single-version-externally-managed
