c:\Users\82103\Documents\ros2_ws\install\webots_ros2_epuck\Lib\site-packages\webots_ros2_epuck\driver.py
c:\Users\82103\Documents\ros2_ws\install\webots_ros2_epuck\Lib\site-packages\webots_ros2_epuck\drive_calibrator.py
c:\Users\82103\Documents\ros2_ws\install\webots_ros2_epuck\Lib\site-packages\webots_ros2_epuck\simple_mapper.py
c:\Users\82103\Documents\ros2_ws\install\webots_ros2_epuck\Lib\site-packages\webots_ros2_epuck\__init__.py
c:\Users\82103\Documents\ros2_ws\install\webots_ros2_epuck\Lib\site-packages\webots_ros2_epuck\__pycache__\driver.cpython-38.pyc
c:\Users\82103\Documents\ros2_ws\install\webots_ros2_epuck\Lib\site-packages\webots_ros2_epuck\__pycache__\drive_calibrator.cpython-38.pyc
c:\Users\82103\Documents\ros2_ws\install\webots_ros2_epuck\Lib\site-packages\webots_ros2_epuck\__pycache__\simple_mapper.cpython-38.pyc
c:\Users\82103\Documents\ros2_ws\install\webots_ros2_epuck\Lib\site-packages\webots_ros2_epuck\__pycache__\__init__.cpython-38.pyc
c:\Users\82103\Documents\ros2_ws\install\webots_ros2_epuck\share\ament_index\resource_index\packages\webots_ros2_epuck
c:\Users\82103\Documents\ros2_ws\install\webots_ros2_epuck\share\webots_ros2_epuck\robot_launch.py
c:\Users\82103\Documents\ros2_ws\install\webots_ros2_epuck\share\webots_ros2_epuck\robot_tools_launch.py
c:\Users\82103\Documents\ros2_ws\install\webots_ros2_epuck\share\webots_ros2_epuck\robot_with_tools_launch.py
c:\Users\82103\Documents\ros2_ws\install\webots_ros2_epuck\share\webots_ros2_epuck\rats_life_launch.py
c:\Users\82103\Documents\ros2_ws\install\webots_ros2_epuck\share\webots_ros2_epuck\rats_life_waypoints_launch.py
c:\Users\82103\Documents\ros2_ws\install\webots_ros2_epuck\share\webots_ros2_epuck\worlds\epuck_world.wbt
c:\Users\82103\Documents\ros2_ws\install\webots_ros2_epuck\share\webots_ros2_epuck\worlds\.epuck_world.wbproj
c:\Users\82103\Documents\ros2_ws\install\webots_ros2_epuck\share\webots_ros2_epuck\worlds\rats_life_benchmark.wbt
c:\Users\82103\Documents\ros2_ws\install\webots_ros2_epuck\share\webots_ros2_epuck\worlds\.rats_life_benchmark.wbproj
c:\Users\82103\Documents\ros2_ws\install\webots_ros2_epuck\share\webots_ros2_epuck\protos\E-puck_enu.proto
c:\Users\82103\Documents\ros2_ws\install\webots_ros2_epuck\share\webots_ros2_epuck\protos\E-puckDistanceSensor_enu.proto
c:\Users\82103\Documents\ros2_ws\install\webots_ros2_epuck\share\webots_ros2_epuck\protos\LegoTallInterval.proto
c:\Users\82103\Documents\ros2_ws\install\webots_ros2_epuck\share\webots_ros2_epuck\protos\LegoTallWall.proto
c:\Users\82103\Documents\ros2_ws\install\webots_ros2_epuck\share\webots_ros2_epuck\protos\icons\E-puck.png
c:\Users\82103\Documents\ros2_ws\install\webots_ros2_epuck\share\webots_ros2_epuck\protos\icons\E-puckDistanceSensor.png
c:\Users\82103\Documents\ros2_ws\install\webots_ros2_epuck\share\webots_ros2_epuck\protos\icons\E-puckGroundSensors.png
c:\Users\82103\Documents\ros2_ws\install\webots_ros2_epuck\share\webots_ros2_epuck\protos\textures\e-puck1_plate_base_color.jpg
c:\Users\82103\Documents\ros2_ws\install\webots_ros2_epuck\share\webots_ros2_epuck\protos\textures\e-puck1_plate_metalness.jpg
c:\Users\82103\Documents\ros2_ws\install\webots_ros2_epuck\share\webots_ros2_epuck\protos\textures\e-puck1_plate_normal.jpg
c:\Users\82103\Documents\ros2_ws\install\webots_ros2_epuck\share\webots_ros2_epuck\protos\textures\e-puck1_plate_occlusion.jpg
c:\Users\82103\Documents\ros2_ws\install\webots_ros2_epuck\share\webots_ros2_epuck\protos\textures\e-puck1_plate_roughness.jpg
c:\Users\82103\Documents\ros2_ws\install\webots_ros2_epuck\share\webots_ros2_epuck\protos\textures\e-puck1_turret_base_color.jpg
c:\Users\82103\Documents\ros2_ws\install\webots_ros2_epuck\share\webots_ros2_epuck\protos\textures\e-puck1_turret_metalness.jpg
c:\Users\82103\Documents\ros2_ws\install\webots_ros2_epuck\share\webots_ros2_epuck\protos\textures\e-puck1_turret_normal.jpg
c:\Users\82103\Documents\ros2_ws\install\webots_ros2_epuck\share\webots_ros2_epuck\protos\textures\e-puck1_turret_occlusion.jpg
c:\Users\82103\Documents\ros2_ws\install\webots_ros2_epuck\share\webots_ros2_epuck\protos\textures\e-puck1_turret_roughness.jpg
c:\Users\82103\Documents\ros2_ws\install\webots_ros2_epuck\share\webots_ros2_epuck\protos\textures\e-puck2_plate.jpg
c:\Users\82103\Documents\ros2_ws\install\webots_ros2_epuck\share\webots_ros2_epuck\protos\textures\e-puck2_plate_metalness.jpg
c:\Users\82103\Documents\ros2_ws\install\webots_ros2_epuck\share\webots_ros2_epuck\protos\textures\e-puck2_plate_normal.jpg
c:\Users\82103\Documents\ros2_ws\install\webots_ros2_epuck\share\webots_ros2_epuck\protos\textures\e-puck2_plate_occlusion.jpg
c:\Users\82103\Documents\ros2_ws\install\webots_ros2_epuck\share\webots_ros2_epuck\protos\textures\e-puck2_plate_roughness.jpg
c:\Users\82103\Documents\ros2_ws\install\webots_ros2_epuck\share\webots_ros2_epuck\protos\textures\gctronic_logo.png
c:\Users\82103\Documents\ros2_ws\install\webots_ros2_epuck\share\webots_ros2_epuck\protos\textures\raspberry_pi_bottom.jpg
c:\Users\82103\Documents\ros2_ws\install\webots_ros2_epuck\share\webots_ros2_epuck\protos\textures\raspberry_pi_top_base_color.jpg
c:\Users\82103\Documents\ros2_ws\install\webots_ros2_epuck\share\webots_ros2_epuck\protos\textures\raspberry_pi_top_normal.jpg
c:\Users\82103\Documents\ros2_ws\install\webots_ros2_epuck\share\webots_ros2_epuck\protos\textures\raspberry_pi_top_occlusion.jpg
c:\Users\82103\Documents\ros2_ws\install\webots_ros2_epuck\share\webots_ros2_epuck\resource\all.rviz
c:\Users\82103\Documents\ros2_ws\install\webots_ros2_epuck\share\webots_ros2_epuck\resource\nav2_params.yaml
c:\Users\82103\Documents\ros2_ws\install\webots_ros2_epuck\share\webots_ros2_epuck\resource\map_rats_life.pgm
c:\Users\82103\Documents\ros2_ws\install\webots_ros2_epuck\share\webots_ros2_epuck\resource\map_rats_life.yaml
c:\Users\82103\Documents\ros2_ws\install\webots_ros2_epuck\share\webots_ros2_epuck\resource\nav2_rats_life_waypoints.yaml
c:\Users\82103\Documents\ros2_ws\install\webots_ros2_epuck\share\webots_ros2_epuck\resource\epuck_world_map.pgm
c:\Users\82103\Documents\ros2_ws\install\webots_ros2_epuck\share\webots_ros2_epuck\resource\epuck_world_map.yaml
c:\Users\82103\Documents\ros2_ws\install\webots_ros2_epuck\share\webots_ros2_epuck\package.xml
c:\Users\82103\Documents\ros2_ws\install\webots_ros2_epuck\Lib\site-packages\webots_ros2_epuck-1.0.3-py3.8.egg-info\dependency_links.txt
c:\Users\82103\Documents\ros2_ws\install\webots_ros2_epuck\Lib\site-packages\webots_ros2_epuck-1.0.3-py3.8.egg-info\entry_points.txt
c:\Users\82103\Documents\ros2_ws\install\webots_ros2_epuck\Lib\site-packages\webots_ros2_epuck-1.0.3-py3.8.egg-info\PKG-INFO
c:\Users\82103\Documents\ros2_ws\install\webots_ros2_epuck\Lib\site-packages\webots_ros2_epuck-1.0.3-py3.8.egg-info\requires.txt
c:\Users\82103\Documents\ros2_ws\install\webots_ros2_epuck\Lib\site-packages\webots_ros2_epuck-1.0.3-py3.8.egg-info\SOURCES.txt
c:\Users\82103\Documents\ros2_ws\install\webots_ros2_epuck\Lib\site-packages\webots_ros2_epuck-1.0.3-py3.8.egg-info\top_level.txt
c:\Users\82103\Documents\ros2_ws\install\webots_ros2_epuck\Lib\site-packages\webots_ros2_epuck-1.0.3-py3.8.egg-info\zip-safe
c:\Users\82103\Documents\ros2_ws\install\webots_ros2_epuck\lib\webots_ros2_epuck\drive_calibrator-script.py
c:\Users\82103\Documents\ros2_ws\install\webots_ros2_epuck\lib\webots_ros2_epuck\drive_calibrator.exe
c:\Users\82103\Documents\ros2_ws\install\webots_ros2_epuck\lib\webots_ros2_epuck\driver-script.py
c:\Users\82103\Documents\ros2_ws\install\webots_ros2_epuck\lib\webots_ros2_epuck\driver.exe
c:\Users\82103\Documents\ros2_ws\install\webots_ros2_epuck\lib\webots_ros2_epuck\simple_mapper-script.py
c:\Users\82103\Documents\ros2_ws\install\webots_ros2_epuck\lib\webots_ros2_epuck\simple_mapper.exe
