[1.188s] Invoking command in 'c:\Users\82103\Documents\ros2_ws\webots_ros2\webots_ros2_core': PYTHONPATH=c:\Users\82103\Documents\ros2_ws\install\webots_ros2_core\Lib\site-packages;c:\Users\82103\Documents\ros2_ws\install\webots_ros2_msgs\Lib\site-packages;c:\Users\82103\Documents\ros2_ws\install\webots_ros2\Lib\site-packages;c:\Users\82103\Documents\ros2_ws\install\webots_ros2_demos\Lib\site-packages;c:\Users\82103\Documents\ros2_ws\install\webots_ros2_universal_robot\Lib\site-packages;c:\Users\82103\Documents\ros2_ws\install\webots_ros2_ur_e_description\Lib\site-packages;c:\Users\82103\Documents\ros2_ws\install\webots_ros2_tutorials\Lib\site-packages;c:\Users\82103\Documents\ros2_ws\install\webots_ros2_turtlebot\Lib\site-packages;c:\Users\82103\Documents\ros2_ws\install\webots_ros2_tiago\Lib\site-packages;c:\Users\82103\Documents\ros2_ws\install\webots_ros2_examples\Lib\site-packages;c:\Users\82103\Documents\ros2_ws\install\webots_ros2_epuck\Lib\site-packages;c:\Users\82103\Documents\ros2_ws\install\webots_ros2_abb\Lib\site-packages;c:\Users\82103\Documents\ros2_ws\install\webots_ros2_core\Lib\site-packages;c:\Users\82103\Documents\ros2_ws\install\webots_ros2_importer\Lib\site-packages;c:\Users\82103\Documents\ros2_ws\install\test_package_ysj\Lib\site-packages;c:\Users\82103\Documents\ros2_ws\install\test_package\Lib\site-packages;c:\Users\82103\Documents\ros2_ws\install\test_launch\Lib\site-packages;c:\Users\82103\Documents\ros2_ws\install\my_interfaces_ysj\Lib\site-packages;c:\dev\ros2_foxy\Lib\site-packages;C:\Webots\lib\controller\python38 c:\python38\python.exe setup.py egg_info --egg-base ..\..\build\webots_ros2_core build --build-base c:\Users\82103\Documents\ros2_ws\build\webots_ros2_core\build install --prefix c:\Users\82103\Documents\ros2_ws\install\webots_ros2_core --record c:\Users\82103\Documents\ros2_ws\build\webots_ros2_core\install.log --single-version-externally-managed
[1.782s] running egg_info
[1.782s] writing ..\..\build\webots_ros2_core\webots_ros2_core.egg-info\PKG-INFO
[1.782s] writing dependency_links to ..\..\build\webots_ros2_core\webots_ros2_core.egg-info\dependency_links.txt
[1.782s] writing entry points to ..\..\build\webots_ros2_core\webots_ros2_core.egg-info\entry_points.txt
[1.782s] writing requirements to ..\..\build\webots_ros2_core\webots_ros2_core.egg-info\requires.txt
[1.782s] writing top-level names to ..\..\build\webots_ros2_core\webots_ros2_core.egg-info\top_level.txt
[1.813s] reading manifest file '..\..\build\webots_ros2_core\webots_ros2_core.egg-info\SOURCES.txt'
[1.828s] writing manifest file '..\..\build\webots_ros2_core\webots_ros2_core.egg-info\SOURCES.txt'
[1.828s] running build
[1.828s] running build_py
[1.844s] running install
[1.844s] running install_lib
[1.860s] running install_data
[1.860s] running install_egg_info
[1.875s] removing 'c:\Users\82103\Documents\ros2_ws\install\webots_ros2_core\Lib\site-packages\webots_ros2_core-1.0.3-py3.8.egg-info' (and everything under it)
[1.875s] Copying ..\..\build\webots_ros2_core\webots_ros2_core.egg-info to c:\Users\82103\Documents\ros2_ws\install\webots_ros2_core\Lib\site-packages\webots_ros2_core-1.0.3-py3.8.egg-info
[1.891s] running install_scripts
[1.938s] Installing webots_differential_drive_node-script.py script to c:\Users\82103\Documents\ros2_ws\install\webots_ros2_core\lib\webots_ros2_core
[1.938s] Installing webots_differential_drive_node.exe script to c:\Users\82103\Documents\ros2_ws\install\webots_ros2_core\lib\webots_ros2_core
[1.938s] Installing webots_node-script.py script to c:\Users\82103\Documents\ros2_ws\install\webots_ros2_core\lib\webots_ros2_core
[1.938s] Installing webots_node.exe script to c:\Users\82103\Documents\ros2_ws\install\webots_ros2_core\lib\webots_ros2_core
[1.938s] Installing webots_robotic_arm_node-script.py script to c:\Users\82103\Documents\ros2_ws\install\webots_ros2_core\lib\webots_ros2_core
[1.938s] Installing webots_robotic_arm_node.exe script to c:\Users\82103\Documents\ros2_ws\install\webots_ros2_core\lib\webots_ros2_core
[1.938s] writing list of installed files to 'c:\Users\82103\Documents\ros2_ws\build\webots_ros2_core\install.log'
[1.969s] Invoked command in 'c:\Users\82103\Documents\ros2_ws\webots_ros2\webots_ros2_core' returned '0': PYTHONPATH=c:\Users\82103\Documents\ros2_ws\install\webots_ros2_core\Lib\site-packages;c:\Users\82103\Documents\ros2_ws\install\webots_ros2_msgs\Lib\site-packages;c:\Users\82103\Documents\ros2_ws\install\webots_ros2\Lib\site-packages;c:\Users\82103\Documents\ros2_ws\install\webots_ros2_demos\Lib\site-packages;c:\Users\82103\Documents\ros2_ws\install\webots_ros2_universal_robot\Lib\site-packages;c:\Users\82103\Documents\ros2_ws\install\webots_ros2_ur_e_description\Lib\site-packages;c:\Users\82103\Documents\ros2_ws\install\webots_ros2_tutorials\Lib\site-packages;c:\Users\82103\Documents\ros2_ws\install\webots_ros2_turtlebot\Lib\site-packages;c:\Users\82103\Documents\ros2_ws\install\webots_ros2_tiago\Lib\site-packages;c:\Users\82103\Documents\ros2_ws\install\webots_ros2_examples\Lib\site-packages;c:\Users\82103\Documents\ros2_ws\install\webots_ros2_epuck\Lib\site-packages;c:\Users\82103\Documents\ros2_ws\install\webots_ros2_abb\Lib\site-packages;c:\Users\82103\Documents\ros2_ws\install\webots_ros2_core\Lib\site-packages;c:\Users\82103\Documents\ros2_ws\install\webots_ros2_importer\Lib\site-packages;c:\Users\82103\Documents\ros2_ws\install\test_package_ysj\Lib\site-packages;c:\Users\82103\Documents\ros2_ws\install\test_package\Lib\site-packages;c:\Users\82103\Documents\ros2_ws\install\test_launch\Lib\site-packages;c:\Users\82103\Documents\ros2_ws\install\my_interfaces_ysj\Lib\site-packages;c:\dev\ros2_foxy\Lib\site-packages;C:\Webots\lib\controller\python38 c:\python38\python.exe setup.py egg_info --egg-base ..\..\build\webots_ros2_core build --build-base c:\Users\82103\Documents\ros2_ws\build\webots_ros2_core\build install --prefix c:\Users\82103\Documents\ros2_ws\install\webots_ros2_core --record c:\Users\82103\Documents\ros2_ws\build\webots_ros2_core\install.log --single-version-externally-managed
