running egg_info
creating ..\..\build\webots_ros2_ur_e_description\webots_ros2_ur_e_description.egg-info
writing ..\..\build\webots_ros2_ur_e_description\webots_ros2_ur_e_description.egg-info\PKG-INFO
writing dependency_links to ..\..\build\webots_ros2_ur_e_description\webots_ros2_ur_e_description.egg-info\dependency_links.txt
writing entry points to ..\..\build\webots_ros2_ur_e_description\webots_ros2_ur_e_description.egg-info\entry_points.txt
writing requirements to ..\..\build\webots_ros2_ur_e_description\webots_ros2_ur_e_description.egg-info\requires.txt
writing top-level names to ..\..\build\webots_ros2_ur_e_description\webots_ros2_ur_e_description.egg-info\top_level.txt
writing manifest file '..\..\build\webots_ros2_ur_e_description\webots_ros2_ur_e_description.egg-info\SOURCES.txt'
reading manifest file '..\..\build\webots_ros2_ur_e_description\webots_ros2_ur_e_description.egg-info\SOURCES.txt'
writing manifest file '..\..\build\webots_ros2_ur_e_description\webots_ros2_ur_e_description.egg-info\SOURCES.txt'
running build
running build_py
creating c:\Users\82103\Documents\ros2_ws\build\webots_ros2_ur_e_description\build
creating c:\Users\82103\Documents\ros2_ws\build\webots_ros2_ur_e_description\build\lib
creating c:\Users\82103\Documents\ros2_ws\build\webots_ros2_ur_e_description\build\lib\webots_ros2_ur_e_description
copying webots_ros2_ur_e_description\__init__.py -> c:\Users\82103\Documents\ros2_ws\build\webots_ros2_ur_e_description\build\lib\webots_ros2_ur_e_description
running install
running install_lib
creating c:\Users\82103\Documents\ros2_ws\install\webots_ros2_ur_e_description\Lib\site-packages\webots_ros2_ur_e_description
copying c:\Users\82103\Documents\ros2_ws\build\webots_ros2_ur_e_description\build\lib\webots_ros2_ur_e_description\__init__.py -> c:\Users\82103\Documents\ros2_ws\install\webots_ros2_ur_e_description\Lib\site-packages\webots_ros2_ur_e_description
byte-compiling c:\Users\82103\Documents\ros2_ws\install\webots_ros2_ur_e_description\Lib\site-packages\webots_ros2_ur_e_description\__init__.py to __init__.cpython-38.pyc
running install_data
creating c:\Users\82103\Documents\ros2_ws\install\webots_ros2_ur_e_description\share\webots_ros2_ur_e_description\meshes
creating c:\Users\82103\Documents\ros2_ws\install\webots_ros2_ur_e_description\share\webots_ros2_ur_e_description\meshes\ur10e
creating c:\Users\82103\Documents\ros2_ws\install\webots_ros2_ur_e_description\share\webots_ros2_ur_e_description\meshes\ur10e\collision
copying meshes\ur10e\collision\base.stl -> c:\Users\82103\Documents\ros2_ws\install\webots_ros2_ur_e_description\share\webots_ros2_ur_e_description\meshes\ur10e\collision
copying meshes\ur10e\collision\forearm.stl -> c:\Users\82103\Documents\ros2_ws\install\webots_ros2_ur_e_description\share\webots_ros2_ur_e_description\meshes\ur10e\collision
copying meshes\ur10e\collision\shoulder.stl -> c:\Users\82103\Documents\ros2_ws\install\webots_ros2_ur_e_description\share\webots_ros2_ur_e_description\meshes\ur10e\collision
copying meshes\ur10e\collision\upperarm.stl -> c:\Users\82103\Documents\ros2_ws\install\webots_ros2_ur_e_description\share\webots_ros2_ur_e_description\meshes\ur10e\collision
copying meshes\ur10e\collision\wrist1.stl -> c:\Users\82103\Documents\ros2_ws\install\webots_ros2_ur_e_description\share\webots_ros2_ur_e_description\meshes\ur10e\collision
copying meshes\ur10e\collision\wrist2.stl -> c:\Users\82103\Documents\ros2_ws\install\webots_ros2_ur_e_description\share\webots_ros2_ur_e_description\meshes\ur10e\collision
copying meshes\ur10e\collision\wrist3.stl -> c:\Users\82103\Documents\ros2_ws\install\webots_ros2_ur_e_description\share\webots_ros2_ur_e_description\meshes\ur10e\collision
creating c:\Users\82103\Documents\ros2_ws\install\webots_ros2_ur_e_description\share\webots_ros2_ur_e_description\meshes\ur3e
creating c:\Users\82103\Documents\ros2_ws\install\webots_ros2_ur_e_description\share\webots_ros2_ur_e_description\meshes\ur3e\collision
copying meshes\ur3e\collision\base.stl -> c:\Users\82103\Documents\ros2_ws\install\webots_ros2_ur_e_description\share\webots_ros2_ur_e_description\meshes\ur3e\collision
copying meshes\ur3e\collision\forearm.stl -> c:\Users\82103\Documents\ros2_ws\install\webots_ros2_ur_e_description\share\webots_ros2_ur_e_description\meshes\ur3e\collision
copying meshes\ur3e\collision\shoulder.stl -> c:\Users\82103\Documents\ros2_ws\install\webots_ros2_ur_e_description\share\webots_ros2_ur_e_description\meshes\ur3e\collision
copying meshes\ur3e\collision\upperarm.stl -> c:\Users\82103\Documents\ros2_ws\install\webots_ros2_ur_e_description\share\webots_ros2_ur_e_description\meshes\ur3e\collision
copying meshes\ur3e\collision\wrist1.stl -> c:\Users\82103\Documents\ros2_ws\install\webots_ros2_ur_e_description\share\webots_ros2_ur_e_description\meshes\ur3e\collision
copying meshes\ur3e\collision\wrist2.stl -> c:\Users\82103\Documents\ros2_ws\install\webots_ros2_ur_e_description\share\webots_ros2_ur_e_description\meshes\ur3e\collision
copying meshes\ur3e\collision\wrist3.stl -> c:\Users\82103\Documents\ros2_ws\install\webots_ros2_ur_e_description\share\webots_ros2_ur_e_description\meshes\ur3e\collision
creating c:\Users\82103\Documents\ros2_ws\install\webots_ros2_ur_e_description\share\webots_ros2_ur_e_description\meshes\ur5e
creating c:\Users\82103\Documents\ros2_ws\install\webots_ros2_ur_e_description\share\webots_ros2_ur_e_description\meshes\ur5e\collision
copying meshes\ur5e\collision\base.stl -> c:\Users\82103\Documents\ros2_ws\install\webots_ros2_ur_e_description\share\webots_ros2_ur_e_description\meshes\ur5e\collision
copying meshes\ur5e\collision\forearm.stl -> c:\Users\82103\Documents\ros2_ws\install\webots_ros2_ur_e_description\share\webots_ros2_ur_e_description\meshes\ur5e\collision
copying meshes\ur5e\collision\shoulder.stl -> c:\Users\82103\Documents\ros2_ws\install\webots_ros2_ur_e_description\share\webots_ros2_ur_e_description\meshes\ur5e\collision
copying meshes\ur5e\collision\upperarm.stl -> c:\Users\82103\Documents\ros2_ws\install\webots_ros2_ur_e_description\share\webots_ros2_ur_e_description\meshes\ur5e\collision
copying meshes\ur5e\collision\wrist1.stl -> c:\Users\82103\Documents\ros2_ws\install\webots_ros2_ur_e_description\share\webots_ros2_ur_e_description\meshes\ur5e\collision
copying meshes\ur5e\collision\wrist2.stl -> c:\Users\82103\Documents\ros2_ws\install\webots_ros2_ur_e_description\share\webots_ros2_ur_e_description\meshes\ur5e\collision
copying meshes\ur5e\collision\wrist3.stl -> c:\Users\82103\Documents\ros2_ws\install\webots_ros2_ur_e_description\share\webots_ros2_ur_e_description\meshes\ur5e\collision
creating c:\Users\82103\Documents\ros2_ws\install\webots_ros2_ur_e_description\share\webots_ros2_ur_e_description\meshes\ur10e\visual
copying meshes\ur10e\visual\base.dae -> c:\Users\82103\Documents\ros2_ws\install\webots_ros2_ur_e_description\share\webots_ros2_ur_e_description\meshes\ur10e\visual
copying meshes\ur10e\visual\forearm.dae -> c:\Users\82103\Documents\ros2_ws\install\webots_ros2_ur_e_description\share\webots_ros2_ur_e_description\meshes\ur10e\visual
copying meshes\ur10e\visual\shoulder.dae -> c:\Users\82103\Documents\ros2_ws\install\webots_ros2_ur_e_description\share\webots_ros2_ur_e_description\meshes\ur10e\visual
copying meshes\ur10e\visual\upperarm.dae -> c:\Users\82103\Documents\ros2_ws\install\webots_ros2_ur_e_description\share\webots_ros2_ur_e_description\meshes\ur10e\visual
copying meshes\ur10e\visual\wrist1.dae -> c:\Users\82103\Documents\ros2_ws\install\webots_ros2_ur_e_description\share\webots_ros2_ur_e_description\meshes\ur10e\visual
copying meshes\ur10e\visual\wrist2.dae -> c:\Users\82103\Documents\ros2_ws\install\webots_ros2_ur_e_description\share\webots_ros2_ur_e_description\meshes\ur10e\visual
copying meshes\ur10e\visual\wrist3.dae -> c:\Users\82103\Documents\ros2_ws\install\webots_ros2_ur_e_description\share\webots_ros2_ur_e_description\meshes\ur10e\visual
creating c:\Users\82103\Documents\ros2_ws\install\webots_ros2_ur_e_description\share\webots_ros2_ur_e_description\meshes\ur3e\visual
copying meshes\ur3e\visual\base.dae -> c:\Users\82103\Documents\ros2_ws\install\webots_ros2_ur_e_description\share\webots_ros2_ur_e_description\meshes\ur3e\visual
copying meshes\ur3e\visual\forearm.dae -> c:\Users\82103\Documents\ros2_ws\install\webots_ros2_ur_e_description\share\webots_ros2_ur_e_description\meshes\ur3e\visual
copying meshes\ur3e\visual\shoulder.dae -> c:\Users\82103\Documents\ros2_ws\install\webots_ros2_ur_e_description\share\webots_ros2_ur_e_description\meshes\ur3e\visual
copying meshes\ur3e\visual\upperarm.dae -> c:\Users\82103\Documents\ros2_ws\install\webots_ros2_ur_e_description\share\webots_ros2_ur_e_description\meshes\ur3e\visual
copying meshes\ur3e\visual\wrist1.dae -> c:\Users\82103\Documents\ros2_ws\install\webots_ros2_ur_e_description\share\webots_ros2_ur_e_description\meshes\ur3e\visual
copying meshes\ur3e\visual\wrist2.dae -> c:\Users\82103\Documents\ros2_ws\install\webots_ros2_ur_e_description\share\webots_ros2_ur_e_description\meshes\ur3e\visual
copying meshes\ur3e\visual\wrist3.dae -> c:\Users\82103\Documents\ros2_ws\install\webots_ros2_ur_e_description\share\webots_ros2_ur_e_description\meshes\ur3e\visual
creating c:\Users\82103\Documents\ros2_ws\install\webots_ros2_ur_e_description\share\webots_ros2_ur_e_description\meshes\ur5e\visual
copying meshes\ur5e\visual\base.dae -> c:\Users\82103\Documents\ros2_ws\install\webots_ros2_ur_e_description\share\webots_ros2_ur_e_description\meshes\ur5e\visual
copying meshes\ur5e\visual\forearm.dae -> c:\Users\82103\Documents\ros2_ws\install\webots_ros2_ur_e_description\share\webots_ros2_ur_e_description\meshes\ur5e\visual
copying meshes\ur5e\visual\shoulder.dae -> c:\Users\82103\Documents\ros2_ws\install\webots_ros2_ur_e_description\share\webots_ros2_ur_e_description\meshes\ur5e\visual
copying meshes\ur5e\visual\upperarm.dae -> c:\Users\82103\Documents\ros2_ws\install\webots_ros2_ur_e_description\share\webots_ros2_ur_e_description\meshes\ur5e\visual
copying meshes\ur5e\visual\wrist1.dae -> c:\Users\82103\Documents\ros2_ws\install\webots_ros2_ur_e_description\share\webots_ros2_ur_e_description\meshes\ur5e\visual
copying meshes\ur5e\visual\wrist2.dae -> c:\Users\82103\Documents\ros2_ws\install\webots_ros2_ur_e_description\share\webots_ros2_ur_e_description\meshes\ur5e\visual
copying meshes\ur5e\visual\wrist3.dae -> c:\Users\82103\Documents\ros2_ws\install\webots_ros2_ur_e_description\share\webots_ros2_ur_e_description\meshes\ur5e\visual
creating c:\Users\82103\Documents\ros2_ws\install\webots_ros2_ur_e_description\share\webots_ros2_ur_e_description\urdf
copying urdf\ur10e_joint_limited_robot.urdf -> c:\Users\82103\Documents\ros2_ws\install\webots_ros2_ur_e_description\share\webots_ros2_ur_e_description\urdf
copying urdf\ur10e_robot.urdf -> c:\Users\82103\Documents\ros2_ws\install\webots_ros2_ur_e_description\share\webots_ros2_ur_e_description\urdf
copying urdf\ur3e_joint_limited_robot.urdf -> c:\Users\82103\Documents\ros2_ws\install\webots_ros2_ur_e_description\share\webots_ros2_ur_e_description\urdf
copying urdf\ur3e_robot.urdf -> c:\Users\82103\Documents\ros2_ws\install\webots_ros2_ur_e_description\share\webots_ros2_ur_e_description\urdf
copying urdf\ur5e_joint_limited_robot.urdf -> c:\Users\82103\Documents\ros2_ws\install\webots_ros2_ur_e_description\share\webots_ros2_ur_e_description\urdf
copying urdf\ur5e_robot.urdf -> c:\Users\82103\Documents\ros2_ws\install\webots_ros2_ur_e_description\share\webots_ros2_ur_e_description\urdf
creating c:\Users\82103\Documents\ros2_ws\install\webots_ros2_ur_e_description\share\ament_index
creating c:\Users\82103\Documents\ros2_ws\install\webots_ros2_ur_e_description\share\ament_index\resource_index
creating c:\Users\82103\Documents\ros2_ws\install\webots_ros2_ur_e_description\share\ament_index\resource_index\packages
copying resource\webots_ros2_ur_e_description -> c:\Users\82103\Documents\ros2_ws\install\webots_ros2_ur_e_description\share\ament_index\resource_index\packages
copying launch\ur5e_state_publisher.launch.py -> c:\Users\82103\Documents\ros2_ws\install\webots_ros2_ur_e_description\share\webots_ros2_ur_e_description
creating c:\Users\82103\Documents\ros2_ws\install\webots_ros2_ur_e_description\share\webots_ros2_ur_e_description\rviz
copying rviz\view_robot.rviz -> c:\Users\82103\Documents\ros2_ws\install\webots_ros2_ur_e_description\share\webots_ros2_ur_e_description\rviz
copying package.xml -> c:\Users\82103\Documents\ros2_ws\install\webots_ros2_ur_e_description\share\webots_ros2_ur_e_description
running install_egg_info
Copying ..\..\build\webots_ros2_ur_e_description\webots_ros2_ur_e_description.egg-info to c:\Users\82103\Documents\ros2_ws\install\webots_ros2_ur_e_description\Lib\site-packages\webots_ros2_ur_e_description-1.0.3-py3.8.egg-info
running install_scripts
writing list of installed files to 'c:\Users\82103\Documents\ros2_ws\build\webots_ros2_ur_e_description\install.log'
