[6.172s] Invoking command in 'c:\Users\82103\Documents\ros2_ws\webots_ros2\webots_ros2_ur_e_description': PYTHONPATH=c:\Users\82103\Documents\ros2_ws\install\webots_ros2_ur_e_description\Lib\site-packages;%PYTHONPATH% c:\python38\python.exe setup.py egg_info --egg-base ..\..\build\webots_ros2_ur_e_description build --build-base c:\Users\82103\Documents\ros2_ws\build\webots_ros2_ur_e_description\build install --prefix c:\Users\82103\Documents\ros2_ws\install\webots_ros2_ur_e_description --record c:\Users\82103\Documents\ros2_ws\build\webots_ros2_ur_e_description\install.log --single-version-externally-managed
[7.281s] running egg_info
[7.281s] creating ..\..\build\webots_ros2_ur_e_description\webots_ros2_ur_e_description.egg-info
[7.281s] writing ..\..\build\webots_ros2_ur_e_description\webots_ros2_ur_e_description.egg-info\PKG-INFO
[7.281s] writing dependency_links to ..\..\build\webots_ros2_ur_e_description\webots_ros2_ur_e_description.egg-info\dependency_links.txt
[7.297s] writing entry points to ..\..\build\webots_ros2_ur_e_description\webots_ros2_ur_e_description.egg-info\entry_points.txt
[7.297s] writing requirements to ..\..\build\webots_ros2_ur_e_description\webots_ros2_ur_e_description.egg-info\requires.txt
[7.297s] writing top-level names to ..\..\build\webots_ros2_ur_e_description\webots_ros2_ur_e_description.egg-info\top_level.txt
[7.297s] writing manifest file '..\..\build\webots_ros2_ur_e_description\webots_ros2_ur_e_description.egg-info\SOURCES.txt'
[7.375s] reading manifest file '..\..\build\webots_ros2_ur_e_description\webots_ros2_ur_e_description.egg-info\SOURCES.txt'
[7.391s] writing manifest file '..\..\build\webots_ros2_ur_e_description\webots_ros2_ur_e_description.egg-info\SOURCES.txt'
[7.391s] running build
[7.391s] running build_py
[7.391s] creating c:\Users\82103\Documents\ros2_ws\build\webots_ros2_ur_e_description\build
[7.391s] creating c:\Users\82103\Documents\ros2_ws\build\webots_ros2_ur_e_description\build\lib
[7.391s] creating c:\Users\82103\Documents\ros2_ws\build\webots_ros2_ur_e_description\build\lib\webots_ros2_ur_e_description
[7.391s] copying webots_ros2_ur_e_description\__init__.py -> c:\Users\82103\Documents\ros2_ws\build\webots_ros2_ur_e_description\build\lib\webots_ros2_ur_e_description
[7.406s] running install
[7.406s] running install_lib
[7.406s] creating c:\Users\82103\Documents\ros2_ws\install\webots_ros2_ur_e_description\Lib\site-packages\webots_ros2_ur_e_description
[7.406s] copying c:\Users\82103\Documents\ros2_ws\build\webots_ros2_ur_e_description\build\lib\webots_ros2_ur_e_description\__init__.py -> c:\Users\82103\Documents\ros2_ws\install\webots_ros2_ur_e_description\Lib\site-packages\webots_ros2_ur_e_description
[7.422s] byte-compiling c:\Users\82103\Documents\ros2_ws\install\webots_ros2_ur_e_description\Lib\site-packages\webots_ros2_ur_e_description\__init__.py to __init__.cpython-38.pyc
[7.422s] running install_data
[7.438s] creating c:\Users\82103\Documents\ros2_ws\install\webots_ros2_ur_e_description\share\webots_ros2_ur_e_description\meshes
[7.438s] creating c:\Users\82103\Documents\ros2_ws\install\webots_ros2_ur_e_description\share\webots_ros2_ur_e_description\meshes\ur10e
[7.438s] creating c:\Users\82103\Documents\ros2_ws\install\webots_ros2_ur_e_description\share\webots_ros2_ur_e_description\meshes\ur10e\collision
[7.438s] copying meshes\ur10e\collision\base.stl -> c:\Users\82103\Documents\ros2_ws\install\webots_ros2_ur_e_description\share\webots_ros2_ur_e_description\meshes\ur10e\collision
[7.453s] copying meshes\ur10e\collision\forearm.stl -> c:\Users\82103\Documents\ros2_ws\install\webots_ros2_ur_e_description\share\webots_ros2_ur_e_description\meshes\ur10e\collision
[7.469s] copying meshes\ur10e\collision\shoulder.stl -> c:\Users\82103\Documents\ros2_ws\install\webots_ros2_ur_e_description\share\webots_ros2_ur_e_description\meshes\ur10e\collision
[7.485s] copying meshes\ur10e\collision\upperarm.stl -> c:\Users\82103\Documents\ros2_ws\install\webots_ros2_ur_e_description\share\webots_ros2_ur_e_description\meshes\ur10e\collision
[7.500s] copying meshes\ur10e\collision\wrist1.stl -> c:\Users\82103\Documents\ros2_ws\install\webots_ros2_ur_e_description\share\webots_ros2_ur_e_description\meshes\ur10e\collision
[7.516s] copying meshes\ur10e\collision\wrist2.stl -> c:\Users\82103\Documents\ros2_ws\install\webots_ros2_ur_e_description\share\webots_ros2_ur_e_description\meshes\ur10e\collision
[7.531s] copying meshes\ur10e\collision\wrist3.stl -> c:\Users\82103\Documents\ros2_ws\install\webots_ros2_ur_e_description\share\webots_ros2_ur_e_description\meshes\ur10e\collision
[7.531s] creating c:\Users\82103\Documents\ros2_ws\install\webots_ros2_ur_e_description\share\webots_ros2_ur_e_description\meshes\ur3e
[7.531s] creating c:\Users\82103\Documents\ros2_ws\install\webots_ros2_ur_e_description\share\webots_ros2_ur_e_description\meshes\ur3e\collision
[7.531s] copying meshes\ur3e\collision\base.stl -> c:\Users\82103\Documents\ros2_ws\install\webots_ros2_ur_e_description\share\webots_ros2_ur_e_description\meshes\ur3e\collision
[7.563s] copying meshes\ur3e\collision\forearm.stl -> c:\Users\82103\Documents\ros2_ws\install\webots_ros2_ur_e_description\share\webots_ros2_ur_e_description\meshes\ur3e\collision
[7.578s] copying meshes\ur3e\collision\shoulder.stl -> c:\Users\82103\Documents\ros2_ws\install\webots_ros2_ur_e_description\share\webots_ros2_ur_e_description\meshes\ur3e\collision
[7.594s] copying meshes\ur3e\collision\upperarm.stl -> c:\Users\82103\Documents\ros2_ws\install\webots_ros2_ur_e_description\share\webots_ros2_ur_e_description\meshes\ur3e\collision
[7.610s] copying meshes\ur3e\collision\wrist1.stl -> c:\Users\82103\Documents\ros2_ws\install\webots_ros2_ur_e_description\share\webots_ros2_ur_e_description\meshes\ur3e\collision
[7.625s] copying meshes\ur3e\collision\wrist2.stl -> c:\Users\82103\Documents\ros2_ws\install\webots_ros2_ur_e_description\share\webots_ros2_ur_e_description\meshes\ur3e\collision
[7.813s] copying meshes\ur3e\collision\wrist3.stl -> c:\Users\82103\Documents\ros2_ws\install\webots_ros2_ur_e_description\share\webots_ros2_ur_e_description\meshes\ur3e\collision
[7.813s] creating c:\Users\82103\Documents\ros2_ws\install\webots_ros2_ur_e_description\share\webots_ros2_ur_e_description\meshes\ur5e
[7.813s] creating c:\Users\82103\Documents\ros2_ws\install\webots_ros2_ur_e_description\share\webots_ros2_ur_e_description\meshes\ur5e\collision
[7.813s] copying meshes\ur5e\collision\base.stl -> c:\Users\82103\Documents\ros2_ws\install\webots_ros2_ur_e_description\share\webots_ros2_ur_e_description\meshes\ur5e\collision
[7.813s] copying meshes\ur5e\collision\forearm.stl -> c:\Users\82103\Documents\ros2_ws\install\webots_ros2_ur_e_description\share\webots_ros2_ur_e_description\meshes\ur5e\collision
[7.813s] copying meshes\ur5e\collision\shoulder.stl -> c:\Users\82103\Documents\ros2_ws\install\webots_ros2_ur_e_description\share\webots_ros2_ur_e_description\meshes\ur5e\collision
[7.813s] copying meshes\ur5e\collision\upperarm.stl -> c:\Users\82103\Documents\ros2_ws\install\webots_ros2_ur_e_description\share\webots_ros2_ur_e_description\meshes\ur5e\collision
[7.813s] copying meshes\ur5e\collision\wrist1.stl -> c:\Users\82103\Documents\ros2_ws\install\webots_ros2_ur_e_description\share\webots_ros2_ur_e_description\meshes\ur5e\collision
[7.860s] copying meshes\ur5e\collision\wrist2.stl -> c:\Users\82103\Documents\ros2_ws\install\webots_ros2_ur_e_description\share\webots_ros2_ur_e_description\meshes\ur5e\collision
[7.860s] copying meshes\ur5e\collision\wrist3.stl -> c:\Users\82103\Documents\ros2_ws\install\webots_ros2_ur_e_description\share\webots_ros2_ur_e_description\meshes\ur5e\collision
[7.860s] creating c:\Users\82103\Documents\ros2_ws\install\webots_ros2_ur_e_description\share\webots_ros2_ur_e_description\meshes\ur10e\visual
[7.860s] copying meshes\ur10e\visual\base.dae -> c:\Users\82103\Documents\ros2_ws\install\webots_ros2_ur_e_description\share\webots_ros2_ur_e_description\meshes\ur10e\visual
[7.860s] copying meshes\ur10e\visual\forearm.dae -> c:\Users\82103\Documents\ros2_ws\install\webots_ros2_ur_e_description\share\webots_ros2_ur_e_description\meshes\ur10e\visual
[7.860s] copying meshes\ur10e\visual\shoulder.dae -> c:\Users\82103\Documents\ros2_ws\install\webots_ros2_ur_e_description\share\webots_ros2_ur_e_description\meshes\ur10e\visual
[7.922s] copying meshes\ur10e\visual\upperarm.dae -> c:\Users\82103\Documents\ros2_ws\install\webots_ros2_ur_e_description\share\webots_ros2_ur_e_description\meshes\ur10e\visual
[8.000s] copying meshes\ur10e\visual\wrist1.dae -> c:\Users\82103\Documents\ros2_ws\install\webots_ros2_ur_e_description\share\webots_ros2_ur_e_description\meshes\ur10e\visual
[8.031s] copying meshes\ur10e\visual\wrist2.dae -> c:\Users\82103\Documents\ros2_ws\install\webots_ros2_ur_e_description\share\webots_ros2_ur_e_description\meshes\ur10e\visual
[8.078s] copying meshes\ur10e\visual\wrist3.dae -> c:\Users\82103\Documents\ros2_ws\install\webots_ros2_ur_e_description\share\webots_ros2_ur_e_description\meshes\ur10e\visual
[8.094s] creating c:\Users\82103\Documents\ros2_ws\install\webots_ros2_ur_e_description\share\webots_ros2_ur_e_description\meshes\ur3e\visual
[8.094s] copying meshes\ur3e\visual\base.dae -> c:\Users\82103\Documents\ros2_ws\install\webots_ros2_ur_e_description\share\webots_ros2_ur_e_description\meshes\ur3e\visual
[8.110s] copying meshes\ur3e\visual\forearm.dae -> c:\Users\82103\Documents\ros2_ws\install\webots_ros2_ur_e_description\share\webots_ros2_ur_e_description\meshes\ur3e\visual
[8.141s] copying meshes\ur3e\visual\shoulder.dae -> c:\Users\82103\Documents\ros2_ws\install\webots_ros2_ur_e_description\share\webots_ros2_ur_e_description\meshes\ur3e\visual
[8.188s] copying meshes\ur3e\visual\upperarm.dae -> c:\Users\82103\Documents\ros2_ws\install\webots_ros2_ur_e_description\share\webots_ros2_ur_e_description\meshes\ur3e\visual
[8.266s] copying meshes\ur3e\visual\wrist1.dae -> c:\Users\82103\Documents\ros2_ws\install\webots_ros2_ur_e_description\share\webots_ros2_ur_e_description\meshes\ur3e\visual
[8.297s] copying meshes\ur3e\visual\wrist2.dae -> c:\Users\82103\Documents\ros2_ws\install\webots_ros2_ur_e_description\share\webots_ros2_ur_e_description\meshes\ur3e\visual
[8.328s] copying meshes\ur3e\visual\wrist3.dae -> c:\Users\82103\Documents\ros2_ws\install\webots_ros2_ur_e_description\share\webots_ros2_ur_e_description\meshes\ur3e\visual
[8.344s] creating c:\Users\82103\Documents\ros2_ws\install\webots_ros2_ur_e_description\share\webots_ros2_ur_e_description\meshes\ur5e\visual
[8.344s] copying meshes\ur5e\visual\base.dae -> c:\Users\82103\Documents\ros2_ws\install\webots_ros2_ur_e_description\share\webots_ros2_ur_e_description\meshes\ur5e\visual
[8.360s] copying meshes\ur5e\visual\forearm.dae -> c:\Users\82103\Documents\ros2_ws\install\webots_ros2_ur_e_description\share\webots_ros2_ur_e_description\meshes\ur5e\visual
[8.391s] copying meshes\ur5e\visual\shoulder.dae -> c:\Users\82103\Documents\ros2_ws\install\webots_ros2_ur_e_description\share\webots_ros2_ur_e_description\meshes\ur5e\visual
[8.438s] copying meshes\ur5e\visual\upperarm.dae -> c:\Users\82103\Documents\ros2_ws\install\webots_ros2_ur_e_description\share\webots_ros2_ur_e_description\meshes\ur5e\visual
[8.500s] copying meshes\ur5e\visual\wrist1.dae -> c:\Users\82103\Documents\ros2_ws\install\webots_ros2_ur_e_description\share\webots_ros2_ur_e_description\meshes\ur5e\visual
[8.531s] copying meshes\ur5e\visual\wrist2.dae -> c:\Users\82103\Documents\ros2_ws\install\webots_ros2_ur_e_description\share\webots_ros2_ur_e_description\meshes\ur5e\visual
[8.578s] copying meshes\ur5e\visual\wrist3.dae -> c:\Users\82103\Documents\ros2_ws\install\webots_ros2_ur_e_description\share\webots_ros2_ur_e_description\meshes\ur5e\visual
[8.594s] creating c:\Users\82103\Documents\ros2_ws\install\webots_ros2_ur_e_description\share\webots_ros2_ur_e_description\urdf
[8.594s] copying urdf\ur10e_joint_limited_robot.urdf -> c:\Users\82103\Documents\ros2_ws\install\webots_ros2_ur_e_description\share\webots_ros2_ur_e_description\urdf
[8.610s] copying urdf\ur10e_robot.urdf -> c:\Users\82103\Documents\ros2_ws\install\webots_ros2_ur_e_description\share\webots_ros2_ur_e_description\urdf
[8.625s] copying urdf\ur3e_joint_limited_robot.urdf -> c:\Users\82103\Documents\ros2_ws\install\webots_ros2_ur_e_description\share\webots_ros2_ur_e_description\urdf
[8.641s] copying urdf\ur3e_robot.urdf -> c:\Users\82103\Documents\ros2_ws\install\webots_ros2_ur_e_description\share\webots_ros2_ur_e_description\urdf
[8.656s] copying urdf\ur5e_joint_limited_robot.urdf -> c:\Users\82103\Documents\ros2_ws\install\webots_ros2_ur_e_description\share\webots_ros2_ur_e_description\urdf
[8.656s] copying urdf\ur5e_robot.urdf -> c:\Users\82103\Documents\ros2_ws\install\webots_ros2_ur_e_description\share\webots_ros2_ur_e_description\urdf
[8.672s] creating c:\Users\82103\Documents\ros2_ws\install\webots_ros2_ur_e_description\share\ament_index
[8.672s] creating c:\Users\82103\Documents\ros2_ws\install\webots_ros2_ur_e_description\share\ament_index\resource_index
[8.672s] creating c:\Users\82103\Documents\ros2_ws\install\webots_ros2_ur_e_description\share\ament_index\resource_index\packages
[8.672s] copying resource\webots_ros2_ur_e_description -> c:\Users\82103\Documents\ros2_ws\install\webots_ros2_ur_e_description\share\ament_index\resource_index\packages
[8.688s] copying launch\ur5e_state_publisher.launch.py -> c:\Users\82103\Documents\ros2_ws\install\webots_ros2_ur_e_description\share\webots_ros2_ur_e_description
[8.688s] creating c:\Users\82103\Documents\ros2_ws\install\webots_ros2_ur_e_description\share\webots_ros2_ur_e_description\rviz
[8.688s] copying rviz\view_robot.rviz -> c:\Users\82103\Documents\ros2_ws\install\webots_ros2_ur_e_description\share\webots_ros2_ur_e_description\rviz
[8.688s] copying package.xml -> c:\Users\82103\Documents\ros2_ws\install\webots_ros2_ur_e_description\share\webots_ros2_ur_e_description
[8.688s] running install_egg_info
[8.703s] Copying ..\..\build\webots_ros2_ur_e_description\webots_ros2_ur_e_description.egg-info to c:\Users\82103\Documents\ros2_ws\install\webots_ros2_ur_e_description\Lib\site-packages\webots_ros2_ur_e_description-1.0.3-py3.8.egg-info
[8.735s] running install_scripts
[8.797s] writing list of installed files to 'c:\Users\82103\Documents\ros2_ws\build\webots_ros2_ur_e_description\install.log'
[8.860s] Invoked command in 'c:\Users\82103\Documents\ros2_ws\webots_ros2\webots_ros2_ur_e_description' returned '0': PYTHONPATH=c:\Users\82103\Documents\ros2_ws\install\webots_ros2_ur_e_description\Lib\site-packages;%PYTHONPATH% c:\python38\python.exe setup.py egg_info --egg-base ..\..\build\webots_ros2_ur_e_description build --build-base c:\Users\82103\Documents\ros2_ws\build\webots_ros2_ur_e_description\build install --prefix c:\Users\82103\Documents\ros2_ws\install\webots_ros2_ur_e_description --record c:\Users\82103\Documents\ros2_ws\build\webots_ros2_ur_e_description\install.log --single-version-externally-managed
