c:\Users\82103\Documents\ros2_ws\install\webots_ros2_turtlebot\Lib\site-packages\webots_ros2_turtlebot\turtlebot_driver.py
c:\Users\82103\Documents\ros2_ws\install\webots_ros2_turtlebot\Lib\site-packages\webots_ros2_turtlebot\__init__.py
c:\Users\82103\Documents\ros2_ws\install\webots_ros2_turtlebot\Lib\site-packages\webots_ros2_turtlebot\__pycache__\turtlebot_driver.cpython-38.pyc
c:\Users\82103\Documents\ros2_ws\install\webots_ros2_turtlebot\Lib\site-packages\webots_ros2_turtlebot\__pycache__\__init__.cpython-38.pyc
c:\Users\82103\Documents\ros2_ws\install\webots_ros2_turtlebot\share\ament_index\resource_index\packages\webots_ros2_turtlebot
c:\Users\82103\Documents\ros2_ws\install\webots_ros2_turtlebot\share\webots_ros2_turtlebot\robot_launch.py
c:\Users\82103\Documents\ros2_ws\install\webots_ros2_turtlebot\share\webots_ros2_turtlebot\resource\turtlebot3_burger_example_map.pgm
c:\Users\82103\Documents\ros2_ws\install\webots_ros2_turtlebot\share\webots_ros2_turtlebot\resource\turtlebot3_burger_example_map.yaml
c:\Users\82103\Documents\ros2_ws\install\webots_ros2_turtlebot\share\webots_ros2_turtlebot\protos\TurtleBot3Burger_enu.proto
c:\Users\82103\Documents\ros2_ws\install\webots_ros2_turtlebot\share\webots_ros2_turtlebot\protos\textures
c:\Users\82103\Documents\ros2_ws\install\webots_ros2_turtlebot\share\webots_ros2_turtlebot\worlds\turtlebot3_burger_example.wbt
c:\Users\82103\Documents\ros2_ws\install\webots_ros2_turtlebot\share\webots_ros2_turtlebot\worlds\.turtlebot3_burger_example.wbproj
c:\Users\82103\Documents\ros2_ws\install\webots_ros2_turtlebot\share\webots_ros2_turtlebot\package.xml
c:\Users\82103\Documents\ros2_ws\install\webots_ros2_turtlebot\Lib\site-packages\webots_ros2_turtlebot-1.0.3-py3.8.egg-info\dependency_links.txt
c:\Users\82103\Documents\ros2_ws\install\webots_ros2_turtlebot\Lib\site-packages\webots_ros2_turtlebot-1.0.3-py3.8.egg-info\entry_points.txt
c:\Users\82103\Documents\ros2_ws\install\webots_ros2_turtlebot\Lib\site-packages\webots_ros2_turtlebot-1.0.3-py3.8.egg-info\PKG-INFO
c:\Users\82103\Documents\ros2_ws\install\webots_ros2_turtlebot\Lib\site-packages\webots_ros2_turtlebot-1.0.3-py3.8.egg-info\requires.txt
c:\Users\82103\Documents\ros2_ws\install\webots_ros2_turtlebot\Lib\site-packages\webots_ros2_turtlebot-1.0.3-py3.8.egg-info\SOURCES.txt
c:\Users\82103\Documents\ros2_ws\install\webots_ros2_turtlebot\Lib\site-packages\webots_ros2_turtlebot-1.0.3-py3.8.egg-info\top_level.txt
c:\Users\82103\Documents\ros2_ws\install\webots_ros2_turtlebot\Lib\site-packages\webots_ros2_turtlebot-1.0.3-py3.8.egg-info\zip-safe
c:\Users\82103\Documents\ros2_ws\install\webots_ros2_turtlebot\lib\webots_ros2_turtlebot\turtlebot_driver-script.py
c:\Users\82103\Documents\ros2_ws\install\webots_ros2_turtlebot\lib\webots_ros2_turtlebot\turtlebot_driver.exe
