[5.640s] Invoking command in 'c:\Users\82103\Documents\ros2_ws\webots_ros2\webots_ros2_examples': AMENT_PREFIX_PATH=c:\Users\82103\Documents\ros2_ws\install\webots_ros2_core;c:\Users\82103\Documents\ros2_ws\install\webots_ros2;c:\Users\82103\Documents\ros2_ws\install\webots_ros2_demos;c:\Users\82103\Documents\ros2_ws\install\webots_ros2_universal_robot;c:\Users\82103\Documents\ros2_ws\install\webots_ros2_ur_e_description;c:\Users\82103\Documents\ros2_ws\install\webots_ros2_tutorials;c:\Users\82103\Documents\ros2_ws\install\webots_ros2_turtlebot;c:\Users\82103\Documents\ros2_ws\install\webots_ros2_tiago;c:\Users\82103\Documents\ros2_ws\install\webots_ros2_examples;c:\Users\82103\Documents\ros2_ws\install\webots_ros2_epuck;c:\Users\82103\Documents\ros2_ws\install\webots_ros2_abb;c:\Users\82103\Documents\ros2_ws\install\webots_ros2_msgs;c:\Users\82103\Documents\ros2_ws\install\webots_ros2_importer;c:\Users\82103\Documents\ros2_ws\install\test_package_ysj;c:\Users\82103\Documents\ros2_ws\install\test_launch;c:\Users\82103\Documents\ros2_ws\install\my_interfaces_ysj;c:\dev\ros2_foxy PYTHONPATH=c:\Users\82103\Documents\ros2_ws\install\webots_ros2_examples\Lib\site-packages;c:\Users\82103\Documents\ros2_ws\install\webots_ros2_core\Lib\site-packages;c:\Users\82103\Documents\ros2_ws\install\webots_ros2_msgs\Lib\site-packages;c:\Users\82103\Documents\ros2_ws\install\webots_ros2\Lib\site-packages;c:\Users\82103\Documents\ros2_ws\install\webots_ros2_demos\Lib\site-packages;c:\Users\82103\Documents\ros2_ws\install\webots_ros2_universal_robot\Lib\site-packages;c:\Users\82103\Documents\ros2_ws\install\webots_ros2_ur_e_description\Lib\site-packages;c:\Users\82103\Documents\ros2_ws\install\webots_ros2_tutorials\Lib\site-packages;c:\Users\82103\Documents\ros2_ws\install\webots_ros2_turtlebot\Lib\site-packages;c:\Users\82103\Documents\ros2_ws\install\webots_ros2_tiago\Lib\site-packages;c:\Users\82103\Documents\ros2_ws\install\webots_ros2_examples\Lib\site-packages;c:\Users\82103\Documents\ros2_ws\install\webots_ros2_epuck\Lib\site-packages;c:\Users\82103\Documents\ros2_ws\install\webots_ros2_abb\Lib\site-packages;c:\Users\82103\Documents\ros2_ws\install\webots_ros2_importer\Lib\site-packages;c:\Users\82103\Documents\ros2_ws\install\test_package_ysj\Lib\site-packages;c:\Users\82103\Documents\ros2_ws\install\test_package\Lib\site-packages;c:\Users\82103\Documents\ros2_ws\install\test_launch\Lib\site-packages;c:\Users\82103\Documents\ros2_ws\install\my_interfaces_ysj\Lib\site-packages;c:\dev\ros2_foxy\Lib\site-packages;C:\Webots\lib\controller\python38 c:\python38\python.exe setup.py egg_info --egg-base ..\..\build\webots_ros2_examples build --build-base c:\Users\82103\Documents\ros2_ws\build\webots_ros2_examples\build install --prefix c:\Users\82103\Documents\ros2_ws\install\webots_ros2_examples --record c:\Users\82103\Documents\ros2_ws\build\webots_ros2_examples\install.log --single-version-externally-managed
[6.687s] running egg_info
[6.687s] writing ..\..\build\webots_ros2_examples\webots_ros2_examples.egg-info\PKG-INFO
[6.687s] writing dependency_links to ..\..\build\webots_ros2_examples\webots_ros2_examples.egg-info\dependency_links.txt
[6.687s] writing entry points to ..\..\build\webots_ros2_examples\webots_ros2_examples.egg-info\entry_points.txt
[6.687s] writing requirements to ..\..\build\webots_ros2_examples\webots_ros2_examples.egg-info\requires.txt
[6.687s] writing top-level names to ..\..\build\webots_ros2_examples\webots_ros2_examples.egg-info\top_level.txt
[6.765s] reading manifest file '..\..\build\webots_ros2_examples\webots_ros2_examples.egg-info\SOURCES.txt'
[6.781s] writing manifest file '..\..\build\webots_ros2_examples\webots_ros2_examples.egg-info\SOURCES.txt'
[6.781s] running build
[6.781s] running build_py
[6.781s] copying webots_ros2_examples\service_node_vel.py -> c:\Users\82103\Documents\ros2_ws\build\webots_ros2_examples\build\lib\webots_ros2_examples
[6.781s] running install
[6.781s] running install_lib
[6.797s] copying c:\Users\82103\Documents\ros2_ws\build\webots_ros2_examples\build\lib\webots_ros2_examples\service_node_vel.py -> c:\Users\82103\Documents\ros2_ws\install\webots_ros2_examples\Lib\site-packages\webots_ros2_examples
[6.812s] byte-compiling c:\Users\82103\Documents\ros2_ws\install\webots_ros2_examples\Lib\site-packages\webots_ros2_examples\service_node_vel.py to service_node_vel.cpython-38.pyc
[6.812s] running install_data
[6.828s] running install_egg_info
[6.843s] removing 'c:\Users\82103\Documents\ros2_ws\install\webots_ros2_examples\Lib\site-packages\webots_ros2_examples-1.0.3-py3.8.egg-info' (and everything under it)
[6.859s] Copying ..\..\build\webots_ros2_examples\webots_ros2_examples.egg-info to c:\Users\82103\Documents\ros2_ws\install\webots_ros2_examples\Lib\site-packages\webots_ros2_examples-1.0.3-py3.8.egg-info
[6.890s] running install_scripts
[6.968s] Installing example_controller-script.py script to c:\Users\82103\Documents\ros2_ws\install\webots_ros2_examples\lib\webots_ros2_examples
[6.968s] Installing example_controller.exe script to c:\Users\82103\Documents\ros2_ws\install\webots_ros2_examples\lib\webots_ros2_examples
[6.968s] Installing khepera_driver-script.py script to c:\Users\82103\Documents\ros2_ws\install\webots_ros2_examples\lib\webots_ros2_examples
[6.968s] Installing khepera_driver.exe script to c:\Users\82103\Documents\ros2_ws\install\webots_ros2_examples\lib\webots_ros2_examples
[6.968s] writing list of installed files to 'c:\Users\82103\Documents\ros2_ws\build\webots_ros2_examples\install.log'
