[1.719s] Invoking command in 'c:\Users\82103\Documents\ros2_ws\build\my_interfaces_ysj': CMAKE_PREFIX_PATH=%CMAKE_PREFIX_PATH%;c:\Users\82103\Documents\ros2_ws\install\webots_ros2;c:\Users\82103\Documents\ros2_ws\install\webots_ros2_demos;c:\Users\82103\Documents\ros2_ws\install\webots_ros2_universal_robot;c:\Users\82103\Documents\ros2_ws\install\webots_ros2_ur_e_description;c:\Users\82103\Documents\ros2_ws\install\webots_ros2_tutorials;c:\Users\82103\Documents\ros2_ws\install\webots_ros2_turtlebot;c:\Users\82103\Documents\ros2_ws\install\webots_ros2_tiago;c:\Users\82103\Documents\ros2_ws\install\webots_ros2_examples;c:\Users\82103\Documents\ros2_ws\install\webots_ros2_epuck;c:\Users\82103\Documents\ros2_ws\install\webots_ros2_abb;c:\Users\82103\Documents\ros2_ws\install\webots_ros2_core;c:\Users\82103\Documents\ros2_ws\install\webots_ros2_importer;c:\Users\82103\Documents\ros2_ws\install\test_package_ysj;c:\Users\82103\Documents\ros2_ws\install\test_launch C:\Program Files\CMake\bin\cmake.EXE c:\Users\82103\Documents\ros2_ws\src\my_interfaces_ysj -DCMAKE_INSTALL_PREFIX=c:\Users\82103\Documents\ros2_ws\install\my_interfaces_ysj
[2.485s] -- Selecting Windows SDK version 10.0.18362.0 to target Windows 10.0.18363.
[2.485s] -- Found ament_cmake: 0.9.6 (C:/dev/ros2_foxy/share/ament_cmake/cmake)
[2.500s] -- Found PythonInterp: C:/Python38/python.exe (found suitable version "3.8.3", minimum required is "3") 
[2.500s] -- Using PYTHON_EXECUTABLE: C:/Python38/python.exe
[3.422s] -- Found rosidl_default_generators: 1.0.0 (C:/dev/ros2_foxy/share/rosidl_default_generators/cmake)
[3.422s] -- Using all available rosidl_typesupport_c: rosidl_typesupport_connext_c;rosidl_typesupport_fastrtps_c;rosidl_typesupport_introspection_c
[3.422s] -- Found rosidl_adapter: 1.0.1 (C:/dev/ros2_foxy/share/rosidl_adapter/cmake)
[3.422s] -- Could not find RTI Connext - skipping rosidl_typesupport_connext_c
[3.422s] -- Could not find RTI Connext - skipping rosidl_typesupport_connext_cpp
[3.641s] -- Using all available rosidl_typesupport_cpp: rosidl_typesupport_connext_cpp;rosidl_typesupport_fastrtps_cpp;rosidl_typesupport_introspection_cpp
[3.891s] -- Found PythonInterp: C:/Python38/python.exe (found version "3.8.3") 
[4.906s] -- Found ament_cmake_ros: 0.9.0 (C:/dev/ros2_foxy/share/ament_cmake_ros/cmake)
[5.250s] -- Using all available rosidl_typesupport_c: rosidl_typesupport_connext_c;rosidl_typesupport_fastrtps_c;rosidl_typesupport_introspection_c
[5.406s] -- Using all available rosidl_typesupport_cpp: rosidl_typesupport_connext_cpp;rosidl_typesupport_fastrtps_cpp;rosidl_typesupport_introspection_cpp
[5.500s] -- Found PythonInterp: C:/Python38/python.exe (found suitable version "3.8.3", minimum required is "3.5") 
[5.500s] -- Found python_cmake_module: 0.8.0 (C:/dev/ros2_foxy/share/python_cmake_module/cmake)
[5.625s] -- Using PYTHON_EXECUTABLE: C:/Python38/python.exe
[5.625s] -- Using PYTHON_INCLUDE_DIRS: C:/Python38/include
[5.625s] -- Using PYTHON_LIBRARIES: C:/Python38/libs/python38.lib
[6.125s] -- Using numpy include directory: C:\Python38\lib\site-packages\numpy\core\include
[6.156s] -- Found ament_lint_auto: 0.9.5 (C:/dev/ros2_foxy/share/ament_lint_auto/cmake)
[6.266s] -- Added test 'copyright' to check source files copyright and LICENSE
[6.297s] -- Added test 'lint_cmake' to check CMake code style
[6.313s] -- Added test 'xmllint' to check XML markup files
[6.516s] -- Configuring done
[7.781s] -- Generating done
[7.797s] -- Build files have been written to: C:/Users/82103/Documents/ros2_ws/build/my_interfaces_ysj
[7.813s] Invoked command in 'c:\Users\82103\Documents\ros2_ws\build\my_interfaces_ysj' returned '0': CMAKE_PREFIX_PATH=%CMAKE_PREFIX_PATH%;c:\Users\82103\Documents\ros2_ws\install\webots_ros2;c:\Users\82103\Documents\ros2_ws\install\webots_ros2_demos;c:\Users\82103\Documents\ros2_ws\install\webots_ros2_universal_robot;c:\Users\82103\Documents\ros2_ws\install\webots_ros2_ur_e_description;c:\Users\82103\Documents\ros2_ws\install\webots_ros2_tutorials;c:\Users\82103\Documents\ros2_ws\install\webots_ros2_turtlebot;c:\Users\82103\Documents\ros2_ws\install\webots_ros2_tiago;c:\Users\82103\Documents\ros2_ws\install\webots_ros2_examples;c:\Users\82103\Documents\ros2_ws\install\webots_ros2_epuck;c:\Users\82103\Documents\ros2_ws\install\webots_ros2_abb;c:\Users\82103\Documents\ros2_ws\install\webots_ros2_core;c:\Users\82103\Documents\ros2_ws\install\webots_ros2_importer;c:\Users\82103\Documents\ros2_ws\install\test_package_ysj;c:\Users\82103\Documents\ros2_ws\install\test_launch C:\Program Files\CMake\bin\cmake.EXE c:\Users\82103\Documents\ros2_ws\src\my_interfaces_ysj -DCMAKE_INSTALL_PREFIX=c:\Users\82103\Documents\ros2_ws\install\my_interfaces_ysj
[7.813s] Invoking command in 'c:\Users\82103\Documents\ros2_ws\build\my_interfaces_ysj': CL=/MP CMAKE_PREFIX_PATH=%CMAKE_PREFIX_PATH%;c:\Users\82103\Documents\ros2_ws\install\webots_ros2;c:\Users\82103\Documents\ros2_ws\install\webots_ros2_demos;c:\Users\82103\Documents\ros2_ws\install\webots_ros2_universal_robot;c:\Users\82103\Documents\ros2_ws\install\webots_ros2_ur_e_description;c:\Users\82103\Documents\ros2_ws\install\webots_ros2_tutorials;c:\Users\82103\Documents\ros2_ws\install\webots_ros2_turtlebot;c:\Users\82103\Documents\ros2_ws\install\webots_ros2_tiago;c:\Users\82103\Documents\ros2_ws\install\webots_ros2_examples;c:\Users\82103\Documents\ros2_ws\install\webots_ros2_epuck;c:\Users\82103\Documents\ros2_ws\install\webots_ros2_abb;c:\Users\82103\Documents\ros2_ws\install\webots_ros2_core;c:\Users\82103\Documents\ros2_ws\install\webots_ros2_importer;c:\Users\82103\Documents\ros2_ws\install\test_package_ysj;c:\Users\82103\Documents\ros2_ws\install\test_launch C:\Program Files\CMake\bin\cmake.EXE --build c:\Users\82103\Documents\ros2_ws\build\my_interfaces_ysj --config Release
[7.985s] .NET Framework¿ë Microsoft (R) Build Engine ¹öÀü 16.7.0+b89cb5fde
[7.985s] Copyright (C) Microsoft Corporation. All rights reserved.
[7.985s] 
[8.469s]   Checking Build System
[8.875s]   Building Custom Rule C:/Users/82103/Documents/ros2_ws/src/my_interfaces_ysj/CMakeLists.txt
[9.141s]   Building Custom Rule C:/Users/82103/Documents/ros2_ws/src/my_interfaces_ysj/CMakeLists.txt
[9.344s]   my_interfaces_ysj__rosidl_generator_c.vcxproj -> C:\Users\82103\Documents\ros2_ws\build\my_interfaces_ysj\Release\my_interfaces_ysj__rosidl_generator_c.dll
[9.516s]   Building Custom Rule C:/Users/82103/Documents/ros2_ws/src/my_interfaces_ysj/CMakeLists.txt
[9.656s]   my_interfaces_ysj__rosidl_typesupport_c.vcxproj -> C:\Users\82103\Documents\ros2_ws\build\my_interfaces_ysj\Release\my_interfaces_ysj__rosidl_typesupport_c.dll
[9.781s]   Building Custom Rule C:/Users/82103/Documents/ros2_ws/src/my_interfaces_ysj/CMakeLists.txt
[9.922s]   my_interfaces_ysj__rosidl_typesupport_cpp.vcxproj -> C:\Users\82103\Documents\ros2_ws\build\my_interfaces_ysj\Release\my_interfaces_ysj__rosidl_typesupport_cpp.dll
[10.110s]   Building Custom Rule C:/Users/82103/Documents/ros2_ws/src/my_interfaces_ysj/CMakeLists.txt
[10.250s]   my_interfaces_ysj__rosidl_typesupport_fastrtps_cpp.vcxproj -> C:\Users\82103\Documents\ros2_ws\build\my_interfaces_ysj\Release\my_interfaces_ysj__rosidl_typesupport_fastrtps_cpp.dll
[10.375s]   Building Custom Rule C:/Users/82103/Documents/ros2_ws/src/my_interfaces_ysj/CMakeLists.txt
[10.516s]   my_interfaces_ysj__rosidl_typesupport_fastrtps_c.vcxproj -> C:\Users\82103\Documents\ros2_ws\build\my_interfaces_ysj\Release\my_interfaces_ysj__rosidl_typesupport_fastrtps_c.dll
[10.656s]   Building Custom Rule C:/Users/82103/Documents/ros2_ws/src/my_interfaces_ysj/CMakeLists.txt
[10.797s]   my_interfaces_ysj__rosidl_typesupport_introspection_c.vcxproj -> C:\Users\82103\Documents\ros2_ws\build\my_interfaces_ysj\Release\my_interfaces_ysj__rosidl_typesupport_introspection_c.dll
[10.969s]   Building Custom Rule C:/Users/82103/Documents/ros2_ws/src/my_interfaces_ysj/CMakeLists.txt
[11.110s]   my_interfaces_ysj__rosidl_typesupport_introspection_cpp.vcxproj -> C:\Users\82103\Documents\ros2_ws\build\my_interfaces_ysj\Release\my_interfaces_ysj__rosidl_typesupport_introspection_cpp.dll
[11.516s]   Building Custom Rule C:/Users/82103/Documents/ros2_ws/src/my_interfaces_ysj/CMakeLists.txt
[11.672s]   Building Custom Rule C:/Users/82103/Documents/ros2_ws/src/my_interfaces_ysj/CMakeLists.txt
[12.594s]   my_interfaces_ysj__python.vcxproj -> C:\Users\82103\Documents\ros2_ws\build\my_interfaces_ysj\rosidl_generator_py\my_interfaces_ysj\my_interfaces_ysj__python.dll
[12.594s]   Building Custom Rule C:/Users/82103/Documents/ros2_ws/src/my_interfaces_ysj/CMakeLists.txt
[12.594s]   my_interfaces_ysj__rosidl_typesupport_c__pyext.vcxproj -> C:\Users\82103\Documents\ros2_ws\build\my_interfaces_ysj\rosidl_generator_py\my_interfaces_ysj\my_interfaces_ysj_s__rosidl_typesupport_c.pyd
[12.594s]   Building Custom Rule C:/Users/82103/Documents/ros2_ws/src/my_interfaces_ysj/CMakeLists.txt
[12.594s]   my_interfaces_ysj__rosidl_typesupport_fastrtps_c__pyext.vcxproj -> C:\Users\82103\Documents\ros2_ws\build\my_interfaces_ysj\rosidl_generator_py\my_interfaces_ysj\my_interfaces_ysj_s__rosidl_typesupport_fastrtps_c.pyd
[12.594s]   Building Custom Rule C:/Users/82103/Documents/ros2_ws/src/my_interfaces_ysj/CMakeLists.txt
[12.672s]   my_interfaces_ysj__rosidl_typesupport_introspection_c__pyext.vcxproj -> C:\Users\82103\Documents\ros2_ws\build\my_interfaces_ysj\rosidl_generator_py\my_interfaces_ysj\my_interfaces_ysj_s__rosidl_typesupport_introspection_c.pyd
[12.781s]   Building Custom Rule C:/Users/82103/Documents/ros2_ws/src/my_interfaces_ysj/CMakeLists.txt
[12.922s] Invoked command in 'c:\Users\82103\Documents\ros2_ws\build\my_interfaces_ysj' returned '0': CL=/MP CMAKE_PREFIX_PATH=%CMAKE_PREFIX_PATH%;c:\Users\82103\Documents\ros2_ws\install\webots_ros2;c:\Users\82103\Documents\ros2_ws\install\webots_ros2_demos;c:\Users\82103\Documents\ros2_ws\install\webots_ros2_universal_robot;c:\Users\82103\Documents\ros2_ws\install\webots_ros2_ur_e_description;c:\Users\82103\Documents\ros2_ws\install\webots_ros2_tutorials;c:\Users\82103\Documents\ros2_ws\install\webots_ros2_turtlebot;c:\Users\82103\Documents\ros2_ws\install\webots_ros2_tiago;c:\Users\82103\Documents\ros2_ws\install\webots_ros2_examples;c:\Users\82103\Documents\ros2_ws\install\webots_ros2_epuck;c:\Users\82103\Documents\ros2_ws\install\webots_ros2_abb;c:\Users\82103\Documents\ros2_ws\install\webots_ros2_core;c:\Users\82103\Documents\ros2_ws\install\webots_ros2_importer;c:\Users\82103\Documents\ros2_ws\install\test_package_ysj;c:\Users\82103\Documents\ros2_ws\install\test_launch C:\Program Files\CMake\bin\cmake.EXE --build c:\Users\82103\Documents\ros2_ws\build\my_interfaces_ysj --config Release
[12.938s] Invoking command in 'c:\Users\82103\Documents\ros2_ws\build\my_interfaces_ysj': CMAKE_PREFIX_PATH=%CMAKE_PREFIX_PATH%;c:\Users\82103\Documents\ros2_ws\install\webots_ros2;c:\Users\82103\Documents\ros2_ws\install\webots_ros2_demos;c:\Users\82103\Documents\ros2_ws\install\webots_ros2_universal_robot;c:\Users\82103\Documents\ros2_ws\install\webots_ros2_ur_e_description;c:\Users\82103\Documents\ros2_ws\install\webots_ros2_tutorials;c:\Users\82103\Documents\ros2_ws\install\webots_ros2_turtlebot;c:\Users\82103\Documents\ros2_ws\install\webots_ros2_tiago;c:\Users\82103\Documents\ros2_ws\install\webots_ros2_examples;c:\Users\82103\Documents\ros2_ws\install\webots_ros2_epuck;c:\Users\82103\Documents\ros2_ws\install\webots_ros2_abb;c:\Users\82103\Documents\ros2_ws\install\webots_ros2_core;c:\Users\82103\Documents\ros2_ws\install\webots_ros2_importer;c:\Users\82103\Documents\ros2_ws\install\test_package_ysj;c:\Users\82103\Documents\ros2_ws\install\test_launch C:\Program Files\CMake\bin\cmake.EXE --install c:\Users\82103\Documents\ros2_ws\build\my_interfaces_ysj --config Release
[12.969s] -- Up-to-date: C:/Users/82103/Documents/ros2_ws/install/my_interfaces_ysj/share/ament_index/resource_index/rosidl_interfaces/my_interfaces_ysj
[12.969s] -- Up-to-date: C:/Users/82103/Documents/ros2_ws/install/my_interfaces_ysj/include/my_interfaces_ysj
[12.969s] -- Up-to-date: C:/Users/82103/Documents/ros2_ws/install/my_interfaces_ysj/include/my_interfaces_ysj/action
[12.969s] -- Up-to-date: C:/Users/82103/Documents/ros2_ws/install/my_interfaces_ysj/include/my_interfaces_ysj/action/detail
[12.969s] -- Up-to-date: C:/Users/82103/Documents/ros2_ws/install/my_interfaces_ysj/include/my_interfaces_ysj/action/detail/fibonacci__functions.c
[12.969s] -- Up-to-date: C:/Users/82103/Documents/ros2_ws/install/my_interfaces_ysj/include/my_interfaces_ysj/action/detail/fibonacci__functions.h
[12.969s] -- Up-to-date: C:/Users/82103/Documents/ros2_ws/install/my_interfaces_ysj/include/my_interfaces_ysj/action/detail/fibonacci__struct.h
[12.969s] -- Up-to-date: C:/Users/82103/Documents/ros2_ws/install/my_interfaces_ysj/include/my_interfaces_ysj/action/detail/fibonacci__type_support.h
[12.969s] -- Up-to-date: C:/Users/82103/Documents/ros2_ws/install/my_interfaces_ysj/include/my_interfaces_ysj/action/fibonacci.h
[12.969s] -- Up-to-date: C:/Users/82103/Documents/ros2_ws/install/my_interfaces_ysj/include/my_interfaces_ysj/msg
[12.969s] -- Up-to-date: C:/Users/82103/Documents/ros2_ws/install/my_interfaces_ysj/include/my_interfaces_ysj/msg/detail
[12.985s] -- Up-to-date: C:/Users/82103/Documents/ros2_ws/install/my_interfaces_ysj/include/my_interfaces_ysj/msg/detail/temp__functions.c
[12.985s] -- Up-to-date: C:/Users/82103/Documents/ros2_ws/install/my_interfaces_ysj/include/my_interfaces_ysj/msg/detail/temp__functions.h
[12.985s] -- Up-to-date: C:/Users/82103/Documents/ros2_ws/install/my_interfaces_ysj/include/my_interfaces_ysj/msg/detail/temp__struct.h
[12.985s] -- Up-to-date: C:/Users/82103/Documents/ros2_ws/install/my_interfaces_ysj/include/my_interfaces_ysj/msg/detail/temp__type_support.h
[12.985s] -- Up-to-date: C:/Users/82103/Documents/ros2_ws/install/my_interfaces_ysj/include/my_interfaces_ysj/msg/rosidl_generator_c__visibility_control.h
[12.985s] -- Up-to-date: C:/Users/82103/Documents/ros2_ws/install/my_interfaces_ysj/include/my_interfaces_ysj/msg/temp.h
[12.985s] -- Up-to-date: C:/Users/82103/Documents/ros2_ws/install/my_interfaces_ysj/include/my_interfaces_ysj/srv
[12.985s] -- Up-to-date: C:/Users/82103/Documents/ros2_ws/install/my_interfaces_ysj/include/my_interfaces_ysj/srv/add_three_ints.h
[12.985s] -- Up-to-date: C:/Users/82103/Documents/ros2_ws/install/my_interfaces_ysj/include/my_interfaces_ysj/srv/detail
[12.985s] -- Up-to-date: C:/Users/82103/Documents/ros2_ws/install/my_interfaces_ysj/include/my_interfaces_ysj/srv/detail/add_three_ints__functions.c
[12.985s] -- Up-to-date: C:/Users/82103/Documents/ros2_ws/install/my_interfaces_ysj/include/my_interfaces_ysj/srv/detail/add_three_ints__functions.h
[12.985s] -- Up-to-date: C:/Users/82103/Documents/ros2_ws/install/my_interfaces_ysj/include/my_interfaces_ysj/srv/detail/add_three_ints__struct.h
[12.985s] -- Up-to-date: C:/Users/82103/Documents/ros2_ws/install/my_interfaces_ysj/include/my_interfaces_ysj/srv/detail/add_three_ints__type_support.h
[12.985s] -- Up-to-date: C:/Users/82103/Documents/ros2_ws/install/my_interfaces_ysj/lib/my_interfaces_ysj__rosidl_generator_c.lib
[12.985s] -- Up-to-date: C:/Users/82103/Documents/ros2_ws/install/my_interfaces_ysj/bin/my_interfaces_ysj__rosidl_generator_c.dll
[13.000s] -- Up-to-date: C:/Users/82103/Documents/ros2_ws/install/my_interfaces_ysj/include/my_interfaces_ysj
[13.000s] -- Up-to-date: C:/Users/82103/Documents/ros2_ws/install/my_interfaces_ysj/include/my_interfaces_ysj/action
[13.000s] -- Up-to-date: C:/Users/82103/Documents/ros2_ws/install/my_interfaces_ysj/include/my_interfaces_ysj/action/detail
[13.000s] -- Up-to-date: C:/Users/82103/Documents/ros2_ws/install/my_interfaces_ysj/include/my_interfaces_ysj/action/detail/fibonacci__rosidl_typesupport_fastrtps_c.h
[13.000s] -- Up-to-date: C:/Users/82103/Documents/ros2_ws/install/my_interfaces_ysj/include/my_interfaces_ysj/msg
[13.000s] -- Up-to-date: C:/Users/82103/Documents/ros2_ws/install/my_interfaces_ysj/include/my_interfaces_ysj/msg/detail
[13.000s] -- Up-to-date: C:/Users/82103/Documents/ros2_ws/install/my_interfaces_ysj/include/my_interfaces_ysj/msg/detail/temp__rosidl_typesupport_fastrtps_c.h
[13.000s] -- Up-to-date: C:/Users/82103/Documents/ros2_ws/install/my_interfaces_ysj/include/my_interfaces_ysj/msg/rosidl_typesupport_fastrtps_c__visibility_control.h
[13.000s] -- Up-to-date: C:/Users/82103/Documents/ros2_ws/install/my_interfaces_ysj/include/my_interfaces_ysj/srv
[13.000s] -- Up-to-date: C:/Users/82103/Documents/ros2_ws/install/my_interfaces_ysj/include/my_interfaces_ysj/srv/detail
[13.000s] -- Up-to-date: C:/Users/82103/Documents/ros2_ws/install/my_interfaces_ysj/include/my_interfaces_ysj/srv/detail/add_three_ints__rosidl_typesupport_fastrtps_c.h
[13.000s] -- Up-to-date: C:/Users/82103/Documents/ros2_ws/install/my_interfaces_ysj/lib/my_interfaces_ysj__rosidl_typesupport_fastrtps_c.lib
[13.000s] -- Up-to-date: C:/Users/82103/Documents/ros2_ws/install/my_interfaces_ysj/bin/my_interfaces_ysj__rosidl_typesupport_fastrtps_c.dll
[13.000s] -- Up-to-date: C:/Users/82103/Documents/ros2_ws/install/my_interfaces_ysj/include/my_interfaces_ysj
[13.000s] -- Up-to-date: C:/Users/82103/Documents/ros2_ws/install/my_interfaces_ysj/include/my_interfaces_ysj/action
[13.016s] -- Up-to-date: C:/Users/82103/Documents/ros2_ws/install/my_interfaces_ysj/include/my_interfaces_ysj/action/detail
[13.016s] -- Up-to-date: C:/Users/82103/Documents/ros2_ws/install/my_interfaces_ysj/include/my_interfaces_ysj/action/detail/dds_fastrtps
[13.016s] -- Up-to-date: C:/Users/82103/Documents/ros2_ws/install/my_interfaces_ysj/include/my_interfaces_ysj/action/detail/fibonacci__rosidl_typesupport_fastrtps_cpp.hpp
[13.016s] -- Up-to-date: C:/Users/82103/Documents/ros2_ws/install/my_interfaces_ysj/include/my_interfaces_ysj/msg
[13.016s] -- Up-to-date: C:/Users/82103/Documents/ros2_ws/install/my_interfaces_ysj/include/my_interfaces_ysj/msg/detail
[13.016s] -- Up-to-date: C:/Users/82103/Documents/ros2_ws/install/my_interfaces_ysj/include/my_interfaces_ysj/msg/detail/dds_fastrtps
[13.016s] -- Up-to-date: C:/Users/82103/Documents/ros2_ws/install/my_interfaces_ysj/include/my_interfaces_ysj/msg/detail/temp__rosidl_typesupport_fastrtps_cpp.hpp
[13.016s] -- Up-to-date: C:/Users/82103/Documents/ros2_ws/install/my_interfaces_ysj/include/my_interfaces_ysj/msg/rosidl_typesupport_fastrtps_cpp__visibility_control.h
[13.016s] -- Up-to-date: C:/Users/82103/Documents/ros2_ws/install/my_interfaces_ysj/include/my_interfaces_ysj/srv
[13.016s] -- Up-to-date: C:/Users/82103/Documents/ros2_ws/install/my_interfaces_ysj/include/my_interfaces_ysj/srv/detail
[13.016s] -- Up-to-date: C:/Users/82103/Documents/ros2_ws/install/my_interfaces_ysj/include/my_interfaces_ysj/srv/detail/add_three_ints__rosidl_typesupport_fastrtps_cpp.hpp
[13.016s] -- Up-to-date: C:/Users/82103/Documents/ros2_ws/install/my_interfaces_ysj/include/my_interfaces_ysj/srv/detail/dds_fastrtps
[13.016s] -- Up-to-date: C:/Users/82103/Documents/ros2_ws/install/my_interfaces_ysj/lib/my_interfaces_ysj__rosidl_typesupport_fastrtps_cpp.lib
[13.016s] -- Up-to-date: C:/Users/82103/Documents/ros2_ws/install/my_interfaces_ysj/bin/my_interfaces_ysj__rosidl_typesupport_fastrtps_cpp.dll
[13.016s] -- Up-to-date: C:/Users/82103/Documents/ros2_ws/install/my_interfaces_ysj/include/my_interfaces_ysj
[13.031s] -- Up-to-date: C:/Users/82103/Documents/ros2_ws/install/my_interfaces_ysj/include/my_interfaces_ysj/action
[13.031s] -- Up-to-date: C:/Users/82103/Documents/ros2_ws/install/my_interfaces_ysj/include/my_interfaces_ysj/action/detail
[13.031s] -- Up-to-date: C:/Users/82103/Documents/ros2_ws/install/my_interfaces_ysj/include/my_interfaces_ysj/action/detail/fibonacci__rosidl_typesupport_introspection_c.h
[13.031s] -- Up-to-date: C:/Users/82103/Documents/ros2_ws/install/my_interfaces_ysj/include/my_interfaces_ysj/action/detail/fibonacci__type_support.c
[13.031s] -- Up-to-date: C:/Users/82103/Documents/ros2_ws/install/my_interfaces_ysj/include/my_interfaces_ysj/msg
[13.031s] -- Up-to-date: C:/Users/82103/Documents/ros2_ws/install/my_interfaces_ysj/include/my_interfaces_ysj/msg/detail
[13.031s] -- Up-to-date: C:/Users/82103/Documents/ros2_ws/install/my_interfaces_ysj/include/my_interfaces_ysj/msg/detail/temp__rosidl_typesupport_introspection_c.h
[13.031s] -- Up-to-date: C:/Users/82103/Documents/ros2_ws/install/my_interfaces_ysj/include/my_interfaces_ysj/msg/detail/temp__type_support.c
[13.031s] -- Up-to-date: C:/Users/82103/Documents/ros2_ws/install/my_interfaces_ysj/include/my_interfaces_ysj/msg/rosidl_typesupport_introspection_c__visibility_control.h
[13.031s] -- Up-to-date: C:/Users/82103/Documents/ros2_ws/install/my_interfaces_ysj/include/my_interfaces_ysj/srv
[13.031s] -- Up-to-date: C:/Users/82103/Documents/ros2_ws/install/my_interfaces_ysj/include/my_interfaces_ysj/srv/detail
[13.031s] -- Up-to-date: C:/Users/82103/Documents/ros2_ws/install/my_interfaces_ysj/include/my_interfaces_ysj/srv/detail/add_three_ints__rosidl_typesupport_introspection_c.h
[13.031s] -- Up-to-date: C:/Users/82103/Documents/ros2_ws/install/my_interfaces_ysj/include/my_interfaces_ysj/srv/detail/add_three_ints__type_support.c
[13.031s] -- Up-to-date: C:/Users/82103/Documents/ros2_ws/install/my_interfaces_ysj/lib/my_interfaces_ysj__rosidl_typesupport_introspection_c.lib
[13.031s] -- Up-to-date: C:/Users/82103/Documents/ros2_ws/install/my_interfaces_ysj/bin/my_interfaces_ysj__rosidl_typesupport_introspection_c.dll
[13.047s] -- Up-to-date: C:/Users/82103/Documents/ros2_ws/install/my_interfaces_ysj/lib/my_interfaces_ysj__rosidl_typesupport_c.lib
[13.047s] -- Up-to-date: C:/Users/82103/Documents/ros2_ws/install/my_interfaces_ysj/bin/my_interfaces_ysj__rosidl_typesupport_c.dll
[13.047s] -- Up-to-date: C:/Users/82103/Documents/ros2_ws/install/my_interfaces_ysj/include/my_interfaces_ysj
[13.047s] -- Up-to-date: C:/Users/82103/Documents/ros2_ws/install/my_interfaces_ysj/include/my_interfaces_ysj/action
[13.047s] -- Up-to-date: C:/Users/82103/Documents/ros2_ws/install/my_interfaces_ysj/include/my_interfaces_ysj/action/detail
[13.047s] -- Up-to-date: C:/Users/82103/Documents/ros2_ws/install/my_interfaces_ysj/include/my_interfaces_ysj/action/detail/fibonacci__builder.hpp
[13.047s] -- Up-to-date: C:/Users/82103/Documents/ros2_ws/install/my_interfaces_ysj/include/my_interfaces_ysj/action/detail/fibonacci__struct.hpp
[13.047s] -- Up-to-date: C:/Users/82103/Documents/ros2_ws/install/my_interfaces_ysj/include/my_interfaces_ysj/action/detail/fibonacci__traits.hpp
[13.047s] -- Up-to-date: C:/Users/82103/Documents/ros2_ws/install/my_interfaces_ysj/include/my_interfaces_ysj/action/fibonacci.hpp
[13.047s] -- Up-to-date: C:/Users/82103/Documents/ros2_ws/install/my_interfaces_ysj/include/my_interfaces_ysj/msg
[13.047s] -- Up-to-date: C:/Users/82103/Documents/ros2_ws/install/my_interfaces_ysj/include/my_interfaces_ysj/msg/detail
[13.047s] -- Up-to-date: C:/Users/82103/Documents/ros2_ws/install/my_interfaces_ysj/include/my_interfaces_ysj/msg/detail/temp__builder.hpp
[13.047s] -- Up-to-date: C:/Users/82103/Documents/ros2_ws/install/my_interfaces_ysj/include/my_interfaces_ysj/msg/detail/temp__struct.hpp
[13.047s] -- Up-to-date: C:/Users/82103/Documents/ros2_ws/install/my_interfaces_ysj/include/my_interfaces_ysj/msg/detail/temp__traits.hpp
[13.063s] -- Up-to-date: C:/Users/82103/Documents/ros2_ws/install/my_interfaces_ysj/include/my_interfaces_ysj/msg/temp.hpp
[13.063s] -- Up-to-date: C:/Users/82103/Documents/ros2_ws/install/my_interfaces_ysj/include/my_interfaces_ysj/srv
[13.063s] -- Up-to-date: C:/Users/82103/Documents/ros2_ws/install/my_interfaces_ysj/include/my_interfaces_ysj/srv/add_three_ints.hpp
[13.063s] -- Up-to-date: C:/Users/82103/Documents/ros2_ws/install/my_interfaces_ysj/include/my_interfaces_ysj/srv/detail
[13.063s] -- Up-to-date: C:/Users/82103/Documents/ros2_ws/install/my_interfaces_ysj/include/my_interfaces_ysj/srv/detail/add_three_ints__builder.hpp
[13.063s] -- Up-to-date: C:/Users/82103/Documents/ros2_ws/install/my_interfaces_ysj/include/my_interfaces_ysj/srv/detail/add_three_ints__struct.hpp
[13.063s] -- Up-to-date: C:/Users/82103/Documents/ros2_ws/install/my_interfaces_ysj/include/my_interfaces_ysj/srv/detail/add_three_ints__traits.hpp
[13.063s] -- Up-to-date: C:/Users/82103/Documents/ros2_ws/install/my_interfaces_ysj/include/my_interfaces_ysj
[13.063s] -- Up-to-date: C:/Users/82103/Documents/ros2_ws/install/my_interfaces_ysj/include/my_interfaces_ysj/action
[13.063s] -- Up-to-date: C:/Users/82103/Documents/ros2_ws/install/my_interfaces_ysj/include/my_interfaces_ysj/action/detail
[13.063s] -- Up-to-date: C:/Users/82103/Documents/ros2_ws/install/my_interfaces_ysj/include/my_interfaces_ysj/action/detail/fibonacci__rosidl_typesupport_introspection_cpp.hpp
[13.063s] -- Up-to-date: C:/Users/82103/Documents/ros2_ws/install/my_interfaces_ysj/include/my_interfaces_ysj/action/detail/fibonacci__type_support.cpp
[13.063s] -- Up-to-date: C:/Users/82103/Documents/ros2_ws/install/my_interfaces_ysj/include/my_interfaces_ysj/msg
[13.063s] -- Up-to-date: C:/Users/82103/Documents/ros2_ws/install/my_interfaces_ysj/include/my_interfaces_ysj/msg/detail
[13.063s] -- Up-to-date: C:/Users/82103/Documents/ros2_ws/install/my_interfaces_ysj/include/my_interfaces_ysj/msg/detail/temp__rosidl_typesupport_introspection_cpp.hpp
[13.063s] -- Up-to-date: C:/Users/82103/Documents/ros2_ws/install/my_interfaces_ysj/include/my_interfaces_ysj/msg/detail/temp__type_support.cpp
[13.063s] -- Up-to-date: C:/Users/82103/Documents/ros2_ws/install/my_interfaces_ysj/include/my_interfaces_ysj/srv
[13.078s] -- Up-to-date: C:/Users/82103/Documents/ros2_ws/install/my_interfaces_ysj/include/my_interfaces_ysj/srv/detail
[13.078s] -- Up-to-date: C:/Users/82103/Documents/ros2_ws/install/my_interfaces_ysj/include/my_interfaces_ysj/srv/detail/add_three_ints__rosidl_typesupport_introspection_cpp.hpp
[13.078s] -- Up-to-date: C:/Users/82103/Documents/ros2_ws/install/my_interfaces_ysj/include/my_interfaces_ysj/srv/detail/add_three_ints__type_support.cpp
[13.078s] -- Up-to-date: C:/Users/82103/Documents/ros2_ws/install/my_interfaces_ysj/lib/my_interfaces_ysj__rosidl_typesupport_introspection_cpp.lib
[13.078s] -- Up-to-date: C:/Users/82103/Documents/ros2_ws/install/my_interfaces_ysj/bin/my_interfaces_ysj__rosidl_typesupport_introspection_cpp.dll
[13.078s] -- Up-to-date: C:/Users/82103/Documents/ros2_ws/install/my_interfaces_ysj/lib/my_interfaces_ysj__rosidl_typesupport_cpp.lib
[13.078s] -- Up-to-date: C:/Users/82103/Documents/ros2_ws/install/my_interfaces_ysj/bin/my_interfaces_ysj__rosidl_typesupport_cpp.dll
[13.078s] -- Up-to-date: C:/Users/82103/Documents/ros2_ws/install/my_interfaces_ysj/share/my_interfaces_ysj/environment/pythonpath.bat
[13.078s] -- Installing: C:/Users/82103/Documents/ros2_ws/install/my_interfaces_ysj/share/my_interfaces_ysj/environment/pythonpath.dsv
[13.094s] -- Installing: C:/Users/82103/Documents/ros2_ws/install/my_interfaces_ysj/Lib/site-packages/my_interfaces_ysj/__init__.py
[13.266s] Compiling 'C:/Users/82103/Documents/ros2_ws/install/my_interfaces_ysj/Lib/site-packages/my_interfaces_ysj/__init__.py'...
[13.266s] -- Up-to-date: C:/Users/82103/Documents/ros2_ws/install/my_interfaces_ysj/Lib/site-packages/my_interfaces_ysj/srv
[13.266s] -- Up-to-date: C:/Users/82103/Documents/ros2_ws/install/my_interfaces_ysj/Lib/site-packages/my_interfaces_ysj/srv/_add_three_ints.py
[13.266s] -- Up-to-date: C:/Users/82103/Documents/ros2_ws/install/my_interfaces_ysj/Lib/site-packages/my_interfaces_ysj/srv/_add_three_ints_s.c
[13.266s] -- Up-to-date: C:/Users/82103/Documents/ros2_ws/install/my_interfaces_ysj/Lib/site-packages/my_interfaces_ysj/srv/__init__.py
[13.266s] -- Up-to-date: C:/Users/82103/Documents/ros2_ws/install/my_interfaces_ysj/Lib/site-packages/my_interfaces_ysj/msg
[13.281s] -- Up-to-date: C:/Users/82103/Documents/ros2_ws/install/my_interfaces_ysj/Lib/site-packages/my_interfaces_ysj/msg/_temp.py
[13.281s] -- Up-to-date: C:/Users/82103/Documents/ros2_ws/install/my_interfaces_ysj/Lib/site-packages/my_interfaces_ysj/msg/_temp_s.c
[13.281s] -- Up-to-date: C:/Users/82103/Documents/ros2_ws/install/my_interfaces_ysj/Lib/site-packages/my_interfaces_ysj/msg/__init__.py
[13.281s] -- Up-to-date: C:/Users/82103/Documents/ros2_ws/install/my_interfaces_ysj/Lib/site-packages/my_interfaces_ysj/action
[13.281s] -- Up-to-date: C:/Users/82103/Documents/ros2_ws/install/my_interfaces_ysj/Lib/site-packages/my_interfaces_ysj/action/_fibonacci.py
[13.281s] -- Up-to-date: C:/Users/82103/Documents/ros2_ws/install/my_interfaces_ysj/Lib/site-packages/my_interfaces_ysj/action/_fibonacci_s.c
[13.281s] -- Up-to-date: C:/Users/82103/Documents/ros2_ws/install/my_interfaces_ysj/Lib/site-packages/my_interfaces_ysj/action/__init__.py
[13.281s] -- Up-to-date: C:/Users/82103/Documents/ros2_ws/install/my_interfaces_ysj/Lib/site-packages/my_interfaces_ysj/my_interfaces_ysj_s__rosidl_typesupport_fastrtps_c.lib
[13.281s] -- Up-to-date: C:/Users/82103/Documents/ros2_ws/install/my_interfaces_ysj/Lib/site-packages/my_interfaces_ysj/my_interfaces_ysj_s__rosidl_typesupport_fastrtps_c.pyd
[13.281s] -- Up-to-date: C:/Users/82103/Documents/ros2_ws/install/my_interfaces_ysj/Lib/site-packages/my_interfaces_ysj/my_interfaces_ysj_s__rosidl_typesupport_introspection_c.lib
[13.281s] -- Up-to-date: C:/Users/82103/Documents/ros2_ws/install/my_interfaces_ysj/Lib/site-packages/my_interfaces_ysj/my_interfaces_ysj_s__rosidl_typesupport_introspection_c.pyd
[13.297s] -- Up-to-date: C:/Users/82103/Documents/ros2_ws/install/my_interfaces_ysj/Lib/site-packages/my_interfaces_ysj/my_interfaces_ysj_s__rosidl_typesupport_c.lib
[13.297s] -- Up-to-date: C:/Users/82103/Documents/ros2_ws/install/my_interfaces_ysj/Lib/site-packages/my_interfaces_ysj/my_interfaces_ysj_s__rosidl_typesupport_c.pyd
[13.297s] -- Up-to-date: C:/Users/82103/Documents/ros2_ws/install/my_interfaces_ysj/lib/my_interfaces_ysj__python.lib
[13.297s] -- Up-to-date: C:/Users/82103/Documents/ros2_ws/install/my_interfaces_ysj/bin/my_interfaces_ysj__python.dll
[13.297s] -- Up-to-date: C:/Users/82103/Documents/ros2_ws/install/my_interfaces_ysj/share/my_interfaces_ysj/srv/AddThreeInts.idl
[13.297s] -- Up-to-date: C:/Users/82103/Documents/ros2_ws/install/my_interfaces_ysj/share/my_interfaces_ysj/msg/Temp.idl
[13.297s] -- Up-to-date: C:/Users/82103/Documents/ros2_ws/install/my_interfaces_ysj/share/my_interfaces_ysj/action/Fibonacci.idl
[13.297s] -- Up-to-date: C:/Users/82103/Documents/ros2_ws/install/my_interfaces_ysj/share/my_interfaces_ysj/srv/AddThreeInts.srv
[13.297s] -- Up-to-date: C:/Users/82103/Documents/ros2_ws/install/my_interfaces_ysj/share/my_interfaces_ysj/srv/AddThreeInts_Request.msg
[13.297s] -- Up-to-date: C:/Users/82103/Documents/ros2_ws/install/my_interfaces_ysj/share/my_interfaces_ysj/srv/AddThreeInts_Response.msg
[13.297s] -- Up-to-date: C:/Users/82103/Documents/ros2_ws/install/my_interfaces_ysj/share/my_interfaces_ysj/msg/Temp.msg
[13.297s] -- Up-to-date: C:/Users/82103/Documents/ros2_ws/install/my_interfaces_ysj/share/my_interfaces_ysj/action/Fibonacci.action
[13.297s] -- Up-to-date: C:/Users/82103/Documents/ros2_ws/install/my_interfaces_ysj/share/ament_index/resource_index/package_run_dependencies/my_interfaces_ysj
[13.313s] -- Up-to-date: C:/Users/82103/Documents/ros2_ws/install/my_interfaces_ysj/share/ament_index/resource_index/parent_prefix_path/my_interfaces_ysj
[13.313s] -- Up-to-date: C:/Users/82103/Documents/ros2_ws/install/my_interfaces_ysj/share/my_interfaces_ysj/environment/ament_prefix_path.bat
[13.313s] -- Installing: C:/Users/82103/Documents/ros2_ws/install/my_interfaces_ysj/share/my_interfaces_ysj/environment/ament_prefix_path.dsv
[13.313s] -- Up-to-date: C:/Users/82103/Documents/ros2_ws/install/my_interfaces_ysj/share/my_interfaces_ysj/environment/path.bat
[13.313s] -- Installing: C:/Users/82103/Documents/ros2_ws/install/my_interfaces_ysj/share/my_interfaces_ysj/environment/path.dsv
[13.313s] -- Up-to-date: C:/Users/82103/Documents/ros2_ws/install/my_interfaces_ysj/share/my_interfaces_ysj/local_setup.bat
[13.313s] -- Installing: C:/Users/82103/Documents/ros2_ws/install/my_interfaces_ysj/share/my_interfaces_ysj/local_setup.dsv
[13.328s] -- Installing: C:/Users/82103/Documents/ros2_ws/install/my_interfaces_ysj/share/my_interfaces_ysj/package.dsv
[13.328s] -- Up-to-date: C:/Users/82103/Documents/ros2_ws/install/my_interfaces_ysj/share/ament_index/resource_index/packages/my_interfaces_ysj
[13.328s] -- Up-to-date: C:/Users/82103/Documents/ros2_ws/install/my_interfaces_ysj/share/my_interfaces_ysj/cmake/my_interfaces_ysj__rosidl_generator_cExport.cmake
[13.344s] -- Installing: C:/Users/82103/Documents/ros2_ws/install/my_interfaces_ysj/share/my_interfaces_ysj/cmake/my_interfaces_ysj__rosidl_generator_cExport-release.cmake
[13.344s] -- Up-to-date: C:/Users/82103/Documents/ros2_ws/install/my_interfaces_ysj/share/my_interfaces_ysj/cmake/my_interfaces_ysj__rosidl_typesupport_introspection_cExport.cmake
[13.344s] -- Installing: C:/Users/82103/Documents/ros2_ws/install/my_interfaces_ysj/share/my_interfaces_ysj/cmake/my_interfaces_ysj__rosidl_typesupport_introspection_cExport-release.cmake
[13.344s] -- Up-to-date: C:/Users/82103/Documents/ros2_ws/install/my_interfaces_ysj/share/my_interfaces_ysj/cmake/my_interfaces_ysj__rosidl_typesupport_cExport.cmake
[13.360s] -- Installing: C:/Users/82103/Documents/ros2_ws/install/my_interfaces_ysj/share/my_interfaces_ysj/cmake/my_interfaces_ysj__rosidl_typesupport_cExport-release.cmake
[13.360s] -- Up-to-date: C:/Users/82103/Documents/ros2_ws/install/my_interfaces_ysj/share/my_interfaces_ysj/cmake/my_interfaces_ysj__rosidl_generator_cppExport.cmake
[13.360s] -- Up-to-date: C:/Users/82103/Documents/ros2_ws/install/my_interfaces_ysj/share/my_interfaces_ysj/cmake/my_interfaces_ysj__rosidl_typesupport_introspection_cppExport.cmake
[13.360s] -- Installing: C:/Users/82103/Documents/ros2_ws/install/my_interfaces_ysj/share/my_interfaces_ysj/cmake/my_interfaces_ysj__rosidl_typesupport_introspection_cppExport-release.cmake
[13.360s] -- Up-to-date: C:/Users/82103/Documents/ros2_ws/install/my_interfaces_ysj/share/my_interfaces_ysj/cmake/my_interfaces_ysj__rosidl_typesupport_cppExport.cmake
[13.375s] -- Installing: C:/Users/82103/Documents/ros2_ws/install/my_interfaces_ysj/share/my_interfaces_ysj/cmake/my_interfaces_ysj__rosidl_typesupport_cppExport-release.cmake
[13.375s] -- Up-to-date: C:/Users/82103/Documents/ros2_ws/install/my_interfaces_ysj/share/my_interfaces_ysj/cmake/rosidl_cmake-extras.cmake
[13.375s] -- Up-to-date: C:/Users/82103/Documents/ros2_ws/install/my_interfaces_ysj/share/my_interfaces_ysj/cmake/ament_cmake_export_dependencies-extras.cmake
[13.375s] -- Up-to-date: C:/Users/82103/Documents/ros2_ws/install/my_interfaces_ysj/share/my_interfaces_ysj/cmake/ament_cmake_export_libraries-extras.cmake
[13.375s] -- Up-to-date: C:/Users/82103/Documents/ros2_ws/install/my_interfaces_ysj/share/my_interfaces_ysj/cmake/ament_cmake_export_targets-extras.cmake
[13.375s] -- Up-to-date: C:/Users/82103/Documents/ros2_ws/install/my_interfaces_ysj/share/my_interfaces_ysj/cmake/ament_cmake_export_include_directories-extras.cmake
[13.375s] -- Up-to-date: C:/Users/82103/Documents/ros2_ws/install/my_interfaces_ysj/share/my_interfaces_ysj/cmake/rosidl_cmake_export_typesupport_libraries-extras.cmake
[13.375s] -- Up-to-date: C:/Users/82103/Documents/ros2_ws/install/my_interfaces_ysj/share/my_interfaces_ysj/cmake/rosidl_cmake_export_typesupport_targets-extras.cmake
[13.375s] -- Up-to-date: C:/Users/82103/Documents/ros2_ws/install/my_interfaces_ysj/share/my_interfaces_ysj/cmake/my_interfaces_ysjConfig.cmake
[13.375s] -- Up-to-date: C:/Users/82103/Documents/ros2_ws/install/my_interfaces_ysj/share/my_interfaces_ysj/cmake/my_interfaces_ysjConfig-version.cmake
[13.391s] -- Up-to-date: C:/Users/82103/Documents/ros2_ws/install/my_interfaces_ysj/share/my_interfaces_ysj/package.xml
[13.391s] Invoked command in 'c:\Users\82103\Documents\ros2_ws\build\my_interfaces_ysj' returned '0': CMAKE_PREFIX_PATH=%CMAKE_PREFIX_PATH%;c:\Users\82103\Documents\ros2_ws\install\webots_ros2;c:\Users\82103\Documents\ros2_ws\install\webots_ros2_demos;c:\Users\82103\Documents\ros2_ws\install\webots_ros2_universal_robot;c:\Users\82103\Documents\ros2_ws\install\webots_ros2_ur_e_description;c:\Users\82103\Documents\ros2_ws\install\webots_ros2_tutorials;c:\Users\82103\Documents\ros2_ws\install\webots_ros2_turtlebot;c:\Users\82103\Documents\ros2_ws\install\webots_ros2_tiago;c:\Users\82103\Documents\ros2_ws\install\webots_ros2_examples;c:\Users\82103\Documents\ros2_ws\install\webots_ros2_epuck;c:\Users\82103\Documents\ros2_ws\install\webots_ros2_abb;c:\Users\82103\Documents\ros2_ws\install\webots_ros2_core;c:\Users\82103\Documents\ros2_ws\install\webots_ros2_importer;c:\Users\82103\Documents\ros2_ws\install\test_package_ysj;c:\Users\82103\Documents\ros2_ws\install\test_launch C:\Program Files\CMake\bin\cmake.EXE --install c:\Users\82103\Documents\ros2_ws\build\my_interfaces_ysj --config Release
