[3.984s] Invoking command in 'c:\Users\82103\Documents\ros2_ws\webots_ros2\webots_ros2_ur_e_description': PYTHONPATH=c:\Users\82103\Documents\ros2_ws\install\webots_ros2_ur_e_description\Lib\site-packages;%PYTHONPATH% c:\python38\python.exe setup.py egg_info --egg-base ..\..\build\webots_ros2_ur_e_description build --build-base c:\Users\82103\Documents\ros2_ws\build\webots_ros2_ur_e_description\build install --prefix c:\Users\82103\Documents\ros2_ws\install\webots_ros2_ur_e_description --record c:\Users\82103\Documents\ros2_ws\build\webots_ros2_ur_e_description\install.log --single-version-externally-managed
[5.297s] running egg_info
[5.297s] writing ..\..\build\webots_ros2_ur_e_description\webots_ros2_ur_e_description.egg-info\PKG-INFO
[5.312s] writing dependency_links to ..\..\build\webots_ros2_ur_e_description\webots_ros2_ur_e_description.egg-info\dependency_links.txt
[5.312s] writing entry points to ..\..\build\webots_ros2_ur_e_description\webots_ros2_ur_e_description.egg-info\entry_points.txt
[5.312s] writing requirements to ..\..\build\webots_ros2_ur_e_description\webots_ros2_ur_e_description.egg-info\requires.txt
[5.312s] writing top-level names to ..\..\build\webots_ros2_ur_e_description\webots_ros2_ur_e_description.egg-info\top_level.txt
[5.390s] reading manifest file '..\..\build\webots_ros2_ur_e_description\webots_ros2_ur_e_description.egg-info\SOURCES.txt'
[5.422s] writing manifest file '..\..\build\webots_ros2_ur_e_description\webots_ros2_ur_e_description.egg-info\SOURCES.txt'
[5.422s] running build
[5.422s] running build_py
[5.422s] running install
[5.422s] running install_lib
[5.437s] running install_data
[5.515s] running install_egg_info
[5.547s] removing 'c:\Users\82103\Documents\ros2_ws\install\webots_ros2_ur_e_description\Lib\site-packages\webots_ros2_ur_e_description-1.0.3-py3.8.egg-info' (and everything under it)
[5.562s] Copying ..\..\build\webots_ros2_ur_e_description\webots_ros2_ur_e_description.egg-info to c:\Users\82103\Documents\ros2_ws\install\webots_ros2_ur_e_description\Lib\site-packages\webots_ros2_ur_e_description-1.0.3-py3.8.egg-info
[5.609s] running install_scripts
[5.875s] writing list of installed files to 'c:\Users\82103\Documents\ros2_ws\build\webots_ros2_ur_e_description\install.log'
[5.937s] Invoked command in 'c:\Users\82103\Documents\ros2_ws\webots_ros2\webots_ros2_ur_e_description' returned '0': PYTHONPATH=c:\Users\82103\Documents\ros2_ws\install\webots_ros2_ur_e_description\Lib\site-packages;%PYTHONPATH% c:\python38\python.exe setup.py egg_info --egg-base ..\..\build\webots_ros2_ur_e_description build --build-base c:\Users\82103\Documents\ros2_ws\build\webots_ros2_ur_e_description\build install --prefix c:\Users\82103\Documents\ros2_ws\install\webots_ros2_ur_e_description --record c:\Users\82103\Documents\ros2_ws\build\webots_ros2_ur_e_description\install.log --single-version-externally-managed
