[5.094s] Invoking command in 'c:\Users\82103\Documents\ros2_ws\webots_ros2\webots_ros2_ur_e_description': PYTHONPATH=c:\Users\82103\Documents\ros2_ws\install\webots_ros2_ur_e_description\Lib\site-packages;%PYTHONPATH% c:\python38\python.exe setup.py egg_info --egg-base ..\..\build\webots_ros2_ur_e_description build --build-base c:\Users\82103\Documents\ros2_ws\build\webots_ros2_ur_e_description\build install --prefix c:\Users\82103\Documents\ros2_ws\install\webots_ros2_ur_e_description --record c:\Users\82103\Documents\ros2_ws\build\webots_ros2_ur_e_description\install.log --single-version-externally-managed
[6.110s] running egg_info
[6.110s] writing ..\..\build\webots_ros2_ur_e_description\webots_ros2_ur_e_description.egg-info\PKG-INFO
[6.110s] writing dependency_links to ..\..\build\webots_ros2_ur_e_description\webots_ros2_ur_e_description.egg-info\dependency_links.txt
[6.110s] writing entry points to ..\..\build\webots_ros2_ur_e_description\webots_ros2_ur_e_description.egg-info\entry_points.txt
[6.110s] writing requirements to ..\..\build\webots_ros2_ur_e_description\webots_ros2_ur_e_description.egg-info\requires.txt
[6.110s] writing top-level names to ..\..\build\webots_ros2_ur_e_description\webots_ros2_ur_e_description.egg-info\top_level.txt
[6.188s] reading manifest file '..\..\build\webots_ros2_ur_e_description\webots_ros2_ur_e_description.egg-info\SOURCES.txt'
[6.219s] writing manifest file '..\..\build\webots_ros2_ur_e_description\webots_ros2_ur_e_description.egg-info\SOURCES.txt'
[6.219s] running build
[6.219s] running build_py
[6.219s] running install
[6.219s] running install_lib
[6.235s] running install_data
[6.297s] running install_egg_info
[6.313s] removing 'c:\Users\82103\Documents\ros2_ws\install\webots_ros2_ur_e_description\Lib\site-packages\webots_ros2_ur_e_description-1.0.3-py3.8.egg-info' (and everything under it)
[6.313s] Copying ..\..\build\webots_ros2_ur_e_description\webots_ros2_ur_e_description.egg-info to c:\Users\82103\Documents\ros2_ws\install\webots_ros2_ur_e_description\Lib\site-packages\webots_ros2_ur_e_description-1.0.3-py3.8.egg-info
[6.360s] running install_scripts
[6.500s] writing list of installed files to 'c:\Users\82103\Documents\ros2_ws\build\webots_ros2_ur_e_description\install.log'
[6.547s] Invoked command in 'c:\Users\82103\Documents\ros2_ws\webots_ros2\webots_ros2_ur_e_description' returned '0': PYTHONPATH=c:\Users\82103\Documents\ros2_ws\install\webots_ros2_ur_e_description\Lib\site-packages;%PYTHONPATH% c:\python38\python.exe setup.py egg_info --egg-base ..\..\build\webots_ros2_ur_e_description build --build-base c:\Users\82103\Documents\ros2_ws\build\webots_ros2_ur_e_description\build install --prefix c:\Users\82103\Documents\ros2_ws\install\webots_ros2_ur_e_description --record c:\Users\82103\Documents\ros2_ws\build\webots_ros2_ur_e_description\install.log --single-version-externally-managed
