running egg_info
creating ..\..\build\webots_ros2_epuck\webots_ros2_epuck.egg-info
writing ..\..\build\webots_ros2_epuck\webots_ros2_epuck.egg-info\PKG-INFO
writing dependency_links to ..\..\build\webots_ros2_epuck\webots_ros2_epuck.egg-info\dependency_links.txt
writing entry points to ..\..\build\webots_ros2_epuck\webots_ros2_epuck.egg-info\entry_points.txt
writing requirements to ..\..\build\webots_ros2_epuck\webots_ros2_epuck.egg-info\requires.txt
writing top-level names to ..\..\build\webots_ros2_epuck\webots_ros2_epuck.egg-info\top_level.txt
writing manifest file '..\..\build\webots_ros2_epuck\webots_ros2_epuck.egg-info\SOURCES.txt'
reading manifest file '..\..\build\webots_ros2_epuck\webots_ros2_epuck.egg-info\SOURCES.txt'
writing manifest file '..\..\build\webots_ros2_epuck\webots_ros2_epuck.egg-info\SOURCES.txt'
running build
running build_py
creating c:\Users\82103\Documents\ros2_ws\build\webots_ros2_epuck\build
creating c:\Users\82103\Documents\ros2_ws\build\webots_ros2_epuck\build\lib
creating c:\Users\82103\Documents\ros2_ws\build\webots_ros2_epuck\build\lib\webots_ros2_epuck
copying webots_ros2_epuck\driver.py -> c:\Users\82103\Documents\ros2_ws\build\webots_ros2_epuck\build\lib\webots_ros2_epuck
copying webots_ros2_epuck\drive_calibrator.py -> c:\Users\82103\Documents\ros2_ws\build\webots_ros2_epuck\build\lib\webots_ros2_epuck
copying webots_ros2_epuck\simple_mapper.py -> c:\Users\82103\Documents\ros2_ws\build\webots_ros2_epuck\build\lib\webots_ros2_epuck
copying webots_ros2_epuck\__init__.py -> c:\Users\82103\Documents\ros2_ws\build\webots_ros2_epuck\build\lib\webots_ros2_epuck
running install
running install_lib
creating c:\Users\82103\Documents\ros2_ws\install\webots_ros2_epuck\Lib\site-packages\webots_ros2_epuck
copying c:\Users\82103\Documents\ros2_ws\build\webots_ros2_epuck\build\lib\webots_ros2_epuck\driver.py -> c:\Users\82103\Documents\ros2_ws\install\webots_ros2_epuck\Lib\site-packages\webots_ros2_epuck
copying c:\Users\82103\Documents\ros2_ws\build\webots_ros2_epuck\build\lib\webots_ros2_epuck\drive_calibrator.py -> c:\Users\82103\Documents\ros2_ws\install\webots_ros2_epuck\Lib\site-packages\webots_ros2_epuck
copying c:\Users\82103\Documents\ros2_ws\build\webots_ros2_epuck\build\lib\webots_ros2_epuck\simple_mapper.py -> c:\Users\82103\Documents\ros2_ws\install\webots_ros2_epuck\Lib\site-packages\webots_ros2_epuck
copying c:\Users\82103\Documents\ros2_ws\build\webots_ros2_epuck\build\lib\webots_ros2_epuck\__init__.py -> c:\Users\82103\Documents\ros2_ws\install\webots_ros2_epuck\Lib\site-packages\webots_ros2_epuck
byte-compiling c:\Users\82103\Documents\ros2_ws\install\webots_ros2_epuck\Lib\site-packages\webots_ros2_epuck\driver.py to driver.cpython-38.pyc
byte-compiling c:\Users\82103\Documents\ros2_ws\install\webots_ros2_epuck\Lib\site-packages\webots_ros2_epuck\drive_calibrator.py to drive_calibrator.cpython-38.pyc
byte-compiling c:\Users\82103\Documents\ros2_ws\install\webots_ros2_epuck\Lib\site-packages\webots_ros2_epuck\simple_mapper.py to simple_mapper.cpython-38.pyc
byte-compiling c:\Users\82103\Documents\ros2_ws\install\webots_ros2_epuck\Lib\site-packages\webots_ros2_epuck\__init__.py to __init__.cpython-38.pyc
running install_data
creating c:\Users\82103\Documents\ros2_ws\install\webots_ros2_epuck\share\ament_index
creating c:\Users\82103\Documents\ros2_ws\install\webots_ros2_epuck\share\ament_index\resource_index
creating c:\Users\82103\Documents\ros2_ws\install\webots_ros2_epuck\share\ament_index\resource_index\packages
copying resource\webots_ros2_epuck -> c:\Users\82103\Documents\ros2_ws\install\webots_ros2_epuck\share\ament_index\resource_index\packages
copying launch\robot_launch.py -> c:\Users\82103\Documents\ros2_ws\install\webots_ros2_epuck\share\webots_ros2_epuck
copying launch\robot_tools_launch.py -> c:\Users\82103\Documents\ros2_ws\install\webots_ros2_epuck\share\webots_ros2_epuck
copying launch\robot_with_tools_launch.py -> c:\Users\82103\Documents\ros2_ws\install\webots_ros2_epuck\share\webots_ros2_epuck
copying launch\rats_life_launch.py -> c:\Users\82103\Documents\ros2_ws\install\webots_ros2_epuck\share\webots_ros2_epuck
copying launch\rats_life_waypoints_launch.py -> c:\Users\82103\Documents\ros2_ws\install\webots_ros2_epuck\share\webots_ros2_epuck
creating c:\Users\82103\Documents\ros2_ws\install\webots_ros2_epuck\share\webots_ros2_epuck\worlds
copying worlds\epuck_world.wbt -> c:\Users\82103\Documents\ros2_ws\install\webots_ros2_epuck\share\webots_ros2_epuck\worlds
copying worlds\.epuck_world.wbproj -> c:\Users\82103\Documents\ros2_ws\install\webots_ros2_epuck\share\webots_ros2_epuck\worlds
copying worlds\rats_life_benchmark.wbt -> c:\Users\82103\Documents\ros2_ws\install\webots_ros2_epuck\share\webots_ros2_epuck\worlds
copying worlds\.rats_life_benchmark.wbproj -> c:\Users\82103\Documents\ros2_ws\install\webots_ros2_epuck\share\webots_ros2_epuck\worlds
creating c:\Users\82103\Documents\ros2_ws\install\webots_ros2_epuck\share\webots_ros2_epuck\protos
copying protos\E-puck_enu.proto -> c:\Users\82103\Documents\ros2_ws\install\webots_ros2_epuck\share\webots_ros2_epuck\protos
copying protos\E-puckDistanceSensor_enu.proto -> c:\Users\82103\Documents\ros2_ws\install\webots_ros2_epuck\share\webots_ros2_epuck\protos
copying protos\LegoTallInterval.proto -> c:\Users\82103\Documents\ros2_ws\install\webots_ros2_epuck\share\webots_ros2_epuck\protos
copying protos\LegoTallWall.proto -> c:\Users\82103\Documents\ros2_ws\install\webots_ros2_epuck\share\webots_ros2_epuck\protos
creating c:\Users\82103\Documents\ros2_ws\install\webots_ros2_epuck\share\webots_ros2_epuck\protos\icons
copying protos\icons\E-puck.png -> c:\Users\82103\Documents\ros2_ws\install\webots_ros2_epuck\share\webots_ros2_epuck\protos\icons
copying protos\icons\E-puckDistanceSensor.png -> c:\Users\82103\Documents\ros2_ws\install\webots_ros2_epuck\share\webots_ros2_epuck\protos\icons
copying protos\icons\E-puckGroundSensors.png -> c:\Users\82103\Documents\ros2_ws\install\webots_ros2_epuck\share\webots_ros2_epuck\protos\icons
creating c:\Users\82103\Documents\ros2_ws\install\webots_ros2_epuck\share\webots_ros2_epuck\protos\textures
copying protos\textures\e-puck1_plate_base_color.jpg -> c:\Users\82103\Documents\ros2_ws\install\webots_ros2_epuck\share\webots_ros2_epuck\protos\textures
copying protos\textures\e-puck1_plate_metalness.jpg -> c:\Users\82103\Documents\ros2_ws\install\webots_ros2_epuck\share\webots_ros2_epuck\protos\textures
copying protos\textures\e-puck1_plate_normal.jpg -> c:\Users\82103\Documents\ros2_ws\install\webots_ros2_epuck\share\webots_ros2_epuck\protos\textures
copying protos\textures\e-puck1_plate_occlusion.jpg -> c:\Users\82103\Documents\ros2_ws\install\webots_ros2_epuck\share\webots_ros2_epuck\protos\textures
copying protos\textures\e-puck1_plate_roughness.jpg -> c:\Users\82103\Documents\ros2_ws\install\webots_ros2_epuck\share\webots_ros2_epuck\protos\textures
copying protos\textures\e-puck1_turret_base_color.jpg -> c:\Users\82103\Documents\ros2_ws\install\webots_ros2_epuck\share\webots_ros2_epuck\protos\textures
copying protos\textures\e-puck1_turret_metalness.jpg -> c:\Users\82103\Documents\ros2_ws\install\webots_ros2_epuck\share\webots_ros2_epuck\protos\textures
copying protos\textures\e-puck1_turret_normal.jpg -> c:\Users\82103\Documents\ros2_ws\install\webots_ros2_epuck\share\webots_ros2_epuck\protos\textures
copying protos\textures\e-puck1_turret_occlusion.jpg -> c:\Users\82103\Documents\ros2_ws\install\webots_ros2_epuck\share\webots_ros2_epuck\protos\textures
copying protos\textures\e-puck1_turret_roughness.jpg -> c:\Users\82103\Documents\ros2_ws\install\webots_ros2_epuck\share\webots_ros2_epuck\protos\textures
copying protos\textures\e-puck2_plate.jpg -> c:\Users\82103\Documents\ros2_ws\install\webots_ros2_epuck\share\webots_ros2_epuck\protos\textures
copying protos\textures\e-puck2_plate_metalness.jpg -> c:\Users\82103\Documents\ros2_ws\install\webots_ros2_epuck\share\webots_ros2_epuck\protos\textures
copying protos\textures\e-puck2_plate_normal.jpg -> c:\Users\82103\Documents\ros2_ws\install\webots_ros2_epuck\share\webots_ros2_epuck\protos\textures
copying protos\textures\e-puck2_plate_occlusion.jpg -> c:\Users\82103\Documents\ros2_ws\install\webots_ros2_epuck\share\webots_ros2_epuck\protos\textures
copying protos\textures\e-puck2_plate_roughness.jpg -> c:\Users\82103\Documents\ros2_ws\install\webots_ros2_epuck\share\webots_ros2_epuck\protos\textures
copying protos\textures\gctronic_logo.png -> c:\Users\82103\Documents\ros2_ws\install\webots_ros2_epuck\share\webots_ros2_epuck\protos\textures
copying protos\textures\raspberry_pi_bottom.jpg -> c:\Users\82103\Documents\ros2_ws\install\webots_ros2_epuck\share\webots_ros2_epuck\protos\textures
copying protos\textures\raspberry_pi_top_base_color.jpg -> c:\Users\82103\Documents\ros2_ws\install\webots_ros2_epuck\share\webots_ros2_epuck\protos\textures
copying protos\textures\raspberry_pi_top_normal.jpg -> c:\Users\82103\Documents\ros2_ws\install\webots_ros2_epuck\share\webots_ros2_epuck\protos\textures
copying protos\textures\raspberry_pi_top_occlusion.jpg -> c:\Users\82103\Documents\ros2_ws\install\webots_ros2_epuck\share\webots_ros2_epuck\protos\textures
creating c:\Users\82103\Documents\ros2_ws\install\webots_ros2_epuck\share\webots_ros2_epuck\resource
copying resource\all.rviz -> c:\Users\82103\Documents\ros2_ws\install\webots_ros2_epuck\share\webots_ros2_epuck\resource
copying resource\nav2_params.yaml -> c:\Users\82103\Documents\ros2_ws\install\webots_ros2_epuck\share\webots_ros2_epuck\resource
copying resource\map_rats_life.pgm -> c:\Users\82103\Documents\ros2_ws\install\webots_ros2_epuck\share\webots_ros2_epuck\resource
copying resource\map_rats_life.yaml -> c:\Users\82103\Documents\ros2_ws\install\webots_ros2_epuck\share\webots_ros2_epuck\resource
copying resource\nav2_rats_life_waypoints.yaml -> c:\Users\82103\Documents\ros2_ws\install\webots_ros2_epuck\share\webots_ros2_epuck\resource
copying resource\epuck_world_map.pgm -> c:\Users\82103\Documents\ros2_ws\install\webots_ros2_epuck\share\webots_ros2_epuck\resource
copying resource\epuck_world_map.yaml -> c:\Users\82103\Documents\ros2_ws\install\webots_ros2_epuck\share\webots_ros2_epuck\resource
copying package.xml -> c:\Users\82103\Documents\ros2_ws\install\webots_ros2_epuck\share\webots_ros2_epuck
running install_egg_info
Copying ..\..\build\webots_ros2_epuck\webots_ros2_epuck.egg-info to c:\Users\82103\Documents\ros2_ws\install\webots_ros2_epuck\Lib\site-packages\webots_ros2_epuck-1.0.3-py3.8.egg-info
running install_scripts
Installing drive_calibrator-script.py script to c:\Users\82103\Documents\ros2_ws\install\webots_ros2_epuck\lib\webots_ros2_epuck
Installing drive_calibrator.exe script to c:\Users\82103\Documents\ros2_ws\install\webots_ros2_epuck\lib\webots_ros2_epuck
Installing driver-script.py script to c:\Users\82103\Documents\ros2_ws\install\webots_ros2_epuck\lib\webots_ros2_epuck
Installing driver.exe script to c:\Users\82103\Documents\ros2_ws\install\webots_ros2_epuck\lib\webots_ros2_epuck
Installing simple_mapper-script.py script to c:\Users\82103\Documents\ros2_ws\install\webots_ros2_epuck\lib\webots_ros2_epuck
Installing simple_mapper.exe script to c:\Users\82103\Documents\ros2_ws\install\webots_ros2_epuck\lib\webots_ros2_epuck
writing list of installed files to 'c:\Users\82103\Documents\ros2_ws\build\webots_ros2_epuck\install.log'
