running egg_info
creating ..\..\build\webots_ros2_tiago\webots_ros2_tiago.egg-info
writing ..\..\build\webots_ros2_tiago\webots_ros2_tiago.egg-info\PKG-INFO
writing dependency_links to ..\..\build\webots_ros2_tiago\webots_ros2_tiago.egg-info\dependency_links.txt
writing entry points to ..\..\build\webots_ros2_tiago\webots_ros2_tiago.egg-info\entry_points.txt
writing requirements to ..\..\build\webots_ros2_tiago\webots_ros2_tiago.egg-info\requires.txt
writing top-level names to ..\..\build\webots_ros2_tiago\webots_ros2_tiago.egg-info\top_level.txt
writing manifest file '..\..\build\webots_ros2_tiago\webots_ros2_tiago.egg-info\SOURCES.txt'
reading manifest file '..\..\build\webots_ros2_tiago\webots_ros2_tiago.egg-info\SOURCES.txt'
writing manifest file '..\..\build\webots_ros2_tiago\webots_ros2_tiago.egg-info\SOURCES.txt'
running build
running install
running install_data
creating c:\Users\82103\Documents\ros2_ws\install\webots_ros2_tiago\share\ament_index
creating c:\Users\82103\Documents\ros2_ws\install\webots_ros2_tiago\share\ament_index\resource_index
creating c:\Users\82103\Documents\ros2_ws\install\webots_ros2_tiago\share\ament_index\resource_index\packages
copying resource\webots_ros2_tiago -> c:\Users\82103\Documents\ros2_ws\install\webots_ros2_tiago\share\ament_index\resource_index\packages
copying launch\tiago.launch.py -> c:\Users\82103\Documents\ros2_ws\install\webots_ros2_tiago\share\webots_ros2_tiago
creating c:\Users\82103\Documents\ros2_ws\install\webots_ros2_tiago\share\webots_ros2_tiago\worlds
copying worlds\ros_tiago.wbt -> c:\Users\82103\Documents\ros2_ws\install\webots_ros2_tiago\share\webots_ros2_tiago\worlds
copying worlds\.ros_tiago.wbproj -> c:\Users\82103\Documents\ros2_ws\install\webots_ros2_tiago\share\webots_ros2_tiago\worlds
copying worlds\tiago++_example.wbt -> c:\Users\82103\Documents\ros2_ws\install\webots_ros2_tiago\share\webots_ros2_tiago\worlds
copying worlds\.tiago++_example.wbproj -> c:\Users\82103\Documents\ros2_ws\install\webots_ros2_tiago\share\webots_ros2_tiago\worlds
creating c:\Users\82103\Documents\ros2_ws\install\webots_ros2_tiago\share\webots_ros2_tiago\resource
copying resource\odometry.rviz -> c:\Users\82103\Documents\ros2_ws\install\webots_ros2_tiago\share\webots_ros2_tiago\resource
copying resource\tiago.yaml -> c:\Users\82103\Documents\ros2_ws\install\webots_ros2_tiago\share\webots_ros2_tiago\resource
copying package.xml -> c:\Users\82103\Documents\ros2_ws\install\webots_ros2_tiago\share\webots_ros2_tiago
running install_egg_info
Copying ..\..\build\webots_ros2_tiago\webots_ros2_tiago.egg-info to c:\Users\82103\Documents\ros2_ws\install\webots_ros2_tiago\Lib\site-packages\webots_ros2_tiago-1.0.3-py3.8.egg-info
running install_scripts
writing list of installed files to 'c:\Users\82103\Documents\ros2_ws\build\webots_ros2_tiago\install.log'
