[5.781s] Invoking command in 'c:\Users\82103\Documents\ros2_ws\webots_ros2\webots_ros2_importer': PYTHONPATH=c:\Users\82103\Documents\ros2_ws\install\webots_ros2_importer\Lib\site-packages;%PYTHONPATH% c:\python38\python.exe setup.py egg_info --egg-base ..\..\build\webots_ros2_importer build --build-base c:\Users\82103\Documents\ros2_ws\build\webots_ros2_importer\build install --prefix c:\Users\82103\Documents\ros2_ws\install\webots_ros2_importer --record c:\Users\82103\Documents\ros2_ws\build\webots_ros2_importer\install.log --single-version-externally-managed
[6.719s] running egg_info
[6.719s] writing ..\..\build\webots_ros2_importer\webots_ros2_importer.egg-info\PKG-INFO
[6.719s] writing dependency_links to ..\..\build\webots_ros2_importer\webots_ros2_importer.egg-info\dependency_links.txt
[6.734s] writing entry points to ..\..\build\webots_ros2_importer\webots_ros2_importer.egg-info\entry_points.txt
[6.734s] writing requirements to ..\..\build\webots_ros2_importer\webots_ros2_importer.egg-info\requires.txt
[6.734s] writing top-level names to ..\..\build\webots_ros2_importer\webots_ros2_importer.egg-info\top_level.txt
[6.828s] reading manifest file '..\..\build\webots_ros2_importer\webots_ros2_importer.egg-info\SOURCES.txt'
[6.859s] writing manifest file '..\..\build\webots_ros2_importer\webots_ros2_importer.egg-info\SOURCES.txt'
[6.859s] running build
[6.859s] running build_py
[6.875s] running install
[6.875s] running install_lib
[6.906s] running install_data
[6.906s] running install_egg_info
[6.922s] removing 'c:\Users\82103\Documents\ros2_ws\install\webots_ros2_importer\Lib\site-packages\webots_ros2_importer-1.0.3-py3.8.egg-info' (and everything under it)
[6.937s] Copying ..\..\build\webots_ros2_importer\webots_ros2_importer.egg-info to c:\Users\82103\Documents\ros2_ws\install\webots_ros2_importer\Lib\site-packages\webots_ros2_importer-1.0.3-py3.8.egg-info
[6.984s] running install_scripts
[7.062s] Installing urdf2proto-script.py script to c:\Users\82103\Documents\ros2_ws\install\webots_ros2_importer\lib\webots_ros2_importer
[7.062s] Installing urdf2proto.exe script to c:\Users\82103\Documents\ros2_ws\install\webots_ros2_importer\lib\webots_ros2_importer
[7.078s] Installing xacro2proto-script.py script to c:\Users\82103\Documents\ros2_ws\install\webots_ros2_importer\lib\webots_ros2_importer
[7.078s] Installing xacro2proto.exe script to c:\Users\82103\Documents\ros2_ws\install\webots_ros2_importer\lib\webots_ros2_importer
[7.078s] writing list of installed files to 'c:\Users\82103\Documents\ros2_ws\build\webots_ros2_importer\install.log'
[7.265s] Invoked command in 'c:\Users\82103\Documents\ros2_ws\webots_ros2\webots_ros2_importer' returned '0': PYTHONPATH=c:\Users\82103\Documents\ros2_ws\install\webots_ros2_importer\Lib\site-packages;%PYTHONPATH% c:\python38\python.exe setup.py egg_info --egg-base ..\..\build\webots_ros2_importer build --build-base c:\Users\82103\Documents\ros2_ws\build\webots_ros2_importer\build install --prefix c:\Users\82103\Documents\ros2_ws\install\webots_ros2_importer --record c:\Users\82103\Documents\ros2_ws\build\webots_ros2_importer\install.log --single-version-externally-managed
