[7.735s] Invoking command in 'c:\Users\82103\Documents\ros2_ws\webots_ros2\webots_ros2_ur_e_description': PYTHONPATH=c:\Users\82103\Documents\ros2_ws\install\webots_ros2_ur_e_description\Lib\site-packages;%PYTHONPATH% c:\python38\python.exe setup.py egg_info --egg-base ..\..\build\webots_ros2_ur_e_description build --build-base c:\Users\82103\Documents\ros2_ws\build\webots_ros2_ur_e_description\build install --prefix c:\Users\82103\Documents\ros2_ws\install\webots_ros2_ur_e_description --record c:\Users\82103\Documents\ros2_ws\build\webots_ros2_ur_e_description\install.log --single-version-externally-managed
[9.266s] running egg_info
[9.266s] writing ..\..\build\webots_ros2_ur_e_description\webots_ros2_ur_e_description.egg-info\PKG-INFO
[9.266s] writing dependency_links to ..\..\build\webots_ros2_ur_e_description\webots_ros2_ur_e_description.egg-info\dependency_links.txt
[9.282s] writing entry points to ..\..\build\webots_ros2_ur_e_description\webots_ros2_ur_e_description.egg-info\entry_points.txt
[9.282s] writing requirements to ..\..\build\webots_ros2_ur_e_description\webots_ros2_ur_e_description.egg-info\requires.txt
[9.282s] writing top-level names to ..\..\build\webots_ros2_ur_e_description\webots_ros2_ur_e_description.egg-info\top_level.txt
[9.375s] reading manifest file '..\..\build\webots_ros2_ur_e_description\webots_ros2_ur_e_description.egg-info\SOURCES.txt'
[9.422s] writing manifest file '..\..\build\webots_ros2_ur_e_description\webots_ros2_ur_e_description.egg-info\SOURCES.txt'
[9.422s] running build
[9.422s] running build_py
[9.422s] running install
[9.422s] running install_lib
[9.438s] running install_data
[9.516s] running install_egg_info
[9.532s] removing 'c:\Users\82103\Documents\ros2_ws\install\webots_ros2_ur_e_description\Lib\site-packages\webots_ros2_ur_e_description-1.0.3-py3.8.egg-info' (and everything under it)
[9.547s] Copying ..\..\build\webots_ros2_ur_e_description\webots_ros2_ur_e_description.egg-info to c:\Users\82103\Documents\ros2_ws\install\webots_ros2_ur_e_description\Lib\site-packages\webots_ros2_ur_e_description-1.0.3-py3.8.egg-info
[9.594s] running install_scripts
[9.829s] writing list of installed files to 'c:\Users\82103\Documents\ros2_ws\build\webots_ros2_ur_e_description\install.log'
[9.829s] Invoked command in 'c:\Users\82103\Documents\ros2_ws\webots_ros2\webots_ros2_ur_e_description' returned '0': PYTHONPATH=c:\Users\82103\Documents\ros2_ws\install\webots_ros2_ur_e_description\Lib\site-packages;%PYTHONPATH% c:\python38\python.exe setup.py egg_info --egg-base ..\..\build\webots_ros2_ur_e_description build --build-base c:\Users\82103\Documents\ros2_ws\build\webots_ros2_ur_e_description\build install --prefix c:\Users\82103\Documents\ros2_ws\install\webots_ros2_ur_e_description --record c:\Users\82103\Documents\ros2_ws\build\webots_ros2_ur_e_description\install.log --single-version-externally-managed
