c:\Users\82103\Documents\ros2_ws\install\webots_ros2_universal_robot\share\ament_index\resource_index\packages\webots_ros2_universal_robot
c:\Users\82103\Documents\ros2_ws\install\webots_ros2_universal_robot\share\webots_ros2_universal_robot\universal_robot.launch.py
c:\Users\82103\Documents\ros2_ws\install\webots_ros2_universal_robot\share\webots_ros2_universal_robot\universal_robot_multiple.launch.py
c:\Users\82103\Documents\ros2_ws\install\webots_ros2_universal_robot\share\webots_ros2_universal_robot\universal_robot_rviz.launch.py
c:\Users\82103\Documents\ros2_ws\install\webots_ros2_universal_robot\share\webots_ros2_universal_robot\universal_robot_rviz_dynamic.launch.py
c:\Users\82103\Documents\ros2_ws\install\webots_ros2_universal_robot\share\webots_ros2_universal_robot\worlds\universal_robot_multiple.wbt
c:\Users\82103\Documents\ros2_ws\install\webots_ros2_universal_robot\share\webots_ros2_universal_robot\worlds\universal_robot_rviz.wbt
c:\Users\82103\Documents\ros2_ws\install\webots_ros2_universal_robot\share\webots_ros2_universal_robot\worlds\universal_robot.wbt
c:\Users\82103\Documents\ros2_ws\install\webots_ros2_universal_robot\share\webots_ros2_universal_robot\worlds\universal_robot_lidar.wbt
c:\Users\82103\Documents\ros2_ws\install\webots_ros2_universal_robot\share\webots_ros2_universal_robot\worlds\.universal_robot_multiple.wbproj
c:\Users\82103\Documents\ros2_ws\install\webots_ros2_universal_robot\share\webots_ros2_universal_robot\worlds\.universal_robot_rviz.wbproj
c:\Users\82103\Documents\ros2_ws\install\webots_ros2_universal_robot\share\webots_ros2_universal_robot\worlds\.universal_robot.wbproj
c:\Users\82103\Documents\ros2_ws\install\webots_ros2_universal_robot\share\webots_ros2_universal_robot\worlds\.universal_robot_lidar.wbproj
c:\Users\82103\Documents\ros2_ws\install\webots_ros2_universal_robot\share\webots_ros2_universal_robot\worlds\textures\ur5e_normal_0.jpg
c:\Users\82103\Documents\ros2_ws\install\webots_ros2_universal_robot\share\webots_ros2_universal_robot\worlds\textures\ur5e_normal_1.jpg
c:\Users\82103\Documents\ros2_ws\install\webots_ros2_universal_robot\share\webots_ros2_universal_robot\worlds\textures\ur5e_normal_2.jpg
c:\Users\82103\Documents\ros2_ws\install\webots_ros2_universal_robot\share\webots_ros2_universal_robot\worlds\textures\ur5e_normal_3.jpg
c:\Users\82103\Documents\ros2_ws\install\webots_ros2_universal_robot\share\webots_ros2_universal_robot\worlds\textures\ur5e_normal_4.jpg
c:\Users\82103\Documents\ros2_ws\install\webots_ros2_universal_robot\share\webots_ros2_universal_robot\worlds\textures\ur5e_normal_5.jpg
c:\Users\82103\Documents\ros2_ws\install\webots_ros2_universal_robot\share\webots_ros2_universal_robot\worlds\textures\ur5e_occlusion_0.jpg
c:\Users\82103\Documents\ros2_ws\install\webots_ros2_universal_robot\share\webots_ros2_universal_robot\worlds\textures\ur5e_occlusion_1.jpg
c:\Users\82103\Documents\ros2_ws\install\webots_ros2_universal_robot\share\webots_ros2_universal_robot\worlds\textures\ur5e_occlusion_2.jpg
c:\Users\82103\Documents\ros2_ws\install\webots_ros2_universal_robot\share\webots_ros2_universal_robot\worlds\textures\ur5e_occlusion_3.jpg
c:\Users\82103\Documents\ros2_ws\install\webots_ros2_universal_robot\share\webots_ros2_universal_robot\worlds\textures\ur5e_occlusion_4.jpg
c:\Users\82103\Documents\ros2_ws\install\webots_ros2_universal_robot\share\webots_ros2_universal_robot\worlds\textures\ur5e_occlusion_5.jpg
c:\Users\82103\Documents\ros2_ws\install\webots_ros2_universal_robot\share\webots_ros2_universal_robot\package.xml
c:\Users\82103\Documents\ros2_ws\install\webots_ros2_universal_robot\share\webots_ros2_universal_robot\resource\view_robot_dynamic.rviz
c:\Users\82103\Documents\ros2_ws\install\webots_ros2_universal_robot\Lib\site-packages\webots_ros2_universal_robot-1.0.3-py3.8.egg-info\dependency_links.txt
c:\Users\82103\Documents\ros2_ws\install\webots_ros2_universal_robot\Lib\site-packages\webots_ros2_universal_robot-1.0.3-py3.8.egg-info\entry_points.txt
c:\Users\82103\Documents\ros2_ws\install\webots_ros2_universal_robot\Lib\site-packages\webots_ros2_universal_robot-1.0.3-py3.8.egg-info\PKG-INFO
c:\Users\82103\Documents\ros2_ws\install\webots_ros2_universal_robot\Lib\site-packages\webots_ros2_universal_robot-1.0.3-py3.8.egg-info\requires.txt
c:\Users\82103\Documents\ros2_ws\install\webots_ros2_universal_robot\Lib\site-packages\webots_ros2_universal_robot-1.0.3-py3.8.egg-info\SOURCES.txt
c:\Users\82103\Documents\ros2_ws\install\webots_ros2_universal_robot\Lib\site-packages\webots_ros2_universal_robot-1.0.3-py3.8.egg-info\top_level.txt
c:\Users\82103\Documents\ros2_ws\install\webots_ros2_universal_robot\Lib\site-packages\webots_ros2_universal_robot-1.0.3-py3.8.egg-info\zip-safe
