running egg_info
creating ..\..\build\webots_ros2\webots_ros2.egg-info
writing ..\..\build\webots_ros2\webots_ros2.egg-info\PKG-INFO
writing dependency_links to ..\..\build\webots_ros2\webots_ros2.egg-info\dependency_links.txt
writing requirements to ..\..\build\webots_ros2\webots_ros2.egg-info\requires.txt
writing top-level names to ..\..\build\webots_ros2\webots_ros2.egg-info\top_level.txt
writing manifest file '..\..\build\webots_ros2\webots_ros2.egg-info\SOURCES.txt'
reading manifest file '..\..\build\webots_ros2\webots_ros2.egg-info\SOURCES.txt'
writing manifest file '..\..\build\webots_ros2\webots_ros2.egg-info\SOURCES.txt'
running build
running build_py
creating c:\Users\82103\Documents\ros2_ws\build\webots_ros2\build
creating c:\Users\82103\Documents\ros2_ws\build\webots_ros2\build\lib
creating c:\Users\82103\Documents\ros2_ws\build\webots_ros2\build\lib\webots_ros2
copying webots_ros2\__init__.py -> c:\Users\82103\Documents\ros2_ws\build\webots_ros2\build\lib\webots_ros2
running install
running install_lib
creating c:\Users\82103\Documents\ros2_ws\install\webots_ros2\Lib\site-packages\webots_ros2
copying c:\Users\82103\Documents\ros2_ws\build\webots_ros2\build\lib\webots_ros2\__init__.py -> c:\Users\82103\Documents\ros2_ws\install\webots_ros2\Lib\site-packages\webots_ros2
byte-compiling c:\Users\82103\Documents\ros2_ws\install\webots_ros2\Lib\site-packages\webots_ros2\__init__.py to __init__.cpython-38.pyc
running install_data
copying package.xml -> c:\Users\82103\Documents\ros2_ws\install\webots_ros2\share\webots_ros2
creating c:\Users\82103\Documents\ros2_ws\install\webots_ros2\share\ament_index
creating c:\Users\82103\Documents\ros2_ws\install\webots_ros2\share\ament_index\resource_index
creating c:\Users\82103\Documents\ros2_ws\install\webots_ros2\share\ament_index\resource_index\packages
copying resource\webots_ros2 -> c:\Users\82103\Documents\ros2_ws\install\webots_ros2\share\ament_index\resource_index\packages
running install_egg_info
Copying ..\..\build\webots_ros2\webots_ros2.egg-info to c:\Users\82103\Documents\ros2_ws\install\webots_ros2\Lib\site-packages\webots_ros2-1.0.3-py3.8.egg-info
running install_scripts
writing list of installed files to 'c:\Users\82103\Documents\ros2_ws\build\webots_ros2\install.log'
