[6.969s] Invoking command in 'c:\Users\82103\Documents\ros2_ws\webots_ros2\webots_ros2': AMENT_PREFIX_PATH=c:\Users\82103\Documents\ros2_ws\install\webots_ros2_demos;c:\Users\82103\Documents\ros2_ws\install\webots_ros2_universal_robot;c:\Users\82103\Documents\ros2_ws\install\webots_ros2_tutorials;c:\Users\82103\Documents\ros2_ws\install\webots_ros2_turtlebot;c:\Users\82103\Documents\ros2_ws\install\webots_ros2_tiago;c:\Users\82103\Documents\ros2_ws\install\webots_ros2_examples;c:\Users\82103\Documents\ros2_ws\install\webots_ros2_epuck;c:\Users\82103\Documents\ros2_ws\install\webots_ros2_abb;c:\Users\82103\Documents\ros2_ws\install\webots_ros2_core;c:\Users\82103\Documents\ros2_ws\install\webots_ros2_ur_e_description;c:\Users\82103\Documents\ros2_ws\install\webots_ros2_msgs;c:\Users\82103\Documents\ros2_ws\install\webots_ros2_importer;%AMENT_PREFIX_PATH% CMAKE_PREFIX_PATH=c:\Users\82103\Documents\ros2_ws\install\webots_ros2_msgs;%CMAKE_PREFIX_PATH% PYTHONPATH=c:\Users\82103\Documents\ros2_ws\install\webots_ros2\Lib\site-packages;c:\Users\82103\Documents\ros2_ws\install\webots_ros2_demos\Lib\site-packages;c:\Users\82103\Documents\ros2_ws\install\webots_ros2_universal_robot\Lib\site-packages;c:\Users\82103\Documents\ros2_ws\install\webots_ros2_tutorials\Lib\site-packages;c:\Users\82103\Documents\ros2_ws\install\webots_ros2_turtlebot\Lib\site-packages;c:\Users\82103\Documents\ros2_ws\install\webots_ros2_tiago\Lib\site-packages;c:\Users\82103\Documents\ros2_ws\install\webots_ros2_examples\Lib\site-packages;c:\Users\82103\Documents\ros2_ws\install\webots_ros2_epuck\Lib\site-packages;c:\Users\82103\Documents\ros2_ws\install\webots_ros2_abb\Lib\site-packages;c:\Users\82103\Documents\ros2_ws\install\webots_ros2_core\Lib\site-packages;c:\Users\82103\Documents\ros2_ws\install\webots_ros2_ur_e_description\Lib\site-packages;c:\Users\82103\Documents\ros2_ws\install\webots_ros2_msgs\Lib\site-packages;c:\Users\82103\Documents\ros2_ws\install\webots_ros2_importer\Lib\site-packages;%PYTHONPATH% Path=c:\Users\82103\Documents\ros2_ws\install\webots_ros2_msgs\bin;%Path% c:\python38\python.exe setup.py egg_info --egg-base ..\..\build\webots_ros2 build --build-base c:\Users\82103\Documents\ros2_ws\build\webots_ros2\build install --prefix c:\Users\82103\Documents\ros2_ws\install\webots_ros2 --record c:\Users\82103\Documents\ros2_ws\build\webots_ros2\install.log --single-version-externally-managed
[8.750s] running egg_info
[8.750s] creating ..\..\build\webots_ros2\webots_ros2.egg-info
[8.750s] writing ..\..\build\webots_ros2\webots_ros2.egg-info\PKG-INFO
[8.750s] writing dependency_links to ..\..\build\webots_ros2\webots_ros2.egg-info\dependency_links.txt
[8.750s] writing requirements to ..\..\build\webots_ros2\webots_ros2.egg-info\requires.txt
[8.750s] writing top-level names to ..\..\build\webots_ros2\webots_ros2.egg-info\top_level.txt
[8.766s] writing manifest file '..\..\build\webots_ros2\webots_ros2.egg-info\SOURCES.txt'
[8.844s] reading manifest file '..\..\build\webots_ros2\webots_ros2.egg-info\SOURCES.txt'
[8.860s] writing manifest file '..\..\build\webots_ros2\webots_ros2.egg-info\SOURCES.txt'
[8.860s] running build
[8.860s] running build_py
[8.860s] creating c:\Users\82103\Documents\ros2_ws\build\webots_ros2\build
[8.860s] creating c:\Users\82103\Documents\ros2_ws\build\webots_ros2\build\lib
[8.860s] creating c:\Users\82103\Documents\ros2_ws\build\webots_ros2\build\lib\webots_ros2
[8.860s] copying webots_ros2\__init__.py -> c:\Users\82103\Documents\ros2_ws\build\webots_ros2\build\lib\webots_ros2
[8.860s] running install
[8.860s] running install_lib
[8.875s] creating c:\Users\82103\Documents\ros2_ws\install\webots_ros2\Lib\site-packages\webots_ros2
[8.875s] copying c:\Users\82103\Documents\ros2_ws\build\webots_ros2\build\lib\webots_ros2\__init__.py -> c:\Users\82103\Documents\ros2_ws\install\webots_ros2\Lib\site-packages\webots_ros2
[8.891s] byte-compiling c:\Users\82103\Documents\ros2_ws\install\webots_ros2\Lib\site-packages\webots_ros2\__init__.py to __init__.cpython-38.pyc
[8.891s] running install_data
[8.891s] copying package.xml -> c:\Users\82103\Documents\ros2_ws\install\webots_ros2\share\webots_ros2
[8.891s] creating c:\Users\82103\Documents\ros2_ws\install\webots_ros2\share\ament_index
[8.891s] creating c:\Users\82103\Documents\ros2_ws\install\webots_ros2\share\ament_index\resource_index
[8.891s] creating c:\Users\82103\Documents\ros2_ws\install\webots_ros2\share\ament_index\resource_index\packages
[8.906s] copying resource\webots_ros2 -> c:\Users\82103\Documents\ros2_ws\install\webots_ros2\share\ament_index\resource_index\packages
[8.906s] running install_egg_info
[8.922s] Copying ..\..\build\webots_ros2\webots_ros2.egg-info to c:\Users\82103\Documents\ros2_ws\install\webots_ros2\Lib\site-packages\webots_ros2-1.0.3-py3.8.egg-info
[8.985s] running install_scripts
[9.078s] writing list of installed files to 'c:\Users\82103\Documents\ros2_ws\build\webots_ros2\install.log'
[9.125s] Invoked command in 'c:\Users\82103\Documents\ros2_ws\webots_ros2\webots_ros2' returned '0': AMENT_PREFIX_PATH=c:\Users\82103\Documents\ros2_ws\install\webots_ros2_demos;c:\Users\82103\Documents\ros2_ws\install\webots_ros2_universal_robot;c:\Users\82103\Documents\ros2_ws\install\webots_ros2_tutorials;c:\Users\82103\Documents\ros2_ws\install\webots_ros2_turtlebot;c:\Users\82103\Documents\ros2_ws\install\webots_ros2_tiago;c:\Users\82103\Documents\ros2_ws\install\webots_ros2_examples;c:\Users\82103\Documents\ros2_ws\install\webots_ros2_epuck;c:\Users\82103\Documents\ros2_ws\install\webots_ros2_abb;c:\Users\82103\Documents\ros2_ws\install\webots_ros2_core;c:\Users\82103\Documents\ros2_ws\install\webots_ros2_ur_e_description;c:\Users\82103\Documents\ros2_ws\install\webots_ros2_msgs;c:\Users\82103\Documents\ros2_ws\install\webots_ros2_importer;%AMENT_PREFIX_PATH% CMAKE_PREFIX_PATH=c:\Users\82103\Documents\ros2_ws\install\webots_ros2_msgs;%CMAKE_PREFIX_PATH% PYTHONPATH=c:\Users\82103\Documents\ros2_ws\install\webots_ros2\Lib\site-packages;c:\Users\82103\Documents\ros2_ws\install\webots_ros2_demos\Lib\site-packages;c:\Users\82103\Documents\ros2_ws\install\webots_ros2_universal_robot\Lib\site-packages;c:\Users\82103\Documents\ros2_ws\install\webots_ros2_tutorials\Lib\site-packages;c:\Users\82103\Documents\ros2_ws\install\webots_ros2_turtlebot\Lib\site-packages;c:\Users\82103\Documents\ros2_ws\install\webots_ros2_tiago\Lib\site-packages;c:\Users\82103\Documents\ros2_ws\install\webots_ros2_examples\Lib\site-packages;c:\Users\82103\Documents\ros2_ws\install\webots_ros2_epuck\Lib\site-packages;c:\Users\82103\Documents\ros2_ws\install\webots_ros2_abb\Lib\site-packages;c:\Users\82103\Documents\ros2_ws\install\webots_ros2_core\Lib\site-packages;c:\Users\82103\Documents\ros2_ws\install\webots_ros2_ur_e_description\Lib\site-packages;c:\Users\82103\Documents\ros2_ws\install\webots_ros2_msgs\Lib\site-packages;c:\Users\82103\Documents\ros2_ws\install\webots_ros2_importer\Lib\site-packages;%PYTHONPATH% Path=c:\Users\82103\Documents\ros2_ws\install\webots_ros2_msgs\bin;%Path% c:\python38\python.exe setup.py egg_info --egg-base ..\..\build\webots_ros2 build --build-base c:\Users\82103\Documents\ros2_ws\build\webots_ros2\build install --prefix c:\Users\82103\Documents\ros2_ws\install\webots_ros2 --record c:\Users\82103\Documents\ros2_ws\build\webots_ros2\install.log --single-version-externally-managed
