c:\Users\82103\Documents\ros2_ws\install\webots_ros2_importer\Lib\site-packages\webots_ros2_importer\urdf2proto.py
c:\Users\82103\Documents\ros2_ws\install\webots_ros2_importer\Lib\site-packages\webots_ros2_importer\xacro2proto.py
c:\Users\82103\Documents\ros2_ws\install\webots_ros2_importer\Lib\site-packages\webots_ros2_importer\__init__.py
c:\Users\82103\Documents\ros2_ws\install\webots_ros2_importer\Lib\site-packages\webots_ros2_importer\urdf2webots\urdf2webots\gazebo_materials.py
c:\Users\82103\Documents\ros2_ws\install\webots_ros2_importer\Lib\site-packages\webots_ros2_importer\urdf2webots\urdf2webots\importer.py
c:\Users\82103\Documents\ros2_ws\install\webots_ros2_importer\Lib\site-packages\webots_ros2_importer\urdf2webots\urdf2webots\math_utils.py
c:\Users\82103\Documents\ros2_ws\install\webots_ros2_importer\Lib\site-packages\webots_ros2_importer\urdf2webots\urdf2webots\parserURDF.py
c:\Users\82103\Documents\ros2_ws\install\webots_ros2_importer\Lib\site-packages\webots_ros2_importer\urdf2webots\urdf2webots\writeProto.py
c:\Users\82103\Documents\ros2_ws\install\webots_ros2_importer\Lib\site-packages\webots_ros2_importer\urdf2webots\urdf2webots\__init__.py
c:\Users\82103\Documents\ros2_ws\install\webots_ros2_importer\Lib\site-packages\webots_ros2_importer\__pycache__\urdf2proto.cpython-38.pyc
c:\Users\82103\Documents\ros2_ws\install\webots_ros2_importer\Lib\site-packages\webots_ros2_importer\__pycache__\xacro2proto.cpython-38.pyc
c:\Users\82103\Documents\ros2_ws\install\webots_ros2_importer\Lib\site-packages\webots_ros2_importer\__pycache__\__init__.cpython-38.pyc
c:\Users\82103\Documents\ros2_ws\install\webots_ros2_importer\Lib\site-packages\webots_ros2_importer\urdf2webots\urdf2webots\__pycache__\gazebo_materials.cpython-38.pyc
c:\Users\82103\Documents\ros2_ws\install\webots_ros2_importer\Lib\site-packages\webots_ros2_importer\urdf2webots\urdf2webots\__pycache__\importer.cpython-38.pyc
c:\Users\82103\Documents\ros2_ws\install\webots_ros2_importer\Lib\site-packages\webots_ros2_importer\urdf2webots\urdf2webots\__pycache__\math_utils.cpython-38.pyc
c:\Users\82103\Documents\ros2_ws\install\webots_ros2_importer\Lib\site-packages\webots_ros2_importer\urdf2webots\urdf2webots\__pycache__\parserURDF.cpython-38.pyc
c:\Users\82103\Documents\ros2_ws\install\webots_ros2_importer\Lib\site-packages\webots_ros2_importer\urdf2webots\urdf2webots\__pycache__\writeProto.cpython-38.pyc
c:\Users\82103\Documents\ros2_ws\install\webots_ros2_importer\Lib\site-packages\webots_ros2_importer\urdf2webots\urdf2webots\__pycache__\__init__.cpython-38.pyc
c:\Users\82103\Documents\ros2_ws\install\webots_ros2_importer\share\ament_index\resource_index\packages\webots_ros2_importer
c:\Users\82103\Documents\ros2_ws\install\webots_ros2_importer\share\webots_ros2_importer\package.xml
c:\Users\82103\Documents\ros2_ws\install\webots_ros2_importer\Lib\site-packages\webots_ros2_importer-1.0.3-py3.8.egg-info\dependency_links.txt
c:\Users\82103\Documents\ros2_ws\install\webots_ros2_importer\Lib\site-packages\webots_ros2_importer-1.0.3-py3.8.egg-info\entry_points.txt
c:\Users\82103\Documents\ros2_ws\install\webots_ros2_importer\Lib\site-packages\webots_ros2_importer-1.0.3-py3.8.egg-info\PKG-INFO
c:\Users\82103\Documents\ros2_ws\install\webots_ros2_importer\Lib\site-packages\webots_ros2_importer-1.0.3-py3.8.egg-info\requires.txt
c:\Users\82103\Documents\ros2_ws\install\webots_ros2_importer\Lib\site-packages\webots_ros2_importer-1.0.3-py3.8.egg-info\SOURCES.txt
c:\Users\82103\Documents\ros2_ws\install\webots_ros2_importer\Lib\site-packages\webots_ros2_importer-1.0.3-py3.8.egg-info\top_level.txt
c:\Users\82103\Documents\ros2_ws\install\webots_ros2_importer\Lib\site-packages\webots_ros2_importer-1.0.3-py3.8.egg-info\zip-safe
c:\Users\82103\Documents\ros2_ws\install\webots_ros2_importer\lib\webots_ros2_importer\urdf2proto-script.py
c:\Users\82103\Documents\ros2_ws\install\webots_ros2_importer\lib\webots_ros2_importer\urdf2proto.exe
c:\Users\82103\Documents\ros2_ws\install\webots_ros2_importer\lib\webots_ros2_importer\xacro2proto-script.py
c:\Users\82103\Documents\ros2_ws\install\webots_ros2_importer\lib\webots_ros2_importer\xacro2proto.exe
