running egg_info
writing ..\..\build\webots_ros2_tutorials\webots_ros2_tutorials.egg-info\PKG-INFO
writing dependency_links to ..\..\build\webots_ros2_tutorials\webots_ros2_tutorials.egg-info\dependency_links.txt
writing entry points to ..\..\build\webots_ros2_tutorials\webots_ros2_tutorials.egg-info\entry_points.txt
writing requirements to ..\..\build\webots_ros2_tutorials\webots_ros2_tutorials.egg-info\requires.txt
writing top-level names to ..\..\build\webots_ros2_tutorials\webots_ros2_tutorials.egg-info\top_level.txt
reading manifest file '..\..\build\webots_ros2_tutorials\webots_ros2_tutorials.egg-info\SOURCES.txt'
writing manifest file '..\..\build\webots_ros2_tutorials\webots_ros2_tutorials.egg-info\SOURCES.txt'
running build
running build_py
running install
running install_lib
running install_data
running install_egg_info
removing 'c:\Users\82103\Documents\ros2_ws\install\webots_ros2_tutorials\Lib\site-packages\webots_ros2_tutorials-1.0.3-py3.8.egg-info' (and everything under it)
Copying ..\..\build\webots_ros2_tutorials\webots_ros2_tutorials.egg-info to c:\Users\82103\Documents\ros2_ws\install\webots_ros2_tutorials\Lib\site-packages\webots_ros2_tutorials-1.0.3-py3.8.egg-info
running install_scripts
Installing enable_robot-script.py script to c:\Users\82103\Documents\ros2_ws\install\webots_ros2_tutorials\lib\webots_ros2_tutorials
Installing enable_robot.exe script to c:\Users\82103\Documents\ros2_ws\install\webots_ros2_tutorials\lib\webots_ros2_tutorials
Installing line_follower-script.py script to c:\Users\82103\Documents\ros2_ws\install\webots_ros2_tutorials\lib\webots_ros2_tutorials
Installing line_follower.exe script to c:\Users\82103\Documents\ros2_ws\install\webots_ros2_tutorials\lib\webots_ros2_tutorials
writing list of installed files to 'c:\Users\82103\Documents\ros2_ws\build\webots_ros2_tutorials\install.log'
