[3.922s] Invoking command in 'c:\Users\82103\Documents\ros2_ws\webots_ros2\webots_ros2_importer': PYTHONPATH=c:\Users\82103\Documents\ros2_ws\install\webots_ros2_importer\Lib\site-packages;%PYTHONPATH% c:\python38\python.exe setup.py egg_info --egg-base ..\..\build\webots_ros2_importer build --build-base c:\Users\82103\Documents\ros2_ws\build\webots_ros2_importer\build install --prefix c:\Users\82103\Documents\ros2_ws\install\webots_ros2_importer --record c:\Users\82103\Documents\ros2_ws\build\webots_ros2_importer\install.log --single-version-externally-managed
[5.219s] running egg_info
[5.219s] writing ..\..\build\webots_ros2_importer\webots_ros2_importer.egg-info\PKG-INFO
[5.219s] writing dependency_links to ..\..\build\webots_ros2_importer\webots_ros2_importer.egg-info\dependency_links.txt
[5.219s] writing entry points to ..\..\build\webots_ros2_importer\webots_ros2_importer.egg-info\entry_points.txt
[5.219s] writing requirements to ..\..\build\webots_ros2_importer\webots_ros2_importer.egg-info\requires.txt
[5.219s] writing top-level names to ..\..\build\webots_ros2_importer\webots_ros2_importer.egg-info\top_level.txt
[5.281s] reading manifest file '..\..\build\webots_ros2_importer\webots_ros2_importer.egg-info\SOURCES.txt'
[5.297s] writing manifest file '..\..\build\webots_ros2_importer\webots_ros2_importer.egg-info\SOURCES.txt'
[5.297s] running build
[5.297s] running build_py
[5.312s] running install
[5.312s] running install_lib
[5.328s] running install_data
[5.344s] running install_egg_info
[5.375s] removing 'c:\Users\82103\Documents\ros2_ws\install\webots_ros2_importer\Lib\site-packages\webots_ros2_importer-1.0.3-py3.8.egg-info' (and everything under it)
[5.375s] Copying ..\..\build\webots_ros2_importer\webots_ros2_importer.egg-info to c:\Users\82103\Documents\ros2_ws\install\webots_ros2_importer\Lib\site-packages\webots_ros2_importer-1.0.3-py3.8.egg-info
[5.422s] running install_scripts
[5.547s] Installing urdf2proto-script.py script to c:\Users\82103\Documents\ros2_ws\install\webots_ros2_importer\lib\webots_ros2_importer
[5.547s] Installing urdf2proto.exe script to c:\Users\82103\Documents\ros2_ws\install\webots_ros2_importer\lib\webots_ros2_importer
[5.562s] Installing xacro2proto-script.py script to c:\Users\82103\Documents\ros2_ws\install\webots_ros2_importer\lib\webots_ros2_importer
[5.562s] Installing xacro2proto.exe script to c:\Users\82103\Documents\ros2_ws\install\webots_ros2_importer\lib\webots_ros2_importer
[5.562s] writing list of installed files to 'c:\Users\82103\Documents\ros2_ws\build\webots_ros2_importer\install.log'
[5.797s] Invoked command in 'c:\Users\82103\Documents\ros2_ws\webots_ros2\webots_ros2_importer' returned '0': PYTHONPATH=c:\Users\82103\Documents\ros2_ws\install\webots_ros2_importer\Lib\site-packages;%PYTHONPATH% c:\python38\python.exe setup.py egg_info --egg-base ..\..\build\webots_ros2_importer build --build-base c:\Users\82103\Documents\ros2_ws\build\webots_ros2_importer\build install --prefix c:\Users\82103\Documents\ros2_ws\install\webots_ros2_importer --record c:\Users\82103\Documents\ros2_ws\build\webots_ros2_importer\install.log --single-version-externally-managed
