[2.734s] Invoking command in 'c:\Users\82103\Documents\ros2_ws\build\my_interfaces_ysj': C:\Program Files\CMake\bin\cmake.EXE c:\Users\82103\Documents\ros2_ws\src\my_interfaces_ysj -DCMAKE_INSTALL_PREFIX=c:\Users\82103\Documents\ros2_ws\install\my_interfaces_ysj
[3.921s] -- Selecting Windows SDK version 10.0.18362.0 to target Windows 10.0.18363.
[3.921s] -- Found ament_cmake: 0.9.6 (C:/dev/ros2_foxy/share/ament_cmake/cmake)
[3.921s] -- Found PythonInterp: C:/Python38/python.exe (found suitable version "3.8.3", minimum required is "3") 
[3.921s] -- Using PYTHON_EXECUTABLE: C:/Python38/python.exe
[4.843s] -- Found rosidl_default_generators: 1.0.0 (C:/dev/ros2_foxy/share/rosidl_default_generators/cmake)
[4.843s] -- Using all available rosidl_typesupport_c: rosidl_typesupport_connext_c;rosidl_typesupport_fastrtps_c;rosidl_typesupport_introspection_c
[4.843s] -- Found rosidl_adapter: 1.0.1 (C:/dev/ros2_foxy/share/rosidl_adapter/cmake)
[4.843s] -- Could not find RTI Connext - skipping rosidl_typesupport_connext_c
[4.843s] -- Could not find RTI Connext - skipping rosidl_typesupport_connext_cpp
[5.359s] -- Using all available rosidl_typesupport_cpp: rosidl_typesupport_connext_cpp;rosidl_typesupport_fastrtps_cpp;rosidl_typesupport_introspection_cpp
[5.640s] -- Found PythonInterp: C:/Python38/python.exe (found version "3.8.3") 
[6.609s] -- Found ament_cmake_ros: 0.9.0 (C:/dev/ros2_foxy/share/ament_cmake_ros/cmake)
[7.281s] -- Using all available rosidl_typesupport_c: rosidl_typesupport_connext_c;rosidl_typesupport_fastrtps_c;rosidl_typesupport_introspection_c
[7.656s] -- Using all available rosidl_typesupport_cpp: rosidl_typesupport_connext_cpp;rosidl_typesupport_fastrtps_cpp;rosidl_typesupport_introspection_cpp
[7.828s] -- Found PythonInterp: C:/Python38/python.exe (found suitable version "3.8.3", minimum required is "3.5") 
[7.828s] -- Found python_cmake_module: 0.8.0 (C:/dev/ros2_foxy/share/python_cmake_module/cmake)
[8.078s] -- Using PYTHON_EXECUTABLE: C:/Python38/python.exe
[8.078s] -- Using PYTHON_INCLUDE_DIRS: C:/Python38/include
[8.078s] -- Using PYTHON_LIBRARIES: C:/Python38/libs/python38.lib
[8.812s] -- Using numpy include directory: C:\Python38\lib\site-packages\numpy\core\include
[8.890s] -- Found ament_lint_auto: 0.9.5 (C:/dev/ros2_foxy/share/ament_lint_auto/cmake)
[9.062s] -- Added test 'copyright' to check source files copyright and LICENSE
[9.109s] -- Added test 'lint_cmake' to check CMake code style
[9.125s] -- Added test 'xmllint' to check XML markup files
[9.296s] -- Configuring done
[12.015s] -- Generating done
[12.109s] -- Build files have been written to: C:/Users/82103/Documents/ros2_ws/build/my_interfaces_ysj
[12.140s] Invoked command in 'c:\Users\82103\Documents\ros2_ws\build\my_interfaces_ysj' returned '0': C:\Program Files\CMake\bin\cmake.EXE c:\Users\82103\Documents\ros2_ws\src\my_interfaces_ysj -DCMAKE_INSTALL_PREFIX=c:\Users\82103\Documents\ros2_ws\install\my_interfaces_ysj
[12.156s] Invoking command in 'c:\Users\82103\Documents\ros2_ws\build\my_interfaces_ysj': CL=/MP C:\Program Files\CMake\bin\cmake.EXE --build c:\Users\82103\Documents\ros2_ws\build\my_interfaces_ysj --config Release
[12.468s] .NET Framework¿ë Microsoft (R) Build Engine ¹öÀü 16.7.0+b89cb5fde
[12.468s] Copyright (C) Microsoft Corporation. All rights reserved.
[12.468s] 
[13.234s]   Checking Build System
[13.859s]   Building Custom Rule C:/Users/82103/Documents/ros2_ws/src/my_interfaces_ysj/CMakeLists.txt
[14.312s]   Building Custom Rule C:/Users/82103/Documents/ros2_ws/src/my_interfaces_ysj/CMakeLists.txt
[14.671s]   my_interfaces_ysj__rosidl_generator_c.vcxproj -> C:\Users\82103\Documents\ros2_ws\build\my_interfaces_ysj\Release\my_interfaces_ysj__rosidl_generator_c.dll
[15.000s]   Building Custom Rule C:/Users/82103/Documents/ros2_ws/src/my_interfaces_ysj/CMakeLists.txt
[15.203s]   my_interfaces_ysj__rosidl_typesupport_c.vcxproj -> C:\Users\82103\Documents\ros2_ws\build\my_interfaces_ysj\Release\my_interfaces_ysj__rosidl_typesupport_c.dll
[15.437s]   Building Custom Rule C:/Users/82103/Documents/ros2_ws/src/my_interfaces_ysj/CMakeLists.txt
[15.671s]   my_interfaces_ysj__rosidl_typesupport_cpp.vcxproj -> C:\Users\82103\Documents\ros2_ws\build\my_interfaces_ysj\Release\my_interfaces_ysj__rosidl_typesupport_cpp.dll
[16.031s]   Building Custom Rule C:/Users/82103/Documents/ros2_ws/src/my_interfaces_ysj/CMakeLists.txt
[16.265s]   my_interfaces_ysj__rosidl_typesupport_fastrtps_cpp.vcxproj -> C:\Users\82103\Documents\ros2_ws\build\my_interfaces_ysj\Release\my_interfaces_ysj__rosidl_typesupport_fastrtps_cpp.dll
[16.453s]   Building Custom Rule C:/Users/82103/Documents/ros2_ws/src/my_interfaces_ysj/CMakeLists.txt
[16.671s]   my_interfaces_ysj__rosidl_typesupport_fastrtps_c.vcxproj -> C:\Users\82103\Documents\ros2_ws\build\my_interfaces_ysj\Release\my_interfaces_ysj__rosidl_typesupport_fastrtps_c.dll
[17.015s]   Building Custom Rule C:/Users/82103/Documents/ros2_ws/src/my_interfaces_ysj/CMakeLists.txt
[17.375s]   my_interfaces_ysj__rosidl_typesupport_introspection_c.vcxproj -> C:\Users\82103\Documents\ros2_ws\build\my_interfaces_ysj\Release\my_interfaces_ysj__rosidl_typesupport_introspection_c.dll
[17.593s]   Building Custom Rule C:/Users/82103/Documents/ros2_ws/src/my_interfaces_ysj/CMakeLists.txt
[17.843s]   my_interfaces_ysj__rosidl_typesupport_introspection_cpp.vcxproj -> C:\Users\82103\Documents\ros2_ws\build\my_interfaces_ysj\Release\my_interfaces_ysj__rosidl_typesupport_introspection_cpp.dll
[18.125s]   Building Custom Rule C:/Users/82103/Documents/ros2_ws/src/my_interfaces_ysj/CMakeLists.txt
[18.796s]   Building Custom Rule C:/Users/82103/Documents/ros2_ws/src/my_interfaces_ysj/CMakeLists.txt
[19.093s]   my_interfaces_ysj__python.vcxproj -> C:\Users\82103\Documents\ros2_ws\build\my_interfaces_ysj\rosidl_generator_py\my_interfaces_ysj\my_interfaces_ysj__python.dll
[19.453s]   Building Custom Rule C:/Users/82103/Documents/ros2_ws/src/my_interfaces_ysj/CMakeLists.txt
[19.796s]   my_interfaces_ysj__rosidl_typesupport_c__pyext.vcxproj -> C:\Users\82103\Documents\ros2_ws\build\my_interfaces_ysj\rosidl_generator_py\my_interfaces_ysj\my_interfaces_ysj_s__rosidl_typesupport_c.pyd
[20.109s]   Building Custom Rule C:/Users/82103/Documents/ros2_ws/src/my_interfaces_ysj/CMakeLists.txt
[20.296s]   my_interfaces_ysj__rosidl_typesupport_fastrtps_c__pyext.vcxproj -> C:\Users\82103\Documents\ros2_ws\build\my_interfaces_ysj\rosidl_generator_py\my_interfaces_ysj\my_interfaces_ysj_s__rosidl_typesupport_fastrtps_c.pyd
[20.515s]   Building Custom Rule C:/Users/82103/Documents/ros2_ws/src/my_interfaces_ysj/CMakeLists.txt
[20.843s]   my_interfaces_ysj__rosidl_typesupport_introspection_c__pyext.vcxproj -> C:\Users\82103\Documents\ros2_ws\build\my_interfaces_ysj\rosidl_generator_py\my_interfaces_ysj\my_interfaces_ysj_s__rosidl_typesupport_introspection_c.pyd
[21.125s]   Building Custom Rule C:/Users/82103/Documents/ros2_ws/src/my_interfaces_ysj/CMakeLists.txt
[21.390s] Invoked command in 'c:\Users\82103\Documents\ros2_ws\build\my_interfaces_ysj' returned '0': CL=/MP C:\Program Files\CMake\bin\cmake.EXE --build c:\Users\82103\Documents\ros2_ws\build\my_interfaces_ysj --config Release
[21.500s] Invoking command in 'c:\Users\82103\Documents\ros2_ws\build\my_interfaces_ysj': C:\Program Files\CMake\bin\cmake.EXE --install c:\Users\82103\Documents\ros2_ws\build\my_interfaces_ysj --config Release
[21.593s] -- Up-to-date: C:/Users/82103/Documents/ros2_ws/install/my_interfaces_ysj/share/ament_index/resource_index/rosidl_interfaces/my_interfaces_ysj
[21.593s] -- Up-to-date: C:/Users/82103/Documents/ros2_ws/install/my_interfaces_ysj/include/my_interfaces_ysj
[21.609s] -- Up-to-date: C:/Users/82103/Documents/ros2_ws/install/my_interfaces_ysj/include/my_interfaces_ysj/action
[21.609s] -- Up-to-date: C:/Users/82103/Documents/ros2_ws/install/my_interfaces_ysj/include/my_interfaces_ysj/action/detail
[21.609s] -- Up-to-date: C:/Users/82103/Documents/ros2_ws/install/my_interfaces_ysj/include/my_interfaces_ysj/action/detail/fibonacci__functions.c
[21.609s] -- Up-to-date: C:/Users/82103/Documents/ros2_ws/install/my_interfaces_ysj/include/my_interfaces_ysj/action/detail/fibonacci__functions.h
[21.609s] -- Up-to-date: C:/Users/82103/Documents/ros2_ws/install/my_interfaces_ysj/include/my_interfaces_ysj/action/detail/fibonacci__struct.h
[21.625s] -- Up-to-date: C:/Users/82103/Documents/ros2_ws/install/my_interfaces_ysj/include/my_interfaces_ysj/action/detail/fibonacci__type_support.h
[21.625s] -- Up-to-date: C:/Users/82103/Documents/ros2_ws/install/my_interfaces_ysj/include/my_interfaces_ysj/action/fibonacci.h
[21.625s] -- Up-to-date: C:/Users/82103/Documents/ros2_ws/install/my_interfaces_ysj/include/my_interfaces_ysj/msg
[21.625s] -- Up-to-date: C:/Users/82103/Documents/ros2_ws/install/my_interfaces_ysj/include/my_interfaces_ysj/msg/detail
[21.625s] -- Up-to-date: C:/Users/82103/Documents/ros2_ws/install/my_interfaces_ysj/include/my_interfaces_ysj/msg/detail/temp__functions.c
[21.640s] -- Up-to-date: C:/Users/82103/Documents/ros2_ws/install/my_interfaces_ysj/include/my_interfaces_ysj/msg/detail/temp__functions.h
[21.640s] -- Up-to-date: C:/Users/82103/Documents/ros2_ws/install/my_interfaces_ysj/include/my_interfaces_ysj/msg/detail/temp__struct.h
[21.640s] -- Up-to-date: C:/Users/82103/Documents/ros2_ws/install/my_interfaces_ysj/include/my_interfaces_ysj/msg/detail/temp__type_support.h
[21.640s] -- Up-to-date: C:/Users/82103/Documents/ros2_ws/install/my_interfaces_ysj/include/my_interfaces_ysj/msg/rosidl_generator_c__visibility_control.h
[21.656s] -- Up-to-date: C:/Users/82103/Documents/ros2_ws/install/my_interfaces_ysj/include/my_interfaces_ysj/msg/temp.h
[21.656s] -- Up-to-date: C:/Users/82103/Documents/ros2_ws/install/my_interfaces_ysj/include/my_interfaces_ysj/srv
[21.656s] -- Up-to-date: C:/Users/82103/Documents/ros2_ws/install/my_interfaces_ysj/include/my_interfaces_ysj/srv/add_three_ints.h
[21.656s] -- Up-to-date: C:/Users/82103/Documents/ros2_ws/install/my_interfaces_ysj/include/my_interfaces_ysj/srv/detail
[21.671s] -- Up-to-date: C:/Users/82103/Documents/ros2_ws/install/my_interfaces_ysj/include/my_interfaces_ysj/srv/detail/add_three_ints__functions.c
[21.671s] -- Up-to-date: C:/Users/82103/Documents/ros2_ws/install/my_interfaces_ysj/include/my_interfaces_ysj/srv/detail/add_three_ints__functions.h
[21.671s] -- Up-to-date: C:/Users/82103/Documents/ros2_ws/install/my_interfaces_ysj/include/my_interfaces_ysj/srv/detail/add_three_ints__struct.h
[21.671s] -- Up-to-date: C:/Users/82103/Documents/ros2_ws/install/my_interfaces_ysj/include/my_interfaces_ysj/srv/detail/add_three_ints__type_support.h
[21.687s] -- Up-to-date: C:/Users/82103/Documents/ros2_ws/install/my_interfaces_ysj/lib/my_interfaces_ysj__rosidl_generator_c.lib
[21.687s] -- Up-to-date: C:/Users/82103/Documents/ros2_ws/install/my_interfaces_ysj/bin/my_interfaces_ysj__rosidl_generator_c.dll
[21.687s] -- Up-to-date: C:/Users/82103/Documents/ros2_ws/install/my_interfaces_ysj/include/my_interfaces_ysj
[21.687s] -- Up-to-date: C:/Users/82103/Documents/ros2_ws/install/my_interfaces_ysj/include/my_interfaces_ysj/action
[21.703s] -- Up-to-date: C:/Users/82103/Documents/ros2_ws/install/my_interfaces_ysj/include/my_interfaces_ysj/action/detail
[21.703s] -- Up-to-date: C:/Users/82103/Documents/ros2_ws/install/my_interfaces_ysj/include/my_interfaces_ysj/action/detail/fibonacci__rosidl_typesupport_fastrtps_c.h
[21.703s] -- Up-to-date: C:/Users/82103/Documents/ros2_ws/install/my_interfaces_ysj/include/my_interfaces_ysj/msg
[21.703s] -- Up-to-date: C:/Users/82103/Documents/ros2_ws/install/my_interfaces_ysj/include/my_interfaces_ysj/msg/detail
[21.718s] -- Up-to-date: C:/Users/82103/Documents/ros2_ws/install/my_interfaces_ysj/include/my_interfaces_ysj/msg/detail/temp__rosidl_typesupport_fastrtps_c.h
[21.718s] -- Up-to-date: C:/Users/82103/Documents/ros2_ws/install/my_interfaces_ysj/include/my_interfaces_ysj/msg/rosidl_typesupport_fastrtps_c__visibility_control.h
[21.718s] -- Up-to-date: C:/Users/82103/Documents/ros2_ws/install/my_interfaces_ysj/include/my_interfaces_ysj/srv
[21.718s] -- Up-to-date: C:/Users/82103/Documents/ros2_ws/install/my_interfaces_ysj/include/my_interfaces_ysj/srv/detail
[21.718s] -- Up-to-date: C:/Users/82103/Documents/ros2_ws/install/my_interfaces_ysj/include/my_interfaces_ysj/srv/detail/add_three_ints__rosidl_typesupport_fastrtps_c.h
[21.734s] -- Up-to-date: C:/Users/82103/Documents/ros2_ws/install/my_interfaces_ysj/lib/my_interfaces_ysj__rosidl_typesupport_fastrtps_c.lib
[21.734s] -- Up-to-date: C:/Users/82103/Documents/ros2_ws/install/my_interfaces_ysj/bin/my_interfaces_ysj__rosidl_typesupport_fastrtps_c.dll
[21.734s] -- Up-to-date: C:/Users/82103/Documents/ros2_ws/install/my_interfaces_ysj/include/my_interfaces_ysj
[21.750s] -- Up-to-date: C:/Users/82103/Documents/ros2_ws/install/my_interfaces_ysj/include/my_interfaces_ysj/action
[21.750s] -- Up-to-date: C:/Users/82103/Documents/ros2_ws/install/my_interfaces_ysj/include/my_interfaces_ysj/action/detail
[21.750s] -- Up-to-date: C:/Users/82103/Documents/ros2_ws/install/my_interfaces_ysj/include/my_interfaces_ysj/action/detail/dds_fastrtps
[21.750s] -- Up-to-date: C:/Users/82103/Documents/ros2_ws/install/my_interfaces_ysj/include/my_interfaces_ysj/action/detail/fibonacci__rosidl_typesupport_fastrtps_cpp.hpp
[21.750s] -- Up-to-date: C:/Users/82103/Documents/ros2_ws/install/my_interfaces_ysj/include/my_interfaces_ysj/msg
[21.765s] -- Up-to-date: C:/Users/82103/Documents/ros2_ws/install/my_interfaces_ysj/include/my_interfaces_ysj/msg/detail
[21.765s] -- Up-to-date: C:/Users/82103/Documents/ros2_ws/install/my_interfaces_ysj/include/my_interfaces_ysj/msg/detail/dds_fastrtps
[21.765s] -- Up-to-date: C:/Users/82103/Documents/ros2_ws/install/my_interfaces_ysj/include/my_interfaces_ysj/msg/detail/temp__rosidl_typesupport_fastrtps_cpp.hpp
[21.765s] -- Up-to-date: C:/Users/82103/Documents/ros2_ws/install/my_interfaces_ysj/include/my_interfaces_ysj/msg/rosidl_typesupport_fastrtps_cpp__visibility_control.h
[21.781s] -- Up-to-date: C:/Users/82103/Documents/ros2_ws/install/my_interfaces_ysj/include/my_interfaces_ysj/srv
[21.781s] -- Up-to-date: C:/Users/82103/Documents/ros2_ws/install/my_interfaces_ysj/include/my_interfaces_ysj/srv/detail
[21.781s] -- Up-to-date: C:/Users/82103/Documents/ros2_ws/install/my_interfaces_ysj/include/my_interfaces_ysj/srv/detail/add_three_ints__rosidl_typesupport_fastrtps_cpp.hpp
[21.781s] -- Up-to-date: C:/Users/82103/Documents/ros2_ws/install/my_interfaces_ysj/include/my_interfaces_ysj/srv/detail/dds_fastrtps
[21.796s] -- Up-to-date: C:/Users/82103/Documents/ros2_ws/install/my_interfaces_ysj/lib/my_interfaces_ysj__rosidl_typesupport_fastrtps_cpp.lib
[21.796s] -- Up-to-date: C:/Users/82103/Documents/ros2_ws/install/my_interfaces_ysj/bin/my_interfaces_ysj__rosidl_typesupport_fastrtps_cpp.dll
[21.796s] -- Up-to-date: C:/Users/82103/Documents/ros2_ws/install/my_interfaces_ysj/include/my_interfaces_ysj
[21.796s] -- Up-to-date: C:/Users/82103/Documents/ros2_ws/install/my_interfaces_ysj/include/my_interfaces_ysj/action
[21.812s] -- Up-to-date: C:/Users/82103/Documents/ros2_ws/install/my_interfaces_ysj/include/my_interfaces_ysj/action/detail
[21.812s] -- Up-to-date: C:/Users/82103/Documents/ros2_ws/install/my_interfaces_ysj/include/my_interfaces_ysj/action/detail/fibonacci__rosidl_typesupport_introspection_c.h
[21.812s] -- Up-to-date: C:/Users/82103/Documents/ros2_ws/install/my_interfaces_ysj/include/my_interfaces_ysj/action/detail/fibonacci__type_support.c
[21.812s] -- Up-to-date: C:/Users/82103/Documents/ros2_ws/install/my_interfaces_ysj/include/my_interfaces_ysj/msg
[21.828s] -- Up-to-date: C:/Users/82103/Documents/ros2_ws/install/my_interfaces_ysj/include/my_interfaces_ysj/msg/detail
[21.828s] -- Up-to-date: C:/Users/82103/Documents/ros2_ws/install/my_interfaces_ysj/include/my_interfaces_ysj/msg/detail/temp__rosidl_typesupport_introspection_c.h
[21.828s] -- Up-to-date: C:/Users/82103/Documents/ros2_ws/install/my_interfaces_ysj/include/my_interfaces_ysj/msg/detail/temp__type_support.c
[21.828s] -- Up-to-date: C:/Users/82103/Documents/ros2_ws/install/my_interfaces_ysj/include/my_interfaces_ysj/msg/rosidl_typesupport_introspection_c__visibility_control.h
[21.843s] -- Up-to-date: C:/Users/82103/Documents/ros2_ws/install/my_interfaces_ysj/include/my_interfaces_ysj/srv
[21.843s] -- Up-to-date: C:/Users/82103/Documents/ros2_ws/install/my_interfaces_ysj/include/my_interfaces_ysj/srv/detail
[21.843s] -- Up-to-date: C:/Users/82103/Documents/ros2_ws/install/my_interfaces_ysj/include/my_interfaces_ysj/srv/detail/add_three_ints__rosidl_typesupport_introspection_c.h
[21.843s] -- Up-to-date: C:/Users/82103/Documents/ros2_ws/install/my_interfaces_ysj/include/my_interfaces_ysj/srv/detail/add_three_ints__type_support.c
[21.859s] -- Up-to-date: C:/Users/82103/Documents/ros2_ws/install/my_interfaces_ysj/lib/my_interfaces_ysj__rosidl_typesupport_introspection_c.lib
[21.859s] -- Up-to-date: C:/Users/82103/Documents/ros2_ws/install/my_interfaces_ysj/bin/my_interfaces_ysj__rosidl_typesupport_introspection_c.dll
[21.859s] -- Up-to-date: C:/Users/82103/Documents/ros2_ws/install/my_interfaces_ysj/lib/my_interfaces_ysj__rosidl_typesupport_c.lib
[21.875s] -- Up-to-date: C:/Users/82103/Documents/ros2_ws/install/my_interfaces_ysj/bin/my_interfaces_ysj__rosidl_typesupport_c.dll
[21.875s] -- Up-to-date: C:/Users/82103/Documents/ros2_ws/install/my_interfaces_ysj/include/my_interfaces_ysj
[21.875s] -- Up-to-date: C:/Users/82103/Documents/ros2_ws/install/my_interfaces_ysj/include/my_interfaces_ysj/action
[21.890s] -- Up-to-date: C:/Users/82103/Documents/ros2_ws/install/my_interfaces_ysj/include/my_interfaces_ysj/action/detail
[21.890s] -- Up-to-date: C:/Users/82103/Documents/ros2_ws/install/my_interfaces_ysj/include/my_interfaces_ysj/action/detail/fibonacci__builder.hpp
[21.890s] -- Up-to-date: C:/Users/82103/Documents/ros2_ws/install/my_interfaces_ysj/include/my_interfaces_ysj/action/detail/fibonacci__struct.hpp
[21.890s] -- Up-to-date: C:/Users/82103/Documents/ros2_ws/install/my_interfaces_ysj/include/my_interfaces_ysj/action/detail/fibonacci__traits.hpp
[21.890s] -- Up-to-date: C:/Users/82103/Documents/ros2_ws/install/my_interfaces_ysj/include/my_interfaces_ysj/action/fibonacci.hpp
[21.890s] -- Up-to-date: C:/Users/82103/Documents/ros2_ws/install/my_interfaces_ysj/include/my_interfaces_ysj/msg
[21.906s] -- Up-to-date: C:/Users/82103/Documents/ros2_ws/install/my_interfaces_ysj/include/my_interfaces_ysj/msg/detail
[21.906s] -- Up-to-date: C:/Users/82103/Documents/ros2_ws/install/my_interfaces_ysj/include/my_interfaces_ysj/msg/detail/temp__builder.hpp
[21.906s] -- Up-to-date: C:/Users/82103/Documents/ros2_ws/install/my_interfaces_ysj/include/my_interfaces_ysj/msg/detail/temp__struct.hpp
[21.906s] -- Up-to-date: C:/Users/82103/Documents/ros2_ws/install/my_interfaces_ysj/include/my_interfaces_ysj/msg/detail/temp__traits.hpp
[21.906s] -- Up-to-date: C:/Users/82103/Documents/ros2_ws/install/my_interfaces_ysj/include/my_interfaces_ysj/msg/temp.hpp
[21.906s] -- Up-to-date: C:/Users/82103/Documents/ros2_ws/install/my_interfaces_ysj/include/my_interfaces_ysj/srv
[21.906s] -- Up-to-date: C:/Users/82103/Documents/ros2_ws/install/my_interfaces_ysj/include/my_interfaces_ysj/srv/add_three_ints.hpp
[21.906s] -- Up-to-date: C:/Users/82103/Documents/ros2_ws/install/my_interfaces_ysj/include/my_interfaces_ysj/srv/detail
[21.921s] -- Up-to-date: C:/Users/82103/Documents/ros2_ws/install/my_interfaces_ysj/include/my_interfaces_ysj/srv/detail/add_three_ints__builder.hpp
[21.921s] -- Up-to-date: C:/Users/82103/Documents/ros2_ws/install/my_interfaces_ysj/include/my_interfaces_ysj/srv/detail/add_three_ints__struct.hpp
[21.921s] -- Up-to-date: C:/Users/82103/Documents/ros2_ws/install/my_interfaces_ysj/include/my_interfaces_ysj/srv/detail/add_three_ints__traits.hpp
[21.921s] -- Up-to-date: C:/Users/82103/Documents/ros2_ws/install/my_interfaces_ysj/include/my_interfaces_ysj
[21.921s] -- Up-to-date: C:/Users/82103/Documents/ros2_ws/install/my_interfaces_ysj/include/my_interfaces_ysj/action
[21.921s] -- Up-to-date: C:/Users/82103/Documents/ros2_ws/install/my_interfaces_ysj/include/my_interfaces_ysj/action/detail
[21.921s] -- Up-to-date: C:/Users/82103/Documents/ros2_ws/install/my_interfaces_ysj/include/my_interfaces_ysj/action/detail/fibonacci__rosidl_typesupport_introspection_cpp.hpp
[21.921s] -- Up-to-date: C:/Users/82103/Documents/ros2_ws/install/my_interfaces_ysj/include/my_interfaces_ysj/action/detail/fibonacci__type_support.cpp
[21.921s] -- Up-to-date: C:/Users/82103/Documents/ros2_ws/install/my_interfaces_ysj/include/my_interfaces_ysj/msg
[21.937s] -- Up-to-date: C:/Users/82103/Documents/ros2_ws/install/my_interfaces_ysj/include/my_interfaces_ysj/msg/detail
[21.937s] -- Up-to-date: C:/Users/82103/Documents/ros2_ws/install/my_interfaces_ysj/include/my_interfaces_ysj/msg/detail/temp__rosidl_typesupport_introspection_cpp.hpp
[21.937s] -- Up-to-date: C:/Users/82103/Documents/ros2_ws/install/my_interfaces_ysj/include/my_interfaces_ysj/msg/detail/temp__type_support.cpp
[21.937s] -- Up-to-date: C:/Users/82103/Documents/ros2_ws/install/my_interfaces_ysj/include/my_interfaces_ysj/srv
[21.937s] -- Up-to-date: C:/Users/82103/Documents/ros2_ws/install/my_interfaces_ysj/include/my_interfaces_ysj/srv/detail
[21.937s] -- Up-to-date: C:/Users/82103/Documents/ros2_ws/install/my_interfaces_ysj/include/my_interfaces_ysj/srv/detail/add_three_ints__rosidl_typesupport_introspection_cpp.hpp
[21.937s] -- Up-to-date: C:/Users/82103/Documents/ros2_ws/install/my_interfaces_ysj/include/my_interfaces_ysj/srv/detail/add_three_ints__type_support.cpp
[21.937s] -- Up-to-date: C:/Users/82103/Documents/ros2_ws/install/my_interfaces_ysj/lib/my_interfaces_ysj__rosidl_typesupport_introspection_cpp.lib
[21.953s] -- Up-to-date: C:/Users/82103/Documents/ros2_ws/install/my_interfaces_ysj/bin/my_interfaces_ysj__rosidl_typesupport_introspection_cpp.dll
[21.953s] -- Up-to-date: C:/Users/82103/Documents/ros2_ws/install/my_interfaces_ysj/lib/my_interfaces_ysj__rosidl_typesupport_cpp.lib
[21.953s] -- Up-to-date: C:/Users/82103/Documents/ros2_ws/install/my_interfaces_ysj/bin/my_interfaces_ysj__rosidl_typesupport_cpp.dll
[21.953s] -- Up-to-date: C:/Users/82103/Documents/ros2_ws/install/my_interfaces_ysj/share/my_interfaces_ysj/environment/pythonpath.bat
[21.953s] -- Installing: C:/Users/82103/Documents/ros2_ws/install/my_interfaces_ysj/share/my_interfaces_ysj/environment/pythonpath.dsv
[21.968s] -- Installing: C:/Users/82103/Documents/ros2_ws/install/my_interfaces_ysj/Lib/site-packages/my_interfaces_ysj/__init__.py
[22.140s] Compiling 'C:/Users/82103/Documents/ros2_ws/install/my_interfaces_ysj/Lib/site-packages/my_interfaces_ysj/__init__.py'...
[22.171s] -- Up-to-date: C:/Users/82103/Documents/ros2_ws/install/my_interfaces_ysj/Lib/site-packages/my_interfaces_ysj/srv
[22.171s] -- Up-to-date: C:/Users/82103/Documents/ros2_ws/install/my_interfaces_ysj/Lib/site-packages/my_interfaces_ysj/srv/_add_three_ints.py
[22.171s] -- Up-to-date: C:/Users/82103/Documents/ros2_ws/install/my_interfaces_ysj/Lib/site-packages/my_interfaces_ysj/srv/_add_three_ints_s.c
[22.171s] -- Up-to-date: C:/Users/82103/Documents/ros2_ws/install/my_interfaces_ysj/Lib/site-packages/my_interfaces_ysj/srv/__init__.py
[22.171s] -- Up-to-date: C:/Users/82103/Documents/ros2_ws/install/my_interfaces_ysj/Lib/site-packages/my_interfaces_ysj/msg
[22.171s] -- Up-to-date: C:/Users/82103/Documents/ros2_ws/install/my_interfaces_ysj/Lib/site-packages/my_interfaces_ysj/msg/_temp.py
[22.187s] -- Up-to-date: C:/Users/82103/Documents/ros2_ws/install/my_interfaces_ysj/Lib/site-packages/my_interfaces_ysj/msg/_temp_s.c
[22.187s] -- Up-to-date: C:/Users/82103/Documents/ros2_ws/install/my_interfaces_ysj/Lib/site-packages/my_interfaces_ysj/msg/__init__.py
[22.187s] -- Up-to-date: C:/Users/82103/Documents/ros2_ws/install/my_interfaces_ysj/Lib/site-packages/my_interfaces_ysj/action
[22.187s] -- Up-to-date: C:/Users/82103/Documents/ros2_ws/install/my_interfaces_ysj/Lib/site-packages/my_interfaces_ysj/action/_fibonacci.py
[22.187s] -- Up-to-date: C:/Users/82103/Documents/ros2_ws/install/my_interfaces_ysj/Lib/site-packages/my_interfaces_ysj/action/_fibonacci_s.c
[22.187s] -- Up-to-date: C:/Users/82103/Documents/ros2_ws/install/my_interfaces_ysj/Lib/site-packages/my_interfaces_ysj/action/__init__.py
[22.203s] -- Up-to-date: C:/Users/82103/Documents/ros2_ws/install/my_interfaces_ysj/Lib/site-packages/my_interfaces_ysj/my_interfaces_ysj_s__rosidl_typesupport_fastrtps_c.lib
[22.203s] -- Up-to-date: C:/Users/82103/Documents/ros2_ws/install/my_interfaces_ysj/Lib/site-packages/my_interfaces_ysj/my_interfaces_ysj_s__rosidl_typesupport_fastrtps_c.pyd
[22.203s] -- Up-to-date: C:/Users/82103/Documents/ros2_ws/install/my_interfaces_ysj/Lib/site-packages/my_interfaces_ysj/my_interfaces_ysj_s__rosidl_typesupport_introspection_c.lib
[22.203s] -- Up-to-date: C:/Users/82103/Documents/ros2_ws/install/my_interfaces_ysj/Lib/site-packages/my_interfaces_ysj/my_interfaces_ysj_s__rosidl_typesupport_introspection_c.pyd
[22.203s] -- Up-to-date: C:/Users/82103/Documents/ros2_ws/install/my_interfaces_ysj/Lib/site-packages/my_interfaces_ysj/my_interfaces_ysj_s__rosidl_typesupport_c.lib
[22.203s] -- Up-to-date: C:/Users/82103/Documents/ros2_ws/install/my_interfaces_ysj/Lib/site-packages/my_interfaces_ysj/my_interfaces_ysj_s__rosidl_typesupport_c.pyd
[22.218s] -- Up-to-date: C:/Users/82103/Documents/ros2_ws/install/my_interfaces_ysj/lib/my_interfaces_ysj__python.lib
[22.218s] -- Up-to-date: C:/Users/82103/Documents/ros2_ws/install/my_interfaces_ysj/bin/my_interfaces_ysj__python.dll
[22.218s] -- Up-to-date: C:/Users/82103/Documents/ros2_ws/install/my_interfaces_ysj/share/my_interfaces_ysj/srv/AddThreeInts.idl
[22.218s] -- Up-to-date: C:/Users/82103/Documents/ros2_ws/install/my_interfaces_ysj/share/my_interfaces_ysj/msg/Temp.idl
[22.218s] -- Up-to-date: C:/Users/82103/Documents/ros2_ws/install/my_interfaces_ysj/share/my_interfaces_ysj/action/Fibonacci.idl
[22.234s] -- Up-to-date: C:/Users/82103/Documents/ros2_ws/install/my_interfaces_ysj/share/my_interfaces_ysj/srv/AddThreeInts.srv
[22.234s] -- Up-to-date: C:/Users/82103/Documents/ros2_ws/install/my_interfaces_ysj/share/my_interfaces_ysj/srv/AddThreeInts_Request.msg
[22.234s] -- Up-to-date: C:/Users/82103/Documents/ros2_ws/install/my_interfaces_ysj/share/my_interfaces_ysj/srv/AddThreeInts_Response.msg
[22.234s] -- Up-to-date: C:/Users/82103/Documents/ros2_ws/install/my_interfaces_ysj/share/my_interfaces_ysj/msg/Temp.msg
[22.234s] -- Up-to-date: C:/Users/82103/Documents/ros2_ws/install/my_interfaces_ysj/share/my_interfaces_ysj/action/Fibonacci.action
[22.234s] -- Up-to-date: C:/Users/82103/Documents/ros2_ws/install/my_interfaces_ysj/share/ament_index/resource_index/package_run_dependencies/my_interfaces_ysj
[22.250s] -- Up-to-date: C:/Users/82103/Documents/ros2_ws/install/my_interfaces_ysj/share/ament_index/resource_index/parent_prefix_path/my_interfaces_ysj
[22.250s] -- Up-to-date: C:/Users/82103/Documents/ros2_ws/install/my_interfaces_ysj/share/my_interfaces_ysj/environment/ament_prefix_path.bat
[22.250s] -- Installing: C:/Users/82103/Documents/ros2_ws/install/my_interfaces_ysj/share/my_interfaces_ysj/environment/ament_prefix_path.dsv
[22.265s] -- Up-to-date: C:/Users/82103/Documents/ros2_ws/install/my_interfaces_ysj/share/my_interfaces_ysj/environment/path.bat
[22.265s] -- Installing: C:/Users/82103/Documents/ros2_ws/install/my_interfaces_ysj/share/my_interfaces_ysj/environment/path.dsv
[22.281s] -- Up-to-date: C:/Users/82103/Documents/ros2_ws/install/my_interfaces_ysj/share/my_interfaces_ysj/local_setup.bat
[22.281s] -- Installing: C:/Users/82103/Documents/ros2_ws/install/my_interfaces_ysj/share/my_interfaces_ysj/local_setup.dsv
[22.296s] -- Installing: C:/Users/82103/Documents/ros2_ws/install/my_interfaces_ysj/share/my_interfaces_ysj/package.dsv
[22.296s] -- Up-to-date: C:/Users/82103/Documents/ros2_ws/install/my_interfaces_ysj/share/ament_index/resource_index/packages/my_interfaces_ysj
[22.296s] -- Up-to-date: C:/Users/82103/Documents/ros2_ws/install/my_interfaces_ysj/share/my_interfaces_ysj/cmake/my_interfaces_ysj__rosidl_generator_cExport.cmake
[22.312s] -- Installing: C:/Users/82103/Documents/ros2_ws/install/my_interfaces_ysj/share/my_interfaces_ysj/cmake/my_interfaces_ysj__rosidl_generator_cExport-release.cmake
[22.312s] -- Up-to-date: C:/Users/82103/Documents/ros2_ws/install/my_interfaces_ysj/share/my_interfaces_ysj/cmake/my_interfaces_ysj__rosidl_typesupport_introspection_cExport.cmake
[22.328s] -- Installing: C:/Users/82103/Documents/ros2_ws/install/my_interfaces_ysj/share/my_interfaces_ysj/cmake/my_interfaces_ysj__rosidl_typesupport_introspection_cExport-release.cmake
[22.343s] -- Up-to-date: C:/Users/82103/Documents/ros2_ws/install/my_interfaces_ysj/share/my_interfaces_ysj/cmake/my_interfaces_ysj__rosidl_typesupport_cExport.cmake
[22.343s] -- Installing: C:/Users/82103/Documents/ros2_ws/install/my_interfaces_ysj/share/my_interfaces_ysj/cmake/my_interfaces_ysj__rosidl_typesupport_cExport-release.cmake
[22.359s] -- Up-to-date: C:/Users/82103/Documents/ros2_ws/install/my_interfaces_ysj/share/my_interfaces_ysj/cmake/my_interfaces_ysj__rosidl_generator_cppExport.cmake
[22.359s] -- Up-to-date: C:/Users/82103/Documents/ros2_ws/install/my_interfaces_ysj/share/my_interfaces_ysj/cmake/my_interfaces_ysj__rosidl_typesupport_introspection_cppExport.cmake
[22.828s] -- Installing: C:/Users/82103/Documents/ros2_ws/install/my_interfaces_ysj/share/my_interfaces_ysj/cmake/my_interfaces_ysj__rosidl_typesupport_introspection_cppExport-release.cmake
[22.843s] -- Up-to-date: C:/Users/82103/Documents/ros2_ws/install/my_interfaces_ysj/share/my_interfaces_ysj/cmake/my_interfaces_ysj__rosidl_typesupport_cppExport.cmake
[22.843s] -- Installing: C:/Users/82103/Documents/ros2_ws/install/my_interfaces_ysj/share/my_interfaces_ysj/cmake/my_interfaces_ysj__rosidl_typesupport_cppExport-release.cmake
[22.843s] -- Up-to-date: C:/Users/82103/Documents/ros2_ws/install/my_interfaces_ysj/share/my_interfaces_ysj/cmake/rosidl_cmake-extras.cmake
[22.843s] -- Up-to-date: C:/Users/82103/Documents/ros2_ws/install/my_interfaces_ysj/share/my_interfaces_ysj/cmake/ament_cmake_export_dependencies-extras.cmake
[22.843s] -- Up-to-date: C:/Users/82103/Documents/ros2_ws/install/my_interfaces_ysj/share/my_interfaces_ysj/cmake/ament_cmake_export_libraries-extras.cmake
[22.843s] -- Up-to-date: C:/Users/82103/Documents/ros2_ws/install/my_interfaces_ysj/share/my_interfaces_ysj/cmake/ament_cmake_export_targets-extras.cmake
[22.843s] -- Up-to-date: C:/Users/82103/Documents/ros2_ws/install/my_interfaces_ysj/share/my_interfaces_ysj/cmake/ament_cmake_export_include_directories-extras.cmake
[22.843s] -- Up-to-date: C:/Users/82103/Documents/ros2_ws/install/my_interfaces_ysj/share/my_interfaces_ysj/cmake/rosidl_cmake_export_typesupport_libraries-extras.cmake
[22.843s] -- Up-to-date: C:/Users/82103/Documents/ros2_ws/install/my_interfaces_ysj/share/my_interfaces_ysj/cmake/rosidl_cmake_export_typesupport_targets-extras.cmake
[22.843s] -- Up-to-date: C:/Users/82103/Documents/ros2_ws/install/my_interfaces_ysj/share/my_interfaces_ysj/cmake/my_interfaces_ysjConfig.cmake
[22.843s] -- Up-to-date: C:/Users/82103/Documents/ros2_ws/install/my_interfaces_ysj/share/my_interfaces_ysj/cmake/my_interfaces_ysjConfig-version.cmake
[22.843s] -- Up-to-date: C:/Users/82103/Documents/ros2_ws/install/my_interfaces_ysj/share/my_interfaces_ysj/package.xml
[22.843s] Invoked command in 'c:\Users\82103\Documents\ros2_ws\build\my_interfaces_ysj' returned '0': C:\Program Files\CMake\bin\cmake.EXE --install c:\Users\82103\Documents\ros2_ws\build\my_interfaces_ysj --config Release
