c:\Users\82103\Documents\ros2_ws\install\webots_ros2_core\Lib\site-packages\webots_ros2_core\joint_state_publisher.py
c:\Users\82103\Documents\ros2_ws\install\webots_ros2_core\Lib\site-packages\webots_ros2_core\math_utils.py
c:\Users\82103\Documents\ros2_ws\install\webots_ros2_core\Lib\site-packages\webots_ros2_core\tf_publisher.py
c:\Users\82103\Documents\ros2_ws\install\webots_ros2_core\Lib\site-packages\webots_ros2_core\trajectory_follower.py
c:\Users\82103\Documents\ros2_ws\install\webots_ros2_core\Lib\site-packages\webots_ros2_core\utils.py
c:\Users\82103\Documents\ros2_ws\install\webots_ros2_core\Lib\site-packages\webots_ros2_core\webots_differential_drive_node.py
c:\Users\82103\Documents\ros2_ws\install\webots_ros2_core\Lib\site-packages\webots_ros2_core\webots_launcher.py
c:\Users\82103\Documents\ros2_ws\install\webots_ros2_core\Lib\site-packages\webots_ros2_core\webots_node.py
c:\Users\82103\Documents\ros2_ws\install\webots_ros2_core\Lib\site-packages\webots_ros2_core\webots_robotic_arm_node.py
c:\Users\82103\Documents\ros2_ws\install\webots_ros2_core\Lib\site-packages\webots_ros2_core\__init__.py
c:\Users\82103\Documents\ros2_ws\install\webots_ros2_core\Lib\site-packages\webots_ros2_core\devices\camera_device.py
c:\Users\82103\Documents\ros2_ws\install\webots_ros2_core\Lib\site-packages\webots_ros2_core\devices\device.py
c:\Users\82103\Documents\ros2_ws\install\webots_ros2_core\Lib\site-packages\webots_ros2_core\devices\device_manager.py
c:\Users\82103\Documents\ros2_ws\install\webots_ros2_core\Lib\site-packages\webots_ros2_core\devices\distance_sensor_device.py
c:\Users\82103\Documents\ros2_ws\install\webots_ros2_core\Lib\site-packages\webots_ros2_core\devices\imu_device.py
c:\Users\82103\Documents\ros2_ws\install\webots_ros2_core\Lib\site-packages\webots_ros2_core\devices\led_device.py
c:\Users\82103\Documents\ros2_ws\install\webots_ros2_core\Lib\site-packages\webots_ros2_core\devices\lidar_device.py
c:\Users\82103\Documents\ros2_ws\install\webots_ros2_core\Lib\site-packages\webots_ros2_core\devices\light_sensor_device.py
c:\Users\82103\Documents\ros2_ws\install\webots_ros2_core\Lib\site-packages\webots_ros2_core\devices\robot_device.py
c:\Users\82103\Documents\ros2_ws\install\webots_ros2_core\Lib\site-packages\webots_ros2_core\devices\sensor_device.py
c:\Users\82103\Documents\ros2_ws\install\webots_ros2_core\Lib\site-packages\webots_ros2_core\devices\__init__.py
c:\Users\82103\Documents\ros2_ws\install\webots_ros2_core\Lib\site-packages\webots_ros2_core\math\quaternions.py
c:\Users\82103\Documents\ros2_ws\install\webots_ros2_core\Lib\site-packages\webots_ros2_core\math\__init__.py
c:\Users\82103\Documents\ros2_ws\install\webots_ros2_core\Lib\site-packages\webots_ros2_core\__pycache__\joint_state_publisher.cpython-38.pyc
c:\Users\82103\Documents\ros2_ws\install\webots_ros2_core\Lib\site-packages\webots_ros2_core\__pycache__\math_utils.cpython-38.pyc
c:\Users\82103\Documents\ros2_ws\install\webots_ros2_core\Lib\site-packages\webots_ros2_core\__pycache__\tf_publisher.cpython-38.pyc
c:\Users\82103\Documents\ros2_ws\install\webots_ros2_core\Lib\site-packages\webots_ros2_core\__pycache__\trajectory_follower.cpython-38.pyc
c:\Users\82103\Documents\ros2_ws\install\webots_ros2_core\Lib\site-packages\webots_ros2_core\__pycache__\utils.cpython-38.pyc
c:\Users\82103\Documents\ros2_ws\install\webots_ros2_core\Lib\site-packages\webots_ros2_core\__pycache__\webots_differential_drive_node.cpython-38.pyc
c:\Users\82103\Documents\ros2_ws\install\webots_ros2_core\Lib\site-packages\webots_ros2_core\__pycache__\webots_launcher.cpython-38.pyc
c:\Users\82103\Documents\ros2_ws\install\webots_ros2_core\Lib\site-packages\webots_ros2_core\__pycache__\webots_node.cpython-38.pyc
c:\Users\82103\Documents\ros2_ws\install\webots_ros2_core\Lib\site-packages\webots_ros2_core\__pycache__\webots_robotic_arm_node.cpython-38.pyc
c:\Users\82103\Documents\ros2_ws\install\webots_ros2_core\Lib\site-packages\webots_ros2_core\__pycache__\__init__.cpython-38.pyc
c:\Users\82103\Documents\ros2_ws\install\webots_ros2_core\Lib\site-packages\webots_ros2_core\devices\__pycache__\camera_device.cpython-38.pyc
c:\Users\82103\Documents\ros2_ws\install\webots_ros2_core\Lib\site-packages\webots_ros2_core\devices\__pycache__\device.cpython-38.pyc
c:\Users\82103\Documents\ros2_ws\install\webots_ros2_core\Lib\site-packages\webots_ros2_core\devices\__pycache__\device_manager.cpython-38.pyc
c:\Users\82103\Documents\ros2_ws\install\webots_ros2_core\Lib\site-packages\webots_ros2_core\devices\__pycache__\distance_sensor_device.cpython-38.pyc
c:\Users\82103\Documents\ros2_ws\install\webots_ros2_core\Lib\site-packages\webots_ros2_core\devices\__pycache__\imu_device.cpython-38.pyc
c:\Users\82103\Documents\ros2_ws\install\webots_ros2_core\Lib\site-packages\webots_ros2_core\devices\__pycache__\led_device.cpython-38.pyc
c:\Users\82103\Documents\ros2_ws\install\webots_ros2_core\Lib\site-packages\webots_ros2_core\devices\__pycache__\lidar_device.cpython-38.pyc
c:\Users\82103\Documents\ros2_ws\install\webots_ros2_core\Lib\site-packages\webots_ros2_core\devices\__pycache__\light_sensor_device.cpython-38.pyc
c:\Users\82103\Documents\ros2_ws\install\webots_ros2_core\Lib\site-packages\webots_ros2_core\devices\__pycache__\robot_device.cpython-38.pyc
c:\Users\82103\Documents\ros2_ws\install\webots_ros2_core\Lib\site-packages\webots_ros2_core\devices\__pycache__\sensor_device.cpython-38.pyc
c:\Users\82103\Documents\ros2_ws\install\webots_ros2_core\Lib\site-packages\webots_ros2_core\devices\__pycache__\__init__.cpython-38.pyc
c:\Users\82103\Documents\ros2_ws\install\webots_ros2_core\Lib\site-packages\webots_ros2_core\math\__pycache__\quaternions.cpython-38.pyc
c:\Users\82103\Documents\ros2_ws\install\webots_ros2_core\Lib\site-packages\webots_ros2_core\math\__pycache__\__init__.cpython-38.pyc
c:\Users\82103\Documents\ros2_ws\install\webots_ros2_core\share\ament_index\resource_index\packages\webots_ros2_core
c:\Users\82103\Documents\ros2_ws\install\webots_ros2_core\share\webots_ros2_core\package.xml
c:\Users\82103\Documents\ros2_ws\install\webots_ros2_core\share\webots_ros2_core\launch\robot_launch.py
c:\Users\82103\Documents\ros2_ws\install\webots_ros2_core\Lib\site-packages\webots_ros2_core-1.0.3-py3.8.egg-info\dependency_links.txt
c:\Users\82103\Documents\ros2_ws\install\webots_ros2_core\Lib\site-packages\webots_ros2_core-1.0.3-py3.8.egg-info\entry_points.txt
c:\Users\82103\Documents\ros2_ws\install\webots_ros2_core\Lib\site-packages\webots_ros2_core-1.0.3-py3.8.egg-info\PKG-INFO
c:\Users\82103\Documents\ros2_ws\install\webots_ros2_core\Lib\site-packages\webots_ros2_core-1.0.3-py3.8.egg-info\requires.txt
c:\Users\82103\Documents\ros2_ws\install\webots_ros2_core\Lib\site-packages\webots_ros2_core-1.0.3-py3.8.egg-info\SOURCES.txt
c:\Users\82103\Documents\ros2_ws\install\webots_ros2_core\Lib\site-packages\webots_ros2_core-1.0.3-py3.8.egg-info\top_level.txt
c:\Users\82103\Documents\ros2_ws\install\webots_ros2_core\Lib\site-packages\webots_ros2_core-1.0.3-py3.8.egg-info\zip-safe
c:\Users\82103\Documents\ros2_ws\install\webots_ros2_core\lib\webots_ros2_core\webots_differential_drive_node-script.py
c:\Users\82103\Documents\ros2_ws\install\webots_ros2_core\lib\webots_ros2_core\webots_differential_drive_node.exe
c:\Users\82103\Documents\ros2_ws\install\webots_ros2_core\lib\webots_ros2_core\webots_node-script.py
c:\Users\82103\Documents\ros2_ws\install\webots_ros2_core\lib\webots_ros2_core\webots_node.exe
c:\Users\82103\Documents\ros2_ws\install\webots_ros2_core\lib\webots_ros2_core\webots_robotic_arm_node-script.py
c:\Users\82103\Documents\ros2_ws\install\webots_ros2_core\lib\webots_ros2_core\webots_robotic_arm_node.exe
