[4.297s] Invoking command in 'c:\Users\82103\Documents\ros2_ws\build\webots_ros2_msgs': C:\Program Files\CMake\bin\cmake.EXE c:\Users\82103\Documents\ros2_ws\webots_ros2\webots_ros2_msgs -DCMAKE_INSTALL_PREFIX=c:\Users\82103\Documents\ros2_ws\install\webots_ros2_msgs
[5.219s] -- Selecting Windows SDK version 10.0.18362.0 to target Windows 10.0.18363.
[5.219s] -- Found ament_cmake: 0.9.6 (C:/dev/ros2_foxy/share/ament_cmake/cmake)
[5.234s] -- Found PythonInterp: C:/Python38/python.exe (found suitable version "3.8.3", minimum required is "3") 
[5.234s] -- Using PYTHON_EXECUTABLE: C:/Python38/python.exe
[5.328s] -- Found builtin_interfaces: 1.0.0 (C:/dev/ros2_foxy/share/builtin_interfaces/cmake)
[5.422s] -- Using all available rosidl_typesupport_c: rosidl_typesupport_connext_c;rosidl_typesupport_fastrtps_c;rosidl_typesupport_introspection_c
[5.453s] -- Found rosidl_adapter: 1.0.1 (C:/dev/ros2_foxy/share/rosidl_adapter/cmake)
[6.187s] -- Could not find RTI Connext - skipping rosidl_typesupport_connext_c
[6.281s] -- Could not find RTI Connext - skipping rosidl_typesupport_connext_cpp
[6.797s] -- Using all available rosidl_typesupport_cpp: rosidl_typesupport_connext_cpp;rosidl_typesupport_fastrtps_cpp;rosidl_typesupport_introspection_cpp
[6.906s] -- Found rosidl_default_generators: 1.0.0 (C:/dev/ros2_foxy/share/rosidl_default_generators/cmake)
[6.969s] -- Found ament_lint_auto: 0.9.5 (C:/dev/ros2_foxy/share/ament_lint_auto/cmake)
[7.453s] -- Found PythonInterp: C:/Python38/python.exe (found version "3.8.3") 
[7.984s] -- Found ament_cmake_cpplint: 0.9.5 (C:/dev/ros2_foxy/share/ament_cmake_cpplint/cmake)
[8.016s] -- Found ament_cmake_ros: 0.9.0 (C:/dev/ros2_foxy/share/ament_cmake_ros/cmake)
[8.641s] -- Using all available rosidl_typesupport_c: rosidl_typesupport_connext_c;rosidl_typesupport_fastrtps_c;rosidl_typesupport_introspection_c
[8.812s] -- Using all available rosidl_typesupport_cpp: rosidl_typesupport_connext_cpp;rosidl_typesupport_fastrtps_cpp;rosidl_typesupport_introspection_cpp
[8.953s] -- Found PythonInterp: C:/Python38/python.exe (found suitable version "3.8.3", minimum required is "3.5") 
[8.969s] -- Found python_cmake_module: 0.8.0 (C:/dev/ros2_foxy/share/python_cmake_module/cmake)
[9.297s] -- Using PYTHON_EXECUTABLE: C:/Python38/python.exe
[9.297s] -- Using PYTHON_INCLUDE_DIRS: C:/Python38/include
[9.297s] -- Using PYTHON_LIBRARIES: C:/Python38/libs/python38.lib
[9.812s] -- Using numpy include directory: C:\Python38\lib\site-packages\numpy\core\include
[9.922s] -- Added test 'lint_cmake' to check CMake code style
[9.937s] -- Added test 'xmllint' to check XML markup files
[10.328s] -- Configuring done
[12.844s] -- Generating done
[12.891s] -- Build files have been written to: C:/Users/82103/Documents/ros2_ws/build/webots_ros2_msgs
[12.906s] Invoked command in 'c:\Users\82103\Documents\ros2_ws\build\webots_ros2_msgs' returned '0': C:\Program Files\CMake\bin\cmake.EXE c:\Users\82103\Documents\ros2_ws\webots_ros2\webots_ros2_msgs -DCMAKE_INSTALL_PREFIX=c:\Users\82103\Documents\ros2_ws\install\webots_ros2_msgs
[12.922s] Invoking command in 'c:\Users\82103\Documents\ros2_ws\build\webots_ros2_msgs': CL=/MP C:\Program Files\CMake\bin\cmake.EXE --build c:\Users\82103\Documents\ros2_ws\build\webots_ros2_msgs --config Release
[13.203s] .NET Framework¿ë Microsoft (R) Build Engine ¹öÀü 16.7.0+b89cb5fde
[13.203s] Copyright (C) Microsoft Corporation. All rights reserved.
[13.203s] 
[13.891s]   Checking Build System
[14.531s]   Building Custom Rule C:/Users/82103/Documents/ros2_ws/webots_ros2/webots_ros2_msgs/CMakeLists.txt
[15.000s]   Building Custom Rule C:/Users/82103/Documents/ros2_ws/webots_ros2/webots_ros2_msgs/CMakeLists.txt
[15.391s]   webots_ros2_msgs__rosidl_generator_c.vcxproj -> C:\Users\82103\Documents\ros2_ws\build\webots_ros2_msgs\Release\webots_ros2_msgs__rosidl_generator_c.dll
[15.609s]   Building Custom Rule C:/Users/82103/Documents/ros2_ws/webots_ros2/webots_ros2_msgs/CMakeLists.txt
[15.812s]   webots_ros2_msgs__rosidl_typesupport_c.vcxproj -> C:\Users\82103\Documents\ros2_ws\build\webots_ros2_msgs\Release\webots_ros2_msgs__rosidl_typesupport_c.dll
[16.047s]   Building Custom Rule C:/Users/82103/Documents/ros2_ws/webots_ros2/webots_ros2_msgs/CMakeLists.txt
[16.297s]   webots_ros2_msgs__rosidl_typesupport_cpp.vcxproj -> C:\Users\82103\Documents\ros2_ws\build\webots_ros2_msgs\Release\webots_ros2_msgs__rosidl_typesupport_cpp.dll
[16.625s]   Building Custom Rule C:/Users/82103/Documents/ros2_ws/webots_ros2/webots_ros2_msgs/CMakeLists.txt
[16.859s]   webots_ros2_msgs__rosidl_typesupport_fastrtps_cpp.vcxproj -> C:\Users\82103\Documents\ros2_ws\build\webots_ros2_msgs\Release\webots_ros2_msgs__rosidl_typesupport_fastrtps_cpp.dll
[17.031s]   Building Custom Rule C:/Users/82103/Documents/ros2_ws/webots_ros2/webots_ros2_msgs/CMakeLists.txt
[17.328s]   webots_ros2_msgs__rosidl_typesupport_fastrtps_c.vcxproj -> C:\Users\82103\Documents\ros2_ws\build\webots_ros2_msgs\Release\webots_ros2_msgs__rosidl_typesupport_fastrtps_c.dll
[17.719s]   Building Custom Rule C:/Users/82103/Documents/ros2_ws/webots_ros2/webots_ros2_msgs/CMakeLists.txt
[17.891s]   webots_ros2_msgs__rosidl_typesupport_introspection_c.vcxproj -> C:\Users\82103\Documents\ros2_ws\build\webots_ros2_msgs\Release\webots_ros2_msgs__rosidl_typesupport_introspection_c.dll
[18.156s]   Building Custom Rule C:/Users/82103/Documents/ros2_ws/webots_ros2/webots_ros2_msgs/CMakeLists.txt
[18.391s]   webots_ros2_msgs__rosidl_typesupport_introspection_cpp.vcxproj -> C:\Users\82103\Documents\ros2_ws\build\webots_ros2_msgs\Release\webots_ros2_msgs__rosidl_typesupport_introspection_cpp.dll
[18.656s]   Building Custom Rule C:/Users/82103/Documents/ros2_ws/webots_ros2/webots_ros2_msgs/CMakeLists.txt
[19.281s]   Building Custom Rule C:/Users/82103/Documents/ros2_ws/webots_ros2/webots_ros2_msgs/CMakeLists.txt
[19.609s]   webots_ros2_msgs__python.vcxproj -> C:\Users\82103\Documents\ros2_ws\build\webots_ros2_msgs\rosidl_generator_py\webots_ros2_msgs\webots_ros2_msgs__python.dll
[19.953s]   Building Custom Rule C:/Users/82103/Documents/ros2_ws/webots_ros2/webots_ros2_msgs/CMakeLists.txt
[20.266s]   webots_ros2_msgs__rosidl_typesupport_c__pyext.vcxproj -> C:\Users\82103\Documents\ros2_ws\build\webots_ros2_msgs\rosidl_generator_py\webots_ros2_msgs\webots_ros2_msgs_s__rosidl_typesupport_c.pyd
[20.547s]   Building Custom Rule C:/Users/82103/Documents/ros2_ws/webots_ros2/webots_ros2_msgs/CMakeLists.txt
[20.734s]   webots_ros2_msgs__rosidl_typesupport_fastrtps_c__pyext.vcxproj -> C:\Users\82103\Documents\ros2_ws\build\webots_ros2_msgs\rosidl_generator_py\webots_ros2_msgs\webots_ros2_msgs_s__rosidl_typesupport_fastrtps_c.pyd
[20.953s]   Building Custom Rule C:/Users/82103/Documents/ros2_ws/webots_ros2/webots_ros2_msgs/CMakeLists.txt
[21.266s]   webots_ros2_msgs__rosidl_typesupport_introspection_c__pyext.vcxproj -> C:\Users\82103\Documents\ros2_ws\build\webots_ros2_msgs\rosidl_generator_py\webots_ros2_msgs\webots_ros2_msgs_s__rosidl_typesupport_introspection_c.pyd
[21.531s]   Building Custom Rule C:/Users/82103/Documents/ros2_ws/webots_ros2/webots_ros2_msgs/CMakeLists.txt
[21.891s] Invoked command in 'c:\Users\82103\Documents\ros2_ws\build\webots_ros2_msgs' returned '0': CL=/MP C:\Program Files\CMake\bin\cmake.EXE --build c:\Users\82103\Documents\ros2_ws\build\webots_ros2_msgs --config Release
[21.906s] Invoking command in 'c:\Users\82103\Documents\ros2_ws\build\webots_ros2_msgs': C:\Program Files\CMake\bin\cmake.EXE --install c:\Users\82103\Documents\ros2_ws\build\webots_ros2_msgs --config Release
[22.000s] -- Up-to-date: C:/Users/82103/Documents/ros2_ws/install/webots_ros2_msgs/share/ament_index/resource_index/rosidl_interfaces/webots_ros2_msgs
[22.016s] -- Up-to-date: C:/Users/82103/Documents/ros2_ws/install/webots_ros2_msgs/include/webots_ros2_msgs
[22.016s] -- Up-to-date: C:/Users/82103/Documents/ros2_ws/install/webots_ros2_msgs/include/webots_ros2_msgs/msg
[22.016s] -- Up-to-date: C:/Users/82103/Documents/ros2_ws/install/webots_ros2_msgs/include/webots_ros2_msgs/msg/rosidl_generator_c__visibility_control.h
[22.016s] -- Up-to-date: C:/Users/82103/Documents/ros2_ws/install/webots_ros2_msgs/include/webots_ros2_msgs/srv
[22.031s] -- Up-to-date: C:/Users/82103/Documents/ros2_ws/install/webots_ros2_msgs/include/webots_ros2_msgs/srv/detail
[22.031s] -- Up-to-date: C:/Users/82103/Documents/ros2_ws/install/webots_ros2_msgs/include/webots_ros2_msgs/srv/detail/set_differential_wheel_speed__functions.c
[22.031s] -- Up-to-date: C:/Users/82103/Documents/ros2_ws/install/webots_ros2_msgs/include/webots_ros2_msgs/srv/detail/set_differential_wheel_speed__functions.h
[22.031s] -- Up-to-date: C:/Users/82103/Documents/ros2_ws/install/webots_ros2_msgs/include/webots_ros2_msgs/srv/detail/set_differential_wheel_speed__struct.h
[22.047s] -- Up-to-date: C:/Users/82103/Documents/ros2_ws/install/webots_ros2_msgs/include/webots_ros2_msgs/srv/detail/set_differential_wheel_speed__type_support.h
[22.047s] -- Up-to-date: C:/Users/82103/Documents/ros2_ws/install/webots_ros2_msgs/include/webots_ros2_msgs/srv/detail/set_int__functions.c
[22.047s] -- Up-to-date: C:/Users/82103/Documents/ros2_ws/install/webots_ros2_msgs/include/webots_ros2_msgs/srv/detail/set_int__functions.h
[22.047s] -- Up-to-date: C:/Users/82103/Documents/ros2_ws/install/webots_ros2_msgs/include/webots_ros2_msgs/srv/detail/set_int__struct.h
[22.062s] -- Up-to-date: C:/Users/82103/Documents/ros2_ws/install/webots_ros2_msgs/include/webots_ros2_msgs/srv/detail/set_int__type_support.h
[22.062s] -- Up-to-date: C:/Users/82103/Documents/ros2_ws/install/webots_ros2_msgs/include/webots_ros2_msgs/srv/set_differential_wheel_speed.h
[22.062s] -- Up-to-date: C:/Users/82103/Documents/ros2_ws/install/webots_ros2_msgs/include/webots_ros2_msgs/srv/set_int.h
[22.062s] -- Up-to-date: C:/Users/82103/Documents/ros2_ws/install/webots_ros2_msgs/lib/webots_ros2_msgs__rosidl_generator_c.lib
[22.078s] -- Up-to-date: C:/Users/82103/Documents/ros2_ws/install/webots_ros2_msgs/bin/webots_ros2_msgs__rosidl_generator_c.dll
[22.078s] -- Up-to-date: C:/Users/82103/Documents/ros2_ws/install/webots_ros2_msgs/include/webots_ros2_msgs
[22.078s] -- Up-to-date: C:/Users/82103/Documents/ros2_ws/install/webots_ros2_msgs/include/webots_ros2_msgs/msg
[22.078s] -- Up-to-date: C:/Users/82103/Documents/ros2_ws/install/webots_ros2_msgs/include/webots_ros2_msgs/msg/rosidl_typesupport_fastrtps_c__visibility_control.h
[22.094s] -- Up-to-date: C:/Users/82103/Documents/ros2_ws/install/webots_ros2_msgs/include/webots_ros2_msgs/srv
[22.094s] -- Up-to-date: C:/Users/82103/Documents/ros2_ws/install/webots_ros2_msgs/include/webots_ros2_msgs/srv/detail
[22.094s] -- Up-to-date: C:/Users/82103/Documents/ros2_ws/install/webots_ros2_msgs/include/webots_ros2_msgs/srv/detail/set_differential_wheel_speed__rosidl_typesupport_fastrtps_c.h
[22.094s] -- Up-to-date: C:/Users/82103/Documents/ros2_ws/install/webots_ros2_msgs/include/webots_ros2_msgs/srv/detail/set_int__rosidl_typesupport_fastrtps_c.h
[22.109s] -- Up-to-date: C:/Users/82103/Documents/ros2_ws/install/webots_ros2_msgs/lib/webots_ros2_msgs__rosidl_typesupport_fastrtps_c.lib
[22.109s] -- Up-to-date: C:/Users/82103/Documents/ros2_ws/install/webots_ros2_msgs/bin/webots_ros2_msgs__rosidl_typesupport_fastrtps_c.dll
[22.109s] -- Up-to-date: C:/Users/82103/Documents/ros2_ws/install/webots_ros2_msgs/include/webots_ros2_msgs
[22.109s] -- Up-to-date: C:/Users/82103/Documents/ros2_ws/install/webots_ros2_msgs/include/webots_ros2_msgs/msg
[22.125s] -- Up-to-date: C:/Users/82103/Documents/ros2_ws/install/webots_ros2_msgs/include/webots_ros2_msgs/msg/rosidl_typesupport_fastrtps_cpp__visibility_control.h
[22.125s] -- Up-to-date: C:/Users/82103/Documents/ros2_ws/install/webots_ros2_msgs/include/webots_ros2_msgs/srv
[22.125s] -- Up-to-date: C:/Users/82103/Documents/ros2_ws/install/webots_ros2_msgs/include/webots_ros2_msgs/srv/detail
[22.125s] -- Up-to-date: C:/Users/82103/Documents/ros2_ws/install/webots_ros2_msgs/include/webots_ros2_msgs/srv/detail/dds_fastrtps
[22.141s] -- Up-to-date: C:/Users/82103/Documents/ros2_ws/install/webots_ros2_msgs/include/webots_ros2_msgs/srv/detail/set_differential_wheel_speed__rosidl_typesupport_fastrtps_cpp.hpp
[22.141s] -- Up-to-date: C:/Users/82103/Documents/ros2_ws/install/webots_ros2_msgs/include/webots_ros2_msgs/srv/detail/set_int__rosidl_typesupport_fastrtps_cpp.hpp
[22.141s] -- Up-to-date: C:/Users/82103/Documents/ros2_ws/install/webots_ros2_msgs/lib/webots_ros2_msgs__rosidl_typesupport_fastrtps_cpp.lib
[22.141s] -- Up-to-date: C:/Users/82103/Documents/ros2_ws/install/webots_ros2_msgs/bin/webots_ros2_msgs__rosidl_typesupport_fastrtps_cpp.dll
[22.156s] -- Up-to-date: C:/Users/82103/Documents/ros2_ws/install/webots_ros2_msgs/include/webots_ros2_msgs
[22.156s] -- Up-to-date: C:/Users/82103/Documents/ros2_ws/install/webots_ros2_msgs/include/webots_ros2_msgs/msg
[22.156s] -- Up-to-date: C:/Users/82103/Documents/ros2_ws/install/webots_ros2_msgs/include/webots_ros2_msgs/msg/rosidl_typesupport_introspection_c__visibility_control.h
[22.156s] -- Up-to-date: C:/Users/82103/Documents/ros2_ws/install/webots_ros2_msgs/include/webots_ros2_msgs/srv
[22.172s] -- Up-to-date: C:/Users/82103/Documents/ros2_ws/install/webots_ros2_msgs/include/webots_ros2_msgs/srv/detail
[22.172s] -- Up-to-date: C:/Users/82103/Documents/ros2_ws/install/webots_ros2_msgs/include/webots_ros2_msgs/srv/detail/set_differential_wheel_speed__rosidl_typesupport_introspection_c.h
[22.172s] -- Up-to-date: C:/Users/82103/Documents/ros2_ws/install/webots_ros2_msgs/include/webots_ros2_msgs/srv/detail/set_differential_wheel_speed__type_support.c
[22.172s] -- Up-to-date: C:/Users/82103/Documents/ros2_ws/install/webots_ros2_msgs/include/webots_ros2_msgs/srv/detail/set_int__rosidl_typesupport_introspection_c.h
[22.172s] -- Up-to-date: C:/Users/82103/Documents/ros2_ws/install/webots_ros2_msgs/include/webots_ros2_msgs/srv/detail/set_int__type_support.c
[22.187s] -- Up-to-date: C:/Users/82103/Documents/ros2_ws/install/webots_ros2_msgs/lib/webots_ros2_msgs__rosidl_typesupport_introspection_c.lib
[22.187s] -- Up-to-date: C:/Users/82103/Documents/ros2_ws/install/webots_ros2_msgs/bin/webots_ros2_msgs__rosidl_typesupport_introspection_c.dll
[22.187s] -- Up-to-date: C:/Users/82103/Documents/ros2_ws/install/webots_ros2_msgs/lib/webots_ros2_msgs__rosidl_typesupport_c.lib
[22.203s] -- Up-to-date: C:/Users/82103/Documents/ros2_ws/install/webots_ros2_msgs/bin/webots_ros2_msgs__rosidl_typesupport_c.dll
[22.203s] -- Up-to-date: C:/Users/82103/Documents/ros2_ws/install/webots_ros2_msgs/include/webots_ros2_msgs
[22.203s] -- Up-to-date: C:/Users/82103/Documents/ros2_ws/install/webots_ros2_msgs/include/webots_ros2_msgs/srv
[22.203s] -- Up-to-date: C:/Users/82103/Documents/ros2_ws/install/webots_ros2_msgs/include/webots_ros2_msgs/srv/detail
[22.219s] -- Up-to-date: C:/Users/82103/Documents/ros2_ws/install/webots_ros2_msgs/include/webots_ros2_msgs/srv/detail/set_differential_wheel_speed__builder.hpp
[22.219s] -- Up-to-date: C:/Users/82103/Documents/ros2_ws/install/webots_ros2_msgs/include/webots_ros2_msgs/srv/detail/set_differential_wheel_speed__struct.hpp
[22.219s] -- Up-to-date: C:/Users/82103/Documents/ros2_ws/install/webots_ros2_msgs/include/webots_ros2_msgs/srv/detail/set_differential_wheel_speed__traits.hpp
[22.219s] -- Up-to-date: C:/Users/82103/Documents/ros2_ws/install/webots_ros2_msgs/include/webots_ros2_msgs/srv/detail/set_int__builder.hpp
[22.219s] -- Up-to-date: C:/Users/82103/Documents/ros2_ws/install/webots_ros2_msgs/include/webots_ros2_msgs/srv/detail/set_int__struct.hpp
[22.234s] -- Up-to-date: C:/Users/82103/Documents/ros2_ws/install/webots_ros2_msgs/include/webots_ros2_msgs/srv/detail/set_int__traits.hpp
[22.234s] -- Up-to-date: C:/Users/82103/Documents/ros2_ws/install/webots_ros2_msgs/include/webots_ros2_msgs/srv/set_differential_wheel_speed.hpp
[22.234s] -- Up-to-date: C:/Users/82103/Documents/ros2_ws/install/webots_ros2_msgs/include/webots_ros2_msgs/srv/set_int.hpp
[22.234s] -- Up-to-date: C:/Users/82103/Documents/ros2_ws/install/webots_ros2_msgs/include/webots_ros2_msgs
[22.250s] -- Up-to-date: C:/Users/82103/Documents/ros2_ws/install/webots_ros2_msgs/include/webots_ros2_msgs/srv
[22.250s] -- Up-to-date: C:/Users/82103/Documents/ros2_ws/install/webots_ros2_msgs/include/webots_ros2_msgs/srv/detail
[22.250s] -- Up-to-date: C:/Users/82103/Documents/ros2_ws/install/webots_ros2_msgs/include/webots_ros2_msgs/srv/detail/set_differential_wheel_speed__rosidl_typesupport_introspection_cpp.hpp
[22.266s] -- Up-to-date: C:/Users/82103/Documents/ros2_ws/install/webots_ros2_msgs/include/webots_ros2_msgs/srv/detail/set_differential_wheel_speed__type_support.cpp
[22.266s] -- Up-to-date: C:/Users/82103/Documents/ros2_ws/install/webots_ros2_msgs/include/webots_ros2_msgs/srv/detail/set_int__rosidl_typesupport_introspection_cpp.hpp
[22.266s] -- Up-to-date: C:/Users/82103/Documents/ros2_ws/install/webots_ros2_msgs/include/webots_ros2_msgs/srv/detail/set_int__type_support.cpp
[22.266s] -- Up-to-date: C:/Users/82103/Documents/ros2_ws/install/webots_ros2_msgs/lib/webots_ros2_msgs__rosidl_typesupport_introspection_cpp.lib
[22.281s] -- Up-to-date: C:/Users/82103/Documents/ros2_ws/install/webots_ros2_msgs/bin/webots_ros2_msgs__rosidl_typesupport_introspection_cpp.dll
[22.281s] -- Up-to-date: C:/Users/82103/Documents/ros2_ws/install/webots_ros2_msgs/lib/webots_ros2_msgs__rosidl_typesupport_cpp.lib
[22.281s] -- Up-to-date: C:/Users/82103/Documents/ros2_ws/install/webots_ros2_msgs/bin/webots_ros2_msgs__rosidl_typesupport_cpp.dll
[22.281s] -- Up-to-date: C:/Users/82103/Documents/ros2_ws/install/webots_ros2_msgs/share/webots_ros2_msgs/environment/pythonpath.bat
[22.297s] -- Installing: C:/Users/82103/Documents/ros2_ws/install/webots_ros2_msgs/share/webots_ros2_msgs/environment/pythonpath.dsv
[22.297s] -- Installing: C:/Users/82103/Documents/ros2_ws/install/webots_ros2_msgs/Lib/site-packages/webots_ros2_msgs/__init__.py
[22.469s] Compiling 'C:/Users/82103/Documents/ros2_ws/install/webots_ros2_msgs/Lib/site-packages/webots_ros2_msgs/__init__.py'...
[22.484s] -- Up-to-date: C:/Users/82103/Documents/ros2_ws/install/webots_ros2_msgs/Lib/site-packages/webots_ros2_msgs/srv
[22.484s] -- Up-to-date: C:/Users/82103/Documents/ros2_ws/install/webots_ros2_msgs/Lib/site-packages/webots_ros2_msgs/srv/_set_differential_wheel_speed.py
[22.484s] -- Up-to-date: C:/Users/82103/Documents/ros2_ws/install/webots_ros2_msgs/Lib/site-packages/webots_ros2_msgs/srv/_set_differential_wheel_speed_s.c
[22.500s] -- Up-to-date: C:/Users/82103/Documents/ros2_ws/install/webots_ros2_msgs/Lib/site-packages/webots_ros2_msgs/srv/_set_int.py
[22.500s] -- Up-to-date: C:/Users/82103/Documents/ros2_ws/install/webots_ros2_msgs/Lib/site-packages/webots_ros2_msgs/srv/_set_int_s.c
[22.500s] -- Up-to-date: C:/Users/82103/Documents/ros2_ws/install/webots_ros2_msgs/Lib/site-packages/webots_ros2_msgs/srv/__init__.py
[22.500s] -- Up-to-date: C:/Users/82103/Documents/ros2_ws/install/webots_ros2_msgs/Lib/site-packages/webots_ros2_msgs/webots_ros2_msgs_s__rosidl_typesupport_fastrtps_c.lib
[22.500s] -- Up-to-date: C:/Users/82103/Documents/ros2_ws/install/webots_ros2_msgs/Lib/site-packages/webots_ros2_msgs/webots_ros2_msgs_s__rosidl_typesupport_fastrtps_c.pyd
[22.500s] -- Up-to-date: C:/Users/82103/Documents/ros2_ws/install/webots_ros2_msgs/Lib/site-packages/webots_ros2_msgs/webots_ros2_msgs_s__rosidl_typesupport_introspection_c.lib
[22.516s] -- Up-to-date: C:/Users/82103/Documents/ros2_ws/install/webots_ros2_msgs/Lib/site-packages/webots_ros2_msgs/webots_ros2_msgs_s__rosidl_typesupport_introspection_c.pyd
[22.516s] -- Up-to-date: C:/Users/82103/Documents/ros2_ws/install/webots_ros2_msgs/Lib/site-packages/webots_ros2_msgs/webots_ros2_msgs_s__rosidl_typesupport_c.lib
[22.516s] -- Up-to-date: C:/Users/82103/Documents/ros2_ws/install/webots_ros2_msgs/Lib/site-packages/webots_ros2_msgs/webots_ros2_msgs_s__rosidl_typesupport_c.pyd
[22.516s] -- Up-to-date: C:/Users/82103/Documents/ros2_ws/install/webots_ros2_msgs/lib/webots_ros2_msgs__python.lib
[22.516s] -- Up-to-date: C:/Users/82103/Documents/ros2_ws/install/webots_ros2_msgs/bin/webots_ros2_msgs__python.dll
[22.516s] -- Up-to-date: C:/Users/82103/Documents/ros2_ws/install/webots_ros2_msgs/share/webots_ros2_msgs/srv/SetDifferentialWheelSpeed.idl
[22.516s] -- Up-to-date: C:/Users/82103/Documents/ros2_ws/install/webots_ros2_msgs/share/webots_ros2_msgs/srv/SetInt.idl
[22.531s] -- Up-to-date: C:/Users/82103/Documents/ros2_ws/install/webots_ros2_msgs/share/webots_ros2_msgs/srv/SetDifferentialWheelSpeed.srv
[22.531s] -- Up-to-date: C:/Users/82103/Documents/ros2_ws/install/webots_ros2_msgs/share/webots_ros2_msgs/srv/SetDifferentialWheelSpeed_Request.msg
[22.531s] -- Up-to-date: C:/Users/82103/Documents/ros2_ws/install/webots_ros2_msgs/share/webots_ros2_msgs/srv/SetDifferentialWheelSpeed_Response.msg
[22.531s] -- Up-to-date: C:/Users/82103/Documents/ros2_ws/install/webots_ros2_msgs/share/webots_ros2_msgs/srv/SetInt.srv
[22.531s] -- Up-to-date: C:/Users/82103/Documents/ros2_ws/install/webots_ros2_msgs/share/webots_ros2_msgs/srv/SetInt_Request.msg
[22.547s] -- Up-to-date: C:/Users/82103/Documents/ros2_ws/install/webots_ros2_msgs/share/webots_ros2_msgs/srv/SetInt_Response.msg
[22.547s] -- Up-to-date: C:/Users/82103/Documents/ros2_ws/install/webots_ros2_msgs/share/ament_index/resource_index/package_run_dependencies/webots_ros2_msgs
[22.547s] -- Up-to-date: C:/Users/82103/Documents/ros2_ws/install/webots_ros2_msgs/share/ament_index/resource_index/parent_prefix_path/webots_ros2_msgs
[22.547s] -- Up-to-date: C:/Users/82103/Documents/ros2_ws/install/webots_ros2_msgs/share/webots_ros2_msgs/environment/ament_prefix_path.bat
[22.562s] -- Installing: C:/Users/82103/Documents/ros2_ws/install/webots_ros2_msgs/share/webots_ros2_msgs/environment/ament_prefix_path.dsv
[22.578s] -- Up-to-date: C:/Users/82103/Documents/ros2_ws/install/webots_ros2_msgs/share/webots_ros2_msgs/environment/path.bat
[22.578s] -- Installing: C:/Users/82103/Documents/ros2_ws/install/webots_ros2_msgs/share/webots_ros2_msgs/environment/path.dsv
[22.594s] -- Up-to-date: C:/Users/82103/Documents/ros2_ws/install/webots_ros2_msgs/share/webots_ros2_msgs/local_setup.bat
[22.609s] -- Installing: C:/Users/82103/Documents/ros2_ws/install/webots_ros2_msgs/share/webots_ros2_msgs/local_setup.dsv
[22.609s] -- Installing: C:/Users/82103/Documents/ros2_ws/install/webots_ros2_msgs/share/webots_ros2_msgs/package.dsv
[22.625s] -- Up-to-date: C:/Users/82103/Documents/ros2_ws/install/webots_ros2_msgs/share/ament_index/resource_index/packages/webots_ros2_msgs
[22.625s] -- Up-to-date: C:/Users/82103/Documents/ros2_ws/install/webots_ros2_msgs/share/webots_ros2_msgs/cmake/webots_ros2_msgs__rosidl_generator_cExport.cmake
[22.641s] -- Installing: C:/Users/82103/Documents/ros2_ws/install/webots_ros2_msgs/share/webots_ros2_msgs/cmake/webots_ros2_msgs__rosidl_generator_cExport-release.cmake
[22.656s] -- Up-to-date: C:/Users/82103/Documents/ros2_ws/install/webots_ros2_msgs/share/webots_ros2_msgs/cmake/webots_ros2_msgs__rosidl_typesupport_introspection_cExport.cmake
[22.656s] -- Installing: C:/Users/82103/Documents/ros2_ws/install/webots_ros2_msgs/share/webots_ros2_msgs/cmake/webots_ros2_msgs__rosidl_typesupport_introspection_cExport-release.cmake
[22.672s] -- Up-to-date: C:/Users/82103/Documents/ros2_ws/install/webots_ros2_msgs/share/webots_ros2_msgs/cmake/webots_ros2_msgs__rosidl_typesupport_cExport.cmake
[22.672s] -- Installing: C:/Users/82103/Documents/ros2_ws/install/webots_ros2_msgs/share/webots_ros2_msgs/cmake/webots_ros2_msgs__rosidl_typesupport_cExport-release.cmake
[22.687s] -- Up-to-date: C:/Users/82103/Documents/ros2_ws/install/webots_ros2_msgs/share/webots_ros2_msgs/cmake/webots_ros2_msgs__rosidl_generator_cppExport.cmake
[22.687s] -- Up-to-date: C:/Users/82103/Documents/ros2_ws/install/webots_ros2_msgs/share/webots_ros2_msgs/cmake/webots_ros2_msgs__rosidl_typesupport_introspection_cppExport.cmake
[22.703s] -- Installing: C:/Users/82103/Documents/ros2_ws/install/webots_ros2_msgs/share/webots_ros2_msgs/cmake/webots_ros2_msgs__rosidl_typesupport_introspection_cppExport-release.cmake
[22.703s] -- Up-to-date: C:/Users/82103/Documents/ros2_ws/install/webots_ros2_msgs/share/webots_ros2_msgs/cmake/webots_ros2_msgs__rosidl_typesupport_cppExport.cmake
[22.719s] -- Installing: C:/Users/82103/Documents/ros2_ws/install/webots_ros2_msgs/share/webots_ros2_msgs/cmake/webots_ros2_msgs__rosidl_typesupport_cppExport-release.cmake
[22.719s] -- Up-to-date: C:/Users/82103/Documents/ros2_ws/install/webots_ros2_msgs/share/webots_ros2_msgs/cmake/rosidl_cmake-extras.cmake
[22.734s] -- Up-to-date: C:/Users/82103/Documents/ros2_ws/install/webots_ros2_msgs/share/webots_ros2_msgs/cmake/ament_cmake_export_dependencies-extras.cmake
[22.734s] -- Up-to-date: C:/Users/82103/Documents/ros2_ws/install/webots_ros2_msgs/share/webots_ros2_msgs/cmake/ament_cmake_export_libraries-extras.cmake
[22.734s] -- Up-to-date: C:/Users/82103/Documents/ros2_ws/install/webots_ros2_msgs/share/webots_ros2_msgs/cmake/ament_cmake_export_targets-extras.cmake
[22.734s] -- Up-to-date: C:/Users/82103/Documents/ros2_ws/install/webots_ros2_msgs/share/webots_ros2_msgs/cmake/ament_cmake_export_include_directories-extras.cmake
[22.734s] -- Up-to-date: C:/Users/82103/Documents/ros2_ws/install/webots_ros2_msgs/share/webots_ros2_msgs/cmake/rosidl_cmake_export_typesupport_libraries-extras.cmake
[22.750s] -- Up-to-date: C:/Users/82103/Documents/ros2_ws/install/webots_ros2_msgs/share/webots_ros2_msgs/cmake/rosidl_cmake_export_typesupport_targets-extras.cmake
[22.750s] -- Up-to-date: C:/Users/82103/Documents/ros2_ws/install/webots_ros2_msgs/share/webots_ros2_msgs/cmake/webots_ros2_msgsConfig.cmake
[22.750s] -- Up-to-date: C:/Users/82103/Documents/ros2_ws/install/webots_ros2_msgs/share/webots_ros2_msgs/cmake/webots_ros2_msgsConfig-version.cmake
[22.750s] -- Up-to-date: C:/Users/82103/Documents/ros2_ws/install/webots_ros2_msgs/share/webots_ros2_msgs/package.xml
[22.781s] Invoked command in 'c:\Users\82103\Documents\ros2_ws\build\webots_ros2_msgs' returned '0': C:\Program Files\CMake\bin\cmake.EXE --install c:\Users\82103\Documents\ros2_ws\build\webots_ros2_msgs --config Release
