[0.437s] Invoking command in 'c:\Users\82103\Documents\ros2_ws\build\webots_ros2_msgs': CMAKE_PREFIX_PATH=%CMAKE_PREFIX_PATH%;c:\Users\82103\Documents\ros2_ws\install\webots_ros2;c:\Users\82103\Documents\ros2_ws\install\webots_ros2_demos;c:\Users\82103\Documents\ros2_ws\install\webots_ros2_universal_robot;c:\Users\82103\Documents\ros2_ws\install\webots_ros2_ur_e_description;c:\Users\82103\Documents\ros2_ws\install\webots_ros2_tutorials;c:\Users\82103\Documents\ros2_ws\install\webots_ros2_turtlebot;c:\Users\82103\Documents\ros2_ws\install\webots_ros2_tiago;c:\Users\82103\Documents\ros2_ws\install\webots_ros2_examples;c:\Users\82103\Documents\ros2_ws\install\webots_ros2_epuck;c:\Users\82103\Documents\ros2_ws\install\webots_ros2_abb;c:\Users\82103\Documents\ros2_ws\install\webots_ros2_core;c:\Users\82103\Documents\ros2_ws\install\webots_ros2_importer;c:\Users\82103\Documents\ros2_ws\install\test_package_ysj;c:\Users\82103\Documents\ros2_ws\install\test_launch C:\Program Files\CMake\bin\cmake.EXE c:\Users\82103\Documents\ros2_ws\webots_ros2\webots_ros2_msgs -DCMAKE_INSTALL_PREFIX=c:\Users\82103\Documents\ros2_ws\install\webots_ros2_msgs
[2.640s] -- Selecting Windows SDK version 10.0.18362.0 to target Windows 10.0.18363.
[2.640s] -- Found ament_cmake: 0.9.6 (C:/dev/ros2_foxy/share/ament_cmake/cmake)
[2.640s] -- Found PythonInterp: C:/Python38/python.exe (found suitable version "3.8.3", minimum required is "3") 
[2.640s] -- Using PYTHON_EXECUTABLE: C:/Python38/python.exe
[2.640s] -- Found builtin_interfaces: 1.0.0 (C:/dev/ros2_foxy/share/builtin_interfaces/cmake)
[2.640s] -- Using all available rosidl_typesupport_c: rosidl_typesupport_connext_c;rosidl_typesupport_fastrtps_c;rosidl_typesupport_introspection_c
[2.640s] -- Found rosidl_adapter: 1.0.1 (C:/dev/ros2_foxy/share/rosidl_adapter/cmake)
[2.640s] -- Could not find RTI Connext - skipping rosidl_typesupport_connext_c
[2.640s] -- Could not find RTI Connext - skipping rosidl_typesupport_connext_cpp
[2.640s] -- Using all available rosidl_typesupport_cpp: rosidl_typesupport_connext_cpp;rosidl_typesupport_fastrtps_cpp;rosidl_typesupport_introspection_cpp
[2.640s] -- Found rosidl_default_generators: 1.0.0 (C:/dev/ros2_foxy/share/rosidl_default_generators/cmake)
[2.640s] -- Found ament_lint_auto: 0.9.5 (C:/dev/ros2_foxy/share/ament_lint_auto/cmake)
[2.640s] -- Found PythonInterp: C:/Python38/python.exe (found version "3.8.3") 
[3.578s] -- Found ament_cmake_cpplint: 0.9.5 (C:/dev/ros2_foxy/share/ament_cmake_cpplint/cmake)
[3.578s] -- Found ament_cmake_ros: 0.9.0 (C:/dev/ros2_foxy/share/ament_cmake_ros/cmake)
[3.578s] -- Using all available rosidl_typesupport_c: rosidl_typesupport_connext_c;rosidl_typesupport_fastrtps_c;rosidl_typesupport_introspection_c
[3.578s] -- Using all available rosidl_typesupport_cpp: rosidl_typesupport_connext_cpp;rosidl_typesupport_fastrtps_cpp;rosidl_typesupport_introspection_cpp
[3.578s] -- Found PythonInterp: C:/Python38/python.exe (found suitable version "3.8.3", minimum required is "3.5") 
[3.578s] -- Found python_cmake_module: 0.8.0 (C:/dev/ros2_foxy/share/python_cmake_module/cmake)
[3.796s] -- Using PYTHON_EXECUTABLE: C:/Python38/python.exe
[3.796s] -- Using PYTHON_INCLUDE_DIRS: C:/Python38/include
[3.796s] -- Using PYTHON_LIBRARIES: C:/Python38/libs/python38.lib
[4.343s] -- Using numpy include directory: C:\Python38\lib\site-packages\numpy\core\include
[4.421s] -- Added test 'lint_cmake' to check CMake code style
[4.437s] -- Added test 'xmllint' to check XML markup files
[4.828s] -- Configuring done
[5.937s] -- Generating done
[5.968s] -- Build files have been written to: C:/Users/82103/Documents/ros2_ws/build/webots_ros2_msgs
[5.984s] Invoked command in 'c:\Users\82103\Documents\ros2_ws\build\webots_ros2_msgs' returned '0': CMAKE_PREFIX_PATH=%CMAKE_PREFIX_PATH%;c:\Users\82103\Documents\ros2_ws\install\webots_ros2;c:\Users\82103\Documents\ros2_ws\install\webots_ros2_demos;c:\Users\82103\Documents\ros2_ws\install\webots_ros2_universal_robot;c:\Users\82103\Documents\ros2_ws\install\webots_ros2_ur_e_description;c:\Users\82103\Documents\ros2_ws\install\webots_ros2_tutorials;c:\Users\82103\Documents\ros2_ws\install\webots_ros2_turtlebot;c:\Users\82103\Documents\ros2_ws\install\webots_ros2_tiago;c:\Users\82103\Documents\ros2_ws\install\webots_ros2_examples;c:\Users\82103\Documents\ros2_ws\install\webots_ros2_epuck;c:\Users\82103\Documents\ros2_ws\install\webots_ros2_abb;c:\Users\82103\Documents\ros2_ws\install\webots_ros2_core;c:\Users\82103\Documents\ros2_ws\install\webots_ros2_importer;c:\Users\82103\Documents\ros2_ws\install\test_package_ysj;c:\Users\82103\Documents\ros2_ws\install\test_launch C:\Program Files\CMake\bin\cmake.EXE c:\Users\82103\Documents\ros2_ws\webots_ros2\webots_ros2_msgs -DCMAKE_INSTALL_PREFIX=c:\Users\82103\Documents\ros2_ws\install\webots_ros2_msgs
[5.984s] Invoking command in 'c:\Users\82103\Documents\ros2_ws\build\webots_ros2_msgs': CL=/MP CMAKE_PREFIX_PATH=%CMAKE_PREFIX_PATH%;c:\Users\82103\Documents\ros2_ws\install\webots_ros2;c:\Users\82103\Documents\ros2_ws\install\webots_ros2_demos;c:\Users\82103\Documents\ros2_ws\install\webots_ros2_universal_robot;c:\Users\82103\Documents\ros2_ws\install\webots_ros2_ur_e_description;c:\Users\82103\Documents\ros2_ws\install\webots_ros2_tutorials;c:\Users\82103\Documents\ros2_ws\install\webots_ros2_turtlebot;c:\Users\82103\Documents\ros2_ws\install\webots_ros2_tiago;c:\Users\82103\Documents\ros2_ws\install\webots_ros2_examples;c:\Users\82103\Documents\ros2_ws\install\webots_ros2_epuck;c:\Users\82103\Documents\ros2_ws\install\webots_ros2_abb;c:\Users\82103\Documents\ros2_ws\install\webots_ros2_core;c:\Users\82103\Documents\ros2_ws\install\webots_ros2_importer;c:\Users\82103\Documents\ros2_ws\install\test_package_ysj;c:\Users\82103\Documents\ros2_ws\install\test_launch C:\Program Files\CMake\bin\cmake.EXE --build c:\Users\82103\Documents\ros2_ws\build\webots_ros2_msgs --config Release
[6.187s] .NET Framework¿ë Microsoft (R) Build Engine ¹öÀü 16.7.0+b89cb5fde
[6.187s] Copyright (C) Microsoft Corporation. All rights reserved.
[6.187s] 
[6.656s]   Checking Build System
[7.046s]   Building Custom Rule C:/Users/82103/Documents/ros2_ws/webots_ros2/webots_ros2_msgs/CMakeLists.txt
[7.281s]   Building Custom Rule C:/Users/82103/Documents/ros2_ws/webots_ros2/webots_ros2_msgs/CMakeLists.txt
[7.468s]   webots_ros2_msgs__rosidl_generator_c.vcxproj -> C:\Users\82103\Documents\ros2_ws\build\webots_ros2_msgs\Release\webots_ros2_msgs__rosidl_generator_c.dll
[7.625s]   Building Custom Rule C:/Users/82103/Documents/ros2_ws/webots_ros2/webots_ros2_msgs/CMakeLists.txt
[7.765s]   webots_ros2_msgs__rosidl_typesupport_c.vcxproj -> C:\Users\82103\Documents\ros2_ws\build\webots_ros2_msgs\Release\webots_ros2_msgs__rosidl_typesupport_c.dll
[7.906s]   Building Custom Rule C:/Users/82103/Documents/ros2_ws/webots_ros2/webots_ros2_msgs/CMakeLists.txt
[8.031s]   webots_ros2_msgs__rosidl_typesupport_cpp.vcxproj -> C:\Users\82103\Documents\ros2_ws\build\webots_ros2_msgs\Release\webots_ros2_msgs__rosidl_typesupport_cpp.dll
[8.203s]   Building Custom Rule C:/Users/82103/Documents/ros2_ws/webots_ros2/webots_ros2_msgs/CMakeLists.txt
[8.328s]   webots_ros2_msgs__rosidl_typesupport_fastrtps_cpp.vcxproj -> C:\Users\82103\Documents\ros2_ws\build\webots_ros2_msgs\Release\webots_ros2_msgs__rosidl_typesupport_fastrtps_cpp.dll
[8.437s]   Building Custom Rule C:/Users/82103/Documents/ros2_ws/webots_ros2/webots_ros2_msgs/CMakeLists.txt
[8.578s]   webots_ros2_msgs__rosidl_typesupport_fastrtps_c.vcxproj -> C:\Users\82103\Documents\ros2_ws\build\webots_ros2_msgs\Release\webots_ros2_msgs__rosidl_typesupport_fastrtps_c.dll
[8.750s]   Building Custom Rule C:/Users/82103/Documents/ros2_ws/webots_ros2/webots_ros2_msgs/CMakeLists.txt
[8.875s]   webots_ros2_msgs__rosidl_typesupport_introspection_c.vcxproj -> C:\Users\82103\Documents\ros2_ws\build\webots_ros2_msgs\Release\webots_ros2_msgs__rosidl_typesupport_introspection_c.dll
[9.015s]   Building Custom Rule C:/Users/82103/Documents/ros2_ws/webots_ros2/webots_ros2_msgs/CMakeLists.txt
[9.125s]   webots_ros2_msgs__rosidl_typesupport_introspection_cpp.vcxproj -> C:\Users\82103\Documents\ros2_ws\build\webots_ros2_msgs\Release\webots_ros2_msgs__rosidl_typesupport_introspection_cpp.dll
[9.296s]   Building Custom Rule C:/Users/82103/Documents/ros2_ws/webots_ros2/webots_ros2_msgs/CMakeLists.txt
[9.656s]   Building Custom Rule C:/Users/82103/Documents/ros2_ws/webots_ros2/webots_ros2_msgs/CMakeLists.txt
[9.781s]   webots_ros2_msgs__python.vcxproj -> C:\Users\82103\Documents\ros2_ws\build\webots_ros2_msgs\rosidl_generator_py\webots_ros2_msgs\webots_ros2_msgs__python.dll
[9.937s]   Building Custom Rule C:/Users/82103/Documents/ros2_ws/webots_ros2/webots_ros2_msgs/CMakeLists.txt
[10.078s]   webots_ros2_msgs__rosidl_typesupport_c__pyext.vcxproj -> C:\Users\82103\Documents\ros2_ws\build\webots_ros2_msgs\rosidl_generator_py\webots_ros2_msgs\webots_ros2_msgs_s__rosidl_typesupport_c.pyd
[10.234s]   Building Custom Rule C:/Users/82103/Documents/ros2_ws/webots_ros2/webots_ros2_msgs/CMakeLists.txt
[10.375s]   webots_ros2_msgs__rosidl_typesupport_fastrtps_c__pyext.vcxproj -> C:\Users\82103\Documents\ros2_ws\build\webots_ros2_msgs\rosidl_generator_py\webots_ros2_msgs\webots_ros2_msgs_s__rosidl_typesupport_fastrtps_c.pyd
[10.515s]   Building Custom Rule C:/Users/82103/Documents/ros2_ws/webots_ros2/webots_ros2_msgs/CMakeLists.txt
[10.656s]   webots_ros2_msgs__rosidl_typesupport_introspection_c__pyext.vcxproj -> C:\Users\82103\Documents\ros2_ws\build\webots_ros2_msgs\rosidl_generator_py\webots_ros2_msgs\webots_ros2_msgs_s__rosidl_typesupport_introspection_c.pyd
[10.750s]   Building Custom Rule C:/Users/82103/Documents/ros2_ws/webots_ros2/webots_ros2_msgs/CMakeLists.txt
[10.921s] Invoked command in 'c:\Users\82103\Documents\ros2_ws\build\webots_ros2_msgs' returned '0': CL=/MP CMAKE_PREFIX_PATH=%CMAKE_PREFIX_PATH%;c:\Users\82103\Documents\ros2_ws\install\webots_ros2;c:\Users\82103\Documents\ros2_ws\install\webots_ros2_demos;c:\Users\82103\Documents\ros2_ws\install\webots_ros2_universal_robot;c:\Users\82103\Documents\ros2_ws\install\webots_ros2_ur_e_description;c:\Users\82103\Documents\ros2_ws\install\webots_ros2_tutorials;c:\Users\82103\Documents\ros2_ws\install\webots_ros2_turtlebot;c:\Users\82103\Documents\ros2_ws\install\webots_ros2_tiago;c:\Users\82103\Documents\ros2_ws\install\webots_ros2_examples;c:\Users\82103\Documents\ros2_ws\install\webots_ros2_epuck;c:\Users\82103\Documents\ros2_ws\install\webots_ros2_abb;c:\Users\82103\Documents\ros2_ws\install\webots_ros2_core;c:\Users\82103\Documents\ros2_ws\install\webots_ros2_importer;c:\Users\82103\Documents\ros2_ws\install\test_package_ysj;c:\Users\82103\Documents\ros2_ws\install\test_launch C:\Program Files\CMake\bin\cmake.EXE --build c:\Users\82103\Documents\ros2_ws\build\webots_ros2_msgs --config Release
[10.984s] Invoking command in 'c:\Users\82103\Documents\ros2_ws\build\webots_ros2_msgs': CMAKE_PREFIX_PATH=%CMAKE_PREFIX_PATH%;c:\Users\82103\Documents\ros2_ws\install\webots_ros2;c:\Users\82103\Documents\ros2_ws\install\webots_ros2_demos;c:\Users\82103\Documents\ros2_ws\install\webots_ros2_universal_robot;c:\Users\82103\Documents\ros2_ws\install\webots_ros2_ur_e_description;c:\Users\82103\Documents\ros2_ws\install\webots_ros2_tutorials;c:\Users\82103\Documents\ros2_ws\install\webots_ros2_turtlebot;c:\Users\82103\Documents\ros2_ws\install\webots_ros2_tiago;c:\Users\82103\Documents\ros2_ws\install\webots_ros2_examples;c:\Users\82103\Documents\ros2_ws\install\webots_ros2_epuck;c:\Users\82103\Documents\ros2_ws\install\webots_ros2_abb;c:\Users\82103\Documents\ros2_ws\install\webots_ros2_core;c:\Users\82103\Documents\ros2_ws\install\webots_ros2_importer;c:\Users\82103\Documents\ros2_ws\install\test_package_ysj;c:\Users\82103\Documents\ros2_ws\install\test_launch C:\Program Files\CMake\bin\cmake.EXE --install c:\Users\82103\Documents\ros2_ws\build\webots_ros2_msgs --config Release
[11.015s] -- Up-to-date: C:/Users/82103/Documents/ros2_ws/install/webots_ros2_msgs/share/ament_index/resource_index/rosidl_interfaces/webots_ros2_msgs
[11.015s] -- Up-to-date: C:/Users/82103/Documents/ros2_ws/install/webots_ros2_msgs/include/webots_ros2_msgs
[11.015s] -- Up-to-date: C:/Users/82103/Documents/ros2_ws/install/webots_ros2_msgs/include/webots_ros2_msgs/msg
[11.015s] -- Up-to-date: C:/Users/82103/Documents/ros2_ws/install/webots_ros2_msgs/include/webots_ros2_msgs/msg/rosidl_generator_c__visibility_control.h
[11.015s] -- Up-to-date: C:/Users/82103/Documents/ros2_ws/install/webots_ros2_msgs/include/webots_ros2_msgs/srv
[11.015s] -- Up-to-date: C:/Users/82103/Documents/ros2_ws/install/webots_ros2_msgs/include/webots_ros2_msgs/srv/detail
[11.015s] -- Up-to-date: C:/Users/82103/Documents/ros2_ws/install/webots_ros2_msgs/include/webots_ros2_msgs/srv/detail/set_differential_wheel_speed__functions.c
[11.015s] -- Up-to-date: C:/Users/82103/Documents/ros2_ws/install/webots_ros2_msgs/include/webots_ros2_msgs/srv/detail/set_differential_wheel_speed__functions.h
[11.015s] -- Up-to-date: C:/Users/82103/Documents/ros2_ws/install/webots_ros2_msgs/include/webots_ros2_msgs/srv/detail/set_differential_wheel_speed__struct.h
[11.031s] -- Up-to-date: C:/Users/82103/Documents/ros2_ws/install/webots_ros2_msgs/include/webots_ros2_msgs/srv/detail/set_differential_wheel_speed__type_support.h
[11.031s] -- Up-to-date: C:/Users/82103/Documents/ros2_ws/install/webots_ros2_msgs/include/webots_ros2_msgs/srv/detail/set_int__functions.c
[11.031s] -- Up-to-date: C:/Users/82103/Documents/ros2_ws/install/webots_ros2_msgs/include/webots_ros2_msgs/srv/detail/set_int__functions.h
[11.031s] -- Up-to-date: C:/Users/82103/Documents/ros2_ws/install/webots_ros2_msgs/include/webots_ros2_msgs/srv/detail/set_int__struct.h
[11.031s] -- Up-to-date: C:/Users/82103/Documents/ros2_ws/install/webots_ros2_msgs/include/webots_ros2_msgs/srv/detail/set_int__type_support.h
[11.031s] -- Up-to-date: C:/Users/82103/Documents/ros2_ws/install/webots_ros2_msgs/include/webots_ros2_msgs/srv/set_differential_wheel_speed.h
[11.031s] -- Up-to-date: C:/Users/82103/Documents/ros2_ws/install/webots_ros2_msgs/include/webots_ros2_msgs/srv/set_int.h
[11.031s] -- Up-to-date: C:/Users/82103/Documents/ros2_ws/install/webots_ros2_msgs/lib/webots_ros2_msgs__rosidl_generator_c.lib
[11.031s] -- Up-to-date: C:/Users/82103/Documents/ros2_ws/install/webots_ros2_msgs/bin/webots_ros2_msgs__rosidl_generator_c.dll
[11.031s] -- Up-to-date: C:/Users/82103/Documents/ros2_ws/install/webots_ros2_msgs/include/webots_ros2_msgs
[11.031s] -- Up-to-date: C:/Users/82103/Documents/ros2_ws/install/webots_ros2_msgs/include/webots_ros2_msgs/msg
[11.031s] -- Up-to-date: C:/Users/82103/Documents/ros2_ws/install/webots_ros2_msgs/include/webots_ros2_msgs/msg/rosidl_typesupport_fastrtps_c__visibility_control.h
[11.031s] -- Up-to-date: C:/Users/82103/Documents/ros2_ws/install/webots_ros2_msgs/include/webots_ros2_msgs/srv
[11.031s] -- Up-to-date: C:/Users/82103/Documents/ros2_ws/install/webots_ros2_msgs/include/webots_ros2_msgs/srv/detail
[11.046s] -- Up-to-date: C:/Users/82103/Documents/ros2_ws/install/webots_ros2_msgs/include/webots_ros2_msgs/srv/detail/set_differential_wheel_speed__rosidl_typesupport_fastrtps_c.h
[11.046s] -- Up-to-date: C:/Users/82103/Documents/ros2_ws/install/webots_ros2_msgs/include/webots_ros2_msgs/srv/detail/set_int__rosidl_typesupport_fastrtps_c.h
[11.046s] -- Up-to-date: C:/Users/82103/Documents/ros2_ws/install/webots_ros2_msgs/lib/webots_ros2_msgs__rosidl_typesupport_fastrtps_c.lib
[11.046s] -- Up-to-date: C:/Users/82103/Documents/ros2_ws/install/webots_ros2_msgs/bin/webots_ros2_msgs__rosidl_typesupport_fastrtps_c.dll
[11.046s] -- Up-to-date: C:/Users/82103/Documents/ros2_ws/install/webots_ros2_msgs/include/webots_ros2_msgs
[11.046s] -- Up-to-date: C:/Users/82103/Documents/ros2_ws/install/webots_ros2_msgs/include/webots_ros2_msgs/msg
[11.046s] -- Up-to-date: C:/Users/82103/Documents/ros2_ws/install/webots_ros2_msgs/include/webots_ros2_msgs/msg/rosidl_typesupport_fastrtps_cpp__visibility_control.h
[11.046s] -- Up-to-date: C:/Users/82103/Documents/ros2_ws/install/webots_ros2_msgs/include/webots_ros2_msgs/srv
[11.046s] -- Up-to-date: C:/Users/82103/Documents/ros2_ws/install/webots_ros2_msgs/include/webots_ros2_msgs/srv/detail
[11.046s] -- Up-to-date: C:/Users/82103/Documents/ros2_ws/install/webots_ros2_msgs/include/webots_ros2_msgs/srv/detail/dds_fastrtps
[11.046s] -- Up-to-date: C:/Users/82103/Documents/ros2_ws/install/webots_ros2_msgs/include/webots_ros2_msgs/srv/detail/set_differential_wheel_speed__rosidl_typesupport_fastrtps_cpp.hpp
[11.062s] -- Up-to-date: C:/Users/82103/Documents/ros2_ws/install/webots_ros2_msgs/include/webots_ros2_msgs/srv/detail/set_int__rosidl_typesupport_fastrtps_cpp.hpp
[11.062s] -- Up-to-date: C:/Users/82103/Documents/ros2_ws/install/webots_ros2_msgs/lib/webots_ros2_msgs__rosidl_typesupport_fastrtps_cpp.lib
[11.062s] -- Up-to-date: C:/Users/82103/Documents/ros2_ws/install/webots_ros2_msgs/bin/webots_ros2_msgs__rosidl_typesupport_fastrtps_cpp.dll
[11.062s] -- Up-to-date: C:/Users/82103/Documents/ros2_ws/install/webots_ros2_msgs/include/webots_ros2_msgs
[11.062s] -- Up-to-date: C:/Users/82103/Documents/ros2_ws/install/webots_ros2_msgs/include/webots_ros2_msgs/msg
[11.062s] -- Up-to-date: C:/Users/82103/Documents/ros2_ws/install/webots_ros2_msgs/include/webots_ros2_msgs/msg/rosidl_typesupport_introspection_c__visibility_control.h
[11.062s] -- Up-to-date: C:/Users/82103/Documents/ros2_ws/install/webots_ros2_msgs/include/webots_ros2_msgs/srv
[11.062s] -- Up-to-date: C:/Users/82103/Documents/ros2_ws/install/webots_ros2_msgs/include/webots_ros2_msgs/srv/detail
[11.062s] -- Up-to-date: C:/Users/82103/Documents/ros2_ws/install/webots_ros2_msgs/include/webots_ros2_msgs/srv/detail/set_differential_wheel_speed__rosidl_typesupport_introspection_c.h
[11.062s] -- Up-to-date: C:/Users/82103/Documents/ros2_ws/install/webots_ros2_msgs/include/webots_ros2_msgs/srv/detail/set_differential_wheel_speed__type_support.c
[11.062s] -- Up-to-date: C:/Users/82103/Documents/ros2_ws/install/webots_ros2_msgs/include/webots_ros2_msgs/srv/detail/set_int__rosidl_typesupport_introspection_c.h
[11.062s] -- Up-to-date: C:/Users/82103/Documents/ros2_ws/install/webots_ros2_msgs/include/webots_ros2_msgs/srv/detail/set_int__type_support.c
[11.062s] -- Up-to-date: C:/Users/82103/Documents/ros2_ws/install/webots_ros2_msgs/lib/webots_ros2_msgs__rosidl_typesupport_introspection_c.lib
[11.062s] -- Up-to-date: C:/Users/82103/Documents/ros2_ws/install/webots_ros2_msgs/bin/webots_ros2_msgs__rosidl_typesupport_introspection_c.dll
[11.062s] -- Up-to-date: C:/Users/82103/Documents/ros2_ws/install/webots_ros2_msgs/lib/webots_ros2_msgs__rosidl_typesupport_c.lib
[11.078s] -- Up-to-date: C:/Users/82103/Documents/ros2_ws/install/webots_ros2_msgs/bin/webots_ros2_msgs__rosidl_typesupport_c.dll
[11.078s] -- Up-to-date: C:/Users/82103/Documents/ros2_ws/install/webots_ros2_msgs/include/webots_ros2_msgs
[11.078s] -- Up-to-date: C:/Users/82103/Documents/ros2_ws/install/webots_ros2_msgs/include/webots_ros2_msgs/srv
[11.078s] -- Up-to-date: C:/Users/82103/Documents/ros2_ws/install/webots_ros2_msgs/include/webots_ros2_msgs/srv/detail
[11.078s] -- Up-to-date: C:/Users/82103/Documents/ros2_ws/install/webots_ros2_msgs/include/webots_ros2_msgs/srv/detail/set_differential_wheel_speed__builder.hpp
[11.078s] -- Up-to-date: C:/Users/82103/Documents/ros2_ws/install/webots_ros2_msgs/include/webots_ros2_msgs/srv/detail/set_differential_wheel_speed__struct.hpp
[11.078s] -- Up-to-date: C:/Users/82103/Documents/ros2_ws/install/webots_ros2_msgs/include/webots_ros2_msgs/srv/detail/set_differential_wheel_speed__traits.hpp
[11.078s] -- Up-to-date: C:/Users/82103/Documents/ros2_ws/install/webots_ros2_msgs/include/webots_ros2_msgs/srv/detail/set_int__builder.hpp
[11.078s] -- Up-to-date: C:/Users/82103/Documents/ros2_ws/install/webots_ros2_msgs/include/webots_ros2_msgs/srv/detail/set_int__struct.hpp
[11.078s] -- Up-to-date: C:/Users/82103/Documents/ros2_ws/install/webots_ros2_msgs/include/webots_ros2_msgs/srv/detail/set_int__traits.hpp
[11.078s] -- Up-to-date: C:/Users/82103/Documents/ros2_ws/install/webots_ros2_msgs/include/webots_ros2_msgs/srv/set_differential_wheel_speed.hpp
[11.078s] -- Up-to-date: C:/Users/82103/Documents/ros2_ws/install/webots_ros2_msgs/include/webots_ros2_msgs/srv/set_int.hpp
[11.078s] -- Up-to-date: C:/Users/82103/Documents/ros2_ws/install/webots_ros2_msgs/include/webots_ros2_msgs
[11.078s] -- Up-to-date: C:/Users/82103/Documents/ros2_ws/install/webots_ros2_msgs/include/webots_ros2_msgs/srv
[11.093s] -- Up-to-date: C:/Users/82103/Documents/ros2_ws/install/webots_ros2_msgs/include/webots_ros2_msgs/srv/detail
[11.093s] -- Up-to-date: C:/Users/82103/Documents/ros2_ws/install/webots_ros2_msgs/include/webots_ros2_msgs/srv/detail/set_differential_wheel_speed__rosidl_typesupport_introspection_cpp.hpp
[11.093s] -- Up-to-date: C:/Users/82103/Documents/ros2_ws/install/webots_ros2_msgs/include/webots_ros2_msgs/srv/detail/set_differential_wheel_speed__type_support.cpp
[11.093s] -- Up-to-date: C:/Users/82103/Documents/ros2_ws/install/webots_ros2_msgs/include/webots_ros2_msgs/srv/detail/set_int__rosidl_typesupport_introspection_cpp.hpp
[11.093s] -- Up-to-date: C:/Users/82103/Documents/ros2_ws/install/webots_ros2_msgs/include/webots_ros2_msgs/srv/detail/set_int__type_support.cpp
[11.093s] -- Up-to-date: C:/Users/82103/Documents/ros2_ws/install/webots_ros2_msgs/lib/webots_ros2_msgs__rosidl_typesupport_introspection_cpp.lib
[11.093s] -- Up-to-date: C:/Users/82103/Documents/ros2_ws/install/webots_ros2_msgs/bin/webots_ros2_msgs__rosidl_typesupport_introspection_cpp.dll
[11.093s] -- Up-to-date: C:/Users/82103/Documents/ros2_ws/install/webots_ros2_msgs/lib/webots_ros2_msgs__rosidl_typesupport_cpp.lib
[11.093s] -- Up-to-date: C:/Users/82103/Documents/ros2_ws/install/webots_ros2_msgs/bin/webots_ros2_msgs__rosidl_typesupport_cpp.dll
[11.093s] -- Up-to-date: C:/Users/82103/Documents/ros2_ws/install/webots_ros2_msgs/share/webots_ros2_msgs/environment/pythonpath.bat
[11.093s] -- Installing: C:/Users/82103/Documents/ros2_ws/install/webots_ros2_msgs/share/webots_ros2_msgs/environment/pythonpath.dsv
[11.109s] -- Installing: C:/Users/82103/Documents/ros2_ws/install/webots_ros2_msgs/Lib/site-packages/webots_ros2_msgs/__init__.py
[11.312s] Compiling 'C:/Users/82103/Documents/ros2_ws/install/webots_ros2_msgs/Lib/site-packages/webots_ros2_msgs/__init__.py'...
[11.312s] -- Up-to-date: C:/Users/82103/Documents/ros2_ws/install/webots_ros2_msgs/Lib/site-packages/webots_ros2_msgs/srv
[11.312s] -- Up-to-date: C:/Users/82103/Documents/ros2_ws/install/webots_ros2_msgs/Lib/site-packages/webots_ros2_msgs/srv/_set_differential_wheel_speed.py
[11.328s] -- Up-to-date: C:/Users/82103/Documents/ros2_ws/install/webots_ros2_msgs/Lib/site-packages/webots_ros2_msgs/srv/_set_differential_wheel_speed_s.c
[11.328s] -- Up-to-date: C:/Users/82103/Documents/ros2_ws/install/webots_ros2_msgs/Lib/site-packages/webots_ros2_msgs/srv/_set_int.py
[11.328s] -- Up-to-date: C:/Users/82103/Documents/ros2_ws/install/webots_ros2_msgs/Lib/site-packages/webots_ros2_msgs/srv/_set_int_s.c
[11.328s] -- Up-to-date: C:/Users/82103/Documents/ros2_ws/install/webots_ros2_msgs/Lib/site-packages/webots_ros2_msgs/srv/__init__.py
[11.328s] -- Up-to-date: C:/Users/82103/Documents/ros2_ws/install/webots_ros2_msgs/Lib/site-packages/webots_ros2_msgs/webots_ros2_msgs_s__rosidl_typesupport_fastrtps_c.lib
[11.328s] -- Up-to-date: C:/Users/82103/Documents/ros2_ws/install/webots_ros2_msgs/Lib/site-packages/webots_ros2_msgs/webots_ros2_msgs_s__rosidl_typesupport_fastrtps_c.pyd
[11.328s] -- Up-to-date: C:/Users/82103/Documents/ros2_ws/install/webots_ros2_msgs/Lib/site-packages/webots_ros2_msgs/webots_ros2_msgs_s__rosidl_typesupport_introspection_c.lib
[11.328s] -- Up-to-date: C:/Users/82103/Documents/ros2_ws/install/webots_ros2_msgs/Lib/site-packages/webots_ros2_msgs/webots_ros2_msgs_s__rosidl_typesupport_introspection_c.pyd
[11.328s] -- Up-to-date: C:/Users/82103/Documents/ros2_ws/install/webots_ros2_msgs/Lib/site-packages/webots_ros2_msgs/webots_ros2_msgs_s__rosidl_typesupport_c.lib
[11.328s] -- Up-to-date: C:/Users/82103/Documents/ros2_ws/install/webots_ros2_msgs/Lib/site-packages/webots_ros2_msgs/webots_ros2_msgs_s__rosidl_typesupport_c.pyd
[11.328s] -- Up-to-date: C:/Users/82103/Documents/ros2_ws/install/webots_ros2_msgs/lib/webots_ros2_msgs__python.lib
[11.343s] -- Up-to-date: C:/Users/82103/Documents/ros2_ws/install/webots_ros2_msgs/bin/webots_ros2_msgs__python.dll
[11.343s] -- Up-to-date: C:/Users/82103/Documents/ros2_ws/install/webots_ros2_msgs/share/webots_ros2_msgs/srv/SetDifferentialWheelSpeed.idl
[11.343s] -- Up-to-date: C:/Users/82103/Documents/ros2_ws/install/webots_ros2_msgs/share/webots_ros2_msgs/srv/SetInt.idl
[11.343s] -- Up-to-date: C:/Users/82103/Documents/ros2_ws/install/webots_ros2_msgs/share/webots_ros2_msgs/srv/SetDifferentialWheelSpeed.srv
[11.343s] -- Up-to-date: C:/Users/82103/Documents/ros2_ws/install/webots_ros2_msgs/share/webots_ros2_msgs/srv/SetDifferentialWheelSpeed_Request.msg
[11.343s] -- Up-to-date: C:/Users/82103/Documents/ros2_ws/install/webots_ros2_msgs/share/webots_ros2_msgs/srv/SetDifferentialWheelSpeed_Response.msg
[11.343s] -- Up-to-date: C:/Users/82103/Documents/ros2_ws/install/webots_ros2_msgs/share/webots_ros2_msgs/srv/SetInt.srv
[11.343s] -- Up-to-date: C:/Users/82103/Documents/ros2_ws/install/webots_ros2_msgs/share/webots_ros2_msgs/srv/SetInt_Request.msg
[11.343s] -- Up-to-date: C:/Users/82103/Documents/ros2_ws/install/webots_ros2_msgs/share/webots_ros2_msgs/srv/SetInt_Response.msg
[11.343s] -- Up-to-date: C:/Users/82103/Documents/ros2_ws/install/webots_ros2_msgs/share/ament_index/resource_index/package_run_dependencies/webots_ros2_msgs
[11.359s] -- Up-to-date: C:/Users/82103/Documents/ros2_ws/install/webots_ros2_msgs/share/ament_index/resource_index/parent_prefix_path/webots_ros2_msgs
[11.359s] -- Up-to-date: C:/Users/82103/Documents/ros2_ws/install/webots_ros2_msgs/share/webots_ros2_msgs/environment/ament_prefix_path.bat
[11.359s] -- Installing: C:/Users/82103/Documents/ros2_ws/install/webots_ros2_msgs/share/webots_ros2_msgs/environment/ament_prefix_path.dsv
[11.359s] -- Up-to-date: C:/Users/82103/Documents/ros2_ws/install/webots_ros2_msgs/share/webots_ros2_msgs/environment/path.bat
[11.359s] -- Installing: C:/Users/82103/Documents/ros2_ws/install/webots_ros2_msgs/share/webots_ros2_msgs/environment/path.dsv
[11.375s] -- Up-to-date: C:/Users/82103/Documents/ros2_ws/install/webots_ros2_msgs/share/webots_ros2_msgs/local_setup.bat
[11.375s] -- Installing: C:/Users/82103/Documents/ros2_ws/install/webots_ros2_msgs/share/webots_ros2_msgs/local_setup.dsv
[11.375s] -- Installing: C:/Users/82103/Documents/ros2_ws/install/webots_ros2_msgs/share/webots_ros2_msgs/package.dsv
[11.390s] -- Up-to-date: C:/Users/82103/Documents/ros2_ws/install/webots_ros2_msgs/share/ament_index/resource_index/packages/webots_ros2_msgs
[11.390s] -- Up-to-date: C:/Users/82103/Documents/ros2_ws/install/webots_ros2_msgs/share/webots_ros2_msgs/cmake/webots_ros2_msgs__rosidl_generator_cExport.cmake
[11.390s] -- Installing: C:/Users/82103/Documents/ros2_ws/install/webots_ros2_msgs/share/webots_ros2_msgs/cmake/webots_ros2_msgs__rosidl_generator_cExport-release.cmake
[11.406s] -- Up-to-date: C:/Users/82103/Documents/ros2_ws/install/webots_ros2_msgs/share/webots_ros2_msgs/cmake/webots_ros2_msgs__rosidl_typesupport_introspection_cExport.cmake
[11.406s] -- Installing: C:/Users/82103/Documents/ros2_ws/install/webots_ros2_msgs/share/webots_ros2_msgs/cmake/webots_ros2_msgs__rosidl_typesupport_introspection_cExport-release.cmake
[11.406s] -- Up-to-date: C:/Users/82103/Documents/ros2_ws/install/webots_ros2_msgs/share/webots_ros2_msgs/cmake/webots_ros2_msgs__rosidl_typesupport_cExport.cmake
[11.406s] -- Installing: C:/Users/82103/Documents/ros2_ws/install/webots_ros2_msgs/share/webots_ros2_msgs/cmake/webots_ros2_msgs__rosidl_typesupport_cExport-release.cmake
[11.421s] -- Up-to-date: C:/Users/82103/Documents/ros2_ws/install/webots_ros2_msgs/share/webots_ros2_msgs/cmake/webots_ros2_msgs__rosidl_generator_cppExport.cmake
[11.421s] -- Up-to-date: C:/Users/82103/Documents/ros2_ws/install/webots_ros2_msgs/share/webots_ros2_msgs/cmake/webots_ros2_msgs__rosidl_typesupport_introspection_cppExport.cmake
[11.421s] -- Installing: C:/Users/82103/Documents/ros2_ws/install/webots_ros2_msgs/share/webots_ros2_msgs/cmake/webots_ros2_msgs__rosidl_typesupport_introspection_cppExport-release.cmake
[11.421s] -- Up-to-date: C:/Users/82103/Documents/ros2_ws/install/webots_ros2_msgs/share/webots_ros2_msgs/cmake/webots_ros2_msgs__rosidl_typesupport_cppExport.cmake
[11.437s] -- Installing: C:/Users/82103/Documents/ros2_ws/install/webots_ros2_msgs/share/webots_ros2_msgs/cmake/webots_ros2_msgs__rosidl_typesupport_cppExport-release.cmake
[11.437s] -- Up-to-date: C:/Users/82103/Documents/ros2_ws/install/webots_ros2_msgs/share/webots_ros2_msgs/cmake/rosidl_cmake-extras.cmake
[11.437s] -- Up-to-date: C:/Users/82103/Documents/ros2_ws/install/webots_ros2_msgs/share/webots_ros2_msgs/cmake/ament_cmake_export_dependencies-extras.cmake
[11.437s] -- Up-to-date: C:/Users/82103/Documents/ros2_ws/install/webots_ros2_msgs/share/webots_ros2_msgs/cmake/ament_cmake_export_libraries-extras.cmake
[11.437s] -- Up-to-date: C:/Users/82103/Documents/ros2_ws/install/webots_ros2_msgs/share/webots_ros2_msgs/cmake/ament_cmake_export_targets-extras.cmake
[11.437s] -- Up-to-date: C:/Users/82103/Documents/ros2_ws/install/webots_ros2_msgs/share/webots_ros2_msgs/cmake/ament_cmake_export_include_directories-extras.cmake
[11.437s] -- Up-to-date: C:/Users/82103/Documents/ros2_ws/install/webots_ros2_msgs/share/webots_ros2_msgs/cmake/rosidl_cmake_export_typesupport_libraries-extras.cmake
[11.437s] -- Up-to-date: C:/Users/82103/Documents/ros2_ws/install/webots_ros2_msgs/share/webots_ros2_msgs/cmake/rosidl_cmake_export_typesupport_targets-extras.cmake
[11.437s] -- Up-to-date: C:/Users/82103/Documents/ros2_ws/install/webots_ros2_msgs/share/webots_ros2_msgs/cmake/webots_ros2_msgsConfig.cmake
[11.453s] -- Up-to-date: C:/Users/82103/Documents/ros2_ws/install/webots_ros2_msgs/share/webots_ros2_msgs/cmake/webots_ros2_msgsConfig-version.cmake
[11.453s] -- Up-to-date: C:/Users/82103/Documents/ros2_ws/install/webots_ros2_msgs/share/webots_ros2_msgs/package.xml
[11.468s] Invoked command in 'c:\Users\82103\Documents\ros2_ws\build\webots_ros2_msgs' returned '0': CMAKE_PREFIX_PATH=%CMAKE_PREFIX_PATH%;c:\Users\82103\Documents\ros2_ws\install\webots_ros2;c:\Users\82103\Documents\ros2_ws\install\webots_ros2_demos;c:\Users\82103\Documents\ros2_ws\install\webots_ros2_universal_robot;c:\Users\82103\Documents\ros2_ws\install\webots_ros2_ur_e_description;c:\Users\82103\Documents\ros2_ws\install\webots_ros2_tutorials;c:\Users\82103\Documents\ros2_ws\install\webots_ros2_turtlebot;c:\Users\82103\Documents\ros2_ws\install\webots_ros2_tiago;c:\Users\82103\Documents\ros2_ws\install\webots_ros2_examples;c:\Users\82103\Documents\ros2_ws\install\webots_ros2_epuck;c:\Users\82103\Documents\ros2_ws\install\webots_ros2_abb;c:\Users\82103\Documents\ros2_ws\install\webots_ros2_core;c:\Users\82103\Documents\ros2_ws\install\webots_ros2_importer;c:\Users\82103\Documents\ros2_ws\install\test_package_ysj;c:\Users\82103\Documents\ros2_ws\install\test_launch C:\Program Files\CMake\bin\cmake.EXE --install c:\Users\82103\Documents\ros2_ws\build\webots_ros2_msgs --config Release
