[8.985s] Invoking command in 'c:\Users\82103\Documents\ros2_ws\webots_ros2\webots_ros2_examples': AMENT_PREFIX_PATH=c:\Users\82103\Documents\ros2_ws\install\webots_ros2_core;c:\Users\82103\Documents\ros2_ws\install\webots_ros2_msgs;%AMENT_PREFIX_PATH% CMAKE_PREFIX_PATH=c:\Users\82103\Documents\ros2_ws\install\webots_ros2_msgs;%CMAKE_PREFIX_PATH% PYTHONPATH=c:\Users\82103\Documents\ros2_ws\install\webots_ros2_examples\Lib\site-packages;c:\Users\82103\Documents\ros2_ws\install\webots_ros2_core\Lib\site-packages;c:\Users\82103\Documents\ros2_ws\install\webots_ros2_msgs\Lib\site-packages;%PYTHONPATH% Path=c:\Users\82103\Documents\ros2_ws\install\webots_ros2_msgs\bin;%Path% c:\python38\python.exe setup.py egg_info --egg-base ..\..\build\webots_ros2_examples build --build-base c:\Users\82103\Documents\ros2_ws\build\webots_ros2_examples\build install --prefix c:\Users\82103\Documents\ros2_ws\install\webots_ros2_examples --record c:\Users\82103\Documents\ros2_ws\build\webots_ros2_examples\install.log --single-version-externally-managed
[10.328s] running egg_info
[10.328s] writing ..\..\build\webots_ros2_examples\webots_ros2_examples.egg-info\PKG-INFO
[10.328s] writing dependency_links to ..\..\build\webots_ros2_examples\webots_ros2_examples.egg-info\dependency_links.txt
[10.344s] writing entry points to ..\..\build\webots_ros2_examples\webots_ros2_examples.egg-info\entry_points.txt
[10.344s] writing requirements to ..\..\build\webots_ros2_examples\webots_ros2_examples.egg-info\requires.txt
[10.344s] writing top-level names to ..\..\build\webots_ros2_examples\webots_ros2_examples.egg-info\top_level.txt
[10.422s] reading manifest file '..\..\build\webots_ros2_examples\webots_ros2_examples.egg-info\SOURCES.txt'
[10.453s] writing manifest file '..\..\build\webots_ros2_examples\webots_ros2_examples.egg-info\SOURCES.txt'
[10.453s] running build
[10.453s] running build_py
[10.453s] running install
[10.453s] running install_lib
[10.469s] running install_data
[10.610s] running install_egg_info
[10.610s] removing 'c:\Users\82103\Documents\ros2_ws\install\webots_ros2_examples\Lib\site-packages\webots_ros2_examples-1.0.3-py3.8.egg-info' (and everything under it)
[10.610s] Copying ..\..\build\webots_ros2_examples\webots_ros2_examples.egg-info to c:\Users\82103\Documents\ros2_ws\install\webots_ros2_examples\Lib\site-packages\webots_ros2_examples-1.0.3-py3.8.egg-info
[10.610s] running install_scripts
[10.922s] Installing example_controller-script.py script to c:\Users\82103\Documents\ros2_ws\install\webots_ros2_examples\lib\webots_ros2_examples
[10.922s] Installing example_controller.exe script to c:\Users\82103\Documents\ros2_ws\install\webots_ros2_examples\lib\webots_ros2_examples
[10.922s] Installing khepera_driver-script.py script to c:\Users\82103\Documents\ros2_ws\install\webots_ros2_examples\lib\webots_ros2_examples
[10.922s] Installing khepera_driver.exe script to c:\Users\82103\Documents\ros2_ws\install\webots_ros2_examples\lib\webots_ros2_examples
[10.922s] writing list of installed files to 'c:\Users\82103\Documents\ros2_ws\build\webots_ros2_examples\install.log'
[11.016s] Invoked command in 'c:\Users\82103\Documents\ros2_ws\webots_ros2\webots_ros2_examples' returned '0': AMENT_PREFIX_PATH=c:\Users\82103\Documents\ros2_ws\install\webots_ros2_core;c:\Users\82103\Documents\ros2_ws\install\webots_ros2_msgs;%AMENT_PREFIX_PATH% CMAKE_PREFIX_PATH=c:\Users\82103\Documents\ros2_ws\install\webots_ros2_msgs;%CMAKE_PREFIX_PATH% PYTHONPATH=c:\Users\82103\Documents\ros2_ws\install\webots_ros2_examples\Lib\site-packages;c:\Users\82103\Documents\ros2_ws\install\webots_ros2_core\Lib\site-packages;c:\Users\82103\Documents\ros2_ws\install\webots_ros2_msgs\Lib\site-packages;%PYTHONPATH% Path=c:\Users\82103\Documents\ros2_ws\install\webots_ros2_msgs\bin;%Path% c:\python38\python.exe setup.py egg_info --egg-base ..\..\build\webots_ros2_examples build --build-base c:\Users\82103\Documents\ros2_ws\build\webots_ros2_examples\build install --prefix c:\Users\82103\Documents\ros2_ws\install\webots_ros2_examples --record c:\Users\82103\Documents\ros2_ws\build\webots_ros2_examples\install.log --single-version-externally-managed
