[0.844s] Invoking command in 'c:\Users\82103\Documents\ros2_ws\build\webots_ros2_msgs': C:\Program Files\CMake\bin\cmake.EXE c:\Users\82103\Documents\ros2_ws\webots_ros2\webots_ros2_msgs -DCMAKE_INSTALL_PREFIX=c:\Users\82103\Documents\ros2_ws\install\webots_ros2_msgs
[4.969s] -- Selecting Windows SDK version 10.0.18362.0 to target Windows 10.0.18363.
[4.969s] -- Found ament_cmake: 0.9.6 (C:/dev/ros2_foxy/share/ament_cmake/cmake)
[4.969s] -- Found PythonInterp: C:/Python38/python.exe (found suitable version "3.8.3", minimum required is "3") 
[4.969s] -- Using PYTHON_EXECUTABLE: C:/Python38/python.exe
[4.985s] -- Found builtin_interfaces: 1.0.0 (C:/dev/ros2_foxy/share/builtin_interfaces/cmake)
[4.985s] -- Using all available rosidl_typesupport_c: rosidl_typesupport_connext_c;rosidl_typesupport_fastrtps_c;rosidl_typesupport_introspection_c
[4.985s] -- Found rosidl_adapter: 1.0.1 (C:/dev/ros2_foxy/share/rosidl_adapter/cmake)
[6.063s] -- Could not find RTI Connext - skipping rosidl_typesupport_connext_c
[6.063s] -- Could not find RTI Connext - skipping rosidl_typesupport_connext_cpp
[7.219s] -- Using all available rosidl_typesupport_cpp: rosidl_typesupport_connext_cpp;rosidl_typesupport_fastrtps_cpp;rosidl_typesupport_introspection_cpp
[7.766s] -- Found rosidl_default_generators: 1.0.0 (C:/dev/ros2_foxy/share/rosidl_default_generators/cmake)
[7.844s] -- Found ament_lint_auto: 0.9.5 (C:/dev/ros2_foxy/share/ament_lint_auto/cmake)
[8.828s] -- Found PythonInterp: C:/Python38/python.exe (found version "3.8.3") 
[9.828s] -- Found ament_cmake_cpplint: 0.9.5 (C:/dev/ros2_foxy/share/ament_cmake_cpplint/cmake)
[9.891s] -- Found ament_cmake_ros: 0.9.0 (C:/dev/ros2_foxy/share/ament_cmake_ros/cmake)
[11.016s] -- Using all available rosidl_typesupport_c: rosidl_typesupport_connext_c;rosidl_typesupport_fastrtps_c;rosidl_typesupport_introspection_c
[11.250s] -- Using all available rosidl_typesupport_cpp: rosidl_typesupport_connext_cpp;rosidl_typesupport_fastrtps_cpp;rosidl_typesupport_introspection_cpp
[11.360s] -- Found PythonInterp: C:/Python38/python.exe (found suitable version "3.8.3", minimum required is "3.5") 
[11.375s] -- Found python_cmake_module: 0.8.0 (C:/dev/ros2_foxy/share/python_cmake_module/cmake)
[11.578s] -- Using PYTHON_EXECUTABLE: C:/Python38/python.exe
[11.578s] -- Using PYTHON_INCLUDE_DIRS: C:/Python38/include
[11.578s] -- Using PYTHON_LIBRARIES: C:/Python38/libs/python38.lib
[12.891s] -- Using numpy include directory: C:\Python38\lib\site-packages\numpy\core\include
[13.328s] -- Added test 'lint_cmake' to check CMake code style
[13.438s] -- Added test 'xmllint' to check XML markup files
[14.344s] -- Configuring done
[18.953s] -- Generating done
[19.078s] -- Build files have been written to: C:/Users/82103/Documents/ros2_ws/build/webots_ros2_msgs
[19.110s] Invoked command in 'c:\Users\82103\Documents\ros2_ws\build\webots_ros2_msgs' returned '0': C:\Program Files\CMake\bin\cmake.EXE c:\Users\82103\Documents\ros2_ws\webots_ros2\webots_ros2_msgs -DCMAKE_INSTALL_PREFIX=c:\Users\82103\Documents\ros2_ws\install\webots_ros2_msgs
[19.125s] Invoking command in 'c:\Users\82103\Documents\ros2_ws\build\webots_ros2_msgs': CL=/MP C:\Program Files\CMake\bin\cmake.EXE --build c:\Users\82103\Documents\ros2_ws\build\webots_ros2_msgs --config Release
[19.953s] .NET Framework¿ë Microsoft (R) Build Engine ¹öÀü 16.7.0+b89cb5fde
[19.953s] Copyright (C) Microsoft Corporation. All rights reserved.
[19.969s] 
[21.094s]   Checking Build System
[22.188s]   Building Custom Rule C:/Users/82103/Documents/ros2_ws/webots_ros2/webots_ros2_msgs/CMakeLists.txt
[23.047s]   Building Custom Rule C:/Users/82103/Documents/ros2_ws/webots_ros2/webots_ros2_msgs/CMakeLists.txt
[23.719s]   webots_ros2_msgs__rosidl_generator_c.vcxproj -> C:\Users\82103\Documents\ros2_ws\build\webots_ros2_msgs\Release\webots_ros2_msgs__rosidl_generator_c.dll
[23.922s]   Building Custom Rule C:/Users/82103/Documents/ros2_ws/webots_ros2/webots_ros2_msgs/CMakeLists.txt
[24.141s]   webots_ros2_msgs__rosidl_typesupport_c.vcxproj -> C:\Users\82103\Documents\ros2_ws\build\webots_ros2_msgs\Release\webots_ros2_msgs__rosidl_typesupport_c.dll
[24.391s]   Building Custom Rule C:/Users/82103/Documents/ros2_ws/webots_ros2/webots_ros2_msgs/CMakeLists.txt
[24.657s]   webots_ros2_msgs__rosidl_typesupport_cpp.vcxproj -> C:\Users\82103\Documents\ros2_ws\build\webots_ros2_msgs\Release\webots_ros2_msgs__rosidl_typesupport_cpp.dll
[25.219s]   Building Custom Rule C:/Users/82103/Documents/ros2_ws/webots_ros2/webots_ros2_msgs/CMakeLists.txt
[25.578s]   webots_ros2_msgs__rosidl_typesupport_fastrtps_cpp.vcxproj -> C:\Users\82103\Documents\ros2_ws\build\webots_ros2_msgs\Release\webots_ros2_msgs__rosidl_typesupport_fastrtps_cpp.dll
[25.860s]   Building Custom Rule C:/Users/82103/Documents/ros2_ws/webots_ros2/webots_ros2_msgs/CMakeLists.txt
[26.157s]   webots_ros2_msgs__rosidl_typesupport_fastrtps_c.vcxproj -> C:\Users\82103\Documents\ros2_ws\build\webots_ros2_msgs\Release\webots_ros2_msgs__rosidl_typesupport_fastrtps_c.dll
[26.547s]   Building Custom Rule C:/Users/82103/Documents/ros2_ws/webots_ros2/webots_ros2_msgs/CMakeLists.txt
[26.813s]   webots_ros2_msgs__rosidl_typesupport_introspection_c.vcxproj -> C:\Users\82103\Documents\ros2_ws\build\webots_ros2_msgs\Release\webots_ros2_msgs__rosidl_typesupport_introspection_c.dll
[27.141s]   Building Custom Rule C:/Users/82103/Documents/ros2_ws/webots_ros2/webots_ros2_msgs/CMakeLists.txt
[27.328s]   webots_ros2_msgs__rosidl_typesupport_introspection_cpp.vcxproj -> C:\Users\82103\Documents\ros2_ws\build\webots_ros2_msgs\Release\webots_ros2_msgs__rosidl_typesupport_introspection_cpp.dll
[27.625s]   Building Custom Rule C:/Users/82103/Documents/ros2_ws/webots_ros2/webots_ros2_msgs/CMakeLists.txt
[28.375s]   Building Custom Rule C:/Users/82103/Documents/ros2_ws/webots_ros2/webots_ros2_msgs/CMakeLists.txt
[28.657s]   webots_ros2_msgs__python.vcxproj -> C:\Users\82103\Documents\ros2_ws\build\webots_ros2_msgs\rosidl_generator_py\webots_ros2_msgs\webots_ros2_msgs__python.dll
[29.047s]   Building Custom Rule C:/Users/82103/Documents/ros2_ws/webots_ros2/webots_ros2_msgs/CMakeLists.txt
[29.453s]   webots_ros2_msgs__rosidl_typesupport_c__pyext.vcxproj -> C:\Users\82103\Documents\ros2_ws\build\webots_ros2_msgs\rosidl_generator_py\webots_ros2_msgs\webots_ros2_msgs_s__rosidl_typesupport_c.pyd
[29.860s]   Building Custom Rule C:/Users/82103/Documents/ros2_ws/webots_ros2/webots_ros2_msgs/CMakeLists.txt
[30.157s]   webots_ros2_msgs__rosidl_typesupport_fastrtps_c__pyext.vcxproj -> C:\Users\82103\Documents\ros2_ws\build\webots_ros2_msgs\rosidl_generator_py\webots_ros2_msgs\webots_ros2_msgs_s__rosidl_typesupport_fastrtps_c.pyd
[30.360s]   Building Custom Rule C:/Users/82103/Documents/ros2_ws/webots_ros2/webots_ros2_msgs/CMakeLists.txt
[30.703s]   webots_ros2_msgs__rosidl_typesupport_introspection_c__pyext.vcxproj -> C:\Users\82103\Documents\ros2_ws\build\webots_ros2_msgs\rosidl_generator_py\webots_ros2_msgs\webots_ros2_msgs_s__rosidl_typesupport_introspection_c.pyd
[31.000s]   Building Custom Rule C:/Users/82103/Documents/ros2_ws/webots_ros2/webots_ros2_msgs/CMakeLists.txt
[31.219s] Invoked command in 'c:\Users\82103\Documents\ros2_ws\build\webots_ros2_msgs' returned '0': CL=/MP C:\Program Files\CMake\bin\cmake.EXE --build c:\Users\82103\Documents\ros2_ws\build\webots_ros2_msgs --config Release
[31.297s] Invoking command in 'c:\Users\82103\Documents\ros2_ws\build\webots_ros2_msgs': C:\Program Files\CMake\bin\cmake.EXE --install c:\Users\82103\Documents\ros2_ws\build\webots_ros2_msgs --config Release
[31.375s] -- Up-to-date: C:/Users/82103/Documents/ros2_ws/install/webots_ros2_msgs/share/ament_index/resource_index/rosidl_interfaces/webots_ros2_msgs
[31.375s] -- Up-to-date: C:/Users/82103/Documents/ros2_ws/install/webots_ros2_msgs/include/webots_ros2_msgs
[31.375s] -- Up-to-date: C:/Users/82103/Documents/ros2_ws/install/webots_ros2_msgs/include/webots_ros2_msgs/msg
[31.375s] -- Up-to-date: C:/Users/82103/Documents/ros2_ws/install/webots_ros2_msgs/include/webots_ros2_msgs/msg/rosidl_generator_c__visibility_control.h
[31.375s] -- Up-to-date: C:/Users/82103/Documents/ros2_ws/install/webots_ros2_msgs/include/webots_ros2_msgs/srv
[31.391s] -- Up-to-date: C:/Users/82103/Documents/ros2_ws/install/webots_ros2_msgs/include/webots_ros2_msgs/srv/detail
[31.407s] -- Up-to-date: C:/Users/82103/Documents/ros2_ws/install/webots_ros2_msgs/include/webots_ros2_msgs/srv/detail/set_differential_wheel_speed__functions.c
[31.438s] -- Up-to-date: C:/Users/82103/Documents/ros2_ws/install/webots_ros2_msgs/include/webots_ros2_msgs/srv/detail/set_differential_wheel_speed__functions.h
[31.453s] -- Up-to-date: C:/Users/82103/Documents/ros2_ws/install/webots_ros2_msgs/include/webots_ros2_msgs/srv/detail/set_differential_wheel_speed__struct.h
[31.469s] -- Up-to-date: C:/Users/82103/Documents/ros2_ws/install/webots_ros2_msgs/include/webots_ros2_msgs/srv/detail/set_differential_wheel_speed__type_support.h
[31.485s] -- Up-to-date: C:/Users/82103/Documents/ros2_ws/install/webots_ros2_msgs/include/webots_ros2_msgs/srv/detail/set_int__functions.c
[31.500s] -- Up-to-date: C:/Users/82103/Documents/ros2_ws/install/webots_ros2_msgs/include/webots_ros2_msgs/srv/detail/set_int__functions.h
[31.516s] -- Up-to-date: C:/Users/82103/Documents/ros2_ws/install/webots_ros2_msgs/include/webots_ros2_msgs/srv/detail/set_int__struct.h
[31.532s] -- Up-to-date: C:/Users/82103/Documents/ros2_ws/install/webots_ros2_msgs/include/webots_ros2_msgs/srv/detail/set_int__type_support.h
[31.563s] -- Up-to-date: C:/Users/82103/Documents/ros2_ws/install/webots_ros2_msgs/include/webots_ros2_msgs/srv/set_differential_wheel_speed.h
[31.578s] -- Up-to-date: C:/Users/82103/Documents/ros2_ws/install/webots_ros2_msgs/include/webots_ros2_msgs/srv/set_int.h
[31.610s] -- Up-to-date: C:/Users/82103/Documents/ros2_ws/install/webots_ros2_msgs/lib/webots_ros2_msgs__rosidl_generator_c.lib
[31.703s] -- Up-to-date: C:/Users/82103/Documents/ros2_ws/install/webots_ros2_msgs/bin/webots_ros2_msgs__rosidl_generator_c.dll
[31.703s] -- Up-to-date: C:/Users/82103/Documents/ros2_ws/install/webots_ros2_msgs/include/webots_ros2_msgs
[31.703s] -- Up-to-date: C:/Users/82103/Documents/ros2_ws/install/webots_ros2_msgs/include/webots_ros2_msgs/msg
[31.719s] -- Up-to-date: C:/Users/82103/Documents/ros2_ws/install/webots_ros2_msgs/include/webots_ros2_msgs/msg/rosidl_typesupport_fastrtps_c__visibility_control.h
[31.719s] -- Up-to-date: C:/Users/82103/Documents/ros2_ws/install/webots_ros2_msgs/include/webots_ros2_msgs/srv
[31.719s] -- Up-to-date: C:/Users/82103/Documents/ros2_ws/install/webots_ros2_msgs/include/webots_ros2_msgs/srv/detail
[31.750s] -- Up-to-date: C:/Users/82103/Documents/ros2_ws/install/webots_ros2_msgs/include/webots_ros2_msgs/srv/detail/set_differential_wheel_speed__rosidl_typesupport_fastrtps_c.h
[31.766s] -- Up-to-date: C:/Users/82103/Documents/ros2_ws/install/webots_ros2_msgs/include/webots_ros2_msgs/srv/detail/set_int__rosidl_typesupport_fastrtps_c.h
[31.813s] -- Up-to-date: C:/Users/82103/Documents/ros2_ws/install/webots_ros2_msgs/lib/webots_ros2_msgs__rosidl_typesupport_fastrtps_c.lib
[31.907s] -- Up-to-date: C:/Users/82103/Documents/ros2_ws/install/webots_ros2_msgs/bin/webots_ros2_msgs__rosidl_typesupport_fastrtps_c.dll
[31.922s] -- Up-to-date: C:/Users/82103/Documents/ros2_ws/install/webots_ros2_msgs/include/webots_ros2_msgs
[31.922s] -- Up-to-date: C:/Users/82103/Documents/ros2_ws/install/webots_ros2_msgs/include/webots_ros2_msgs/msg
[31.969s] -- Up-to-date: C:/Users/82103/Documents/ros2_ws/install/webots_ros2_msgs/include/webots_ros2_msgs/msg/rosidl_typesupport_fastrtps_cpp__visibility_control.h
[31.969s] -- Up-to-date: C:/Users/82103/Documents/ros2_ws/install/webots_ros2_msgs/include/webots_ros2_msgs/srv
[31.985s] -- Up-to-date: C:/Users/82103/Documents/ros2_ws/install/webots_ros2_msgs/include/webots_ros2_msgs/srv/detail
[31.985s] -- Up-to-date: C:/Users/82103/Documents/ros2_ws/install/webots_ros2_msgs/include/webots_ros2_msgs/srv/detail/dds_fastrtps
[32.000s] -- Up-to-date: C:/Users/82103/Documents/ros2_ws/install/webots_ros2_msgs/include/webots_ros2_msgs/srv/detail/set_differential_wheel_speed__rosidl_typesupport_fastrtps_cpp.hpp
[32.016s] -- Up-to-date: C:/Users/82103/Documents/ros2_ws/install/webots_ros2_msgs/include/webots_ros2_msgs/srv/detail/set_int__rosidl_typesupport_fastrtps_cpp.hpp
[32.047s] -- Up-to-date: C:/Users/82103/Documents/ros2_ws/install/webots_ros2_msgs/lib/webots_ros2_msgs__rosidl_typesupport_fastrtps_cpp.lib
[32.110s] -- Up-to-date: C:/Users/82103/Documents/ros2_ws/install/webots_ros2_msgs/bin/webots_ros2_msgs__rosidl_typesupport_fastrtps_cpp.dll
[32.110s] -- Up-to-date: C:/Users/82103/Documents/ros2_ws/install/webots_ros2_msgs/include/webots_ros2_msgs
[32.110s] -- Up-to-date: C:/Users/82103/Documents/ros2_ws/install/webots_ros2_msgs/include/webots_ros2_msgs/msg
[32.110s] -- Up-to-date: C:/Users/82103/Documents/ros2_ws/install/webots_ros2_msgs/include/webots_ros2_msgs/msg/rosidl_typesupport_introspection_c__visibility_control.h
[32.125s] -- Up-to-date: C:/Users/82103/Documents/ros2_ws/install/webots_ros2_msgs/include/webots_ros2_msgs/srv
[32.125s] -- Up-to-date: C:/Users/82103/Documents/ros2_ws/install/webots_ros2_msgs/include/webots_ros2_msgs/srv/detail
[32.141s] -- Up-to-date: C:/Users/82103/Documents/ros2_ws/install/webots_ros2_msgs/include/webots_ros2_msgs/srv/detail/set_differential_wheel_speed__rosidl_typesupport_introspection_c.h
[32.188s] -- Up-to-date: C:/Users/82103/Documents/ros2_ws/install/webots_ros2_msgs/include/webots_ros2_msgs/srv/detail/set_differential_wheel_speed__type_support.c
[32.203s] -- Up-to-date: C:/Users/82103/Documents/ros2_ws/install/webots_ros2_msgs/include/webots_ros2_msgs/srv/detail/set_int__rosidl_typesupport_introspection_c.h
[32.235s] -- Up-to-date: C:/Users/82103/Documents/ros2_ws/install/webots_ros2_msgs/include/webots_ros2_msgs/srv/detail/set_int__type_support.c
[32.266s] -- Up-to-date: C:/Users/82103/Documents/ros2_ws/install/webots_ros2_msgs/lib/webots_ros2_msgs__rosidl_typesupport_introspection_c.lib
[32.328s] -- Up-to-date: C:/Users/82103/Documents/ros2_ws/install/webots_ros2_msgs/bin/webots_ros2_msgs__rosidl_typesupport_introspection_c.dll
[32.360s] -- Up-to-date: C:/Users/82103/Documents/ros2_ws/install/webots_ros2_msgs/lib/webots_ros2_msgs__rosidl_typesupport_c.lib
[32.438s] -- Up-to-date: C:/Users/82103/Documents/ros2_ws/install/webots_ros2_msgs/bin/webots_ros2_msgs__rosidl_typesupport_c.dll
[32.438s] -- Up-to-date: C:/Users/82103/Documents/ros2_ws/install/webots_ros2_msgs/include/webots_ros2_msgs
[32.453s] -- Up-to-date: C:/Users/82103/Documents/ros2_ws/install/webots_ros2_msgs/include/webots_ros2_msgs/srv
[32.453s] -- Up-to-date: C:/Users/82103/Documents/ros2_ws/install/webots_ros2_msgs/include/webots_ros2_msgs/srv/detail
[32.485s] -- Up-to-date: C:/Users/82103/Documents/ros2_ws/install/webots_ros2_msgs/include/webots_ros2_msgs/srv/detail/set_differential_wheel_speed__builder.hpp
[32.547s] -- Up-to-date: C:/Users/82103/Documents/ros2_ws/install/webots_ros2_msgs/include/webots_ros2_msgs/srv/detail/set_differential_wheel_speed__struct.hpp
[32.563s] -- Up-to-date: C:/Users/82103/Documents/ros2_ws/install/webots_ros2_msgs/include/webots_ros2_msgs/srv/detail/set_differential_wheel_speed__traits.hpp
[32.594s] -- Up-to-date: C:/Users/82103/Documents/ros2_ws/install/webots_ros2_msgs/include/webots_ros2_msgs/srv/detail/set_int__builder.hpp
[32.625s] -- Up-to-date: C:/Users/82103/Documents/ros2_ws/install/webots_ros2_msgs/include/webots_ros2_msgs/srv/detail/set_int__struct.hpp
[32.641s] -- Up-to-date: C:/Users/82103/Documents/ros2_ws/install/webots_ros2_msgs/include/webots_ros2_msgs/srv/detail/set_int__traits.hpp
[32.672s] -- Up-to-date: C:/Users/82103/Documents/ros2_ws/install/webots_ros2_msgs/include/webots_ros2_msgs/srv/set_differential_wheel_speed.hpp
[32.703s] -- Up-to-date: C:/Users/82103/Documents/ros2_ws/install/webots_ros2_msgs/include/webots_ros2_msgs/srv/set_int.hpp
[32.703s] -- Up-to-date: C:/Users/82103/Documents/ros2_ws/install/webots_ros2_msgs/include/webots_ros2_msgs
[32.703s] -- Up-to-date: C:/Users/82103/Documents/ros2_ws/install/webots_ros2_msgs/include/webots_ros2_msgs/srv
[32.703s] -- Up-to-date: C:/Users/82103/Documents/ros2_ws/install/webots_ros2_msgs/include/webots_ros2_msgs/srv/detail
[32.735s] -- Up-to-date: C:/Users/82103/Documents/ros2_ws/install/webots_ros2_msgs/include/webots_ros2_msgs/srv/detail/set_differential_wheel_speed__rosidl_typesupport_introspection_cpp.hpp
[32.782s] -- Up-to-date: C:/Users/82103/Documents/ros2_ws/install/webots_ros2_msgs/include/webots_ros2_msgs/srv/detail/set_differential_wheel_speed__type_support.cpp
[32.813s] -- Up-to-date: C:/Users/82103/Documents/ros2_ws/install/webots_ros2_msgs/include/webots_ros2_msgs/srv/detail/set_int__rosidl_typesupport_introspection_cpp.hpp
[32.860s] -- Up-to-date: C:/Users/82103/Documents/ros2_ws/install/webots_ros2_msgs/include/webots_ros2_msgs/srv/detail/set_int__type_support.cpp
[32.907s] -- Up-to-date: C:/Users/82103/Documents/ros2_ws/install/webots_ros2_msgs/lib/webots_ros2_msgs__rosidl_typesupport_introspection_cpp.lib
[33.000s] -- Up-to-date: C:/Users/82103/Documents/ros2_ws/install/webots_ros2_msgs/bin/webots_ros2_msgs__rosidl_typesupport_introspection_cpp.dll
[33.047s] -- Up-to-date: C:/Users/82103/Documents/ros2_ws/install/webots_ros2_msgs/lib/webots_ros2_msgs__rosidl_typesupport_cpp.lib
[33.125s] -- Up-to-date: C:/Users/82103/Documents/ros2_ws/install/webots_ros2_msgs/bin/webots_ros2_msgs__rosidl_typesupport_cpp.dll
[33.141s] -- Up-to-date: C:/Users/82103/Documents/ros2_ws/install/webots_ros2_msgs/share/webots_ros2_msgs/environment/pythonpath.bat
[33.157s] -- Installing: C:/Users/82103/Documents/ros2_ws/install/webots_ros2_msgs/share/webots_ros2_msgs/environment/pythonpath.dsv
[33.172s] -- Installing: C:/Users/82103/Documents/ros2_ws/install/webots_ros2_msgs/Lib/site-packages/webots_ros2_msgs/__init__.py
[33.641s] Compiling 'C:/Users/82103/Documents/ros2_ws/install/webots_ros2_msgs/Lib/site-packages/webots_ros2_msgs/__init__.py'...
[33.672s] -- Up-to-date: C:/Users/82103/Documents/ros2_ws/install/webots_ros2_msgs/Lib/site-packages/webots_ros2_msgs/srv
[33.719s] -- Up-to-date: C:/Users/82103/Documents/ros2_ws/install/webots_ros2_msgs/Lib/site-packages/webots_ros2_msgs/srv/_set_differential_wheel_speed.py
[33.750s] -- Up-to-date: C:/Users/82103/Documents/ros2_ws/install/webots_ros2_msgs/Lib/site-packages/webots_ros2_msgs/srv/_set_differential_wheel_speed_s.c
[33.797s] -- Up-to-date: C:/Users/82103/Documents/ros2_ws/install/webots_ros2_msgs/Lib/site-packages/webots_ros2_msgs/srv/_set_int.py
[33.828s] -- Up-to-date: C:/Users/82103/Documents/ros2_ws/install/webots_ros2_msgs/Lib/site-packages/webots_ros2_msgs/srv/_set_int_s.c
[33.860s] -- Up-to-date: C:/Users/82103/Documents/ros2_ws/install/webots_ros2_msgs/Lib/site-packages/webots_ros2_msgs/srv/__init__.py
[33.891s] -- Up-to-date: C:/Users/82103/Documents/ros2_ws/install/webots_ros2_msgs/Lib/site-packages/webots_ros2_msgs/webots_ros2_msgs_s__rosidl_typesupport_fastrtps_c.lib
[33.953s] -- Up-to-date: C:/Users/82103/Documents/ros2_ws/install/webots_ros2_msgs/Lib/site-packages/webots_ros2_msgs/webots_ros2_msgs_s__rosidl_typesupport_fastrtps_c.pyd
[33.969s] -- Up-to-date: C:/Users/82103/Documents/ros2_ws/install/webots_ros2_msgs/Lib/site-packages/webots_ros2_msgs/webots_ros2_msgs_s__rosidl_typesupport_introspection_c.lib
[34.032s] -- Up-to-date: C:/Users/82103/Documents/ros2_ws/install/webots_ros2_msgs/Lib/site-packages/webots_ros2_msgs/webots_ros2_msgs_s__rosidl_typesupport_introspection_c.pyd
[34.063s] -- Up-to-date: C:/Users/82103/Documents/ros2_ws/install/webots_ros2_msgs/Lib/site-packages/webots_ros2_msgs/webots_ros2_msgs_s__rosidl_typesupport_c.lib
[34.157s] -- Up-to-date: C:/Users/82103/Documents/ros2_ws/install/webots_ros2_msgs/Lib/site-packages/webots_ros2_msgs/webots_ros2_msgs_s__rosidl_typesupport_c.pyd
[34.188s] -- Up-to-date: C:/Users/82103/Documents/ros2_ws/install/webots_ros2_msgs/lib/webots_ros2_msgs__python.lib
[34.297s] -- Up-to-date: C:/Users/82103/Documents/ros2_ws/install/webots_ros2_msgs/bin/webots_ros2_msgs__python.dll
[34.297s] -- Up-to-date: C:/Users/82103/Documents/ros2_ws/install/webots_ros2_msgs/share/webots_ros2_msgs/srv/SetDifferentialWheelSpeed.idl
[34.328s] -- Up-to-date: C:/Users/82103/Documents/ros2_ws/install/webots_ros2_msgs/share/webots_ros2_msgs/srv/SetInt.idl
[34.360s] -- Up-to-date: C:/Users/82103/Documents/ros2_ws/install/webots_ros2_msgs/share/webots_ros2_msgs/srv/SetDifferentialWheelSpeed.srv
[34.360s] -- Up-to-date: C:/Users/82103/Documents/ros2_ws/install/webots_ros2_msgs/share/webots_ros2_msgs/srv/SetDifferentialWheelSpeed_Request.msg
[34.375s] -- Up-to-date: C:/Users/82103/Documents/ros2_ws/install/webots_ros2_msgs/share/webots_ros2_msgs/srv/SetDifferentialWheelSpeed_Response.msg
[34.375s] -- Up-to-date: C:/Users/82103/Documents/ros2_ws/install/webots_ros2_msgs/share/webots_ros2_msgs/srv/SetInt.srv
[34.375s] -- Up-to-date: C:/Users/82103/Documents/ros2_ws/install/webots_ros2_msgs/share/webots_ros2_msgs/srv/SetInt_Request.msg
[34.391s] -- Up-to-date: C:/Users/82103/Documents/ros2_ws/install/webots_ros2_msgs/share/webots_ros2_msgs/srv/SetInt_Response.msg
[34.391s] -- Up-to-date: C:/Users/82103/Documents/ros2_ws/install/webots_ros2_msgs/share/ament_index/resource_index/package_run_dependencies/webots_ros2_msgs
[34.391s] -- Up-to-date: C:/Users/82103/Documents/ros2_ws/install/webots_ros2_msgs/share/ament_index/resource_index/parent_prefix_path/webots_ros2_msgs
[34.407s] -- Up-to-date: C:/Users/82103/Documents/ros2_ws/install/webots_ros2_msgs/share/webots_ros2_msgs/environment/ament_prefix_path.bat
[34.422s] -- Installing: C:/Users/82103/Documents/ros2_ws/install/webots_ros2_msgs/share/webots_ros2_msgs/environment/ament_prefix_path.dsv
[34.422s] -- Up-to-date: C:/Users/82103/Documents/ros2_ws/install/webots_ros2_msgs/share/webots_ros2_msgs/environment/path.bat
[34.438s] -- Installing: C:/Users/82103/Documents/ros2_ws/install/webots_ros2_msgs/share/webots_ros2_msgs/environment/path.dsv
[34.438s] -- Up-to-date: C:/Users/82103/Documents/ros2_ws/install/webots_ros2_msgs/share/webots_ros2_msgs/local_setup.bat
[34.453s] -- Installing: C:/Users/82103/Documents/ros2_ws/install/webots_ros2_msgs/share/webots_ros2_msgs/local_setup.dsv
[34.469s] -- Installing: C:/Users/82103/Documents/ros2_ws/install/webots_ros2_msgs/share/webots_ros2_msgs/package.dsv
[34.485s] -- Up-to-date: C:/Users/82103/Documents/ros2_ws/install/webots_ros2_msgs/share/ament_index/resource_index/packages/webots_ros2_msgs
[34.485s] -- Up-to-date: C:/Users/82103/Documents/ros2_ws/install/webots_ros2_msgs/share/webots_ros2_msgs/cmake/webots_ros2_msgs__rosidl_generator_cExport.cmake
[34.500s] -- Installing: C:/Users/82103/Documents/ros2_ws/install/webots_ros2_msgs/share/webots_ros2_msgs/cmake/webots_ros2_msgs__rosidl_generator_cExport-release.cmake
[34.516s] -- Up-to-date: C:/Users/82103/Documents/ros2_ws/install/webots_ros2_msgs/share/webots_ros2_msgs/cmake/webots_ros2_msgs__rosidl_typesupport_introspection_cExport.cmake
[34.532s] -- Installing: C:/Users/82103/Documents/ros2_ws/install/webots_ros2_msgs/share/webots_ros2_msgs/cmake/webots_ros2_msgs__rosidl_typesupport_introspection_cExport-release.cmake
[34.532s] -- Up-to-date: C:/Users/82103/Documents/ros2_ws/install/webots_ros2_msgs/share/webots_ros2_msgs/cmake/webots_ros2_msgs__rosidl_typesupport_cExport.cmake
[34.563s] -- Installing: C:/Users/82103/Documents/ros2_ws/install/webots_ros2_msgs/share/webots_ros2_msgs/cmake/webots_ros2_msgs__rosidl_typesupport_cExport-release.cmake
[34.563s] -- Up-to-date: C:/Users/82103/Documents/ros2_ws/install/webots_ros2_msgs/share/webots_ros2_msgs/cmake/webots_ros2_msgs__rosidl_generator_cppExport.cmake
[34.578s] -- Up-to-date: C:/Users/82103/Documents/ros2_ws/install/webots_ros2_msgs/share/webots_ros2_msgs/cmake/webots_ros2_msgs__rosidl_typesupport_introspection_cppExport.cmake
[34.594s] -- Installing: C:/Users/82103/Documents/ros2_ws/install/webots_ros2_msgs/share/webots_ros2_msgs/cmake/webots_ros2_msgs__rosidl_typesupport_introspection_cppExport-release.cmake
[34.625s] -- Up-to-date: C:/Users/82103/Documents/ros2_ws/install/webots_ros2_msgs/share/webots_ros2_msgs/cmake/webots_ros2_msgs__rosidl_typesupport_cppExport.cmake
[34.641s] -- Installing: C:/Users/82103/Documents/ros2_ws/install/webots_ros2_msgs/share/webots_ros2_msgs/cmake/webots_ros2_msgs__rosidl_typesupport_cppExport-release.cmake
[34.657s] -- Up-to-date: C:/Users/82103/Documents/ros2_ws/install/webots_ros2_msgs/share/webots_ros2_msgs/cmake/rosidl_cmake-extras.cmake
[34.657s] -- Up-to-date: C:/Users/82103/Documents/ros2_ws/install/webots_ros2_msgs/share/webots_ros2_msgs/cmake/ament_cmake_export_dependencies-extras.cmake
[34.672s] -- Up-to-date: C:/Users/82103/Documents/ros2_ws/install/webots_ros2_msgs/share/webots_ros2_msgs/cmake/ament_cmake_export_libraries-extras.cmake
[34.703s] -- Up-to-date: C:/Users/82103/Documents/ros2_ws/install/webots_ros2_msgs/share/webots_ros2_msgs/cmake/ament_cmake_export_targets-extras.cmake
[34.719s] -- Up-to-date: C:/Users/82103/Documents/ros2_ws/install/webots_ros2_msgs/share/webots_ros2_msgs/cmake/ament_cmake_export_include_directories-extras.cmake
[34.719s] -- Up-to-date: C:/Users/82103/Documents/ros2_ws/install/webots_ros2_msgs/share/webots_ros2_msgs/cmake/rosidl_cmake_export_typesupport_libraries-extras.cmake
[34.719s] -- Up-to-date: C:/Users/82103/Documents/ros2_ws/install/webots_ros2_msgs/share/webots_ros2_msgs/cmake/rosidl_cmake_export_typesupport_targets-extras.cmake
[34.735s] -- Up-to-date: C:/Users/82103/Documents/ros2_ws/install/webots_ros2_msgs/share/webots_ros2_msgs/cmake/webots_ros2_msgsConfig.cmake
[34.735s] -- Up-to-date: C:/Users/82103/Documents/ros2_ws/install/webots_ros2_msgs/share/webots_ros2_msgs/cmake/webots_ros2_msgsConfig-version.cmake
[34.750s] -- Up-to-date: C:/Users/82103/Documents/ros2_ws/install/webots_ros2_msgs/share/webots_ros2_msgs/package.xml
[34.766s] Invoked command in 'c:\Users\82103\Documents\ros2_ws\build\webots_ros2_msgs' returned '0': C:\Program Files\CMake\bin\cmake.EXE --install c:\Users\82103\Documents\ros2_ws\build\webots_ros2_msgs --config Release
