c:\Users\82103\Documents\ros2_ws\install\webots_ros2_examples\Lib\site-packages\webots_ros2_examples\example_controller.py
c:\Users\82103\Documents\ros2_ws\install\webots_ros2_examples\Lib\site-packages\webots_ros2_examples\khepera_driver.py
c:\Users\82103\Documents\ros2_ws\install\webots_ros2_examples\Lib\site-packages\webots_ros2_examples\service_node_vel.py
c:\Users\82103\Documents\ros2_ws\install\webots_ros2_examples\Lib\site-packages\webots_ros2_examples\__init__.py
c:\Users\82103\Documents\ros2_ws\install\webots_ros2_examples\Lib\site-packages\webots_ros2_examples\__pycache__\example_controller.cpython-38.pyc
c:\Users\82103\Documents\ros2_ws\install\webots_ros2_examples\Lib\site-packages\webots_ros2_examples\__pycache__\khepera_driver.cpython-38.pyc
c:\Users\82103\Documents\ros2_ws\install\webots_ros2_examples\Lib\site-packages\webots_ros2_examples\__pycache__\service_node_vel.cpython-38.pyc
c:\Users\82103\Documents\ros2_ws\install\webots_ros2_examples\Lib\site-packages\webots_ros2_examples\__pycache__\__init__.cpython-38.pyc
c:\Users\82103\Documents\ros2_ws\install\webots_ros2_examples\share\ament_index\resource_index\packages\webots_ros2_examples
c:\Users\82103\Documents\ros2_ws\install\webots_ros2_examples\share\webots_ros2_examples\example.launch.py
c:\Users\82103\Documents\ros2_ws\install\webots_ros2_examples\share\webots_ros2_examples\resource\khepera4.yaml
c:\Users\82103\Documents\ros2_ws\install\webots_ros2_examples\share\webots_ros2_examples\protos\Khepera4_enu.proto
c:\Users\82103\Documents\ros2_ws\install\webots_ros2_examples\share\webots_ros2_examples\protos\textures\khepera4_bottom_base_color.jpg
c:\Users\82103\Documents\ros2_ws\install\webots_ros2_examples\share\webots_ros2_examples\protos\textures\khepera4_bottom_metalness.jpg
c:\Users\82103\Documents\ros2_ws\install\webots_ros2_examples\share\webots_ros2_examples\protos\textures\khepera4_bottom_normal.jpg
c:\Users\82103\Documents\ros2_ws\install\webots_ros2_examples\share\webots_ros2_examples\protos\textures\khepera4_bottom_occlusion.jpg
c:\Users\82103\Documents\ros2_ws\install\webots_ros2_examples\share\webots_ros2_examples\protos\textures\khepera4_bottom_roughness.jpg
c:\Users\82103\Documents\ros2_ws\install\webots_ros2_examples\share\webots_ros2_examples\protos\textures\khepera4_left_sticker.png
c:\Users\82103\Documents\ros2_ws\install\webots_ros2_examples\share\webots_ros2_examples\protos\textures\khepera4_right_sticker.png
c:\Users\82103\Documents\ros2_ws\install\webots_ros2_examples\share\webots_ros2_examples\protos\textures\khepera4_top_base_color.jpg
c:\Users\82103\Documents\ros2_ws\install\webots_ros2_examples\share\webots_ros2_examples\protos\textures\khepera4_top_normal.jpg
c:\Users\82103\Documents\ros2_ws\install\webots_ros2_examples\share\webots_ros2_examples\protos\textures\khepera4_top_occlusion.jpg
c:\Users\82103\Documents\ros2_ws\install\webots_ros2_examples\share\webots_ros2_examples\protos\textures\khepera4_top_roughness.jpg
c:\Users\82103\Documents\ros2_ws\install\webots_ros2_examples\share\webots_ros2_examples\worlds\ros_example.wbt
c:\Users\82103\Documents\ros2_ws\install\webots_ros2_examples\share\webots_ros2_examples\worlds\.ros_example.wbproj
c:\Users\82103\Documents\ros2_ws\install\webots_ros2_examples\share\webots_ros2_examples\worlds\khepera4_example.wbt
c:\Users\82103\Documents\ros2_ws\install\webots_ros2_examples\share\webots_ros2_examples\worlds\.khepera4_example.wbproj
c:\Users\82103\Documents\ros2_ws\install\webots_ros2_examples\share\webots_ros2_examples\package.xml
c:\Users\82103\Documents\ros2_ws\install\webots_ros2_examples\Lib\site-packages\webots_ros2_examples-1.0.3-py3.8.egg-info\dependency_links.txt
c:\Users\82103\Documents\ros2_ws\install\webots_ros2_examples\Lib\site-packages\webots_ros2_examples-1.0.3-py3.8.egg-info\entry_points.txt
c:\Users\82103\Documents\ros2_ws\install\webots_ros2_examples\Lib\site-packages\webots_ros2_examples-1.0.3-py3.8.egg-info\PKG-INFO
c:\Users\82103\Documents\ros2_ws\install\webots_ros2_examples\Lib\site-packages\webots_ros2_examples-1.0.3-py3.8.egg-info\requires.txt
c:\Users\82103\Documents\ros2_ws\install\webots_ros2_examples\Lib\site-packages\webots_ros2_examples-1.0.3-py3.8.egg-info\SOURCES.txt
c:\Users\82103\Documents\ros2_ws\install\webots_ros2_examples\Lib\site-packages\webots_ros2_examples-1.0.3-py3.8.egg-info\top_level.txt
c:\Users\82103\Documents\ros2_ws\install\webots_ros2_examples\Lib\site-packages\webots_ros2_examples-1.0.3-py3.8.egg-info\zip-safe
c:\Users\82103\Documents\ros2_ws\install\webots_ros2_examples\lib\webots_ros2_examples\example_controller-script.py
c:\Users\82103\Documents\ros2_ws\install\webots_ros2_examples\lib\webots_ros2_examples\example_controller.exe
c:\Users\82103\Documents\ros2_ws\install\webots_ros2_examples\lib\webots_ros2_examples\khepera_driver-script.py
c:\Users\82103\Documents\ros2_ws\install\webots_ros2_examples\lib\webots_ros2_examples\khepera_driver.exe
