running egg_info
creating ..\..\build\webots_ros2_abb\webots_ros2_abb.egg-info
writing ..\..\build\webots_ros2_abb\webots_ros2_abb.egg-info\PKG-INFO
writing dependency_links to ..\..\build\webots_ros2_abb\webots_ros2_abb.egg-info\dependency_links.txt
writing entry points to ..\..\build\webots_ros2_abb\webots_ros2_abb.egg-info\entry_points.txt
writing requirements to ..\..\build\webots_ros2_abb\webots_ros2_abb.egg-info\requires.txt
writing top-level names to ..\..\build\webots_ros2_abb\webots_ros2_abb.egg-info\top_level.txt
writing manifest file '..\..\build\webots_ros2_abb\webots_ros2_abb.egg-info\SOURCES.txt'
reading manifest file '..\..\build\webots_ros2_abb\webots_ros2_abb.egg-info\SOURCES.txt'
writing manifest file '..\..\build\webots_ros2_abb\webots_ros2_abb.egg-info\SOURCES.txt'
running build
running install
running install_data
creating c:\Users\82103\Documents\ros2_ws\install\webots_ros2_abb\share\ament_index
creating c:\Users\82103\Documents\ros2_ws\install\webots_ros2_abb\share\ament_index\resource_index
creating c:\Users\82103\Documents\ros2_ws\install\webots_ros2_abb\share\ament_index\resource_index\packages
copying resource\webots_ros2_abb -> c:\Users\82103\Documents\ros2_ws\install\webots_ros2_abb\share\ament_index\resource_index\packages
copying launch\abb_irb4600.launch.py -> c:\Users\82103\Documents\ros2_ws\install\webots_ros2_abb\share\webots_ros2_abb
creating c:\Users\82103\Documents\ros2_ws\install\webots_ros2_abb\share\webots_ros2_abb\worlds
copying worlds\abb_irb4600.wbt -> c:\Users\82103\Documents\ros2_ws\install\webots_ros2_abb\share\webots_ros2_abb\worlds
copying worlds\.abb_irb4600.wbproj -> c:\Users\82103\Documents\ros2_ws\install\webots_ros2_abb\share\webots_ros2_abb\worlds
copying package.xml -> c:\Users\82103\Documents\ros2_ws\install\webots_ros2_abb\share\webots_ros2_abb
running install_egg_info
Copying ..\..\build\webots_ros2_abb\webots_ros2_abb.egg-info to c:\Users\82103\Documents\ros2_ws\install\webots_ros2_abb\Lib\site-packages\webots_ros2_abb-1.0.3-py3.8.egg-info
running install_scripts
writing list of installed files to 'c:\Users\82103\Documents\ros2_ws\build\webots_ros2_abb\install.log'
