[9.437s] Invoking command in 'c:\Users\82103\Documents\ros2_ws\webots_ros2\webots_ros2_abb': AMENT_PREFIX_PATH=c:\Users\82103\Documents\ros2_ws\install\webots_ros2_core;c:\Users\82103\Documents\ros2_ws\install\webots_ros2_msgs;%AMENT_PREFIX_PATH% CMAKE_PREFIX_PATH=c:\Users\82103\Documents\ros2_ws\install\webots_ros2_msgs;%CMAKE_PREFIX_PATH% PYTHONPATH=c:\Users\82103\Documents\ros2_ws\install\webots_ros2_abb\Lib\site-packages;c:\Users\82103\Documents\ros2_ws\install\webots_ros2_core\Lib\site-packages;c:\Users\82103\Documents\ros2_ws\install\webots_ros2_msgs\Lib\site-packages;%PYTHONPATH% Path=c:\Users\82103\Documents\ros2_ws\install\webots_ros2_msgs\bin;%Path% c:\python38\python.exe setup.py egg_info --egg-base ..\..\build\webots_ros2_abb build --build-base c:\Users\82103\Documents\ros2_ws\build\webots_ros2_abb\build install --prefix c:\Users\82103\Documents\ros2_ws\install\webots_ros2_abb --record c:\Users\82103\Documents\ros2_ws\build\webots_ros2_abb\install.log --single-version-externally-managed
[10.531s] running egg_info
[10.531s] creating ..\..\build\webots_ros2_abb\webots_ros2_abb.egg-info
[10.547s] writing ..\..\build\webots_ros2_abb\webots_ros2_abb.egg-info\PKG-INFO
[10.547s] writing dependency_links to ..\..\build\webots_ros2_abb\webots_ros2_abb.egg-info\dependency_links.txt
[10.547s] writing entry points to ..\..\build\webots_ros2_abb\webots_ros2_abb.egg-info\entry_points.txt
[10.547s] writing requirements to ..\..\build\webots_ros2_abb\webots_ros2_abb.egg-info\requires.txt
[10.547s] writing top-level names to ..\..\build\webots_ros2_abb\webots_ros2_abb.egg-info\top_level.txt
[10.547s] writing manifest file '..\..\build\webots_ros2_abb\webots_ros2_abb.egg-info\SOURCES.txt'
[10.562s] reading manifest file '..\..\build\webots_ros2_abb\webots_ros2_abb.egg-info\SOURCES.txt'
[10.578s] writing manifest file '..\..\build\webots_ros2_abb\webots_ros2_abb.egg-info\SOURCES.txt'
[10.578s] running build
[10.578s] running install
[10.578s] running install_data
[10.578s] creating c:\Users\82103\Documents\ros2_ws\install\webots_ros2_abb\share\ament_index
[10.578s] creating c:\Users\82103\Documents\ros2_ws\install\webots_ros2_abb\share\ament_index\resource_index
[10.578s] creating c:\Users\82103\Documents\ros2_ws\install\webots_ros2_abb\share\ament_index\resource_index\packages
[10.578s] copying resource\webots_ros2_abb -> c:\Users\82103\Documents\ros2_ws\install\webots_ros2_abb\share\ament_index\resource_index\packages
[10.578s] copying launch\abb_irb4600.launch.py -> c:\Users\82103\Documents\ros2_ws\install\webots_ros2_abb\share\webots_ros2_abb
[10.609s] creating c:\Users\82103\Documents\ros2_ws\install\webots_ros2_abb\share\webots_ros2_abb\worlds
[10.609s] copying worlds\abb_irb4600.wbt -> c:\Users\82103\Documents\ros2_ws\install\webots_ros2_abb\share\webots_ros2_abb\worlds
[10.625s] copying worlds\.abb_irb4600.wbproj -> c:\Users\82103\Documents\ros2_ws\install\webots_ros2_abb\share\webots_ros2_abb\worlds
[10.640s] copying package.xml -> c:\Users\82103\Documents\ros2_ws\install\webots_ros2_abb\share\webots_ros2_abb
[10.640s] running install_egg_info
[10.672s] Copying ..\..\build\webots_ros2_abb\webots_ros2_abb.egg-info to c:\Users\82103\Documents\ros2_ws\install\webots_ros2_abb\Lib\site-packages\webots_ros2_abb-1.0.3-py3.8.egg-info
[10.719s] running install_scripts
[10.828s] writing list of installed files to 'c:\Users\82103\Documents\ros2_ws\build\webots_ros2_abb\install.log'
[10.906s] Invoked command in 'c:\Users\82103\Documents\ros2_ws\webots_ros2\webots_ros2_abb' returned '0': AMENT_PREFIX_PATH=c:\Users\82103\Documents\ros2_ws\install\webots_ros2_core;c:\Users\82103\Documents\ros2_ws\install\webots_ros2_msgs;%AMENT_PREFIX_PATH% CMAKE_PREFIX_PATH=c:\Users\82103\Documents\ros2_ws\install\webots_ros2_msgs;%CMAKE_PREFIX_PATH% PYTHONPATH=c:\Users\82103\Documents\ros2_ws\install\webots_ros2_abb\Lib\site-packages;c:\Users\82103\Documents\ros2_ws\install\webots_ros2_core\Lib\site-packages;c:\Users\82103\Documents\ros2_ws\install\webots_ros2_msgs\Lib\site-packages;%PYTHONPATH% Path=c:\Users\82103\Documents\ros2_ws\install\webots_ros2_msgs\bin;%Path% c:\python38\python.exe setup.py egg_info --egg-base ..\..\build\webots_ros2_abb build --build-base c:\Users\82103\Documents\ros2_ws\build\webots_ros2_abb\build install --prefix c:\Users\82103\Documents\ros2_ws\install\webots_ros2_abb --record c:\Users\82103\Documents\ros2_ws\build\webots_ros2_abb\install.log --single-version-externally-managed
