c:\Users\82103\Documents\ros2_ws\install\webots_ros2_demos\Lib\site-packages\webots_ros2_demos\armed_robots_abb.py
c:\Users\82103\Documents\ros2_ws\install\webots_ros2_demos\Lib\site-packages\webots_ros2_demos\armed_robots_ur.py
c:\Users\82103\Documents\ros2_ws\install\webots_ros2_demos\Lib\site-packages\webots_ros2_demos\follow_joint_trajectory_client.py
c:\Users\82103\Documents\ros2_ws\install\webots_ros2_demos\Lib\site-packages\webots_ros2_demos\__init__.py
c:\Users\82103\Documents\ros2_ws\install\webots_ros2_demos\Lib\site-packages\webots_ros2_demos\__pycache__\armed_robots_abb.cpython-38.pyc
c:\Users\82103\Documents\ros2_ws\install\webots_ros2_demos\Lib\site-packages\webots_ros2_demos\__pycache__\armed_robots_ur.cpython-38.pyc
c:\Users\82103\Documents\ros2_ws\install\webots_ros2_demos\Lib\site-packages\webots_ros2_demos\__pycache__\follow_joint_trajectory_client.cpython-38.pyc
c:\Users\82103\Documents\ros2_ws\install\webots_ros2_demos\Lib\site-packages\webots_ros2_demos\__pycache__\__init__.cpython-38.pyc
c:\Users\82103\Documents\ros2_ws\install\webots_ros2_demos\share\ament_index\resource_index\packages\webots_ros2_demos
c:\Users\82103\Documents\ros2_ws\install\webots_ros2_demos\share\webots_ros2_demos\armed_robots.launch.py
c:\Users\82103\Documents\ros2_ws\install\webots_ros2_demos\share\webots_ros2_demos\worlds\armed_robots.wbt
c:\Users\82103\Documents\ros2_ws\install\webots_ros2_demos\share\webots_ros2_demos\worlds\.armed_robots.wbproj
c:\Users\82103\Documents\ros2_ws\install\webots_ros2_demos\share\webots_ros2_demos\package.xml
c:\Users\82103\Documents\ros2_ws\install\webots_ros2_demos\Lib\site-packages\webots_ros2_demos-1.0.3-py3.8.egg-info\dependency_links.txt
c:\Users\82103\Documents\ros2_ws\install\webots_ros2_demos\Lib\site-packages\webots_ros2_demos-1.0.3-py3.8.egg-info\entry_points.txt
c:\Users\82103\Documents\ros2_ws\install\webots_ros2_demos\Lib\site-packages\webots_ros2_demos-1.0.3-py3.8.egg-info\PKG-INFO
c:\Users\82103\Documents\ros2_ws\install\webots_ros2_demos\Lib\site-packages\webots_ros2_demos-1.0.3-py3.8.egg-info\requires.txt
c:\Users\82103\Documents\ros2_ws\install\webots_ros2_demos\Lib\site-packages\webots_ros2_demos-1.0.3-py3.8.egg-info\SOURCES.txt
c:\Users\82103\Documents\ros2_ws\install\webots_ros2_demos\Lib\site-packages\webots_ros2_demos-1.0.3-py3.8.egg-info\top_level.txt
c:\Users\82103\Documents\ros2_ws\install\webots_ros2_demos\Lib\site-packages\webots_ros2_demos-1.0.3-py3.8.egg-info\zip-safe
c:\Users\82103\Documents\ros2_ws\install\webots_ros2_demos\lib\webots_ros2_demos\armed_robots_abb-script.py
c:\Users\82103\Documents\ros2_ws\install\webots_ros2_demos\lib\webots_ros2_demos\armed_robots_abb.exe
c:\Users\82103\Documents\ros2_ws\install\webots_ros2_demos\lib\webots_ros2_demos\armed_robots_ur-script.py
c:\Users\82103\Documents\ros2_ws\install\webots_ros2_demos\lib\webots_ros2_demos\armed_robots_ur.exe
