-- Selecting Windows SDK version 10.0.18362.0 to target Windows 10.0.18363.
-- Found ament_cmake: 0.9.6 (C:/dev/ros2_foxy/share/ament_cmake/cmake)
-- Found PythonInterp: C:/Python38/python.exe (found suitable version "3.8.3", minimum required is "3") 
-- Using PYTHON_EXECUTABLE: C:/Python38/python.exe
-- Found rosidl_default_generators: 1.0.0 (C:/dev/ros2_foxy/share/rosidl_default_generators/cmake)
-- Using all available rosidl_typesupport_c: rosidl_typesupport_connext_c;rosidl_typesupport_fastrtps_c;rosidl_typesupport_introspection_c
-- Found rosidl_adapter: 1.0.1 (C:/dev/ros2_foxy/share/rosidl_adapter/cmake)
-- Could not find RTI Connext - skipping rosidl_typesupport_connext_c
-- Could not find RTI Connext - skipping rosidl_typesupport_connext_cpp
-- Using all available rosidl_typesupport_cpp: rosidl_typesupport_connext_cpp;rosidl_typesupport_fastrtps_cpp;rosidl_typesupport_introspection_cpp
-- Found PythonInterp: C:/Python38/python.exe (found version "3.8.3") 
-- Found ament_cmake_ros: 0.9.0 (C:/dev/ros2_foxy/share/ament_cmake_ros/cmake)
-- Using all available rosidl_typesupport_c: rosidl_typesupport_connext_c;rosidl_typesupport_fastrtps_c;rosidl_typesupport_introspection_c
-- Using all available rosidl_typesupport_cpp: rosidl_typesupport_connext_cpp;rosidl_typesupport_fastrtps_cpp;rosidl_typesupport_introspection_cpp
-- Found PythonInterp: C:/Python38/python.exe (found suitable version "3.8.3", minimum required is "3.5") 
-- Found python_cmake_module: 0.8.0 (C:/dev/ros2_foxy/share/python_cmake_module/cmake)
-- Using PYTHON_EXECUTABLE: C:/Python38/python.exe
-- Using PYTHON_INCLUDE_DIRS: C:/Python38/include
-- Using PYTHON_LIBRARIES: C:/Python38/libs/python38.lib
-- Using numpy include directory: C:\Python38\lib\site-packages\numpy\core\include
-- Found ament_lint_auto: 0.9.5 (C:/dev/ros2_foxy/share/ament_lint_auto/cmake)
-- Added test 'copyright' to check source files copyright and LICENSE
-- Added test 'lint_cmake' to check CMake code style
-- Added test 'xmllint' to check XML markup files
-- Configuring done
-- Generating done
-- Build files have been written to: C:/Users/82103/Documents/ros2_ws/build/my_interfaces_ysj
.NET Framework¿ë Microsoft (R) Build Engine ¹öÀü 16.7.0+b89cb5fde
Copyright (C) Microsoft Corporation. All rights reserved.

  Checking Build System
  Building Custom Rule C:/Users/82103/Documents/ros2_ws/src/my_interfaces_ysj/CMakeLists.txt
  Building Custom Rule C:/Users/82103/Documents/ros2_ws/src/my_interfaces_ysj/CMakeLists.txt
  my_interfaces_ysj__rosidl_generator_c.vcxproj -> C:\Users\82103\Documents\ros2_ws\build\my_interfaces_ysj\Release\my_interfaces_ysj__rosidl_generator_c.dll
  Building Custom Rule C:/Users/82103/Documents/ros2_ws/src/my_interfaces_ysj/CMakeLists.txt
  my_interfaces_ysj__rosidl_typesupport_c.vcxproj -> C:\Users\82103\Documents\ros2_ws\build\my_interfaces_ysj\Release\my_interfaces_ysj__rosidl_typesupport_c.dll
  Building Custom Rule C:/Users/82103/Documents/ros2_ws/src/my_interfaces_ysj/CMakeLists.txt
  my_interfaces_ysj__rosidl_typesupport_cpp.vcxproj -> C:\Users\82103\Documents\ros2_ws\build\my_interfaces_ysj\Release\my_interfaces_ysj__rosidl_typesupport_cpp.dll
  Building Custom Rule C:/Users/82103/Documents/ros2_ws/src/my_interfaces_ysj/CMakeLists.txt
  my_interfaces_ysj__rosidl_typesupport_fastrtps_cpp.vcxproj -> C:\Users\82103\Documents\ros2_ws\build\my_interfaces_ysj\Release\my_interfaces_ysj__rosidl_typesupport_fastrtps_cpp.dll
  Building Custom Rule C:/Users/82103/Documents/ros2_ws/src/my_interfaces_ysj/CMakeLists.txt
  my_interfaces_ysj__rosidl_typesupport_fastrtps_c.vcxproj -> C:\Users\82103\Documents\ros2_ws\build\my_interfaces_ysj\Release\my_interfaces_ysj__rosidl_typesupport_fastrtps_c.dll
  Building Custom Rule C:/Users/82103/Documents/ros2_ws/src/my_interfaces_ysj/CMakeLists.txt
  my_interfaces_ysj__rosidl_typesupport_introspection_c.vcxproj -> C:\Users\82103\Documents\ros2_ws\build\my_interfaces_ysj\Release\my_interfaces_ysj__rosidl_typesupport_introspection_c.dll
  Building Custom Rule C:/Users/82103/Documents/ros2_ws/src/my_interfaces_ysj/CMakeLists.txt
  my_interfaces_ysj__rosidl_typesupport_introspection_cpp.vcxproj -> C:\Users\82103\Documents\ros2_ws\build\my_interfaces_ysj\Release\my_interfaces_ysj__rosidl_typesupport_introspection_cpp.dll
  Building Custom Rule C:/Users/82103/Documents/ros2_ws/src/my_interfaces_ysj/CMakeLists.txt
  Building Custom Rule C:/Users/82103/Documents/ros2_ws/src/my_interfaces_ysj/CMakeLists.txt
  my_interfaces_ysj__python.vcxproj -> C:\Users\82103\Documents\ros2_ws\build\my_interfaces_ysj\rosidl_generator_py\my_interfaces_ysj\my_interfaces_ysj__python.dll
  Building Custom Rule C:/Users/82103/Documents/ros2_ws/src/my_interfaces_ysj/CMakeLists.txt
  my_interfaces_ysj__rosidl_typesupport_c__pyext.vcxproj -> C:\Users\82103\Documents\ros2_ws\build\my_interfaces_ysj\rosidl_generator_py\my_interfaces_ysj\my_interfaces_ysj_s__rosidl_typesupport_c.pyd
  Building Custom Rule C:/Users/82103/Documents/ros2_ws/src/my_interfaces_ysj/CMakeLists.txt
  my_interfaces_ysj__rosidl_typesupport_fastrtps_c__pyext.vcxproj -> C:\Users\82103\Documents\ros2_ws\build\my_interfaces_ysj\rosidl_generator_py\my_interfaces_ysj\my_interfaces_ysj_s__rosidl_typesupport_fastrtps_c.pyd
  Building Custom Rule C:/Users/82103/Documents/ros2_ws/src/my_interfaces_ysj/CMakeLists.txt
  my_interfaces_ysj__rosidl_typesupport_introspection_c__pyext.vcxproj -> C:\Users\82103\Documents\ros2_ws\build\my_interfaces_ysj\rosidl_generator_py\my_interfaces_ysj\my_interfaces_ysj_s__rosidl_typesupport_introspection_c.pyd
  Building Custom Rule C:/Users/82103/Documents/ros2_ws/src/my_interfaces_ysj/CMakeLists.txt
-- Up-to-date: C:/Users/82103/Documents/ros2_ws/install/my_interfaces_ysj/share/ament_index/resource_index/rosidl_interfaces/my_interfaces_ysj
-- Up-to-date: C:/Users/82103/Documents/ros2_ws/install/my_interfaces_ysj/include/my_interfaces_ysj
-- Up-to-date: C:/Users/82103/Documents/ros2_ws/install/my_interfaces_ysj/include/my_interfaces_ysj/action
-- Up-to-date: C:/Users/82103/Documents/ros2_ws/install/my_interfaces_ysj/include/my_interfaces_ysj/action/detail
-- Up-to-date: C:/Users/82103/Documents/ros2_ws/install/my_interfaces_ysj/include/my_interfaces_ysj/action/detail/fibonacci__functions.c
-- Up-to-date: C:/Users/82103/Documents/ros2_ws/install/my_interfaces_ysj/include/my_interfaces_ysj/action/detail/fibonacci__functions.h
-- Up-to-date: C:/Users/82103/Documents/ros2_ws/install/my_interfaces_ysj/include/my_interfaces_ysj/action/detail/fibonacci__struct.h
-- Up-to-date: C:/Users/82103/Documents/ros2_ws/install/my_interfaces_ysj/include/my_interfaces_ysj/action/detail/fibonacci__type_support.h
-- Up-to-date: C:/Users/82103/Documents/ros2_ws/install/my_interfaces_ysj/include/my_interfaces_ysj/action/fibonacci.h
-- Up-to-date: C:/Users/82103/Documents/ros2_ws/install/my_interfaces_ysj/include/my_interfaces_ysj/msg
-- Up-to-date: C:/Users/82103/Documents/ros2_ws/install/my_interfaces_ysj/include/my_interfaces_ysj/msg/detail
-- Up-to-date: C:/Users/82103/Documents/ros2_ws/install/my_interfaces_ysj/include/my_interfaces_ysj/msg/detail/temp__functions.c
-- Up-to-date: C:/Users/82103/Documents/ros2_ws/install/my_interfaces_ysj/include/my_interfaces_ysj/msg/detail/temp__functions.h
-- Up-to-date: C:/Users/82103/Documents/ros2_ws/install/my_interfaces_ysj/include/my_interfaces_ysj/msg/detail/temp__struct.h
-- Up-to-date: C:/Users/82103/Documents/ros2_ws/install/my_interfaces_ysj/include/my_interfaces_ysj/msg/detail/temp__type_support.h
-- Up-to-date: C:/Users/82103/Documents/ros2_ws/install/my_interfaces_ysj/include/my_interfaces_ysj/msg/rosidl_generator_c__visibility_control.h
-- Up-to-date: C:/Users/82103/Documents/ros2_ws/install/my_interfaces_ysj/include/my_interfaces_ysj/msg/temp.h
-- Up-to-date: C:/Users/82103/Documents/ros2_ws/install/my_interfaces_ysj/include/my_interfaces_ysj/srv
-- Up-to-date: C:/Users/82103/Documents/ros2_ws/install/my_interfaces_ysj/include/my_interfaces_ysj/srv/add_three_ints.h
-- Up-to-date: C:/Users/82103/Documents/ros2_ws/install/my_interfaces_ysj/include/my_interfaces_ysj/srv/detail
-- Up-to-date: C:/Users/82103/Documents/ros2_ws/install/my_interfaces_ysj/include/my_interfaces_ysj/srv/detail/add_three_ints__functions.c
-- Up-to-date: C:/Users/82103/Documents/ros2_ws/install/my_interfaces_ysj/include/my_interfaces_ysj/srv/detail/add_three_ints__functions.h
-- Up-to-date: C:/Users/82103/Documents/ros2_ws/install/my_interfaces_ysj/include/my_interfaces_ysj/srv/detail/add_three_ints__struct.h
-- Up-to-date: C:/Users/82103/Documents/ros2_ws/install/my_interfaces_ysj/include/my_interfaces_ysj/srv/detail/add_three_ints__type_support.h
-- Up-to-date: C:/Users/82103/Documents/ros2_ws/install/my_interfaces_ysj/lib/my_interfaces_ysj__rosidl_generator_c.lib
-- Up-to-date: C:/Users/82103/Documents/ros2_ws/install/my_interfaces_ysj/bin/my_interfaces_ysj__rosidl_generator_c.dll
-- Up-to-date: C:/Users/82103/Documents/ros2_ws/install/my_interfaces_ysj/include/my_interfaces_ysj
-- Up-to-date: C:/Users/82103/Documents/ros2_ws/install/my_interfaces_ysj/include/my_interfaces_ysj/action
-- Up-to-date: C:/Users/82103/Documents/ros2_ws/install/my_interfaces_ysj/include/my_interfaces_ysj/action/detail
-- Up-to-date: C:/Users/82103/Documents/ros2_ws/install/my_interfaces_ysj/include/my_interfaces_ysj/action/detail/fibonacci__rosidl_typesupport_fastrtps_c.h
-- Up-to-date: C:/Users/82103/Documents/ros2_ws/install/my_interfaces_ysj/include/my_interfaces_ysj/msg
-- Up-to-date: C:/Users/82103/Documents/ros2_ws/install/my_interfaces_ysj/include/my_interfaces_ysj/msg/detail
-- Up-to-date: C:/Users/82103/Documents/ros2_ws/install/my_interfaces_ysj/include/my_interfaces_ysj/msg/detail/temp__rosidl_typesupport_fastrtps_c.h
-- Up-to-date: C:/Users/82103/Documents/ros2_ws/install/my_interfaces_ysj/include/my_interfaces_ysj/msg/rosidl_typesupport_fastrtps_c__visibility_control.h
-- Up-to-date: C:/Users/82103/Documents/ros2_ws/install/my_interfaces_ysj/include/my_interfaces_ysj/srv
-- Up-to-date: C:/Users/82103/Documents/ros2_ws/install/my_interfaces_ysj/include/my_interfaces_ysj/srv/detail
-- Up-to-date: C:/Users/82103/Documents/ros2_ws/install/my_interfaces_ysj/include/my_interfaces_ysj/srv/detail/add_three_ints__rosidl_typesupport_fastrtps_c.h
-- Up-to-date: C:/Users/82103/Documents/ros2_ws/install/my_interfaces_ysj/lib/my_interfaces_ysj__rosidl_typesupport_fastrtps_c.lib
-- Up-to-date: C:/Users/82103/Documents/ros2_ws/install/my_interfaces_ysj/bin/my_interfaces_ysj__rosidl_typesupport_fastrtps_c.dll
-- Up-to-date: C:/Users/82103/Documents/ros2_ws/install/my_interfaces_ysj/include/my_interfaces_ysj
-- Up-to-date: C:/Users/82103/Documents/ros2_ws/install/my_interfaces_ysj/include/my_interfaces_ysj/action
-- Up-to-date: C:/Users/82103/Documents/ros2_ws/install/my_interfaces_ysj/include/my_interfaces_ysj/action/detail
-- Up-to-date: C:/Users/82103/Documents/ros2_ws/install/my_interfaces_ysj/include/my_interfaces_ysj/action/detail/dds_fastrtps
-- Up-to-date: C:/Users/82103/Documents/ros2_ws/install/my_interfaces_ysj/include/my_interfaces_ysj/action/detail/fibonacci__rosidl_typesupport_fastrtps_cpp.hpp
-- Up-to-date: C:/Users/82103/Documents/ros2_ws/install/my_interfaces_ysj/include/my_interfaces_ysj/msg
-- Up-to-date: C:/Users/82103/Documents/ros2_ws/install/my_interfaces_ysj/include/my_interfaces_ysj/msg/detail
-- Up-to-date: C:/Users/82103/Documents/ros2_ws/install/my_interfaces_ysj/include/my_interfaces_ysj/msg/detail/dds_fastrtps
-- Up-to-date: C:/Users/82103/Documents/ros2_ws/install/my_interfaces_ysj/include/my_interfaces_ysj/msg/detail/temp__rosidl_typesupport_fastrtps_cpp.hpp
-- Up-to-date: C:/Users/82103/Documents/ros2_ws/install/my_interfaces_ysj/include/my_interfaces_ysj/msg/rosidl_typesupport_fastrtps_cpp__visibility_control.h
-- Up-to-date: C:/Users/82103/Documents/ros2_ws/install/my_interfaces_ysj/include/my_interfaces_ysj/srv
-- Up-to-date: C:/Users/82103/Documents/ros2_ws/install/my_interfaces_ysj/include/my_interfaces_ysj/srv/detail
-- Up-to-date: C:/Users/82103/Documents/ros2_ws/install/my_interfaces_ysj/include/my_interfaces_ysj/srv/detail/add_three_ints__rosidl_typesupport_fastrtps_cpp.hpp
-- Up-to-date: C:/Users/82103/Documents/ros2_ws/install/my_interfaces_ysj/include/my_interfaces_ysj/srv/detail/dds_fastrtps
-- Up-to-date: C:/Users/82103/Documents/ros2_ws/install/my_interfaces_ysj/lib/my_interfaces_ysj__rosidl_typesupport_fastrtps_cpp.lib
-- Up-to-date: C:/Users/82103/Documents/ros2_ws/install/my_interfaces_ysj/bin/my_interfaces_ysj__rosidl_typesupport_fastrtps_cpp.dll
-- Up-to-date: C:/Users/82103/Documents/ros2_ws/install/my_interfaces_ysj/include/my_interfaces_ysj
-- Up-to-date: C:/Users/82103/Documents/ros2_ws/install/my_interfaces_ysj/include/my_interfaces_ysj/action
-- Up-to-date: C:/Users/82103/Documents/ros2_ws/install/my_interfaces_ysj/include/my_interfaces_ysj/action/detail
-- Up-to-date: C:/Users/82103/Documents/ros2_ws/install/my_interfaces_ysj/include/my_interfaces_ysj/action/detail/fibonacci__rosidl_typesupport_introspection_c.h
-- Up-to-date: C:/Users/82103/Documents/ros2_ws/install/my_interfaces_ysj/include/my_interfaces_ysj/action/detail/fibonacci__type_support.c
-- Up-to-date: C:/Users/82103/Documents/ros2_ws/install/my_interfaces_ysj/include/my_interfaces_ysj/msg
-- Up-to-date: C:/Users/82103/Documents/ros2_ws/install/my_interfaces_ysj/include/my_interfaces_ysj/msg/detail
-- Up-to-date: C:/Users/82103/Documents/ros2_ws/install/my_interfaces_ysj/include/my_interfaces_ysj/msg/detail/temp__rosidl_typesupport_introspection_c.h
-- Up-to-date: C:/Users/82103/Documents/ros2_ws/install/my_interfaces_ysj/include/my_interfaces_ysj/msg/detail/temp__type_support.c
-- Up-to-date: C:/Users/82103/Documents/ros2_ws/install/my_interfaces_ysj/include/my_interfaces_ysj/msg/rosidl_typesupport_introspection_c__visibility_control.h
-- Up-to-date: C:/Users/82103/Documents/ros2_ws/install/my_interfaces_ysj/include/my_interfaces_ysj/srv
-- Up-to-date: C:/Users/82103/Documents/ros2_ws/install/my_interfaces_ysj/include/my_interfaces_ysj/srv/detail
-- Up-to-date: C:/Users/82103/Documents/ros2_ws/install/my_interfaces_ysj/include/my_interfaces_ysj/srv/detail/add_three_ints__rosidl_typesupport_introspection_c.h
-- Up-to-date: C:/Users/82103/Documents/ros2_ws/install/my_interfaces_ysj/include/my_interfaces_ysj/srv/detail/add_three_ints__type_support.c
-- Up-to-date: C:/Users/82103/Documents/ros2_ws/install/my_interfaces_ysj/lib/my_interfaces_ysj__rosidl_typesupport_introspection_c.lib
-- Up-to-date: C:/Users/82103/Documents/ros2_ws/install/my_interfaces_ysj/bin/my_interfaces_ysj__rosidl_typesupport_introspection_c.dll
-- Up-to-date: C:/Users/82103/Documents/ros2_ws/install/my_interfaces_ysj/lib/my_interfaces_ysj__rosidl_typesupport_c.lib
-- Up-to-date: C:/Users/82103/Documents/ros2_ws/install/my_interfaces_ysj/bin/my_interfaces_ysj__rosidl_typesupport_c.dll
-- Up-to-date: C:/Users/82103/Documents/ros2_ws/install/my_interfaces_ysj/include/my_interfaces_ysj
-- Up-to-date: C:/Users/82103/Documents/ros2_ws/install/my_interfaces_ysj/include/my_interfaces_ysj/action
-- Up-to-date: C:/Users/82103/Documents/ros2_ws/install/my_interfaces_ysj/include/my_interfaces_ysj/action/detail
-- Up-to-date: C:/Users/82103/Documents/ros2_ws/install/my_interfaces_ysj/include/my_interfaces_ysj/action/detail/fibonacci__builder.hpp
-- Up-to-date: C:/Users/82103/Documents/ros2_ws/install/my_interfaces_ysj/include/my_interfaces_ysj/action/detail/fibonacci__struct.hpp
-- Up-to-date: C:/Users/82103/Documents/ros2_ws/install/my_interfaces_ysj/include/my_interfaces_ysj/action/detail/fibonacci__traits.hpp
-- Up-to-date: C:/Users/82103/Documents/ros2_ws/install/my_interfaces_ysj/include/my_interfaces_ysj/action/fibonacci.hpp
-- Up-to-date: C:/Users/82103/Documents/ros2_ws/install/my_interfaces_ysj/include/my_interfaces_ysj/msg
-- Up-to-date: C:/Users/82103/Documents/ros2_ws/install/my_interfaces_ysj/include/my_interfaces_ysj/msg/detail
-- Up-to-date: C:/Users/82103/Documents/ros2_ws/install/my_interfaces_ysj/include/my_interfaces_ysj/msg/detail/temp__builder.hpp
-- Up-to-date: C:/Users/82103/Documents/ros2_ws/install/my_interfaces_ysj/include/my_interfaces_ysj/msg/detail/temp__struct.hpp
-- Up-to-date: C:/Users/82103/Documents/ros2_ws/install/my_interfaces_ysj/include/my_interfaces_ysj/msg/detail/temp__traits.hpp
-- Up-to-date: C:/Users/82103/Documents/ros2_ws/install/my_interfaces_ysj/include/my_interfaces_ysj/msg/temp.hpp
-- Up-to-date: C:/Users/82103/Documents/ros2_ws/install/my_interfaces_ysj/include/my_interfaces_ysj/srv
-- Up-to-date: C:/Users/82103/Documents/ros2_ws/install/my_interfaces_ysj/include/my_interfaces_ysj/srv/add_three_ints.hpp
-- Up-to-date: C:/Users/82103/Documents/ros2_ws/install/my_interfaces_ysj/include/my_interfaces_ysj/srv/detail
-- Up-to-date: C:/Users/82103/Documents/ros2_ws/install/my_interfaces_ysj/include/my_interfaces_ysj/srv/detail/add_three_ints__builder.hpp
-- Up-to-date: C:/Users/82103/Documents/ros2_ws/install/my_interfaces_ysj/include/my_interfaces_ysj/srv/detail/add_three_ints__struct.hpp
-- Up-to-date: C:/Users/82103/Documents/ros2_ws/install/my_interfaces_ysj/include/my_interfaces_ysj/srv/detail/add_three_ints__traits.hpp
-- Up-to-date: C:/Users/82103/Documents/ros2_ws/install/my_interfaces_ysj/include/my_interfaces_ysj
-- Up-to-date: C:/Users/82103/Documents/ros2_ws/install/my_interfaces_ysj/include/my_interfaces_ysj/action
-- Up-to-date: C:/Users/82103/Documents/ros2_ws/install/my_interfaces_ysj/include/my_interfaces_ysj/action/detail
-- Up-to-date: C:/Users/82103/Documents/ros2_ws/install/my_interfaces_ysj/include/my_interfaces_ysj/action/detail/fibonacci__rosidl_typesupport_introspection_cpp.hpp
-- Up-to-date: C:/Users/82103/Documents/ros2_ws/install/my_interfaces_ysj/include/my_interfaces_ysj/action/detail/fibonacci__type_support.cpp
-- Up-to-date: C:/Users/82103/Documents/ros2_ws/install/my_interfaces_ysj/include/my_interfaces_ysj/msg
-- Up-to-date: C:/Users/82103/Documents/ros2_ws/install/my_interfaces_ysj/include/my_interfaces_ysj/msg/detail
-- Up-to-date: C:/Users/82103/Documents/ros2_ws/install/my_interfaces_ysj/include/my_interfaces_ysj/msg/detail/temp__rosidl_typesupport_introspection_cpp.hpp
-- Up-to-date: C:/Users/82103/Documents/ros2_ws/install/my_interfaces_ysj/include/my_interfaces_ysj/msg/detail/temp__type_support.cpp
-- Up-to-date: C:/Users/82103/Documents/ros2_ws/install/my_interfaces_ysj/include/my_interfaces_ysj/srv
-- Up-to-date: C:/Users/82103/Documents/ros2_ws/install/my_interfaces_ysj/include/my_interfaces_ysj/srv/detail
-- Up-to-date: C:/Users/82103/Documents/ros2_ws/install/my_interfaces_ysj/include/my_interfaces_ysj/srv/detail/add_three_ints__rosidl_typesupport_introspection_cpp.hpp
-- Up-to-date: C:/Users/82103/Documents/ros2_ws/install/my_interfaces_ysj/include/my_interfaces_ysj/srv/detail/add_three_ints__type_support.cpp
-- Up-to-date: C:/Users/82103/Documents/ros2_ws/install/my_interfaces_ysj/lib/my_interfaces_ysj__rosidl_typesupport_introspection_cpp.lib
-- Up-to-date: C:/Users/82103/Documents/ros2_ws/install/my_interfaces_ysj/bin/my_interfaces_ysj__rosidl_typesupport_introspection_cpp.dll
-- Up-to-date: C:/Users/82103/Documents/ros2_ws/install/my_interfaces_ysj/lib/my_interfaces_ysj__rosidl_typesupport_cpp.lib
-- Up-to-date: C:/Users/82103/Documents/ros2_ws/install/my_interfaces_ysj/bin/my_interfaces_ysj__rosidl_typesupport_cpp.dll
-- Up-to-date: C:/Users/82103/Documents/ros2_ws/install/my_interfaces_ysj/share/my_interfaces_ysj/environment/pythonpath.bat
-- Installing: C:/Users/82103/Documents/ros2_ws/install/my_interfaces_ysj/share/my_interfaces_ysj/environment/pythonpath.dsv
-- Installing: C:/Users/82103/Documents/ros2_ws/install/my_interfaces_ysj/Lib/site-packages/my_interfaces_ysj/__init__.py
Compiling 'C:/Users/82103/Documents/ros2_ws/install/my_interfaces_ysj/Lib/site-packages/my_interfaces_ysj/__init__.py'...
-- Up-to-date: C:/Users/82103/Documents/ros2_ws/install/my_interfaces_ysj/Lib/site-packages/my_interfaces_ysj/srv
-- Up-to-date: C:/Users/82103/Documents/ros2_ws/install/my_interfaces_ysj/Lib/site-packages/my_interfaces_ysj/srv/_add_three_ints.py
-- Up-to-date: C:/Users/82103/Documents/ros2_ws/install/my_interfaces_ysj/Lib/site-packages/my_interfaces_ysj/srv/_add_three_ints_s.c
-- Up-to-date: C:/Users/82103/Documents/ros2_ws/install/my_interfaces_ysj/Lib/site-packages/my_interfaces_ysj/srv/__init__.py
-- Up-to-date: C:/Users/82103/Documents/ros2_ws/install/my_interfaces_ysj/Lib/site-packages/my_interfaces_ysj/msg
-- Up-to-date: C:/Users/82103/Documents/ros2_ws/install/my_interfaces_ysj/Lib/site-packages/my_interfaces_ysj/msg/_temp.py
-- Up-to-date: C:/Users/82103/Documents/ros2_ws/install/my_interfaces_ysj/Lib/site-packages/my_interfaces_ysj/msg/_temp_s.c
-- Up-to-date: C:/Users/82103/Documents/ros2_ws/install/my_interfaces_ysj/Lib/site-packages/my_interfaces_ysj/msg/__init__.py
-- Up-to-date: C:/Users/82103/Documents/ros2_ws/install/my_interfaces_ysj/Lib/site-packages/my_interfaces_ysj/action
-- Up-to-date: C:/Users/82103/Documents/ros2_ws/install/my_interfaces_ysj/Lib/site-packages/my_interfaces_ysj/action/_fibonacci.py
-- Up-to-date: C:/Users/82103/Documents/ros2_ws/install/my_interfaces_ysj/Lib/site-packages/my_interfaces_ysj/action/_fibonacci_s.c
-- Up-to-date: C:/Users/82103/Documents/ros2_ws/install/my_interfaces_ysj/Lib/site-packages/my_interfaces_ysj/action/__init__.py
-- Up-to-date: C:/Users/82103/Documents/ros2_ws/install/my_interfaces_ysj/Lib/site-packages/my_interfaces_ysj/my_interfaces_ysj_s__rosidl_typesupport_fastrtps_c.lib
-- Up-to-date: C:/Users/82103/Documents/ros2_ws/install/my_interfaces_ysj/Lib/site-packages/my_interfaces_ysj/my_interfaces_ysj_s__rosidl_typesupport_fastrtps_c.pyd
-- Up-to-date: C:/Users/82103/Documents/ros2_ws/install/my_interfaces_ysj/Lib/site-packages/my_interfaces_ysj/my_interfaces_ysj_s__rosidl_typesupport_introspection_c.lib
-- Up-to-date: C:/Users/82103/Documents/ros2_ws/install/my_interfaces_ysj/Lib/site-packages/my_interfaces_ysj/my_interfaces_ysj_s__rosidl_typesupport_introspection_c.pyd
-- Up-to-date: C:/Users/82103/Documents/ros2_ws/install/my_interfaces_ysj/Lib/site-packages/my_interfaces_ysj/my_interfaces_ysj_s__rosidl_typesupport_c.lib
-- Up-to-date: C:/Users/82103/Documents/ros2_ws/install/my_interfaces_ysj/Lib/site-packages/my_interfaces_ysj/my_interfaces_ysj_s__rosidl_typesupport_c.pyd
-- Up-to-date: C:/Users/82103/Documents/ros2_ws/install/my_interfaces_ysj/lib/my_interfaces_ysj__python.lib
-- Up-to-date: C:/Users/82103/Documents/ros2_ws/install/my_interfaces_ysj/bin/my_interfaces_ysj__python.dll
-- Up-to-date: C:/Users/82103/Documents/ros2_ws/install/my_interfaces_ysj/share/my_interfaces_ysj/srv/AddThreeInts.idl
-- Up-to-date: C:/Users/82103/Documents/ros2_ws/install/my_interfaces_ysj/share/my_interfaces_ysj/msg/Temp.idl
-- Up-to-date: C:/Users/82103/Documents/ros2_ws/install/my_interfaces_ysj/share/my_interfaces_ysj/action/Fibonacci.idl
-- Up-to-date: C:/Users/82103/Documents/ros2_ws/install/my_interfaces_ysj/share/my_interfaces_ysj/srv/AddThreeInts.srv
-- Up-to-date: C:/Users/82103/Documents/ros2_ws/install/my_interfaces_ysj/share/my_interfaces_ysj/srv/AddThreeInts_Request.msg
-- Up-to-date: C:/Users/82103/Documents/ros2_ws/install/my_interfaces_ysj/share/my_interfaces_ysj/srv/AddThreeInts_Response.msg
-- Up-to-date: C:/Users/82103/Documents/ros2_ws/install/my_interfaces_ysj/share/my_interfaces_ysj/msg/Temp.msg
-- Up-to-date: C:/Users/82103/Documents/ros2_ws/install/my_interfaces_ysj/share/my_interfaces_ysj/action/Fibonacci.action
-- Up-to-date: C:/Users/82103/Documents/ros2_ws/install/my_interfaces_ysj/share/ament_index/resource_index/package_run_dependencies/my_interfaces_ysj
-- Up-to-date: C:/Users/82103/Documents/ros2_ws/install/my_interfaces_ysj/share/ament_index/resource_index/parent_prefix_path/my_interfaces_ysj
-- Up-to-date: C:/Users/82103/Documents/ros2_ws/install/my_interfaces_ysj/share/my_interfaces_ysj/environment/ament_prefix_path.bat
-- Installing: C:/Users/82103/Documents/ros2_ws/install/my_interfaces_ysj/share/my_interfaces_ysj/environment/ament_prefix_path.dsv
-- Up-to-date: C:/Users/82103/Documents/ros2_ws/install/my_interfaces_ysj/share/my_interfaces_ysj/environment/path.bat
-- Installing: C:/Users/82103/Documents/ros2_ws/install/my_interfaces_ysj/share/my_interfaces_ysj/environment/path.dsv
-- Up-to-date: C:/Users/82103/Documents/ros2_ws/install/my_interfaces_ysj/share/my_interfaces_ysj/local_setup.bat
-- Installing: C:/Users/82103/Documents/ros2_ws/install/my_interfaces_ysj/share/my_interfaces_ysj/local_setup.dsv
-- Installing: C:/Users/82103/Documents/ros2_ws/install/my_interfaces_ysj/share/my_interfaces_ysj/package.dsv
-- Up-to-date: C:/Users/82103/Documents/ros2_ws/install/my_interfaces_ysj/share/ament_index/resource_index/packages/my_interfaces_ysj
-- Up-to-date: C:/Users/82103/Documents/ros2_ws/install/my_interfaces_ysj/share/my_interfaces_ysj/cmake/my_interfaces_ysj__rosidl_generator_cExport.cmake
-- Installing: C:/Users/82103/Documents/ros2_ws/install/my_interfaces_ysj/share/my_interfaces_ysj/cmake/my_interfaces_ysj__rosidl_generator_cExport-release.cmake
-- Up-to-date: C:/Users/82103/Documents/ros2_ws/install/my_interfaces_ysj/share/my_interfaces_ysj/cmake/my_interfaces_ysj__rosidl_typesupport_introspection_cExport.cmake
-- Installing: C:/Users/82103/Documents/ros2_ws/install/my_interfaces_ysj/share/my_interfaces_ysj/cmake/my_interfaces_ysj__rosidl_typesupport_introspection_cExport-release.cmake
-- Up-to-date: C:/Users/82103/Documents/ros2_ws/install/my_interfaces_ysj/share/my_interfaces_ysj/cmake/my_interfaces_ysj__rosidl_typesupport_cExport.cmake
-- Installing: C:/Users/82103/Documents/ros2_ws/install/my_interfaces_ysj/share/my_interfaces_ysj/cmake/my_interfaces_ysj__rosidl_typesupport_cExport-release.cmake
-- Up-to-date: C:/Users/82103/Documents/ros2_ws/install/my_interfaces_ysj/share/my_interfaces_ysj/cmake/my_interfaces_ysj__rosidl_generator_cppExport.cmake
-- Up-to-date: C:/Users/82103/Documents/ros2_ws/install/my_interfaces_ysj/share/my_interfaces_ysj/cmake/my_interfaces_ysj__rosidl_typesupport_introspection_cppExport.cmake
-- Installing: C:/Users/82103/Documents/ros2_ws/install/my_interfaces_ysj/share/my_interfaces_ysj/cmake/my_interfaces_ysj__rosidl_typesupport_introspection_cppExport-release.cmake
-- Up-to-date: C:/Users/82103/Documents/ros2_ws/install/my_interfaces_ysj/share/my_interfaces_ysj/cmake/my_interfaces_ysj__rosidl_typesupport_cppExport.cmake
-- Installing: C:/Users/82103/Documents/ros2_ws/install/my_interfaces_ysj/share/my_interfaces_ysj/cmake/my_interfaces_ysj__rosidl_typesupport_cppExport-release.cmake
-- Up-to-date: C:/Users/82103/Documents/ros2_ws/install/my_interfaces_ysj/share/my_interfaces_ysj/cmake/rosidl_cmake-extras.cmake
-- Up-to-date: C:/Users/82103/Documents/ros2_ws/install/my_interfaces_ysj/share/my_interfaces_ysj/cmake/ament_cmake_export_dependencies-extras.cmake
-- Up-to-date: C:/Users/82103/Documents/ros2_ws/install/my_interfaces_ysj/share/my_interfaces_ysj/cmake/ament_cmake_export_libraries-extras.cmake
-- Up-to-date: C:/Users/82103/Documents/ros2_ws/install/my_interfaces_ysj/share/my_interfaces_ysj/cmake/ament_cmake_export_targets-extras.cmake
-- Up-to-date: C:/Users/82103/Documents/ros2_ws/install/my_interfaces_ysj/share/my_interfaces_ysj/cmake/ament_cmake_export_include_directories-extras.cmake
-- Up-to-date: C:/Users/82103/Documents/ros2_ws/install/my_interfaces_ysj/share/my_interfaces_ysj/cmake/rosidl_cmake_export_typesupport_libraries-extras.cmake
-- Up-to-date: C:/Users/82103/Documents/ros2_ws/install/my_interfaces_ysj/share/my_interfaces_ysj/cmake/rosidl_cmake_export_typesupport_targets-extras.cmake
-- Up-to-date: C:/Users/82103/Documents/ros2_ws/install/my_interfaces_ysj/share/my_interfaces_ysj/cmake/my_interfaces_ysjConfig.cmake
-- Up-to-date: C:/Users/82103/Documents/ros2_ws/install/my_interfaces_ysj/share/my_interfaces_ysj/cmake/my_interfaces_ysjConfig-version.cmake
-- Up-to-date: C:/Users/82103/Documents/ros2_ws/install/my_interfaces_ysj/share/my_interfaces_ysj/package.xml
