[2.578s] Invoking command in 'c:\Users\82103\Documents\ros2_ws\webots_ros2\webots_ros2_core': AMENT_PREFIX_PATH=c:\Users\82103\Documents\ros2_ws\install\webots_ros2_msgs;%AMENT_PREFIX_PATH% CMAKE_PREFIX_PATH=c:\Users\82103\Documents\ros2_ws\install\webots_ros2_msgs;%CMAKE_PREFIX_PATH% PYTHONPATH=c:\Users\82103\Documents\ros2_ws\install\webots_ros2_core\Lib\site-packages;c:\Users\82103\Documents\ros2_ws\install\webots_ros2_msgs\Lib\site-packages;%PYTHONPATH% Path=c:\Users\82103\Documents\ros2_ws\install\webots_ros2_msgs\bin;%Path% c:\python38\python.exe setup.py egg_info --egg-base ..\..\build\webots_ros2_core build --build-base c:\Users\82103\Documents\ros2_ws\build\webots_ros2_core\build install --prefix c:\Users\82103\Documents\ros2_ws\install\webots_ros2_core --record c:\Users\82103\Documents\ros2_ws\build\webots_ros2_core\install.log --single-version-externally-managed
[4.141s] running egg_info
[4.141s] writing ..\..\build\webots_ros2_core\webots_ros2_core.egg-info\PKG-INFO
[4.141s] writing dependency_links to ..\..\build\webots_ros2_core\webots_ros2_core.egg-info\dependency_links.txt
[4.141s] writing entry points to ..\..\build\webots_ros2_core\webots_ros2_core.egg-info\entry_points.txt
[4.141s] writing requirements to ..\..\build\webots_ros2_core\webots_ros2_core.egg-info\requires.txt
[4.141s] writing top-level names to ..\..\build\webots_ros2_core\webots_ros2_core.egg-info\top_level.txt
[4.235s] reading manifest file '..\..\build\webots_ros2_core\webots_ros2_core.egg-info\SOURCES.txt'
[4.266s] writing manifest file '..\..\build\webots_ros2_core\webots_ros2_core.egg-info\SOURCES.txt'
[4.266s] running build
[4.266s] running build_py
[4.313s] running install
[4.313s] running install_lib
[4.360s] running install_data
[4.360s] running install_egg_info
[4.375s] removing 'c:\Users\82103\Documents\ros2_ws\install\webots_ros2_core\Lib\site-packages\webots_ros2_core-1.0.3-py3.8.egg-info' (and everything under it)
[4.391s] Copying ..\..\build\webots_ros2_core\webots_ros2_core.egg-info to c:\Users\82103\Documents\ros2_ws\install\webots_ros2_core\Lib\site-packages\webots_ros2_core-1.0.3-py3.8.egg-info
[4.453s] running install_scripts
[4.547s] Installing webots_differential_drive_node-script.py script to c:\Users\82103\Documents\ros2_ws\install\webots_ros2_core\lib\webots_ros2_core
[4.547s] Installing webots_differential_drive_node.exe script to c:\Users\82103\Documents\ros2_ws\install\webots_ros2_core\lib\webots_ros2_core
[4.547s] Installing webots_node-script.py script to c:\Users\82103\Documents\ros2_ws\install\webots_ros2_core\lib\webots_ros2_core
[4.563s] Installing webots_node.exe script to c:\Users\82103\Documents\ros2_ws\install\webots_ros2_core\lib\webots_ros2_core
[4.563s] Installing webots_robotic_arm_node-script.py script to c:\Users\82103\Documents\ros2_ws\install\webots_ros2_core\lib\webots_ros2_core
[4.563s] Installing webots_robotic_arm_node.exe script to c:\Users\82103\Documents\ros2_ws\install\webots_ros2_core\lib\webots_ros2_core
[4.563s] writing list of installed files to 'c:\Users\82103\Documents\ros2_ws\build\webots_ros2_core\install.log'
[4.610s] Invoked command in 'c:\Users\82103\Documents\ros2_ws\webots_ros2\webots_ros2_core' returned '0': AMENT_PREFIX_PATH=c:\Users\82103\Documents\ros2_ws\install\webots_ros2_msgs;%AMENT_PREFIX_PATH% CMAKE_PREFIX_PATH=c:\Users\82103\Documents\ros2_ws\install\webots_ros2_msgs;%CMAKE_PREFIX_PATH% PYTHONPATH=c:\Users\82103\Documents\ros2_ws\install\webots_ros2_core\Lib\site-packages;c:\Users\82103\Documents\ros2_ws\install\webots_ros2_msgs\Lib\site-packages;%PYTHONPATH% Path=c:\Users\82103\Documents\ros2_ws\install\webots_ros2_msgs\bin;%Path% c:\python38\python.exe setup.py egg_info --egg-base ..\..\build\webots_ros2_core build --build-base c:\Users\82103\Documents\ros2_ws\build\webots_ros2_core\build install --prefix c:\Users\82103\Documents\ros2_ws\install\webots_ros2_core --record c:\Users\82103\Documents\ros2_ws\build\webots_ros2_core\install.log --single-version-externally-managed
