c:\Users\82103\Documents\ros2_ws\install\webots_ros2_tutorials\Lib\site-packages\webots_ros2_tutorials\master.py
c:\Users\82103\Documents\ros2_ws\install\webots_ros2_tutorials\Lib\site-packages\webots_ros2_tutorials\slave.py
c:\Users\82103\Documents\ros2_ws\install\webots_ros2_tutorials\Lib\site-packages\webots_ros2_tutorials\__init__.py
c:\Users\82103\Documents\ros2_ws\install\webots_ros2_tutorials\Lib\site-packages\webots_ros2_tutorials\__pycache__\master.cpython-38.pyc
c:\Users\82103\Documents\ros2_ws\install\webots_ros2_tutorials\Lib\site-packages\webots_ros2_tutorials\__pycache__\slave.cpython-38.pyc
c:\Users\82103\Documents\ros2_ws\install\webots_ros2_tutorials\Lib\site-packages\webots_ros2_tutorials\__pycache__\__init__.cpython-38.pyc
c:\Users\82103\Documents\ros2_ws\install\webots_ros2_tutorials\share\ament_index\resource_index\packages\webots_ros2_tutorials
c:\Users\82103\Documents\ros2_ws\install\webots_ros2_tutorials\share\webots_ros2_tutorials\line_following_launch.py
c:\Users\82103\Documents\ros2_ws\install\webots_ros2_tutorials\share\webots_ros2_tutorials\worlds\custom_line_follower.wbt
c:\Users\82103\Documents\ros2_ws\install\webots_ros2_tutorials\share\webots_ros2_tutorials\protos\RobotSense.proto
c:\Users\82103\Documents\ros2_ws\install\webots_ros2_tutorials\share\webots_ros2_tutorials\protos\icons
c:\Users\82103\Documents\ros2_ws\install\webots_ros2_tutorials\share\webots_ros2_tutorials\worlds\textures\loop.jpg
c:\Users\82103\Documents\ros2_ws\install\webots_ros2_tutorials\share\webots_ros2_tutorials\protos\textures
c:\Users\82103\Documents\ros2_ws\install\webots_ros2_tutorials\share\webots_ros2_tutorials\package.xml
c:\Users\82103\Documents\ros2_ws\install\webots_ros2_tutorials\Lib\site-packages\webots_ros2_tutorials-1.0.3-py3.8.egg-info\dependency_links.txt
c:\Users\82103\Documents\ros2_ws\install\webots_ros2_tutorials\Lib\site-packages\webots_ros2_tutorials-1.0.3-py3.8.egg-info\entry_points.txt
c:\Users\82103\Documents\ros2_ws\install\webots_ros2_tutorials\Lib\site-packages\webots_ros2_tutorials-1.0.3-py3.8.egg-info\PKG-INFO
c:\Users\82103\Documents\ros2_ws\install\webots_ros2_tutorials\Lib\site-packages\webots_ros2_tutorials-1.0.3-py3.8.egg-info\requires.txt
c:\Users\82103\Documents\ros2_ws\install\webots_ros2_tutorials\Lib\site-packages\webots_ros2_tutorials-1.0.3-py3.8.egg-info\SOURCES.txt
c:\Users\82103\Documents\ros2_ws\install\webots_ros2_tutorials\Lib\site-packages\webots_ros2_tutorials-1.0.3-py3.8.egg-info\top_level.txt
c:\Users\82103\Documents\ros2_ws\install\webots_ros2_tutorials\Lib\site-packages\webots_ros2_tutorials-1.0.3-py3.8.egg-info\zip-safe
c:\Users\82103\Documents\ros2_ws\install\webots_ros2_tutorials\lib\webots_ros2_tutorials\enable_robot-script.py
c:\Users\82103\Documents\ros2_ws\install\webots_ros2_tutorials\lib\webots_ros2_tutorials\enable_robot.exe
c:\Users\82103\Documents\ros2_ws\install\webots_ros2_tutorials\lib\webots_ros2_tutorials\line_follower-script.py
c:\Users\82103\Documents\ros2_ws\install\webots_ros2_tutorials\lib\webots_ros2_tutorials\line_follower.exe
