[2.390s] Invoking command in 'c:\Users\82103\Documents\ros2_ws\build\webots_ros2_msgs': CMAKE_PREFIX_PATH=%CMAKE_PREFIX_PATH%;c:\Users\82103\Documents\ros2_ws\install\webots_ros2;c:\Users\82103\Documents\ros2_ws\install\webots_ros2_demos;c:\Users\82103\Documents\ros2_ws\install\webots_ros2_universal_robot;c:\Users\82103\Documents\ros2_ws\install\webots_ros2_ur_e_description;c:\Users\82103\Documents\ros2_ws\install\webots_ros2_tutorials;c:\Users\82103\Documents\ros2_ws\install\webots_ros2_turtlebot;c:\Users\82103\Documents\ros2_ws\install\webots_ros2_tiago;c:\Users\82103\Documents\ros2_ws\install\webots_ros2_examples;c:\Users\82103\Documents\ros2_ws\install\webots_ros2_epuck;c:\Users\82103\Documents\ros2_ws\install\webots_ros2_abb;c:\Users\82103\Documents\ros2_ws\install\webots_ros2_core;c:\Users\82103\Documents\ros2_ws\install\webots_ros2_importer;c:\Users\82103\Documents\ros2_ws\install\test_package_ysj;c:\Users\82103\Documents\ros2_ws\install\test_launch C:\Program Files\CMake\bin\cmake.EXE c:\Users\82103\Documents\ros2_ws\webots_ros2\webots_ros2_msgs -DCMAKE_INSTALL_PREFIX=c:\Users\82103\Documents\ros2_ws\install\webots_ros2_msgs
[3.500s] -- Selecting Windows SDK version 10.0.18362.0 to target Windows 10.0.18363.
[3.500s] -- Found ament_cmake: 0.9.6 (C:/dev/ros2_foxy/share/ament_cmake/cmake)
[3.500s] -- Found PythonInterp: C:/Python38/python.exe (found suitable version "3.8.3", minimum required is "3") 
[3.500s] -- Using PYTHON_EXECUTABLE: C:/Python38/python.exe
[3.578s] -- Found builtin_interfaces: 1.0.0 (C:/dev/ros2_foxy/share/builtin_interfaces/cmake)
[3.671s] -- Using all available rosidl_typesupport_c: rosidl_typesupport_connext_c;rosidl_typesupport_fastrtps_c;rosidl_typesupport_introspection_c
[3.781s] -- Found rosidl_adapter: 1.0.1 (C:/dev/ros2_foxy/share/rosidl_adapter/cmake)
[4.218s] -- Could not find RTI Connext - skipping rosidl_typesupport_connext_c
[4.281s] -- Could not find RTI Connext - skipping rosidl_typesupport_connext_cpp
[4.703s] -- Using all available rosidl_typesupport_cpp: rosidl_typesupport_connext_cpp;rosidl_typesupport_fastrtps_cpp;rosidl_typesupport_introspection_cpp
[4.750s] -- Found rosidl_default_generators: 1.0.0 (C:/dev/ros2_foxy/share/rosidl_default_generators/cmake)
[4.812s] -- Found ament_lint_auto: 0.9.5 (C:/dev/ros2_foxy/share/ament_lint_auto/cmake)
[5.218s] -- Found PythonInterp: C:/Python38/python.exe (found version "3.8.3") 
[5.500s] -- Found ament_cmake_cpplint: 0.9.5 (C:/dev/ros2_foxy/share/ament_cmake_cpplint/cmake)
[5.500s] -- Found ament_cmake_ros: 0.9.0 (C:/dev/ros2_foxy/share/ament_cmake_ros/cmake)
[5.812s] -- Using all available rosidl_typesupport_c: rosidl_typesupport_connext_c;rosidl_typesupport_fastrtps_c;rosidl_typesupport_introspection_c
[5.953s] -- Using all available rosidl_typesupport_cpp: rosidl_typesupport_connext_cpp;rosidl_typesupport_fastrtps_cpp;rosidl_typesupport_introspection_cpp
[6.046s] -- Found PythonInterp: C:/Python38/python.exe (found suitable version "3.8.3", minimum required is "3.5") 
[6.046s] -- Found python_cmake_module: 0.8.0 (C:/dev/ros2_foxy/share/python_cmake_module/cmake)
[6.171s] -- Using PYTHON_EXECUTABLE: C:/Python38/python.exe
[6.171s] -- Using PYTHON_INCLUDE_DIRS: C:/Python38/include
[6.171s] -- Using PYTHON_LIBRARIES: C:/Python38/libs/python38.lib
[6.609s] -- Using numpy include directory: C:\Python38\lib\site-packages\numpy\core\include
[6.687s] -- Added test 'lint_cmake' to check CMake code style
[6.703s] -- Added test 'xmllint' to check XML markup files
[6.968s] -- Configuring done
[8.031s] -- Generating done
[8.062s] -- Build files have been written to: C:/Users/82103/Documents/ros2_ws/build/webots_ros2_msgs
[8.062s] Invoked command in 'c:\Users\82103\Documents\ros2_ws\build\webots_ros2_msgs' returned '0': CMAKE_PREFIX_PATH=%CMAKE_PREFIX_PATH%;c:\Users\82103\Documents\ros2_ws\install\webots_ros2;c:\Users\82103\Documents\ros2_ws\install\webots_ros2_demos;c:\Users\82103\Documents\ros2_ws\install\webots_ros2_universal_robot;c:\Users\82103\Documents\ros2_ws\install\webots_ros2_ur_e_description;c:\Users\82103\Documents\ros2_ws\install\webots_ros2_tutorials;c:\Users\82103\Documents\ros2_ws\install\webots_ros2_turtlebot;c:\Users\82103\Documents\ros2_ws\install\webots_ros2_tiago;c:\Users\82103\Documents\ros2_ws\install\webots_ros2_examples;c:\Users\82103\Documents\ros2_ws\install\webots_ros2_epuck;c:\Users\82103\Documents\ros2_ws\install\webots_ros2_abb;c:\Users\82103\Documents\ros2_ws\install\webots_ros2_core;c:\Users\82103\Documents\ros2_ws\install\webots_ros2_importer;c:\Users\82103\Documents\ros2_ws\install\test_package_ysj;c:\Users\82103\Documents\ros2_ws\install\test_launch C:\Program Files\CMake\bin\cmake.EXE c:\Users\82103\Documents\ros2_ws\webots_ros2\webots_ros2_msgs -DCMAKE_INSTALL_PREFIX=c:\Users\82103\Documents\ros2_ws\install\webots_ros2_msgs
[8.062s] Invoking command in 'c:\Users\82103\Documents\ros2_ws\build\webots_ros2_msgs': CL=/MP CMAKE_PREFIX_PATH=%CMAKE_PREFIX_PATH%;c:\Users\82103\Documents\ros2_ws\install\webots_ros2;c:\Users\82103\Documents\ros2_ws\install\webots_ros2_demos;c:\Users\82103\Documents\ros2_ws\install\webots_ros2_universal_robot;c:\Users\82103\Documents\ros2_ws\install\webots_ros2_ur_e_description;c:\Users\82103\Documents\ros2_ws\install\webots_ros2_tutorials;c:\Users\82103\Documents\ros2_ws\install\webots_ros2_turtlebot;c:\Users\82103\Documents\ros2_ws\install\webots_ros2_tiago;c:\Users\82103\Documents\ros2_ws\install\webots_ros2_examples;c:\Users\82103\Documents\ros2_ws\install\webots_ros2_epuck;c:\Users\82103\Documents\ros2_ws\install\webots_ros2_abb;c:\Users\82103\Documents\ros2_ws\install\webots_ros2_core;c:\Users\82103\Documents\ros2_ws\install\webots_ros2_importer;c:\Users\82103\Documents\ros2_ws\install\test_package_ysj;c:\Users\82103\Documents\ros2_ws\install\test_launch C:\Program Files\CMake\bin\cmake.EXE --build c:\Users\82103\Documents\ros2_ws\build\webots_ros2_msgs --config Release
[8.265s] .NET Framework¿ë Microsoft (R) Build Engine ¹öÀü 16.7.0+b89cb5fde
[8.265s] Copyright (C) Microsoft Corporation. All rights reserved.
[8.265s] 
[8.796s]   Checking Build System
[9.203s]   Building Custom Rule C:/Users/82103/Documents/ros2_ws/webots_ros2/webots_ros2_msgs/CMakeLists.txt
[9.468s]   Building Custom Rule C:/Users/82103/Documents/ros2_ws/webots_ros2/webots_ros2_msgs/CMakeLists.txt
[9.656s]   webots_ros2_msgs__rosidl_generator_c.vcxproj -> C:\Users\82103\Documents\ros2_ws\build\webots_ros2_msgs\Release\webots_ros2_msgs__rosidl_generator_c.dll
[9.796s]   Building Custom Rule C:/Users/82103/Documents/ros2_ws/webots_ros2/webots_ros2_msgs/CMakeLists.txt
[9.937s]   webots_ros2_msgs__rosidl_typesupport_c.vcxproj -> C:\Users\82103\Documents\ros2_ws\build\webots_ros2_msgs\Release\webots_ros2_msgs__rosidl_typesupport_c.dll
[10.078s]   Building Custom Rule C:/Users/82103/Documents/ros2_ws/webots_ros2/webots_ros2_msgs/CMakeLists.txt
[10.218s]   webots_ros2_msgs__rosidl_typesupport_cpp.vcxproj -> C:\Users\82103\Documents\ros2_ws\build\webots_ros2_msgs\Release\webots_ros2_msgs__rosidl_typesupport_cpp.dll
[10.390s]   Building Custom Rule C:/Users/82103/Documents/ros2_ws/webots_ros2/webots_ros2_msgs/CMakeLists.txt
[10.515s]   webots_ros2_msgs__rosidl_typesupport_fastrtps_cpp.vcxproj -> C:\Users\82103\Documents\ros2_ws\build\webots_ros2_msgs\Release\webots_ros2_msgs__rosidl_typesupport_fastrtps_cpp.dll
[10.625s]   Building Custom Rule C:/Users/82103/Documents/ros2_ws/webots_ros2/webots_ros2_msgs/CMakeLists.txt
[10.765s]   webots_ros2_msgs__rosidl_typesupport_fastrtps_c.vcxproj -> C:\Users\82103\Documents\ros2_ws\build\webots_ros2_msgs\Release\webots_ros2_msgs__rosidl_typesupport_fastrtps_c.dll
[10.906s]   Building Custom Rule C:/Users/82103/Documents/ros2_ws/webots_ros2/webots_ros2_msgs/CMakeLists.txt
[11.046s]   webots_ros2_msgs__rosidl_typesupport_introspection_c.vcxproj -> C:\Users\82103\Documents\ros2_ws\build\webots_ros2_msgs\Release\webots_ros2_msgs__rosidl_typesupport_introspection_c.dll
[11.171s]   Building Custom Rule C:/Users/82103/Documents/ros2_ws/webots_ros2/webots_ros2_msgs/CMakeLists.txt
[11.312s]   webots_ros2_msgs__rosidl_typesupport_introspection_cpp.vcxproj -> C:\Users\82103\Documents\ros2_ws\build\webots_ros2_msgs\Release\webots_ros2_msgs__rosidl_typesupport_introspection_cpp.dll
[11.468s]   Building Custom Rule C:/Users/82103/Documents/ros2_ws/webots_ros2/webots_ros2_msgs/CMakeLists.txt
[11.890s]   Building Custom Rule C:/Users/82103/Documents/ros2_ws/webots_ros2/webots_ros2_msgs/CMakeLists.txt
[12.015s]   webots_ros2_msgs__python.vcxproj -> C:\Users\82103\Documents\ros2_ws\build\webots_ros2_msgs\rosidl_generator_py\webots_ros2_msgs\webots_ros2_msgs__python.dll
[12.156s]   Building Custom Rule C:/Users/82103/Documents/ros2_ws/webots_ros2/webots_ros2_msgs/CMakeLists.txt
[12.296s]   webots_ros2_msgs__rosidl_typesupport_c__pyext.vcxproj -> C:\Users\82103\Documents\ros2_ws\build\webots_ros2_msgs\rosidl_generator_py\webots_ros2_msgs\webots_ros2_msgs_s__rosidl_typesupport_c.pyd
[12.453s]   Building Custom Rule C:/Users/82103/Documents/ros2_ws/webots_ros2/webots_ros2_msgs/CMakeLists.txt
[12.609s]   webots_ros2_msgs__rosidl_typesupport_fastrtps_c__pyext.vcxproj -> C:\Users\82103\Documents\ros2_ws\build\webots_ros2_msgs\rosidl_generator_py\webots_ros2_msgs\webots_ros2_msgs_s__rosidl_typesupport_fastrtps_c.pyd
[12.750s]   Building Custom Rule C:/Users/82103/Documents/ros2_ws/webots_ros2/webots_ros2_msgs/CMakeLists.txt
[12.875s]   webots_ros2_msgs__rosidl_typesupport_introspection_c__pyext.vcxproj -> C:\Users\82103\Documents\ros2_ws\build\webots_ros2_msgs\rosidl_generator_py\webots_ros2_msgs\webots_ros2_msgs_s__rosidl_typesupport_introspection_c.pyd
[12.984s]   Building Custom Rule C:/Users/82103/Documents/ros2_ws/webots_ros2/webots_ros2_msgs/CMakeLists.txt
[13.156s] Invoked command in 'c:\Users\82103\Documents\ros2_ws\build\webots_ros2_msgs' returned '0': CL=/MP CMAKE_PREFIX_PATH=%CMAKE_PREFIX_PATH%;c:\Users\82103\Documents\ros2_ws\install\webots_ros2;c:\Users\82103\Documents\ros2_ws\install\webots_ros2_demos;c:\Users\82103\Documents\ros2_ws\install\webots_ros2_universal_robot;c:\Users\82103\Documents\ros2_ws\install\webots_ros2_ur_e_description;c:\Users\82103\Documents\ros2_ws\install\webots_ros2_tutorials;c:\Users\82103\Documents\ros2_ws\install\webots_ros2_turtlebot;c:\Users\82103\Documents\ros2_ws\install\webots_ros2_tiago;c:\Users\82103\Documents\ros2_ws\install\webots_ros2_examples;c:\Users\82103\Documents\ros2_ws\install\webots_ros2_epuck;c:\Users\82103\Documents\ros2_ws\install\webots_ros2_abb;c:\Users\82103\Documents\ros2_ws\install\webots_ros2_core;c:\Users\82103\Documents\ros2_ws\install\webots_ros2_importer;c:\Users\82103\Documents\ros2_ws\install\test_package_ysj;c:\Users\82103\Documents\ros2_ws\install\test_launch C:\Program Files\CMake\bin\cmake.EXE --build c:\Users\82103\Documents\ros2_ws\build\webots_ros2_msgs --config Release
[13.218s] Invoking command in 'c:\Users\82103\Documents\ros2_ws\build\webots_ros2_msgs': CMAKE_PREFIX_PATH=%CMAKE_PREFIX_PATH%;c:\Users\82103\Documents\ros2_ws\install\webots_ros2;c:\Users\82103\Documents\ros2_ws\install\webots_ros2_demos;c:\Users\82103\Documents\ros2_ws\install\webots_ros2_universal_robot;c:\Users\82103\Documents\ros2_ws\install\webots_ros2_ur_e_description;c:\Users\82103\Documents\ros2_ws\install\webots_ros2_tutorials;c:\Users\82103\Documents\ros2_ws\install\webots_ros2_turtlebot;c:\Users\82103\Documents\ros2_ws\install\webots_ros2_tiago;c:\Users\82103\Documents\ros2_ws\install\webots_ros2_examples;c:\Users\82103\Documents\ros2_ws\install\webots_ros2_epuck;c:\Users\82103\Documents\ros2_ws\install\webots_ros2_abb;c:\Users\82103\Documents\ros2_ws\install\webots_ros2_core;c:\Users\82103\Documents\ros2_ws\install\webots_ros2_importer;c:\Users\82103\Documents\ros2_ws\install\test_package_ysj;c:\Users\82103\Documents\ros2_ws\install\test_launch C:\Program Files\CMake\bin\cmake.EXE --install c:\Users\82103\Documents\ros2_ws\build\webots_ros2_msgs --config Release
[13.265s] -- Up-to-date: C:/Users/82103/Documents/ros2_ws/install/webots_ros2_msgs/share/ament_index/resource_index/rosidl_interfaces/webots_ros2_msgs
[13.265s] -- Up-to-date: C:/Users/82103/Documents/ros2_ws/install/webots_ros2_msgs/include/webots_ros2_msgs
[13.265s] -- Up-to-date: C:/Users/82103/Documents/ros2_ws/install/webots_ros2_msgs/include/webots_ros2_msgs/msg
[13.265s] -- Up-to-date: C:/Users/82103/Documents/ros2_ws/install/webots_ros2_msgs/include/webots_ros2_msgs/msg/rosidl_generator_c__visibility_control.h
[13.265s] -- Up-to-date: C:/Users/82103/Documents/ros2_ws/install/webots_ros2_msgs/include/webots_ros2_msgs/srv
[13.265s] -- Up-to-date: C:/Users/82103/Documents/ros2_ws/install/webots_ros2_msgs/include/webots_ros2_msgs/srv/detail
[13.265s] -- Up-to-date: C:/Users/82103/Documents/ros2_ws/install/webots_ros2_msgs/include/webots_ros2_msgs/srv/detail/set_differential_wheel_speed__functions.c
[13.265s] -- Up-to-date: C:/Users/82103/Documents/ros2_ws/install/webots_ros2_msgs/include/webots_ros2_msgs/srv/detail/set_differential_wheel_speed__functions.h
[13.265s] -- Up-to-date: C:/Users/82103/Documents/ros2_ws/install/webots_ros2_msgs/include/webots_ros2_msgs/srv/detail/set_differential_wheel_speed__struct.h
[13.265s] -- Up-to-date: C:/Users/82103/Documents/ros2_ws/install/webots_ros2_msgs/include/webots_ros2_msgs/srv/detail/set_differential_wheel_speed__type_support.h
[13.265s] -- Up-to-date: C:/Users/82103/Documents/ros2_ws/install/webots_ros2_msgs/include/webots_ros2_msgs/srv/detail/set_int__functions.c
[13.281s] -- Up-to-date: C:/Users/82103/Documents/ros2_ws/install/webots_ros2_msgs/include/webots_ros2_msgs/srv/detail/set_int__functions.h
[13.281s] -- Up-to-date: C:/Users/82103/Documents/ros2_ws/install/webots_ros2_msgs/include/webots_ros2_msgs/srv/detail/set_int__struct.h
[13.281s] -- Up-to-date: C:/Users/82103/Documents/ros2_ws/install/webots_ros2_msgs/include/webots_ros2_msgs/srv/detail/set_int__type_support.h
[13.281s] -- Up-to-date: C:/Users/82103/Documents/ros2_ws/install/webots_ros2_msgs/include/webots_ros2_msgs/srv/set_differential_wheel_speed.h
[13.281s] -- Up-to-date: C:/Users/82103/Documents/ros2_ws/install/webots_ros2_msgs/include/webots_ros2_msgs/srv/set_int.h
[13.281s] -- Up-to-date: C:/Users/82103/Documents/ros2_ws/install/webots_ros2_msgs/lib/webots_ros2_msgs__rosidl_generator_c.lib
[13.281s] -- Up-to-date: C:/Users/82103/Documents/ros2_ws/install/webots_ros2_msgs/bin/webots_ros2_msgs__rosidl_generator_c.dll
[13.281s] -- Up-to-date: C:/Users/82103/Documents/ros2_ws/install/webots_ros2_msgs/include/webots_ros2_msgs
[13.281s] -- Up-to-date: C:/Users/82103/Documents/ros2_ws/install/webots_ros2_msgs/include/webots_ros2_msgs/msg
[13.281s] -- Up-to-date: C:/Users/82103/Documents/ros2_ws/install/webots_ros2_msgs/include/webots_ros2_msgs/msg/rosidl_typesupport_fastrtps_c__visibility_control.h
[13.281s] -- Up-to-date: C:/Users/82103/Documents/ros2_ws/install/webots_ros2_msgs/include/webots_ros2_msgs/srv
[13.281s] -- Up-to-date: C:/Users/82103/Documents/ros2_ws/install/webots_ros2_msgs/include/webots_ros2_msgs/srv/detail
[13.281s] -- Up-to-date: C:/Users/82103/Documents/ros2_ws/install/webots_ros2_msgs/include/webots_ros2_msgs/srv/detail/set_differential_wheel_speed__rosidl_typesupport_fastrtps_c.h
[13.281s] -- Up-to-date: C:/Users/82103/Documents/ros2_ws/install/webots_ros2_msgs/include/webots_ros2_msgs/srv/detail/set_int__rosidl_typesupport_fastrtps_c.h
[13.281s] -- Up-to-date: C:/Users/82103/Documents/ros2_ws/install/webots_ros2_msgs/lib/webots_ros2_msgs__rosidl_typesupport_fastrtps_c.lib
[13.281s] -- Up-to-date: C:/Users/82103/Documents/ros2_ws/install/webots_ros2_msgs/bin/webots_ros2_msgs__rosidl_typesupport_fastrtps_c.dll
[13.296s] -- Up-to-date: C:/Users/82103/Documents/ros2_ws/install/webots_ros2_msgs/include/webots_ros2_msgs
[13.296s] -- Up-to-date: C:/Users/82103/Documents/ros2_ws/install/webots_ros2_msgs/include/webots_ros2_msgs/msg
[13.296s] -- Up-to-date: C:/Users/82103/Documents/ros2_ws/install/webots_ros2_msgs/include/webots_ros2_msgs/msg/rosidl_typesupport_fastrtps_cpp__visibility_control.h
[13.296s] -- Up-to-date: C:/Users/82103/Documents/ros2_ws/install/webots_ros2_msgs/include/webots_ros2_msgs/srv
[13.296s] -- Up-to-date: C:/Users/82103/Documents/ros2_ws/install/webots_ros2_msgs/include/webots_ros2_msgs/srv/detail
[13.296s] -- Up-to-date: C:/Users/82103/Documents/ros2_ws/install/webots_ros2_msgs/include/webots_ros2_msgs/srv/detail/dds_fastrtps
[13.296s] -- Up-to-date: C:/Users/82103/Documents/ros2_ws/install/webots_ros2_msgs/include/webots_ros2_msgs/srv/detail/set_differential_wheel_speed__rosidl_typesupport_fastrtps_cpp.hpp
[13.296s] -- Up-to-date: C:/Users/82103/Documents/ros2_ws/install/webots_ros2_msgs/include/webots_ros2_msgs/srv/detail/set_int__rosidl_typesupport_fastrtps_cpp.hpp
[13.296s] -- Up-to-date: C:/Users/82103/Documents/ros2_ws/install/webots_ros2_msgs/lib/webots_ros2_msgs__rosidl_typesupport_fastrtps_cpp.lib
[13.296s] -- Up-to-date: C:/Users/82103/Documents/ros2_ws/install/webots_ros2_msgs/bin/webots_ros2_msgs__rosidl_typesupport_fastrtps_cpp.dll
[13.296s] -- Up-to-date: C:/Users/82103/Documents/ros2_ws/install/webots_ros2_msgs/include/webots_ros2_msgs
[13.296s] -- Up-to-date: C:/Users/82103/Documents/ros2_ws/install/webots_ros2_msgs/include/webots_ros2_msgs/msg
[13.296s] -- Up-to-date: C:/Users/82103/Documents/ros2_ws/install/webots_ros2_msgs/include/webots_ros2_msgs/msg/rosidl_typesupport_introspection_c__visibility_control.h
[13.296s] -- Up-to-date: C:/Users/82103/Documents/ros2_ws/install/webots_ros2_msgs/include/webots_ros2_msgs/srv
[13.312s] -- Up-to-date: C:/Users/82103/Documents/ros2_ws/install/webots_ros2_msgs/include/webots_ros2_msgs/srv/detail
[13.312s] -- Up-to-date: C:/Users/82103/Documents/ros2_ws/install/webots_ros2_msgs/include/webots_ros2_msgs/srv/detail/set_differential_wheel_speed__rosidl_typesupport_introspection_c.h
[13.312s] -- Up-to-date: C:/Users/82103/Documents/ros2_ws/install/webots_ros2_msgs/include/webots_ros2_msgs/srv/detail/set_differential_wheel_speed__type_support.c
[13.312s] -- Up-to-date: C:/Users/82103/Documents/ros2_ws/install/webots_ros2_msgs/include/webots_ros2_msgs/srv/detail/set_int__rosidl_typesupport_introspection_c.h
[13.312s] -- Up-to-date: C:/Users/82103/Documents/ros2_ws/install/webots_ros2_msgs/include/webots_ros2_msgs/srv/detail/set_int__type_support.c
[13.312s] -- Up-to-date: C:/Users/82103/Documents/ros2_ws/install/webots_ros2_msgs/lib/webots_ros2_msgs__rosidl_typesupport_introspection_c.lib
[13.312s] -- Up-to-date: C:/Users/82103/Documents/ros2_ws/install/webots_ros2_msgs/bin/webots_ros2_msgs__rosidl_typesupport_introspection_c.dll
[13.312s] -- Up-to-date: C:/Users/82103/Documents/ros2_ws/install/webots_ros2_msgs/lib/webots_ros2_msgs__rosidl_typesupport_c.lib
[13.312s] -- Up-to-date: C:/Users/82103/Documents/ros2_ws/install/webots_ros2_msgs/bin/webots_ros2_msgs__rosidl_typesupport_c.dll
[13.312s] -- Up-to-date: C:/Users/82103/Documents/ros2_ws/install/webots_ros2_msgs/include/webots_ros2_msgs
[13.312s] -- Up-to-date: C:/Users/82103/Documents/ros2_ws/install/webots_ros2_msgs/include/webots_ros2_msgs/srv
[13.312s] -- Up-to-date: C:/Users/82103/Documents/ros2_ws/install/webots_ros2_msgs/include/webots_ros2_msgs/srv/detail
[13.312s] -- Up-to-date: C:/Users/82103/Documents/ros2_ws/install/webots_ros2_msgs/include/webots_ros2_msgs/srv/detail/set_differential_wheel_speed__builder.hpp
[13.328s] -- Up-to-date: C:/Users/82103/Documents/ros2_ws/install/webots_ros2_msgs/include/webots_ros2_msgs/srv/detail/set_differential_wheel_speed__struct.hpp
[13.328s] -- Up-to-date: C:/Users/82103/Documents/ros2_ws/install/webots_ros2_msgs/include/webots_ros2_msgs/srv/detail/set_differential_wheel_speed__traits.hpp
[13.328s] -- Up-to-date: C:/Users/82103/Documents/ros2_ws/install/webots_ros2_msgs/include/webots_ros2_msgs/srv/detail/set_int__builder.hpp
[13.328s] -- Up-to-date: C:/Users/82103/Documents/ros2_ws/install/webots_ros2_msgs/include/webots_ros2_msgs/srv/detail/set_int__struct.hpp
[13.328s] -- Up-to-date: C:/Users/82103/Documents/ros2_ws/install/webots_ros2_msgs/include/webots_ros2_msgs/srv/detail/set_int__traits.hpp
[13.328s] -- Up-to-date: C:/Users/82103/Documents/ros2_ws/install/webots_ros2_msgs/include/webots_ros2_msgs/srv/set_differential_wheel_speed.hpp
[13.328s] -- Up-to-date: C:/Users/82103/Documents/ros2_ws/install/webots_ros2_msgs/include/webots_ros2_msgs/srv/set_int.hpp
[13.328s] -- Up-to-date: C:/Users/82103/Documents/ros2_ws/install/webots_ros2_msgs/include/webots_ros2_msgs
[13.328s] -- Up-to-date: C:/Users/82103/Documents/ros2_ws/install/webots_ros2_msgs/include/webots_ros2_msgs/srv
[13.328s] -- Up-to-date: C:/Users/82103/Documents/ros2_ws/install/webots_ros2_msgs/include/webots_ros2_msgs/srv/detail
[13.328s] -- Up-to-date: C:/Users/82103/Documents/ros2_ws/install/webots_ros2_msgs/include/webots_ros2_msgs/srv/detail/set_differential_wheel_speed__rosidl_typesupport_introspection_cpp.hpp
[13.328s] -- Up-to-date: C:/Users/82103/Documents/ros2_ws/install/webots_ros2_msgs/include/webots_ros2_msgs/srv/detail/set_differential_wheel_speed__type_support.cpp
[13.343s] -- Up-to-date: C:/Users/82103/Documents/ros2_ws/install/webots_ros2_msgs/include/webots_ros2_msgs/srv/detail/set_int__rosidl_typesupport_introspection_cpp.hpp
[13.343s] -- Up-to-date: C:/Users/82103/Documents/ros2_ws/install/webots_ros2_msgs/include/webots_ros2_msgs/srv/detail/set_int__type_support.cpp
[13.343s] -- Up-to-date: C:/Users/82103/Documents/ros2_ws/install/webots_ros2_msgs/lib/webots_ros2_msgs__rosidl_typesupport_introspection_cpp.lib
[13.343s] -- Up-to-date: C:/Users/82103/Documents/ros2_ws/install/webots_ros2_msgs/bin/webots_ros2_msgs__rosidl_typesupport_introspection_cpp.dll
[13.343s] -- Up-to-date: C:/Users/82103/Documents/ros2_ws/install/webots_ros2_msgs/lib/webots_ros2_msgs__rosidl_typesupport_cpp.lib
[13.343s] -- Up-to-date: C:/Users/82103/Documents/ros2_ws/install/webots_ros2_msgs/bin/webots_ros2_msgs__rosidl_typesupport_cpp.dll
[13.343s] -- Up-to-date: C:/Users/82103/Documents/ros2_ws/install/webots_ros2_msgs/share/webots_ros2_msgs/environment/pythonpath.bat
[13.343s] -- Installing: C:/Users/82103/Documents/ros2_ws/install/webots_ros2_msgs/share/webots_ros2_msgs/environment/pythonpath.dsv
[13.359s] -- Installing: C:/Users/82103/Documents/ros2_ws/install/webots_ros2_msgs/Lib/site-packages/webots_ros2_msgs/__init__.py
[13.578s] Compiling 'C:/Users/82103/Documents/ros2_ws/install/webots_ros2_msgs/Lib/site-packages/webots_ros2_msgs/__init__.py'...
[13.593s] -- Up-to-date: C:/Users/82103/Documents/ros2_ws/install/webots_ros2_msgs/Lib/site-packages/webots_ros2_msgs/srv
[13.593s] -- Up-to-date: C:/Users/82103/Documents/ros2_ws/install/webots_ros2_msgs/Lib/site-packages/webots_ros2_msgs/srv/_set_differential_wheel_speed.py
[13.593s] -- Up-to-date: C:/Users/82103/Documents/ros2_ws/install/webots_ros2_msgs/Lib/site-packages/webots_ros2_msgs/srv/_set_differential_wheel_speed_s.c
[13.593s] -- Up-to-date: C:/Users/82103/Documents/ros2_ws/install/webots_ros2_msgs/Lib/site-packages/webots_ros2_msgs/srv/_set_int.py
[13.593s] -- Up-to-date: C:/Users/82103/Documents/ros2_ws/install/webots_ros2_msgs/Lib/site-packages/webots_ros2_msgs/srv/_set_int_s.c
[13.593s] -- Up-to-date: C:/Users/82103/Documents/ros2_ws/install/webots_ros2_msgs/Lib/site-packages/webots_ros2_msgs/srv/__init__.py
[13.593s] -- Up-to-date: C:/Users/82103/Documents/ros2_ws/install/webots_ros2_msgs/Lib/site-packages/webots_ros2_msgs/webots_ros2_msgs_s__rosidl_typesupport_fastrtps_c.lib
[13.593s] -- Up-to-date: C:/Users/82103/Documents/ros2_ws/install/webots_ros2_msgs/Lib/site-packages/webots_ros2_msgs/webots_ros2_msgs_s__rosidl_typesupport_fastrtps_c.pyd
[13.593s] -- Up-to-date: C:/Users/82103/Documents/ros2_ws/install/webots_ros2_msgs/Lib/site-packages/webots_ros2_msgs/webots_ros2_msgs_s__rosidl_typesupport_introspection_c.lib
[13.593s] -- Up-to-date: C:/Users/82103/Documents/ros2_ws/install/webots_ros2_msgs/Lib/site-packages/webots_ros2_msgs/webots_ros2_msgs_s__rosidl_typesupport_introspection_c.pyd
[13.593s] -- Up-to-date: C:/Users/82103/Documents/ros2_ws/install/webots_ros2_msgs/Lib/site-packages/webots_ros2_msgs/webots_ros2_msgs_s__rosidl_typesupport_c.lib
[13.593s] -- Up-to-date: C:/Users/82103/Documents/ros2_ws/install/webots_ros2_msgs/Lib/site-packages/webots_ros2_msgs/webots_ros2_msgs_s__rosidl_typesupport_c.pyd
[13.593s] -- Up-to-date: C:/Users/82103/Documents/ros2_ws/install/webots_ros2_msgs/lib/webots_ros2_msgs__python.lib
[13.593s] -- Up-to-date: C:/Users/82103/Documents/ros2_ws/install/webots_ros2_msgs/bin/webots_ros2_msgs__python.dll
[13.593s] -- Up-to-date: C:/Users/82103/Documents/ros2_ws/install/webots_ros2_msgs/share/webots_ros2_msgs/srv/SetDifferentialWheelSpeed.idl
[13.609s] -- Up-to-date: C:/Users/82103/Documents/ros2_ws/install/webots_ros2_msgs/share/webots_ros2_msgs/srv/SetInt.idl
[13.609s] -- Up-to-date: C:/Users/82103/Documents/ros2_ws/install/webots_ros2_msgs/share/webots_ros2_msgs/srv/SetDifferentialWheelSpeed.srv
[13.609s] -- Up-to-date: C:/Users/82103/Documents/ros2_ws/install/webots_ros2_msgs/share/webots_ros2_msgs/srv/SetDifferentialWheelSpeed_Request.msg
[13.609s] -- Up-to-date: C:/Users/82103/Documents/ros2_ws/install/webots_ros2_msgs/share/webots_ros2_msgs/srv/SetDifferentialWheelSpeed_Response.msg
[13.609s] -- Up-to-date: C:/Users/82103/Documents/ros2_ws/install/webots_ros2_msgs/share/webots_ros2_msgs/srv/SetInt.srv
[13.609s] -- Up-to-date: C:/Users/82103/Documents/ros2_ws/install/webots_ros2_msgs/share/webots_ros2_msgs/srv/SetInt_Request.msg
[13.609s] -- Up-to-date: C:/Users/82103/Documents/ros2_ws/install/webots_ros2_msgs/share/webots_ros2_msgs/srv/SetInt_Response.msg
[13.609s] -- Up-to-date: C:/Users/82103/Documents/ros2_ws/install/webots_ros2_msgs/share/ament_index/resource_index/package_run_dependencies/webots_ros2_msgs
[13.609s] -- Up-to-date: C:/Users/82103/Documents/ros2_ws/install/webots_ros2_msgs/share/ament_index/resource_index/parent_prefix_path/webots_ros2_msgs
[13.609s] -- Up-to-date: C:/Users/82103/Documents/ros2_ws/install/webots_ros2_msgs/share/webots_ros2_msgs/environment/ament_prefix_path.bat
[13.609s] -- Installing: C:/Users/82103/Documents/ros2_ws/install/webots_ros2_msgs/share/webots_ros2_msgs/environment/ament_prefix_path.dsv
[13.625s] -- Up-to-date: C:/Users/82103/Documents/ros2_ws/install/webots_ros2_msgs/share/webots_ros2_msgs/environment/path.bat
[13.625s] -- Installing: C:/Users/82103/Documents/ros2_ws/install/webots_ros2_msgs/share/webots_ros2_msgs/environment/path.dsv
[13.625s] -- Up-to-date: C:/Users/82103/Documents/ros2_ws/install/webots_ros2_msgs/share/webots_ros2_msgs/local_setup.bat
[13.625s] -- Installing: C:/Users/82103/Documents/ros2_ws/install/webots_ros2_msgs/share/webots_ros2_msgs/local_setup.dsv
[13.640s] -- Installing: C:/Users/82103/Documents/ros2_ws/install/webots_ros2_msgs/share/webots_ros2_msgs/package.dsv
[13.640s] -- Up-to-date: C:/Users/82103/Documents/ros2_ws/install/webots_ros2_msgs/share/ament_index/resource_index/packages/webots_ros2_msgs
[13.640s] -- Up-to-date: C:/Users/82103/Documents/ros2_ws/install/webots_ros2_msgs/share/webots_ros2_msgs/cmake/webots_ros2_msgs__rosidl_generator_cExport.cmake
[13.656s] -- Installing: C:/Users/82103/Documents/ros2_ws/install/webots_ros2_msgs/share/webots_ros2_msgs/cmake/webots_ros2_msgs__rosidl_generator_cExport-release.cmake
[13.656s] -- Up-to-date: C:/Users/82103/Documents/ros2_ws/install/webots_ros2_msgs/share/webots_ros2_msgs/cmake/webots_ros2_msgs__rosidl_typesupport_introspection_cExport.cmake
[13.656s] -- Installing: C:/Users/82103/Documents/ros2_ws/install/webots_ros2_msgs/share/webots_ros2_msgs/cmake/webots_ros2_msgs__rosidl_typesupport_introspection_cExport-release.cmake
[13.656s] -- Up-to-date: C:/Users/82103/Documents/ros2_ws/install/webots_ros2_msgs/share/webots_ros2_msgs/cmake/webots_ros2_msgs__rosidl_typesupport_cExport.cmake
[13.671s] -- Installing: C:/Users/82103/Documents/ros2_ws/install/webots_ros2_msgs/share/webots_ros2_msgs/cmake/webots_ros2_msgs__rosidl_typesupport_cExport-release.cmake
[13.671s] -- Up-to-date: C:/Users/82103/Documents/ros2_ws/install/webots_ros2_msgs/share/webots_ros2_msgs/cmake/webots_ros2_msgs__rosidl_generator_cppExport.cmake
[13.671s] -- Up-to-date: C:/Users/82103/Documents/ros2_ws/install/webots_ros2_msgs/share/webots_ros2_msgs/cmake/webots_ros2_msgs__rosidl_typesupport_introspection_cppExport.cmake
[13.671s] -- Installing: C:/Users/82103/Documents/ros2_ws/install/webots_ros2_msgs/share/webots_ros2_msgs/cmake/webots_ros2_msgs__rosidl_typesupport_introspection_cppExport-release.cmake
[13.671s] -- Up-to-date: C:/Users/82103/Documents/ros2_ws/install/webots_ros2_msgs/share/webots_ros2_msgs/cmake/webots_ros2_msgs__rosidl_typesupport_cppExport.cmake
[13.687s] -- Installing: C:/Users/82103/Documents/ros2_ws/install/webots_ros2_msgs/share/webots_ros2_msgs/cmake/webots_ros2_msgs__rosidl_typesupport_cppExport-release.cmake
[13.687s] -- Up-to-date: C:/Users/82103/Documents/ros2_ws/install/webots_ros2_msgs/share/webots_ros2_msgs/cmake/rosidl_cmake-extras.cmake
[13.687s] -- Up-to-date: C:/Users/82103/Documents/ros2_ws/install/webots_ros2_msgs/share/webots_ros2_msgs/cmake/ament_cmake_export_dependencies-extras.cmake
[13.687s] -- Up-to-date: C:/Users/82103/Documents/ros2_ws/install/webots_ros2_msgs/share/webots_ros2_msgs/cmake/ament_cmake_export_libraries-extras.cmake
[13.687s] -- Up-to-date: C:/Users/82103/Documents/ros2_ws/install/webots_ros2_msgs/share/webots_ros2_msgs/cmake/ament_cmake_export_targets-extras.cmake
[13.687s] -- Up-to-date: C:/Users/82103/Documents/ros2_ws/install/webots_ros2_msgs/share/webots_ros2_msgs/cmake/ament_cmake_export_include_directories-extras.cmake
[13.687s] -- Up-to-date: C:/Users/82103/Documents/ros2_ws/install/webots_ros2_msgs/share/webots_ros2_msgs/cmake/rosidl_cmake_export_typesupport_libraries-extras.cmake
[13.687s] -- Up-to-date: C:/Users/82103/Documents/ros2_ws/install/webots_ros2_msgs/share/webots_ros2_msgs/cmake/rosidl_cmake_export_typesupport_targets-extras.cmake
[13.687s] -- Up-to-date: C:/Users/82103/Documents/ros2_ws/install/webots_ros2_msgs/share/webots_ros2_msgs/cmake/webots_ros2_msgsConfig.cmake
[13.687s] -- Up-to-date: C:/Users/82103/Documents/ros2_ws/install/webots_ros2_msgs/share/webots_ros2_msgs/cmake/webots_ros2_msgsConfig-version.cmake
[13.703s] -- Up-to-date: C:/Users/82103/Documents/ros2_ws/install/webots_ros2_msgs/share/webots_ros2_msgs/package.xml
[13.718s] Invoked command in 'c:\Users\82103\Documents\ros2_ws\build\webots_ros2_msgs' returned '0': CMAKE_PREFIX_PATH=%CMAKE_PREFIX_PATH%;c:\Users\82103\Documents\ros2_ws\install\webots_ros2;c:\Users\82103\Documents\ros2_ws\install\webots_ros2_demos;c:\Users\82103\Documents\ros2_ws\install\webots_ros2_universal_robot;c:\Users\82103\Documents\ros2_ws\install\webots_ros2_ur_e_description;c:\Users\82103\Documents\ros2_ws\install\webots_ros2_tutorials;c:\Users\82103\Documents\ros2_ws\install\webots_ros2_turtlebot;c:\Users\82103\Documents\ros2_ws\install\webots_ros2_tiago;c:\Users\82103\Documents\ros2_ws\install\webots_ros2_examples;c:\Users\82103\Documents\ros2_ws\install\webots_ros2_epuck;c:\Users\82103\Documents\ros2_ws\install\webots_ros2_abb;c:\Users\82103\Documents\ros2_ws\install\webots_ros2_core;c:\Users\82103\Documents\ros2_ws\install\webots_ros2_importer;c:\Users\82103\Documents\ros2_ws\install\test_package_ysj;c:\Users\82103\Documents\ros2_ws\install\test_launch C:\Program Files\CMake\bin\cmake.EXE --install c:\Users\82103\Documents\ros2_ws\build\webots_ros2_msgs --config Release
