[9.297s] Invoking command in 'c:\Users\82103\Documents\ros2_ws\webots_ros2\webots_ros2_epuck': AMENT_PREFIX_PATH=c:\Users\82103\Documents\ros2_ws\install\webots_ros2_core;c:\Users\82103\Documents\ros2_ws\install\webots_ros2_msgs;%AMENT_PREFIX_PATH% CMAKE_PREFIX_PATH=c:\Users\82103\Documents\ros2_ws\install\webots_ros2_msgs;%CMAKE_PREFIX_PATH% PYTHONPATH=c:\Users\82103\Documents\ros2_ws\install\webots_ros2_epuck\Lib\site-packages;c:\Users\82103\Documents\ros2_ws\install\webots_ros2_core\Lib\site-packages;c:\Users\82103\Documents\ros2_ws\install\webots_ros2_msgs\Lib\site-packages;%PYTHONPATH% Path=c:\Users\82103\Documents\ros2_ws\install\webots_ros2_msgs\bin;%Path% c:\python38\python.exe setup.py egg_info --egg-base ..\..\build\webots_ros2_epuck build --build-base c:\Users\82103\Documents\ros2_ws\build\webots_ros2_epuck\build install --prefix c:\Users\82103\Documents\ros2_ws\install\webots_ros2_epuck --record c:\Users\82103\Documents\ros2_ws\build\webots_ros2_epuck\install.log --single-version-externally-managed
[10.594s] running egg_info
[10.594s] writing ..\..\build\webots_ros2_epuck\webots_ros2_epuck.egg-info\PKG-INFO
[10.594s] writing dependency_links to ..\..\build\webots_ros2_epuck\webots_ros2_epuck.egg-info\dependency_links.txt
[10.594s] writing entry points to ..\..\build\webots_ros2_epuck\webots_ros2_epuck.egg-info\entry_points.txt
[10.610s] writing requirements to ..\..\build\webots_ros2_epuck\webots_ros2_epuck.egg-info\requires.txt
[10.610s] writing top-level names to ..\..\build\webots_ros2_epuck\webots_ros2_epuck.egg-info\top_level.txt
[10.735s] reading manifest file '..\..\build\webots_ros2_epuck\webots_ros2_epuck.egg-info\SOURCES.txt'
[10.828s] writing manifest file '..\..\build\webots_ros2_epuck\webots_ros2_epuck.egg-info\SOURCES.txt'
[10.828s] running build
[10.828s] running build_py
[10.844s] running install
[10.844s] running install_lib
[11.563s] running install_data
[11.563s] running install_egg_info
[11.563s] removing 'c:\Users\82103\Documents\ros2_ws\install\webots_ros2_epuck\Lib\site-packages\webots_ros2_epuck-1.0.3-py3.8.egg-info' (and everything under it)
[11.563s] Copying ..\..\build\webots_ros2_epuck\webots_ros2_epuck.egg-info to c:\Users\82103\Documents\ros2_ws\install\webots_ros2_epuck\Lib\site-packages\webots_ros2_epuck-1.0.3-py3.8.egg-info
[11.578s] running install_scripts
[11.578s] Installing drive_calibrator-script.py script to c:\Users\82103\Documents\ros2_ws\install\webots_ros2_epuck\lib\webots_ros2_epuck
[11.578s] Installing drive_calibrator.exe script to c:\Users\82103\Documents\ros2_ws\install\webots_ros2_epuck\lib\webots_ros2_epuck
[11.578s] Installing driver-script.py script to c:\Users\82103\Documents\ros2_ws\install\webots_ros2_epuck\lib\webots_ros2_epuck
[11.578s] Installing driver.exe script to c:\Users\82103\Documents\ros2_ws\install\webots_ros2_epuck\lib\webots_ros2_epuck
[11.719s] Installing simple_mapper-script.py script to c:\Users\82103\Documents\ros2_ws\install\webots_ros2_epuck\lib\webots_ros2_epuck
[11.719s] Installing simple_mapper.exe script to c:\Users\82103\Documents\ros2_ws\install\webots_ros2_epuck\lib\webots_ros2_epuck
[11.719s] writing list of installed files to 'c:\Users\82103\Documents\ros2_ws\build\webots_ros2_epuck\install.log'
[11.797s] Invoked command in 'c:\Users\82103\Documents\ros2_ws\webots_ros2\webots_ros2_epuck' returned '0': AMENT_PREFIX_PATH=c:\Users\82103\Documents\ros2_ws\install\webots_ros2_core;c:\Users\82103\Documents\ros2_ws\install\webots_ros2_msgs;%AMENT_PREFIX_PATH% CMAKE_PREFIX_PATH=c:\Users\82103\Documents\ros2_ws\install\webots_ros2_msgs;%CMAKE_PREFIX_PATH% PYTHONPATH=c:\Users\82103\Documents\ros2_ws\install\webots_ros2_epuck\Lib\site-packages;c:\Users\82103\Documents\ros2_ws\install\webots_ros2_core\Lib\site-packages;c:\Users\82103\Documents\ros2_ws\install\webots_ros2_msgs\Lib\site-packages;%PYTHONPATH% Path=c:\Users\82103\Documents\ros2_ws\install\webots_ros2_msgs\bin;%Path% c:\python38\python.exe setup.py egg_info --egg-base ..\..\build\webots_ros2_epuck build --build-base c:\Users\82103\Documents\ros2_ws\build\webots_ros2_epuck\build install --prefix c:\Users\82103\Documents\ros2_ws\install\webots_ros2_epuck --record c:\Users\82103\Documents\ros2_ws\build\webots_ros2_epuck\install.log --single-version-externally-managed
