[1.172s] Invoking command in 'c:\Users\82103\Documents\ros2_ws\webots_ros2\webots_ros2_core': AMENT_PREFIX_PATH=c:\Users\82103\Documents\ros2_ws\install\webots_ros2_msgs;%AMENT_PREFIX_PATH% CMAKE_PREFIX_PATH=c:\Users\82103\Documents\ros2_ws\install\webots_ros2_msgs;%CMAKE_PREFIX_PATH% PYTHONPATH=c:\Users\82103\Documents\ros2_ws\install\webots_ros2_core\Lib\site-packages;c:\Users\82103\Documents\ros2_ws\install\webots_ros2_msgs\Lib\site-packages;%PYTHONPATH% Path=c:\Users\82103\Documents\ros2_ws\install\webots_ros2_msgs\bin;%Path% c:\python38\python.exe setup.py egg_info --egg-base ..\..\build\webots_ros2_core build --build-base c:\Users\82103\Documents\ros2_ws\build\webots_ros2_core\build install --prefix c:\Users\82103\Documents\ros2_ws\install\webots_ros2_core --record c:\Users\82103\Documents\ros2_ws\build\webots_ros2_core\install.log --single-version-externally-managed
[1.656s] running egg_info
[1.656s] writing ..\..\build\webots_ros2_core\webots_ros2_core.egg-info\PKG-INFO
[1.656s] writing dependency_links to ..\..\build\webots_ros2_core\webots_ros2_core.egg-info\dependency_links.txt
[1.672s] writing entry points to ..\..\build\webots_ros2_core\webots_ros2_core.egg-info\entry_points.txt
[1.672s] writing requirements to ..\..\build\webots_ros2_core\webots_ros2_core.egg-info\requires.txt
[1.672s] writing top-level names to ..\..\build\webots_ros2_core\webots_ros2_core.egg-info\top_level.txt
[1.703s] reading manifest file '..\..\build\webots_ros2_core\webots_ros2_core.egg-info\SOURCES.txt'
[1.703s] writing manifest file '..\..\build\webots_ros2_core\webots_ros2_core.egg-info\SOURCES.txt'
[1.703s] running build
[1.703s] running build_py
[1.719s] running install
[1.719s] running install_lib
[1.734s] running install_data
[1.750s] running install_egg_info
[1.750s] removing 'c:\Users\82103\Documents\ros2_ws\install\webots_ros2_core\Lib\site-packages\webots_ros2_core-1.0.3-py3.8.egg-info' (and everything under it)
[1.750s] Copying ..\..\build\webots_ros2_core\webots_ros2_core.egg-info to c:\Users\82103\Documents\ros2_ws\install\webots_ros2_core\Lib\site-packages\webots_ros2_core-1.0.3-py3.8.egg-info
[1.766s] running install_scripts
[1.797s] Installing webots_differential_drive_node-script.py script to c:\Users\82103\Documents\ros2_ws\install\webots_ros2_core\lib\webots_ros2_core
[1.797s] Installing webots_differential_drive_node.exe script to c:\Users\82103\Documents\ros2_ws\install\webots_ros2_core\lib\webots_ros2_core
[1.797s] Installing webots_node-script.py script to c:\Users\82103\Documents\ros2_ws\install\webots_ros2_core\lib\webots_ros2_core
[1.812s] Installing webots_node.exe script to c:\Users\82103\Documents\ros2_ws\install\webots_ros2_core\lib\webots_ros2_core
[1.812s] Installing webots_robotic_arm_node-script.py script to c:\Users\82103\Documents\ros2_ws\install\webots_ros2_core\lib\webots_ros2_core
[1.812s] Installing webots_robotic_arm_node.exe script to c:\Users\82103\Documents\ros2_ws\install\webots_ros2_core\lib\webots_ros2_core
[1.812s] writing list of installed files to 'c:\Users\82103\Documents\ros2_ws\build\webots_ros2_core\install.log'
[1.828s] Invoked command in 'c:\Users\82103\Documents\ros2_ws\webots_ros2\webots_ros2_core' returned '0': AMENT_PREFIX_PATH=c:\Users\82103\Documents\ros2_ws\install\webots_ros2_msgs;%AMENT_PREFIX_PATH% CMAKE_PREFIX_PATH=c:\Users\82103\Documents\ros2_ws\install\webots_ros2_msgs;%CMAKE_PREFIX_PATH% PYTHONPATH=c:\Users\82103\Documents\ros2_ws\install\webots_ros2_core\Lib\site-packages;c:\Users\82103\Documents\ros2_ws\install\webots_ros2_msgs\Lib\site-packages;%PYTHONPATH% Path=c:\Users\82103\Documents\ros2_ws\install\webots_ros2_msgs\bin;%Path% c:\python38\python.exe setup.py egg_info --egg-base ..\..\build\webots_ros2_core build --build-base c:\Users\82103\Documents\ros2_ws\build\webots_ros2_core\build install --prefix c:\Users\82103\Documents\ros2_ws\install\webots_ros2_core --record c:\Users\82103\Documents\ros2_ws\build\webots_ros2_core\install.log --single-version-externally-managed
